2022-06-16 09:40:36,081	INFO log_monitor.py:206 -- Beginning to track file raylet.err
2022-06-16 09:40:36,081	INFO log_monitor.py:206 -- Beginning to track file gcs_server.err
2022-06-16 09:40:36,081	INFO log_monitor.py:206 -- Beginning to track file monitor.log
2022-06-16 21:13:52,052	INFO log_monitor.py:206 -- Beginning to track file worker-804ebc7e8d76aa62be19337ddbd3369b55cb9a0504c38ea101e315d8-02000000-92636.out
2022-06-16 21:13:52,052	INFO log_monitor.py:206 -- Beginning to track file worker-f2abbafc28ebb939ead237bc1d69097c63a913cdcd8120afe09426f1-02000000-92635.out
2022-06-16 21:13:52,052	INFO log_monitor.py:206 -- Beginning to track file worker-5f5d2753a64bc06f232cf18752eb3aea6fd2a10a281ef4b54c29ece4-02000000-92633.out
2022-06-16 21:13:52,052	INFO log_monitor.py:206 -- Beginning to track file worker-804ebc7e8d76aa62be19337ddbd3369b55cb9a0504c38ea101e315d8-02000000-92636.err
2022-06-16 21:13:52,052	INFO log_monitor.py:206 -- Beginning to track file worker-f2abbafc28ebb939ead237bc1d69097c63a913cdcd8120afe09426f1-02000000-92635.err
2022-06-16 21:13:52,052	INFO log_monitor.py:206 -- Beginning to track file worker-5f5d2753a64bc06f232cf18752eb3aea6fd2a10a281ef4b54c29ece4-02000000-92633.err
2022-06-16 21:16:35,443	INFO log_monitor.py:206 -- Beginning to track file worker-b1957f3159a4f156c43577dcfc8d3597c3539bfc1293f715bb2b2f37-02000000-94917.out
2022-06-16 21:16:35,443	INFO log_monitor.py:206 -- Beginning to track file worker-fb50f93b183b9be9fb23636ba8acdf60134a88ab2948ebdd27208aef-02000000-94916.out
2022-06-16 21:16:35,443	INFO log_monitor.py:206 -- Beginning to track file worker-dc0de592f22da7ae0f6b63b63d6801f3f943a4edc8be746cb67d6f12-02000000-94912.out
2022-06-16 21:16:35,443	INFO log_monitor.py:206 -- Beginning to track file worker-fb50f93b183b9be9fb23636ba8acdf60134a88ab2948ebdd27208aef-02000000-94916.err
2022-06-16 21:16:35,443	INFO log_monitor.py:206 -- Beginning to track file worker-dc0de592f22da7ae0f6b63b63d6801f3f943a4edc8be746cb67d6f12-02000000-94912.err
2022-06-16 21:16:35,443	INFO log_monitor.py:206 -- Beginning to track file worker-b1957f3159a4f156c43577dcfc8d3597c3539bfc1293f715bb2b2f37-02000000-94917.err
2022-06-16 21:36:37,822	INFO log_monitor.py:206 -- Beginning to track file worker-447da07b5990471726d3eb3c53383326bfe4fdb25e39ed3814e7cc7d-04000000-112761.out
2022-06-16 21:36:37,822	INFO log_monitor.py:206 -- Beginning to track file worker-eda3d47221d5f34fbed5efd19a38ba72f29267b0c398ea9ef8058f6e-04000000-112759.out
2022-06-16 21:36:37,822	INFO log_monitor.py:206 -- Beginning to track file worker-3f9adb677700d29d0ff27cf72ac820b26ee5ebe7ae61747a37ef7ec8-04000000-112757.out
2022-06-16 21:36:37,822	INFO log_monitor.py:206 -- Beginning to track file worker-66791d2757807043447c3834d590568614be4c1888fb17bfadc60ba1-04000000-112758.out
2022-06-16 21:36:37,822	INFO log_monitor.py:206 -- Beginning to track file worker-dae209d1a678e65acacde60abe993c25ea16761955278a50e0a5b59a-04000000-112760.out
2022-06-16 21:36:37,822	INFO log_monitor.py:206 -- Beginning to track file worker-3f9adb677700d29d0ff27cf72ac820b26ee5ebe7ae61747a37ef7ec8-04000000-112757.err
2022-06-16 21:36:37,822	INFO log_monitor.py:206 -- Beginning to track file worker-eda3d47221d5f34fbed5efd19a38ba72f29267b0c398ea9ef8058f6e-04000000-112759.err
2022-06-16 21:36:37,822	INFO log_monitor.py:206 -- Beginning to track file worker-447da07b5990471726d3eb3c53383326bfe4fdb25e39ed3814e7cc7d-04000000-112761.err
2022-06-16 21:36:37,822	INFO log_monitor.py:206 -- Beginning to track file worker-66791d2757807043447c3834d590568614be4c1888fb17bfadc60ba1-04000000-112758.err
2022-06-16 21:36:37,822	INFO log_monitor.py:206 -- Beginning to track file worker-dae209d1a678e65acacde60abe993c25ea16761955278a50e0a5b59a-04000000-112760.err
2022-06-16 21:41:14,916	INFO log_monitor.py:206 -- Beginning to track file worker-cdaebc24b63ccb663745ec33da8354b22548069396f49e5ea8b6aa79-05000000-117674.out
2022-06-16 21:41:14,916	INFO log_monitor.py:206 -- Beginning to track file worker-7069fa02538d3d1380146314ad63a3c2621bbca7fbe9cca4f0b2e307-05000000-117676.out
2022-06-16 21:41:14,916	INFO log_monitor.py:206 -- Beginning to track file worker-d632b3aa7a13c6a564888eebdc257dd385ce26511c8279a20011ca94-05000000-117673.out
2022-06-16 21:41:14,916	INFO log_monitor.py:206 -- Beginning to track file worker-021d01b4ddba425dc7e62398322cdee5efc6bf17d012bdce0e6c42bc-05000000-117677.out
2022-06-16 21:41:14,916	INFO log_monitor.py:206 -- Beginning to track file worker-7069fa02538d3d1380146314ad63a3c2621bbca7fbe9cca4f0b2e307-05000000-117676.err
2022-06-16 21:41:14,916	INFO log_monitor.py:206 -- Beginning to track file worker-cdaebc24b63ccb663745ec33da8354b22548069396f49e5ea8b6aa79-05000000-117674.err
2022-06-16 21:41:14,916	INFO log_monitor.py:206 -- Beginning to track file worker-021d01b4ddba425dc7e62398322cdee5efc6bf17d012bdce0e6c42bc-05000000-117677.err
2022-06-16 21:41:14,916	INFO log_monitor.py:206 -- Beginning to track file worker-d632b3aa7a13c6a564888eebdc257dd385ce26511c8279a20011ca94-05000000-117673.err
2022-06-16 21:41:14,916	INFO log_monitor.py:206 -- Beginning to track file worker-a056699f475a688014c89358a05f9b709c9b434bf653f5d802b77cab-05000000-117675.out
2022-06-16 21:41:14,916	INFO log_monitor.py:206 -- Beginning to track file worker-a056699f475a688014c89358a05f9b709c9b434bf653f5d802b77cab-05000000-117675.err
2022-06-16 21:45:40,676	INFO log_monitor.py:206 -- Beginning to track file worker-bb89d06883a8cf737d73e8e791bd1744682c7b7471bef8f70deb7141-06000000-121999.out
2022-06-16 21:45:40,676	INFO log_monitor.py:206 -- Beginning to track file worker-be676db9c607634b9f1b5b14c0d8dd6d0bc37da90254fd31185252b7-06000000-121998.out
2022-06-16 21:45:40,676	INFO log_monitor.py:206 -- Beginning to track file worker-37beaa892a83a79519ec110908ca387ce6ab2b4140bdb2aa311b70e3-06000000-122001.out
2022-06-16 21:45:40,676	INFO log_monitor.py:206 -- Beginning to track file worker-4131a4c7567024eac06907191e6846c5b14b176a20db0c19e5a38f8f-06000000-122000.out
2022-06-16 21:45:40,676	INFO log_monitor.py:206 -- Beginning to track file worker-bb89d06883a8cf737d73e8e791bd1744682c7b7471bef8f70deb7141-06000000-121999.err
2022-06-16 21:45:40,676	INFO log_monitor.py:206 -- Beginning to track file worker-be676db9c607634b9f1b5b14c0d8dd6d0bc37da90254fd31185252b7-06000000-121998.err
2022-06-16 21:45:40,676	INFO log_monitor.py:206 -- Beginning to track file worker-37beaa892a83a79519ec110908ca387ce6ab2b4140bdb2aa311b70e3-06000000-122001.err
2022-06-16 21:45:40,676	INFO log_monitor.py:206 -- Beginning to track file worker-4131a4c7567024eac06907191e6846c5b14b176a20db0c19e5a38f8f-06000000-122000.err
2022-06-16 21:48:12,398	INFO log_monitor.py:206 -- Beginning to track file worker-4ae3880761d116f401528f4ca4b29a0d1034f0d8428c8edb6c5d2db1-06000000-123792.out
2022-06-16 21:48:12,398	INFO log_monitor.py:206 -- Beginning to track file worker-01c317e6f05f274129867dc7888c5a9b403b56a4aad3043352339565-06000000-123742.out
2022-06-16 21:48:12,398	INFO log_monitor.py:206 -- Beginning to track file worker-ea3c7eca2a4cb865b457bdf111427019d7db0542467f27087ee8f0bf-06000000-123784.out
2022-06-16 21:48:12,398	INFO log_monitor.py:206 -- Beginning to track file worker-ee0fb8fe0ebdbec5d3efeeb65cfda4386a075f3d9fd8fb642154f4f1-06000000-123813.out
2022-06-16 21:48:12,398	INFO log_monitor.py:206 -- Beginning to track file worker-4ae3880761d116f401528f4ca4b29a0d1034f0d8428c8edb6c5d2db1-06000000-123792.err
2022-06-16 21:48:12,398	INFO log_monitor.py:206 -- Beginning to track file worker-ea3c7eca2a4cb865b457bdf111427019d7db0542467f27087ee8f0bf-06000000-123784.err
2022-06-16 21:48:12,398	INFO log_monitor.py:206 -- Beginning to track file worker-01c317e6f05f274129867dc7888c5a9b403b56a4aad3043352339565-06000000-123742.err
2022-06-16 21:48:12,398	INFO log_monitor.py:206 -- Beginning to track file worker-ee0fb8fe0ebdbec5d3efeeb65cfda4386a075f3d9fd8fb642154f4f1-06000000-123813.err
2022-06-16 22:03:45,328	INFO log_monitor.py:206 -- Beginning to track file worker-e844ccf139b8e989691d0d2a72eda494347b309acb985de720c0e691-07000000-11764.out
2022-06-16 22:03:45,328	INFO log_monitor.py:206 -- Beginning to track file worker-74eac77f383970c7cee81b94013bb252bba43e0418f7a47c945e8c3b-07000000-11768.out
2022-06-16 22:03:45,328	INFO log_monitor.py:206 -- Beginning to track file worker-8d86e6c8bd239b43eea3507f73b9d723e7e60ead1fc7f413343a1ff2-07000000-11765.out
2022-06-16 22:03:45,328	INFO log_monitor.py:206 -- Beginning to track file worker-4ad10f7cc7b1cb77a335173e823b779e989b589471bd2738842b8922-07000000-11767.out
2022-06-16 22:03:45,328	INFO log_monitor.py:206 -- Beginning to track file worker-170253cbeff53d7148a1d5b6e0466545e1ba6f6a7e0484b7ea80cdea-07000000-11766.out
2022-06-16 22:03:45,328	INFO log_monitor.py:206 -- Beginning to track file worker-e844ccf139b8e989691d0d2a72eda494347b309acb985de720c0e691-07000000-11764.err
2022-06-16 22:03:45,328	INFO log_monitor.py:206 -- Beginning to track file worker-4ad10f7cc7b1cb77a335173e823b779e989b589471bd2738842b8922-07000000-11767.err
2022-06-16 22:03:45,328	INFO log_monitor.py:206 -- Beginning to track file worker-8d86e6c8bd239b43eea3507f73b9d723e7e60ead1fc7f413343a1ff2-07000000-11765.err
2022-06-16 22:03:45,328	INFO log_monitor.py:206 -- Beginning to track file worker-74eac77f383970c7cee81b94013bb252bba43e0418f7a47c945e8c3b-07000000-11768.err
2022-06-16 22:03:45,328	INFO log_monitor.py:206 -- Beginning to track file worker-170253cbeff53d7148a1d5b6e0466545e1ba6f6a7e0484b7ea80cdea-07000000-11766.err
2022-06-16 22:08:17,814	INFO log_monitor.py:206 -- Beginning to track file worker-ba1c7066c921f71c42562af68415c1a69382ab090ef5dafb77c8884e-08000000-15901.out
2022-06-16 22:08:17,814	INFO log_monitor.py:206 -- Beginning to track file worker-9cb4031287bbf4a7a46016f574018a01a39ad956adbed554c669e635-08000000-15903.out
2022-06-16 22:08:17,814	INFO log_monitor.py:206 -- Beginning to track file worker-a9f09e6541e331c8d3fc7ae31fbee3f93600b315c91a4c4c05b996d3-08000000-15902.out
2022-06-16 22:08:17,814	INFO log_monitor.py:206 -- Beginning to track file worker-2fe6833761a6ddfa111440f6e6397a68f7ecfaf024bff339bad7f092-08000000-15905.out
2022-06-16 22:08:17,814	INFO log_monitor.py:206 -- Beginning to track file worker-a92c55d8d5e2c482d5112e6f85716152aef541c45841bb8b46889a52-08000000-15904.out
2022-06-16 22:08:17,814	INFO log_monitor.py:206 -- Beginning to track file worker-a9f09e6541e331c8d3fc7ae31fbee3f93600b315c91a4c4c05b996d3-08000000-15902.err
2022-06-16 22:08:17,814	INFO log_monitor.py:206 -- Beginning to track file worker-2fe6833761a6ddfa111440f6e6397a68f7ecfaf024bff339bad7f092-08000000-15905.err
2022-06-16 22:08:17,814	INFO log_monitor.py:206 -- Beginning to track file worker-9cb4031287bbf4a7a46016f574018a01a39ad956adbed554c669e635-08000000-15903.err
2022-06-16 22:08:17,814	INFO log_monitor.py:206 -- Beginning to track file worker-ba1c7066c921f71c42562af68415c1a69382ab090ef5dafb77c8884e-08000000-15901.err
2022-06-16 22:08:17,814	INFO log_monitor.py:206 -- Beginning to track file worker-a92c55d8d5e2c482d5112e6f85716152aef541c45841bb8b46889a52-08000000-15904.err
2022-06-16 22:15:10,763	INFO log_monitor.py:206 -- Beginning to track file worker-7a161aae0ba7562e69df71836c7f51a5b5a132eec25854eae5ac6e2b-0a000000-22813.out
2022-06-16 22:15:10,764	INFO log_monitor.py:206 -- Beginning to track file worker-faa0d8a88f309c4c06e42e05b881e36d6a69aefe9e53f985af3fb1db-0a000000-22810.out
2022-06-16 22:15:10,764	INFO log_monitor.py:206 -- Beginning to track file worker-7227f06cb66d969ba168159127a4de56dc327c25ae7f00031bed10ab-0a000000-22809.out
2022-06-16 22:15:10,764	INFO log_monitor.py:206 -- Beginning to track file worker-65ba1c1f285b079eb52a6df957e4db5a53ed9805e27d2ef9ad81013c-0a000000-22811.out
2022-06-16 22:15:10,764	INFO log_monitor.py:206 -- Beginning to track file worker-fa5cd30599ea72cff00e20a75ec7da14c8cc9092710eb5c5d1c8c0fe-0a000000-22812.out
2022-06-16 22:15:10,764	INFO log_monitor.py:206 -- Beginning to track file worker-7a161aae0ba7562e69df71836c7f51a5b5a132eec25854eae5ac6e2b-0a000000-22813.err
2022-06-16 22:15:10,764	INFO log_monitor.py:206 -- Beginning to track file worker-7227f06cb66d969ba168159127a4de56dc327c25ae7f00031bed10ab-0a000000-22809.err
2022-06-16 22:15:10,764	INFO log_monitor.py:206 -- Beginning to track file worker-faa0d8a88f309c4c06e42e05b881e36d6a69aefe9e53f985af3fb1db-0a000000-22810.err
2022-06-16 22:15:10,764	INFO log_monitor.py:206 -- Beginning to track file worker-65ba1c1f285b079eb52a6df957e4db5a53ed9805e27d2ef9ad81013c-0a000000-22811.err
2022-06-16 22:15:10,764	INFO log_monitor.py:206 -- Beginning to track file worker-fa5cd30599ea72cff00e20a75ec7da14c8cc9092710eb5c5d1c8c0fe-0a000000-22812.err
2022-06-16 22:19:39,870	INFO log_monitor.py:206 -- Beginning to track file worker-eea03ee486dd14a50574f8885b463027289fd5a6dc8ce35477f8116b-0b000000-27717.out
2022-06-16 22:19:39,870	INFO log_monitor.py:206 -- Beginning to track file worker-cb6c658f8978149409e88366f11941edf1facdbc5d8f25fc9d8ac869-0b000000-27713.out
2022-06-16 22:19:39,870	INFO log_monitor.py:206 -- Beginning to track file worker-67d4a882967afba7baa8ab8a96039e299f6847bac03c69bfe7021179-0b000000-27715.out
2022-06-16 22:19:39,870	INFO log_monitor.py:206 -- Beginning to track file worker-4507b7988b374f2358ed33727eb6b5661c64960c9c4eba6421c47769-0b000000-27716.out
2022-06-16 22:19:39,870	INFO log_monitor.py:206 -- Beginning to track file worker-24ee0d2c750ce36a38c84cb47672b8c8794eddb676cd5a50495f1bea-0b000000-27714.out
2022-06-16 22:19:39,871	INFO log_monitor.py:206 -- Beginning to track file worker-cb6c658f8978149409e88366f11941edf1facdbc5d8f25fc9d8ac869-0b000000-27713.err
2022-06-16 22:19:39,871	INFO log_monitor.py:206 -- Beginning to track file worker-eea03ee486dd14a50574f8885b463027289fd5a6dc8ce35477f8116b-0b000000-27717.err
2022-06-16 22:19:39,871	INFO log_monitor.py:206 -- Beginning to track file worker-67d4a882967afba7baa8ab8a96039e299f6847bac03c69bfe7021179-0b000000-27715.err
2022-06-16 22:19:39,871	INFO log_monitor.py:206 -- Beginning to track file worker-4507b7988b374f2358ed33727eb6b5661c64960c9c4eba6421c47769-0b000000-27716.err
2022-06-16 22:19:39,871	INFO log_monitor.py:206 -- Beginning to track file worker-24ee0d2c750ce36a38c84cb47672b8c8794eddb676cd5a50495f1bea-0b000000-27714.err
2022-06-16 22:22:18,732	INFO log_monitor.py:206 -- Beginning to track file worker-8f803318a8bb99e16e7c625b24bf94a841d6c2ce9bfc3d2e06419904-0b000000-29714.out
2022-06-16 22:22:18,732	INFO log_monitor.py:206 -- Beginning to track file worker-0cd1786eab7068a85030519ca4a1d3bad53e955c1aba88c4fbc65e51-0b000000-29713.out
2022-06-16 22:22:18,732	INFO log_monitor.py:206 -- Beginning to track file worker-97cbd75b56e49645032af16bf349f4c1b10cc738b3c40f478c466742-0b000000-29712.out
2022-06-16 22:22:18,733	INFO log_monitor.py:206 -- Beginning to track file worker-f158d8417d6fba1497af82468934654817ccb0cdaa70388eedfd88ce-0b000000-29711.out
2022-06-16 22:22:18,733	INFO log_monitor.py:206 -- Beginning to track file worker-d032e18b7dd81c08d1611f4192a57616b4ec9767e2eff66c79e9d98f-0b000000-29710.out
2022-06-16 22:22:18,733	INFO log_monitor.py:206 -- Beginning to track file worker-8f803318a8bb99e16e7c625b24bf94a841d6c2ce9bfc3d2e06419904-0b000000-29714.err
2022-06-16 22:22:18,733	INFO log_monitor.py:206 -- Beginning to track file worker-97cbd75b56e49645032af16bf349f4c1b10cc738b3c40f478c466742-0b000000-29712.err
2022-06-16 22:22:18,733	INFO log_monitor.py:206 -- Beginning to track file worker-0cd1786eab7068a85030519ca4a1d3bad53e955c1aba88c4fbc65e51-0b000000-29713.err
2022-06-16 22:22:18,733	INFO log_monitor.py:206 -- Beginning to track file worker-f158d8417d6fba1497af82468934654817ccb0cdaa70388eedfd88ce-0b000000-29711.err
2022-06-16 22:22:18,733	INFO log_monitor.py:206 -- Beginning to track file worker-d032e18b7dd81c08d1611f4192a57616b4ec9767e2eff66c79e9d98f-0b000000-29710.err
2022-06-16 22:30:55,526	INFO log_monitor.py:206 -- Beginning to track file worker-481cdab76af5825bc81254649c13186d095e9630a696a8d8a987c2ec-0d000000-41258.out
2022-06-16 22:30:55,526	INFO log_monitor.py:206 -- Beginning to track file worker-a81d8619819476277ba290e6ed4c0cd153591108482761d0d95075ec-0d000000-41254.out
2022-06-16 22:30:55,527	INFO log_monitor.py:206 -- Beginning to track file worker-f9bbd5afd22baed2a6c405cbb2d66e8ec2325997d01c155320ddac12-0d000000-41257.out
2022-06-16 22:30:55,527	INFO log_monitor.py:206 -- Beginning to track file worker-3b82ccfa53fd6dc21af5fe5df2212b73e587bdf02900297485813b0e-0d000000-41256.out
2022-06-16 22:30:55,527	INFO log_monitor.py:206 -- Beginning to track file worker-a81d8619819476277ba290e6ed4c0cd153591108482761d0d95075ec-0d000000-41254.err
2022-06-16 22:30:55,527	INFO log_monitor.py:206 -- Beginning to track file worker-f9bbd5afd22baed2a6c405cbb2d66e8ec2325997d01c155320ddac12-0d000000-41257.err
2022-06-16 22:30:55,527	INFO log_monitor.py:206 -- Beginning to track file worker-481cdab76af5825bc81254649c13186d095e9630a696a8d8a987c2ec-0d000000-41258.err
2022-06-16 22:30:55,527	INFO log_monitor.py:206 -- Beginning to track file worker-f9784b4e457ce03e80c248bde5efdc47ea238989e90a3ddf90bfe97b-0d000000-41255.out
2022-06-16 22:30:55,527	INFO log_monitor.py:206 -- Beginning to track file worker-f9784b4e457ce03e80c248bde5efdc47ea238989e90a3ddf90bfe97b-0d000000-41255.err
2022-06-16 22:30:55,527	INFO log_monitor.py:206 -- Beginning to track file worker-3b82ccfa53fd6dc21af5fe5df2212b73e587bdf02900297485813b0e-0d000000-41256.err
2022-06-16 22:33:39,739	INFO log_monitor.py:206 -- Beginning to track file worker-2eeb75de5d32f66f7f2329234083836d4ce034b12992a63e52150f26-0d000000-43301.out
2022-06-16 22:33:39,739	INFO log_monitor.py:206 -- Beginning to track file worker-9d8655a779cd48519f437c5171683cb4421c5215f663eb6841aefc19-0d000000-43305.out
2022-06-16 22:33:39,740	INFO log_monitor.py:206 -- Beginning to track file worker-4b1a235d4d6543c9b24d712ef0ef9eedea6e08248ad0f0a33420d324-0d000000-43304.out
2022-06-16 22:33:39,740	INFO log_monitor.py:206 -- Beginning to track file worker-521ed6c023f4a2a3459dafaff7bfc082da52077c6999f32047d64dad-0d000000-43302.out
2022-06-16 22:33:39,740	INFO log_monitor.py:206 -- Beginning to track file worker-ca4bc4b08f22c71ab557da7ebff1f4452a0b30aca9bb46afa2af0e82-0d000000-43303.out
2022-06-16 22:33:39,740	INFO log_monitor.py:206 -- Beginning to track file worker-2eeb75de5d32f66f7f2329234083836d4ce034b12992a63e52150f26-0d000000-43301.err
2022-06-16 22:33:39,740	INFO log_monitor.py:206 -- Beginning to track file worker-9d8655a779cd48519f437c5171683cb4421c5215f663eb6841aefc19-0d000000-43305.err
2022-06-16 22:33:39,740	INFO log_monitor.py:206 -- Beginning to track file worker-4b1a235d4d6543c9b24d712ef0ef9eedea6e08248ad0f0a33420d324-0d000000-43304.err
2022-06-16 22:33:39,740	INFO log_monitor.py:206 -- Beginning to track file worker-ca4bc4b08f22c71ab557da7ebff1f4452a0b30aca9bb46afa2af0e82-0d000000-43303.err
2022-06-16 22:33:39,740	INFO log_monitor.py:206 -- Beginning to track file worker-521ed6c023f4a2a3459dafaff7bfc082da52077c6999f32047d64dad-0d000000-43302.err
2022-06-16 22:49:34,185	INFO log_monitor.py:206 -- Beginning to track file worker-08f0b70ee3d44f67a39e863da739cb0beccab3889d2519dec059931f-0e000000-63158.out
2022-06-16 22:49:34,185	INFO log_monitor.py:206 -- Beginning to track file worker-3ae6198e21c5ae86f1081eedc3d223e29bb354f0bb8a1fdd71ef445b-0e000000-63149.out
2022-06-16 22:49:34,185	INFO log_monitor.py:206 -- Beginning to track file worker-701d05ab303377423e2d3f8b2a3f6fc132f36383c4b83b5e4c205fde-0e000000-63153.out
2022-06-16 22:49:34,185	INFO log_monitor.py:206 -- Beginning to track file worker-320575cfaa72a73e54cd83d232538cb10362e76162a2450f35b22d94-0e000000-63150.out
2022-06-16 22:49:34,185	INFO log_monitor.py:206 -- Beginning to track file worker-08f0b70ee3d44f67a39e863da739cb0beccab3889d2519dec059931f-0e000000-63158.err
2022-06-16 22:49:34,185	INFO log_monitor.py:206 -- Beginning to track file worker-8cad276aca34fac04d47fc1f82db3a09d100195a3591651167a034d5-0e000000-63155.out
2022-06-16 22:49:34,185	INFO log_monitor.py:206 -- Beginning to track file worker-701d05ab303377423e2d3f8b2a3f6fc132f36383c4b83b5e4c205fde-0e000000-63153.err
2022-06-16 22:49:34,185	INFO log_monitor.py:206 -- Beginning to track file worker-3ae6198e21c5ae86f1081eedc3d223e29bb354f0bb8a1fdd71ef445b-0e000000-63149.err
2022-06-16 22:49:34,185	INFO log_monitor.py:206 -- Beginning to track file worker-320575cfaa72a73e54cd83d232538cb10362e76162a2450f35b22d94-0e000000-63150.err
2022-06-16 22:49:34,185	INFO log_monitor.py:206 -- Beginning to track file worker-8cad276aca34fac04d47fc1f82db3a09d100195a3591651167a034d5-0e000000-63155.err
2022-06-16 22:53:26,549	INFO log_monitor.py:206 -- Beginning to track file worker-3cae2f3bd3bf70eca89b8d14988696c1c80d16cddea60b47ca5f7850-0e000000-66280.out
2022-06-16 22:53:26,549	INFO log_monitor.py:206 -- Beginning to track file worker-44b2f571f9c660df4bfca5982c724b503c89ed2ddf117c2cbf6020a1-0e000000-66284.out
2022-06-16 22:53:26,549	INFO log_monitor.py:206 -- Beginning to track file worker-ba9d20e1694502e5e17e60aee0e422f649b2f2004c2fdc1cab0967c6-0e000000-66281.out
2022-06-16 22:53:26,549	INFO log_monitor.py:206 -- Beginning to track file worker-b93de6c26eac172f818414b7aab031021065c2795f09e65efcc97144-0e000000-66282.out
2022-06-16 22:53:26,549	INFO log_monitor.py:206 -- Beginning to track file worker-00cecf342b514f6acebc2911079f2470e5d7fee5321eef62f0453ecd-0e000000-66283.out
2022-06-16 22:53:26,549	INFO log_monitor.py:206 -- Beginning to track file worker-44b2f571f9c660df4bfca5982c724b503c89ed2ddf117c2cbf6020a1-0e000000-66284.err
2022-06-16 22:53:26,549	INFO log_monitor.py:206 -- Beginning to track file worker-ba9d20e1694502e5e17e60aee0e422f649b2f2004c2fdc1cab0967c6-0e000000-66281.err
2022-06-16 22:53:26,549	INFO log_monitor.py:206 -- Beginning to track file worker-00cecf342b514f6acebc2911079f2470e5d7fee5321eef62f0453ecd-0e000000-66283.err
2022-06-16 22:53:26,549	INFO log_monitor.py:206 -- Beginning to track file worker-3cae2f3bd3bf70eca89b8d14988696c1c80d16cddea60b47ca5f7850-0e000000-66280.err
2022-06-16 22:53:26,549	INFO log_monitor.py:206 -- Beginning to track file worker-b93de6c26eac172f818414b7aab031021065c2795f09e65efcc97144-0e000000-66282.err
2022-06-16 23:09:15,298	INFO log_monitor.py:206 -- Beginning to track file worker-74894fdd00bd85caf6b6868d0a7da3f28819e83b8ae55ad04958e652-0f000000-86100.out
2022-06-16 23:09:15,298	INFO log_monitor.py:206 -- Beginning to track file worker-dd1cc35dab85990d1513f43970ae4385697ea9c4d649a6403cdeeec5-0f000000-86097.out
2022-06-16 23:09:15,298	INFO log_monitor.py:206 -- Beginning to track file worker-9eceb42807ca681f77f4ed199a9282afc2c6df0a64d358694b32faa8-0f000000-86098.out
2022-06-16 23:09:15,298	INFO log_monitor.py:206 -- Beginning to track file worker-9dae3037f9675fa23349147a13c213217d4079b71c79dd859a1b740c-0f000000-86099.out
2022-06-16 23:09:15,298	INFO log_monitor.py:206 -- Beginning to track file worker-dd1cc35dab85990d1513f43970ae4385697ea9c4d649a6403cdeeec5-0f000000-86097.err
2022-06-16 23:09:15,298	INFO log_monitor.py:206 -- Beginning to track file worker-9eceb42807ca681f77f4ed199a9282afc2c6df0a64d358694b32faa8-0f000000-86098.err
2022-06-16 23:09:15,298	INFO log_monitor.py:206 -- Beginning to track file worker-9dae3037f9675fa23349147a13c213217d4079b71c79dd859a1b740c-0f000000-86099.err
2022-06-16 23:09:15,298	INFO log_monitor.py:206 -- Beginning to track file worker-74894fdd00bd85caf6b6868d0a7da3f28819e83b8ae55ad04958e652-0f000000-86100.err
2022-06-16 23:12:08,263	INFO log_monitor.py:206 -- Beginning to track file worker-fec1e752d5d56c7a78be25b1128a9035f2d3180d2f7c1bc83a939da5-0f000000-88140.out
2022-06-16 23:12:08,263	INFO log_monitor.py:206 -- Beginning to track file worker-bf015a64d98f0739412d8f515f6debd7e5bf2376630d22397da61c41-0f000000-88139.out
2022-06-16 23:12:08,263	INFO log_monitor.py:206 -- Beginning to track file worker-212ed22c14ac58de7190f33b4c1dad1e90341c2e8c53bbb6b717784f-0f000000-88138.out
2022-06-16 23:12:08,263	INFO log_monitor.py:206 -- Beginning to track file worker-91abf90b5a1b86b6bed2c1453e9c78762a390a7375280c0c78d69d6d-0f000000-88141.out
2022-06-16 23:12:08,263	INFO log_monitor.py:206 -- Beginning to track file worker-bf015a64d98f0739412d8f515f6debd7e5bf2376630d22397da61c41-0f000000-88139.err
2022-06-16 23:12:08,263	INFO log_monitor.py:206 -- Beginning to track file worker-fec1e752d5d56c7a78be25b1128a9035f2d3180d2f7c1bc83a939da5-0f000000-88140.err
2022-06-16 23:12:08,263	INFO log_monitor.py:206 -- Beginning to track file worker-212ed22c14ac58de7190f33b4c1dad1e90341c2e8c53bbb6b717784f-0f000000-88138.err
2022-06-16 23:12:08,263	INFO log_monitor.py:206 -- Beginning to track file worker-91abf90b5a1b86b6bed2c1453e9c78762a390a7375280c0c78d69d6d-0f000000-88141.err
2022-06-16 23:28:14,187	INFO log_monitor.py:206 -- Beginning to track file worker-21b4c15cdfafc517d46602b9c7daf185e68105c46a8e0201f1ed6a26-10000000-106104.out
2022-06-16 23:28:14,188	INFO log_monitor.py:206 -- Beginning to track file worker-5caccce763e0b6fa1817d0723d3781956b5c2d82e9eb05bc68daa4b1-10000000-106102.out
2022-06-16 23:28:14,188	INFO log_monitor.py:206 -- Beginning to track file worker-21b4c15cdfafc517d46602b9c7daf185e68105c46a8e0201f1ed6a26-10000000-106104.err
2022-06-16 23:28:14,188	INFO log_monitor.py:206 -- Beginning to track file worker-e65eefd386b3cd1458c3acbcfd72c8bcb56f3b6ef375b3566a64f146-10000000-106105.out
2022-06-16 23:28:14,188	INFO log_monitor.py:206 -- Beginning to track file worker-e65eefd386b3cd1458c3acbcfd72c8bcb56f3b6ef375b3566a64f146-10000000-106105.err
2022-06-16 23:28:14,188	INFO log_monitor.py:206 -- Beginning to track file worker-5caccce763e0b6fa1817d0723d3781956b5c2d82e9eb05bc68daa4b1-10000000-106102.err
2022-06-16 23:28:14,188	INFO log_monitor.py:206 -- Beginning to track file worker-7ab6d98135ccc847b61c626d1a20924957e2d1aab8756db457d23208-10000000-106106.out
2022-06-16 23:28:14,188	INFO log_monitor.py:206 -- Beginning to track file worker-cd930a641fbb8c484a57c7eb3f31316094758774ca6e6c12b43a7f14-10000000-106103.out
2022-06-16 23:28:14,188	INFO log_monitor.py:206 -- Beginning to track file worker-7ab6d98135ccc847b61c626d1a20924957e2d1aab8756db457d23208-10000000-106106.err
2022-06-16 23:28:14,188	INFO log_monitor.py:206 -- Beginning to track file worker-cd930a641fbb8c484a57c7eb3f31316094758774ca6e6c12b43a7f14-10000000-106103.err
2022-06-16 23:33:12,332	INFO log_monitor.py:206 -- Beginning to track file worker-e27ca511972afa0d8f1ece09a21e4e680e83ed806f3a70a14d617e05-11000000-111278.out
2022-06-16 23:33:12,332	INFO log_monitor.py:206 -- Beginning to track file worker-4c030ba15be687abaf9d45f9a81b128e5ccd48482ac6bfc4145b36da-11000000-111279.out
2022-06-16 23:33:12,332	INFO log_monitor.py:206 -- Beginning to track file worker-58a268000ebca54cb66f2c3b7887066a61d9a4986ea5f6093e5e528f-11000000-111280.out
2022-06-16 23:33:12,332	INFO log_monitor.py:206 -- Beginning to track file worker-a73fb2dbb422661802333bc66f5748c21a29a3e58091138f00f4d40a-11000000-111281.out
2022-06-16 23:33:12,332	INFO log_monitor.py:206 -- Beginning to track file worker-09f217361f14f3de5c40e63d6afab541e28f1e669db6573b76e71255-11000000-111276.out
2022-06-16 23:33:12,332	INFO log_monitor.py:206 -- Beginning to track file worker-4c030ba15be687abaf9d45f9a81b128e5ccd48482ac6bfc4145b36da-11000000-111279.err
2022-06-16 23:33:12,332	INFO log_monitor.py:206 -- Beginning to track file worker-58a268000ebca54cb66f2c3b7887066a61d9a4986ea5f6093e5e528f-11000000-111280.err
2022-06-16 23:33:12,332	INFO log_monitor.py:206 -- Beginning to track file worker-a73fb2dbb422661802333bc66f5748c21a29a3e58091138f00f4d40a-11000000-111281.err
2022-06-16 23:33:12,332	INFO log_monitor.py:206 -- Beginning to track file worker-e27ca511972afa0d8f1ece09a21e4e680e83ed806f3a70a14d617e05-11000000-111278.err
2022-06-16 23:33:12,332	INFO log_monitor.py:206 -- Beginning to track file worker-09f217361f14f3de5c40e63d6afab541e28f1e669db6573b76e71255-11000000-111276.err
