[2022-06-16 22:30:54,814 I 41258 41258] core_worker_process.cc:120: Constructing CoreWorkerProcess. pid: 41258
[2022-06-16 22:30:55,103 I 41258 41258] grpc_server.cc:105: worker server started, listening on port 10066.
[2022-06-16 22:30:55,105 I 41258 41258] core_worker.cc:175: Initializing worker at address: 10.140.1.24:10066, worker ID 481cdab76af5825bc81254649c13186d095e9630a696a8d8a987c2ec, raylet 5362b08c08075f2f5bd7b1d3e1df0d75415293f6ede64c2d4cee5e5c
[2022-06-16 22:30:55,105 I 41258 41742] gcs_server_address_updater.cc:32: GCS Server updater thread id: 140711198430976
[2022-06-16 22:30:55,299 I 41258 41258] io_service_pool.cc:35: IOServicePool is running with 1 io_service.
[2022-06-16 22:30:55,333 I 41258 41769] core_worker.cc:494: Event stats:


Global stats: 17 total (11 active)
Queueing time: mean = 19.865 ms, max = 92.945 ms, min = 330.861 us, total = 337.710 ms
Execution time:  mean = 18.702 us, total = 317.934 us
Event stats:
	PeriodicalRunner.RunFnPeriodically - 7 total (2 active, 1 running), CPU time: mean = 22.858 us, total = 160.003 us
	UNKNOWN - 3 total (3 active), CPU time: mean = 0.000 s, total = 0.000 s
	NodeInfoGcsService.grpc_client.GetAllNodeInfo - 1 total (1 active), CPU time: mean = 0.000 s, total = 0.000 s
	InternalPubSubGcsService.grpc_client.GcsSubscriberPoll - 1 total (1 active), CPU time: mean = 0.000 s, total = 0.000 s
	CoreWorker.deadline_timer.flush_profiling_events - 1 total (1 active), CPU time: mean = 0.000 s, total = 0.000 s
	NodeManagerService.grpc_client.ReportWorkerBacklog - 1 total (1 active), CPU time: mean = 0.000 s, total = 0.000 s
	WorkerInfoGcsService.grpc_client.AddWorkerInfo - 1 total (1 active), CPU time: mean = 0.000 s, total = 0.000 s
	InternalPubSubGcsService.grpc_client.GcsSubscriberCommandBatch - 1 total (0 active), CPU time: mean = 157.931 us, total = 157.931 us
	GcsClient.deadline_timer.check_gcs_connection - 1 total (1 active), CPU time: mean = 0.000 s, total = 0.000 s


[2022-06-16 22:30:55,397 I 41258 41769] accessor.cc:599: Received notification for node id = 5362b08c08075f2f5bd7b1d3e1df0d75415293f6ede64c2d4cee5e5c, IsAlive = 1
[2022-06-16 22:30:56,184 I 41258 41258] direct_actor_task_submitter.cc:33: Set max pending calls to -1 for actor 4eb489e5131120b566e325000d000000
[2022-06-16 22:30:56,184 I 41258 41258] direct_actor_task_submitter.cc:217: Connecting to actor 4eb489e5131120b566e325000d000000 at worker 481cdab76af5825bc81254649c13186d095e9630a696a8d8a987c2ec
[2022-06-16 22:30:56,184 I 41258 41258] core_worker.cc:2317: Creating actor: 4eb489e5131120b566e325000d000000
[2022-06-16 22:31:56,800 I 41258 41769] core_worker.cc:494: Event stats:


Global stats: 903 total (9 active)
Queueing time: mean = 18.027 ms, max = 1.721 s, min = -0.100 s, total = 16.278 s
Execution time:  mean = 6.536 ms, total = 5.902 s
Event stats:
	UNKNOWN - 667 total (5 active, 1 running), CPU time: mean = 6.018 ms, total = 4.014 s
	CoreWorker.deadline_timer.flush_profiling_events - 59 total (1 active), CPU time: mean = 4.591 ms, total = 270.860 ms
	GcsClient.deadline_timer.check_gcs_connection - 59 total (1 active), CPU time: mean = 865.126 us, total = 51.042 ms
	NodeManagerService.grpc_client.ReportWorkerBacklog - 58 total (1 active), CPU time: mean = 438.464 us, total = 25.431 ms
	CoreWorkerService.grpc_server.GetCoreWorkerStats - 47 total (0 active), CPU time: mean = 27.277 ms, total = 1.282 s
	PeriodicalRunner.RunFnPeriodically - 7 total (0 active), CPU time: mean = 4.800 ms, total = 33.597 ms
	NodeInfoGcsService.grpc_client.GetAllNodeInfo - 1 total (0 active), CPU time: mean = 35.656 us, total = 35.656 us
	InternalPubSubGcsService.grpc_client.GcsSubscriberPoll - 1 total (1 active), CPU time: mean = 0.000 s, total = 0.000 s
	CoreWorkerService.grpc_server.PushTask - 1 total (0 active), CPU time: mean = 55.126 us, total = 55.126 us
	WorkerInfoGcsService.grpc_client.AddWorkerInfo - 1 total (0 active), CPU time: mean = 17.222 us, total = 17.222 us
	InternalPubSubGcsService.grpc_client.GcsSubscriberCommandBatch - 1 total (0 active), CPU time: mean = 157.931 us, total = 157.931 us
	CoreWorkerService.grpc_server.LocalGC - 1 total (0 active), CPU time: mean = 225.509 ms, total = 225.509 ms


[2022-06-16 22:31:57,916 I 41258 41258] direct_actor_transport.cc:144: Actor creation task finished, task_id: ffffffffffffffff4eb489e5131120b566e325000d000000, actor_id: 4eb489e5131120b566e325000d000000
[2022-06-16 22:32:45,917 I 41258 41769] core_worker.cc:3086: Force kill actor request has received. exiting immediately...
[2022-06-16 22:32:45,917 I 41258 41769] core_worker.cc:591: Disconnecting to the raylet.
[2022-06-16 22:32:45,947 I 41258 41769] raylet_client.cc:162: RayletClient::Disconnect, exit_type=INTENDED_EXIT, has creation_task_exception_pb_bytes=0
