[2022-06-16 22:15:09,272 I 22811 22811] core_worker_process.cc:120: Constructing CoreWorkerProcess. pid: 22811
[2022-06-16 22:15:10,499 I 22811 22811] grpc_server.cc:105: worker server started, listening on port 10048.
[2022-06-16 22:15:10,565 I 22811 22811] core_worker.cc:175: Initializing worker at address: 10.140.1.24:10048, worker ID 65ba1c1f285b079eb52a6df957e4db5a53ed9805e27d2ef9ad81013c, raylet 5362b08c08075f2f5bd7b1d3e1df0d75415293f6ede64c2d4cee5e5c
[2022-06-16 22:15:10,565 I 22811 23373] gcs_server_address_updater.cc:32: GCS Server updater thread id: 140230078232320
[2022-06-16 22:15:10,744 I 22811 22811] io_service_pool.cc:35: IOServicePool is running with 1 io_service.
[2022-06-16 22:15:10,749 I 22811 23389] core_worker.cc:494: Event stats:


Global stats: 17 total (11 active)
Queueing time: mean = 21.903 ms, max = 78.220 ms, min = 397.534 us, total = 372.356 ms
Execution time:  mean = 22.190 us, total = 377.227 us
Event stats:
	PeriodicalRunner.RunFnPeriodically - 7 total (2 active, 1 running), CPU time: mean = 26.536 us, total = 185.751 us
	UNKNOWN - 3 total (3 active), CPU time: mean = 0.000 s, total = 0.000 s
	InternalPubSubGcsService.grpc_client.GcsSubscriberPoll - 1 total (1 active), CPU time: mean = 0.000 s, total = 0.000 s
	NodeManagerService.grpc_client.ReportWorkerBacklog - 1 total (1 active), CPU time: mean = 0.000 s, total = 0.000 s
	CoreWorker.deadline_timer.flush_profiling_events - 1 total (1 active), CPU time: mean = 0.000 s, total = 0.000 s
	InternalPubSubGcsService.grpc_client.GcsSubscriberCommandBatch - 1 total (0 active), CPU time: mean = 191.476 us, total = 191.476 us
	WorkerInfoGcsService.grpc_client.AddWorkerInfo - 1 total (1 active), CPU time: mean = 0.000 s, total = 0.000 s
	GcsClient.deadline_timer.check_gcs_connection - 1 total (1 active), CPU time: mean = 0.000 s, total = 0.000 s
	NodeInfoGcsService.grpc_client.GetAllNodeInfo - 1 total (1 active), CPU time: mean = 0.000 s, total = 0.000 s


[2022-06-16 22:15:10,759 I 22811 23389] accessor.cc:599: Received notification for node id = 5362b08c08075f2f5bd7b1d3e1df0d75415293f6ede64c2d4cee5e5c, IsAlive = 1
[2022-06-16 22:15:11,230 I 22811 22811] direct_actor_task_submitter.cc:33: Set max pending calls to -1 for actor efdf211f46a92d87601b24ba0a000000
[2022-06-16 22:15:11,230 I 22811 22811] direct_actor_task_submitter.cc:217: Connecting to actor efdf211f46a92d87601b24ba0a000000 at worker 65ba1c1f285b079eb52a6df957e4db5a53ed9805e27d2ef9ad81013c
[2022-06-16 22:15:11,230 I 22811 22811] core_worker.cc:2317: Creating actor: efdf211f46a92d87601b24ba0a000000
[2022-06-16 22:16:10,750 I 22811 23389] core_worker.cc:494: Event stats:


Global stats: 863 total (8 active)
Queueing time: mean = 31.284 ms, max = 2.576 s, min = -0.025 s, total = 26.998 s
Execution time:  mean = 7.268 ms, total = 6.272 s
Event stats:
	UNKNOWN - 642 total (5 active, 1 running), CPU time: mean = 4.532 ms, total = 2.909 s
	NodeManagerService.grpc_client.ReportWorkerBacklog - 55 total (0 active), CPU time: mean = 6.076 us, total = 334.203 us
	CoreWorker.deadline_timer.flush_profiling_events - 55 total (1 active), CPU time: mean = 5.544 ms, total = 304.934 ms
	GcsClient.deadline_timer.check_gcs_connection - 55 total (1 active), CPU time: mean = 17.075 ms, total = 939.140 ms
	CoreWorkerService.grpc_server.GetCoreWorkerStats - 44 total (0 active), CPU time: mean = 48.010 ms, total = 2.112 s
	PeriodicalRunner.RunFnPeriodically - 7 total (0 active), CPU time: mean = 797.366 us, total = 5.582 ms
	InternalPubSubGcsService.grpc_client.GcsSubscriberPoll - 1 total (1 active), CPU time: mean = 0.000 s, total = 0.000 s
	InternalPubSubGcsService.grpc_client.GcsSubscriberCommandBatch - 1 total (0 active), CPU time: mean = 191.476 us, total = 191.476 us
	WorkerInfoGcsService.grpc_client.AddWorkerInfo - 1 total (0 active), CPU time: mean = 13.312 us, total = 13.312 us
	CoreWorkerService.grpc_server.PushTask - 1 total (0 active), CPU time: mean = 65.932 us, total = 65.932 us
	NodeInfoGcsService.grpc_client.GetAllNodeInfo - 1 total (0 active), CPU time: mean = 35.952 us, total = 35.952 us


[2022-06-16 22:16:17,326 I 22811 22811] direct_actor_transport.cc:144: Actor creation task finished, task_id: ffffffffffffffffefdf211f46a92d87601b24ba0a000000, actor_id: efdf211f46a92d87601b24ba0a000000
[2022-06-16 22:16:26,586 I 22811 23389] core_worker.cc:3086: Force kill actor request has received. exiting immediately...
[2022-06-16 22:16:26,586 I 22811 23389] core_worker.cc:591: Disconnecting to the raylet.
[2022-06-16 22:16:26,586 I 22811 23389] raylet_client.cc:162: RayletClient::Disconnect, exit_type=INTENDED_EXIT, has creation_task_exception_pb_bytes=0
