[2022-06-16 22:49:33,121 I 63149 63149] core_worker_process.cc:120: Constructing CoreWorkerProcess. pid: 63149
[2022-06-16 22:49:33,723 I 63149 63149] grpc_server.cc:105: worker server started, listening on port 10078.
[2022-06-16 22:49:33,725 I 63149 63149] core_worker.cc:175: Initializing worker at address: 10.140.1.24:10078, worker ID 3ae6198e21c5ae86f1081eedc3d223e29bb354f0bb8a1fdd71ef445b, raylet 5362b08c08075f2f5bd7b1d3e1df0d75415293f6ede64c2d4cee5e5c
[2022-06-16 22:49:33,725 I 63149 63675] gcs_server_address_updater.cc:32: GCS Server updater thread id: 140501962852096
[2022-06-16 22:49:33,994 I 63149 63149] io_service_pool.cc:35: IOServicePool is running with 1 io_service.
[2022-06-16 22:49:34,030 I 63149 63708] core_worker.cc:494: Event stats:


Global stats: 17 total (11 active)
Queueing time: mean = 39.848 ms, max = 167.956 ms, min = 565.211 us, total = 677.415 ms
Execution time:  mean = 17.440 us, total = 296.482 us
Event stats:
	PeriodicalRunner.RunFnPeriodically - 7 total (2 active, 1 running), CPU time: mean = 18.844 us, total = 131.906 us
	UNKNOWN - 3 total (3 active), CPU time: mean = 0.000 s, total = 0.000 s
	InternalPubSubGcsService.grpc_client.GcsSubscriberPoll - 1 total (1 active), CPU time: mean = 0.000 s, total = 0.000 s
	CoreWorker.deadline_timer.flush_profiling_events - 1 total (1 active), CPU time: mean = 0.000 s, total = 0.000 s
	InternalPubSubGcsService.grpc_client.GcsSubscriberCommandBatch - 1 total (0 active), CPU time: mean = 164.576 us, total = 164.576 us
	WorkerInfoGcsService.grpc_client.AddWorkerInfo - 1 total (1 active), CPU time: mean = 0.000 s, total = 0.000 s
	GcsClient.deadline_timer.check_gcs_connection - 1 total (1 active), CPU time: mean = 0.000 s, total = 0.000 s
	NodeInfoGcsService.grpc_client.GetAllNodeInfo - 1 total (1 active), CPU time: mean = 0.000 s, total = 0.000 s
	NodeManagerService.grpc_client.ReportWorkerBacklog - 1 total (1 active), CPU time: mean = 0.000 s, total = 0.000 s


[2022-06-16 22:49:34,030 I 63149 63708] accessor.cc:599: Received notification for node id = 5362b08c08075f2f5bd7b1d3e1df0d75415293f6ede64c2d4cee5e5c, IsAlive = 1
[2022-06-16 22:49:34,808 I 63149 63149] direct_actor_task_submitter.cc:33: Set max pending calls to -1 for actor 869e1a44780acbfb162b30060e000000
[2022-06-16 22:49:34,808 I 63149 63149] direct_actor_task_submitter.cc:217: Connecting to actor 869e1a44780acbfb162b30060e000000 at worker 3ae6198e21c5ae86f1081eedc3d223e29bb354f0bb8a1fdd71ef445b
[2022-06-16 22:49:34,808 I 63149 63149] core_worker.cc:2317: Creating actor: 869e1a44780acbfb162b30060e000000
[2022-06-16 22:50:34,677 I 63149 63708] core_worker.cc:494: Event stats:


Global stats: 935 total (8 active)
Queueing time: mean = 7.372 ms, max = 1.031 s, min = -0.000 s, total = 6.893 s
Execution time:  mean = 2.199 ms, total = 2.056 s
Event stats:
	UNKNOWN - 700 total (5 active, 1 running), CPU time: mean = 2.010 ms, total = 1.407 s
	CoreWorker.deadline_timer.flush_profiling_events - 59 total (1 active), CPU time: mean = 1.408 ms, total = 83.061 ms
	GcsClient.deadline_timer.check_gcs_connection - 59 total (1 active), CPU time: mean = 346.990 us, total = 20.472 ms
	NodeManagerService.grpc_client.ReportWorkerBacklog - 59 total (0 active), CPU time: mean = 6.228 us, total = 367.426 us
	CoreWorkerService.grpc_server.GetCoreWorkerStats - 46 total (0 active), CPU time: mean = 11.060 ms, total = 508.754 ms
	PeriodicalRunner.RunFnPeriodically - 7 total (0 active), CPU time: mean = 5.145 ms, total = 36.013 ms
	InternalPubSubGcsService.grpc_client.GcsSubscriberPoll - 1 total (1 active), CPU time: mean = 0.000 s, total = 0.000 s
	CoreWorkerService.grpc_server.PushTask - 1 total (0 active), CPU time: mean = 58.027 us, total = 58.027 us
	InternalPubSubGcsService.grpc_client.GcsSubscriberCommandBatch - 1 total (0 active), CPU time: mean = 164.576 us, total = 164.576 us
	WorkerInfoGcsService.grpc_client.AddWorkerInfo - 1 total (0 active), CPU time: mean = 14.875 us, total = 14.875 us
	NodeInfoGcsService.grpc_client.GetAllNodeInfo - 1 total (0 active), CPU time: mean = 47.756 us, total = 47.756 us


[2022-06-16 22:51:34,400 I 63149 63149] direct_actor_transport.cc:144: Actor creation task finished, task_id: ffffffffffffffff869e1a44780acbfb162b30060e000000, actor_id: 869e1a44780acbfb162b30060e000000
[2022-06-16 22:51:36,233 I 63149 63708] core_worker.cc:494: Event stats:


Global stats: 1750 total (9 active)
Queueing time: mean = 26.188 ms, max = 3.285 s, min = -0.000 s, total = 45.828 s
Execution time:  mean = 7.658 ms, total = 13.402 s
Event stats:
	UNKNOWN - 1309 total (5 active, 1 running), CPU time: mean = 6.066 ms, total = 7.940 s
	CoreWorker.deadline_timer.flush_profiling_events - 113 total (1 active), CPU time: mean = 19.820 ms, total = 2.240 s
	GcsClient.deadline_timer.check_gcs_connection - 113 total (1 active), CPU time: mean = 1.324 ms, total = 149.556 ms
	NodeManagerService.grpc_client.ReportWorkerBacklog - 112 total (0 active), CPU time: mean = 1.423 ms, total = 159.419 ms
	CoreWorkerService.grpc_server.GetCoreWorkerStats - 89 total (0 active), CPU time: mean = 21.254 ms, total = 1.892 s
	PeriodicalRunner.RunFnPeriodically - 7 total (0 active), CPU time: mean = 5.145 ms, total = 36.013 ms
	InternalPubSubGcsService.grpc_client.GcsSubscriberPoll - 1 total (1 active), CPU time: mean = 0.000 s, total = 0.000 s
	CoreWorkerService.grpc_server.LocalGC - 1 total (0 active), CPU time: mean = 985.130 ms, total = 985.130 ms
	CoreWorkerService.grpc_server.PushTask - 1 total (0 active), CPU time: mean = 58.027 us, total = 58.027 us
	InternalPubSubGcsService.grpc_client.GcsSubscriberCommandBatch - 1 total (0 active), CPU time: mean = 164.576 us, total = 164.576 us
	WorkerInfoGcsService.grpc_client.AddWorkerInfo - 1 total (0 active), CPU time: mean = 14.875 us, total = 14.875 us
	NodeInfoGcsService.grpc_client.GetAllNodeInfo - 1 total (0 active), CPU time: mean = 47.756 us, total = 47.756 us
	StatsGcsService.grpc_client.AddProfileData - 1 total (1 active), CPU time: mean = 0.000 s, total = 0.000 s


[2022-06-16 22:52:26,726 I 63149 63708] core_worker.cc:3086: Force kill actor request has received. exiting immediately...
[2022-06-16 22:52:26,726 I 63149 63708] core_worker.cc:591: Disconnecting to the raylet.
[2022-06-16 22:52:26,726 I 63149 63708] raylet_client.cc:162: RayletClient::Disconnect, exit_type=INTENDED_EXIT, has creation_task_exception_pb_bytes=0
