[2022-06-16 21:13:50,968 I 92636 92636] core_worker_process.cc:120: Constructing CoreWorkerProcess. pid: 92636
[2022-06-16 21:13:51,724 I 92636 92636] grpc_server.cc:105: worker server started, listening on port 10004.
[2022-06-16 21:13:51,727 I 92636 92636] core_worker.cc:175: Initializing worker at address: 10.140.1.24:10004, worker ID 804ebc7e8d76aa62be19337ddbd3369b55cb9a0504c38ea101e315d8, raylet 5362b08c08075f2f5bd7b1d3e1df0d75415293f6ede64c2d4cee5e5c
[2022-06-16 21:13:51,727 I 92636 93167] gcs_server_address_updater.cc:32: GCS Server updater thread id: 139775340177152
[2022-06-16 21:13:51,995 I 92636 92636] io_service_pool.cc:35: IOServicePool is running with 1 io_service.
[2022-06-16 21:13:52,011 I 92636 93176] core_worker.cc:494: Event stats:


Global stats: 17 total (10 active)
Queueing time: mean = 50.808 ms, max = 167.217 ms, min = 390.882 us, total = 863.743 ms
Execution time:  mean = 22.046 us, total = 374.778 us
Event stats:
	PeriodicalRunner.RunFnPeriodically - 7 total (2 active, 1 running), CPU time: mean = 22.832 us, total = 159.827 us
	UNKNOWN - 3 total (3 active), CPU time: mean = 0.000 s, total = 0.000 s
	InternalPubSubGcsService.grpc_client.GcsSubscriberCommandBatch - 1 total (0 active), CPU time: mean = 199.856 us, total = 199.856 us
	NodeManagerService.grpc_client.ReportWorkerBacklog - 1 total (1 active), CPU time: mean = 0.000 s, total = 0.000 s
	WorkerInfoGcsService.grpc_client.AddWorkerInfo - 1 total (0 active), CPU time: mean = 15.095 us, total = 15.095 us
	InternalPubSubGcsService.grpc_client.GcsSubscriberPoll - 1 total (1 active), CPU time: mean = 0.000 s, total = 0.000 s
	GcsClient.deadline_timer.check_gcs_connection - 1 total (1 active), CPU time: mean = 0.000 s, total = 0.000 s
	NodeInfoGcsService.grpc_client.GetAllNodeInfo - 1 total (1 active), CPU time: mean = 0.000 s, total = 0.000 s
	CoreWorker.deadline_timer.flush_profiling_events - 1 total (1 active), CPU time: mean = 0.000 s, total = 0.000 s


[2022-06-16 21:13:52,011 I 92636 93176] accessor.cc:599: Received notification for node id = 5362b08c08075f2f5bd7b1d3e1df0d75415293f6ede64c2d4cee5e5c, IsAlive = 1
[2022-06-16 21:13:52,754 I 92636 92636] direct_actor_task_submitter.cc:33: Set max pending calls to -1 for actor b47df6b80dfdf844382f853102000000
[2022-06-16 21:13:52,754 I 92636 92636] direct_actor_task_submitter.cc:217: Connecting to actor b47df6b80dfdf844382f853102000000 at worker 804ebc7e8d76aa62be19337ddbd3369b55cb9a0504c38ea101e315d8
[2022-06-16 21:13:52,754 I 92636 92636] core_worker.cc:2317: Creating actor: b47df6b80dfdf844382f853102000000
[2022-06-16 21:14:52,057 I 92636 93176] core_worker.cc:494: Event stats:


Global stats: 886 total (8 active)
Queueing time: mean = 23.418 ms, max = 1.712 s, min = -0.024 s, total = 20.749 s
Execution time:  mean = 6.483 ms, total = 5.744 s
Event stats:
	UNKNOWN - 655 total (5 active, 1 running), CPU time: mean = 5.928 ms, total = 3.883 s
	NodeManagerService.grpc_client.ReportWorkerBacklog - 57 total (0 active), CPU time: mean = 714.046 us, total = 40.701 ms
	GcsClient.deadline_timer.check_gcs_connection - 57 total (1 active), CPU time: mean = 707.187 us, total = 40.310 ms
	CoreWorker.deadline_timer.flush_profiling_events - 57 total (1 active), CPU time: mean = 4.800 ms, total = 273.621 ms
	CoreWorkerService.grpc_server.GetCoreWorkerStats - 48 total (0 active), CPU time: mean = 31.048 ms, total = 1.490 s
	PeriodicalRunner.RunFnPeriodically - 7 total (0 active), CPU time: mean = 2.238 ms, total = 15.666 ms
	InternalPubSubGcsService.grpc_client.GcsSubscriberCommandBatch - 1 total (0 active), CPU time: mean = 199.856 us, total = 199.856 us
	CoreWorkerService.grpc_server.PushTask - 1 total (0 active), CPU time: mean = 63.915 us, total = 63.915 us
	WorkerInfoGcsService.grpc_client.AddWorkerInfo - 1 total (0 active), CPU time: mean = 15.095 us, total = 15.095 us
	InternalPubSubGcsService.grpc_client.GcsSubscriberPoll - 1 total (1 active), CPU time: mean = 0.000 s, total = 0.000 s
	NodeInfoGcsService.grpc_client.GetAllNodeInfo - 1 total (0 active), CPU time: mean = 39.341 us, total = 39.341 us


[2022-06-16 21:15:15,650 I 92636 92636] direct_actor_transport.cc:144: Actor creation task finished, task_id: ffffffffffffffffb47df6b80dfdf844382f853102000000, actor_id: b47df6b80dfdf844382f853102000000
[2022-06-16 21:15:49,103 I 92636 93176] core_worker.cc:3086: Force kill actor request has received. exiting immediately...
[2022-06-16 21:15:49,103 I 92636 93176] core_worker.cc:591: Disconnecting to the raylet.
[2022-06-16 21:15:49,103 I 92636 93176] raylet_client.cc:162: RayletClient::Disconnect, exit_type=INTENDED_EXIT, has creation_task_exception_pb_bytes=0
