[2022-06-16 23:09:14,867 I 86099 86099] core_worker_process.cc:120: Constructing CoreWorkerProcess. pid: 86099
[2022-06-16 23:09:14,979 I 86099 86099] grpc_server.cc:105: worker server started, listening on port 10087.
[2022-06-16 23:09:14,981 I 86099 86099] core_worker.cc:175: Initializing worker at address: 10.140.1.24:10087, worker ID 9dae3037f9675fa23349147a13c213217d4079b71c79dd859a1b740c, raylet 5362b08c08075f2f5bd7b1d3e1df0d75415293f6ede64c2d4cee5e5c
[2022-06-16 23:09:14,982 I 86099 86392] gcs_server_address_updater.cc:32: GCS Server updater thread id: 139989576816384
[2022-06-16 23:09:15,097 I 86099 86099] io_service_pool.cc:35: IOServicePool is running with 1 io_service.
[2022-06-16 23:09:15,103 I 86099 86406] core_worker.cc:494: Event stats:


Global stats: 16 total (11 active)
Queueing time: mean = 1.369 ms, max = 15.228 ms, min = 190.863 us, total = 21.896 ms
Execution time:  mean = 15.503 us, total = 248.050 us
Event stats:
	PeriodicalRunner.RunFnPeriodically - 7 total (2 active, 1 running), CPU time: mean = 35.436 us, total = 248.050 us
	UNKNOWN - 3 total (3 active), CPU time: mean = 0.000 s, total = 0.000 s
	WorkerInfoGcsService.grpc_client.AddWorkerInfo - 1 total (1 active), CPU time: mean = 0.000 s, total = 0.000 s
	CoreWorker.deadline_timer.flush_profiling_events - 1 total (1 active), CPU time: mean = 0.000 s, total = 0.000 s
	NodeManagerService.grpc_client.ReportWorkerBacklog - 1 total (1 active), CPU time: mean = 0.000 s, total = 0.000 s
	InternalPubSubGcsService.grpc_client.GcsSubscriberPoll - 1 total (1 active), CPU time: mean = 0.000 s, total = 0.000 s
	GcsClient.deadline_timer.check_gcs_connection - 1 total (1 active), CPU time: mean = 0.000 s, total = 0.000 s
	InternalPubSubGcsService.grpc_client.GcsSubscriberCommandBatch - 1 total (1 active), CPU time: mean = 0.000 s, total = 0.000 s


[2022-06-16 23:09:15,140 I 86099 86406] accessor.cc:599: Received notification for node id = 5362b08c08075f2f5bd7b1d3e1df0d75415293f6ede64c2d4cee5e5c, IsAlive = 1
[2022-06-16 23:09:15,493 I 86099 86099] direct_actor_task_submitter.cc:33: Set max pending calls to -1 for actor c6180aba7033f845b8a9505e0f000000
[2022-06-16 23:09:15,493 I 86099 86099] direct_actor_task_submitter.cc:217: Connecting to actor c6180aba7033f845b8a9505e0f000000 at worker 9dae3037f9675fa23349147a13c213217d4079b71c79dd859a1b740c
[2022-06-16 23:09:15,493 I 86099 86099] core_worker.cc:2317: Creating actor: c6180aba7033f845b8a9505e0f000000
[2022-06-16 23:10:17,652 I 86099 86406] core_worker.cc:494: Event stats:


Global stats: 874 total (8 active)
Queueing time: mean = 24.728 ms, max = 3.186 s, min = -0.136 s, total = 21.612 s
Execution time:  mean = 7.647 ms, total = 6.683 s
Event stats:
	UNKNOWN - 647 total (5 active, 1 running), CPU time: mean = 7.921 ms, total = 5.125 s
	CoreWorker.deadline_timer.flush_profiling_events - 56 total (1 active), CPU time: mean = 4.834 ms, total = 270.715 ms
	GcsClient.deadline_timer.check_gcs_connection - 56 total (1 active), CPU time: mean = 2.438 ms, total = 136.519 ms
	NodeManagerService.grpc_client.ReportWorkerBacklog - 55 total (0 active), CPU time: mean = 1.382 ms, total = 76.036 ms
	CoreWorkerService.grpc_server.GetCoreWorkerStats - 48 total (0 active), CPU time: mean = 22.270 ms, total = 1.069 s
	PeriodicalRunner.RunFnPeriodically - 7 total (0 active), CPU time: mean = 791.271 us, total = 5.539 ms
	WorkerInfoGcsService.grpc_client.AddWorkerInfo - 1 total (0 active), CPU time: mean = 15.760 us, total = 15.760 us
	InternalPubSubGcsService.grpc_client.GcsSubscriberPoll - 1 total (1 active), CPU time: mean = 0.000 s, total = 0.000 s
	InternalPubSubGcsService.grpc_client.GcsSubscriberCommandBatch - 1 total (0 active), CPU time: mean = 129.195 us, total = 129.195 us
	CoreWorkerService.grpc_server.PushTask - 1 total (0 active), CPU time: mean = 83.766 us, total = 83.766 us
	NodeInfoGcsService.grpc_client.GetAllNodeInfo - 1 total (0 active), CPU time: mean = 45.988 us, total = 45.988 us


[2022-06-16 23:10:26,993 I 86099 86099] direct_actor_transport.cc:144: Actor creation task finished, task_id: ffffffffffffffffc6180aba7033f845b8a9505e0f000000, actor_id: c6180aba7033f845b8a9505e0f000000
[2022-06-16 23:11:17,151 I 86099 86406] core_worker.cc:3086: Force kill actor request has received. exiting immediately...
[2022-06-16 23:11:17,191 I 86099 86406] core_worker.cc:591: Disconnecting to the raylet.
[2022-06-16 23:11:17,191 I 86099 86406] raylet_client.cc:162: RayletClient::Disconnect, exit_type=INTENDED_EXIT, has creation_task_exception_pb_bytes=0
