[2022-06-16 22:08:16,107 I 15903 15903] core_worker_process.cc:120: Constructing CoreWorkerProcess. pid: 15903
[2022-06-16 22:08:17,278 I 15903 15903] grpc_server.cc:105: worker server started, listening on port 10041.
[2022-06-16 22:08:17,281 I 15903 15903] core_worker.cc:175: Initializing worker at address: 10.140.1.24:10041, worker ID 9cb4031287bbf4a7a46016f574018a01a39ad956adbed554c669e635, raylet 5362b08c08075f2f5bd7b1d3e1df0d75415293f6ede64c2d4cee5e5c
[2022-06-16 22:08:17,281 I 15903 16961] gcs_server_address_updater.cc:32: GCS Server updater thread id: 140190005847808
[2022-06-16 22:08:17,548 I 15903 15903] io_service_pool.cc:35: IOServicePool is running with 1 io_service.
[2022-06-16 22:08:17,581 I 15903 16977] core_worker.cc:494: Event stats:


Global stats: 17 total (10 active)
Queueing time: mean = 39.934 ms, max = 161.439 ms, min = 20.309 ms, total = 678.881 ms
Execution time:  mean = 20.760 us, total = 352.916 us
Event stats:
	PeriodicalRunner.RunFnPeriodically - 7 total (2 active, 1 running), CPU time: mean = 19.221 us, total = 134.550 us
	UNKNOWN - 3 total (3 active), CPU time: mean = 0.000 s, total = 0.000 s
	GcsClient.deadline_timer.check_gcs_connection - 1 total (1 active), CPU time: mean = 0.000 s, total = 0.000 s
	NodeManagerService.grpc_client.ReportWorkerBacklog - 1 total (1 active), CPU time: mean = 0.000 s, total = 0.000 s
	WorkerInfoGcsService.grpc_client.AddWorkerInfo - 1 total (0 active), CPU time: mean = 11.530 us, total = 11.530 us
	CoreWorker.deadline_timer.flush_profiling_events - 1 total (1 active), CPU time: mean = 0.000 s, total = 0.000 s
	NodeInfoGcsService.grpc_client.GetAllNodeInfo - 1 total (1 active), CPU time: mean = 0.000 s, total = 0.000 s
	InternalPubSubGcsService.grpc_client.GcsSubscriberPoll - 1 total (1 active), CPU time: mean = 0.000 s, total = 0.000 s
	InternalPubSubGcsService.grpc_client.GcsSubscriberCommandBatch - 1 total (0 active), CPU time: mean = 206.836 us, total = 206.836 us


[2022-06-16 22:08:17,581 I 15903 16977] accessor.cc:599: Received notification for node id = 5362b08c08075f2f5bd7b1d3e1df0d75415293f6ede64c2d4cee5e5c, IsAlive = 1
[2022-06-16 22:08:18,314 I 15903 15903] direct_actor_task_submitter.cc:33: Set max pending calls to -1 for actor 7719b7727e221c3cdf40756908000000
[2022-06-16 22:08:18,314 I 15903 15903] direct_actor_task_submitter.cc:217: Connecting to actor 7719b7727e221c3cdf40756908000000 at worker 9cb4031287bbf4a7a46016f574018a01a39ad956adbed554c669e635
[2022-06-16 22:08:18,314 I 15903 15903] core_worker.cc:2317: Creating actor: 7719b7727e221c3cdf40756908000000
[2022-06-16 22:09:17,829 I 15903 16977] core_worker.cc:494: Event stats:


Global stats: 879 total (9 active)
Queueing time: mean = 24.560 ms, max = 3.510 s, min = -0.012 s, total = 21.588 s
Execution time:  mean = 5.818 ms, total = 5.114 s
Event stats:
	UNKNOWN - 654 total (5 active, 1 running), CPU time: mean = 4.589 ms, total = 3.001 s
	GcsClient.deadline_timer.check_gcs_connection - 56 total (1 active), CPU time: mean = 13.705 ms, total = 767.487 ms
	CoreWorker.deadline_timer.flush_profiling_events - 56 total (1 active), CPU time: mean = 6.134 ms, total = 343.523 ms
	NodeManagerService.grpc_client.ReportWorkerBacklog - 55 total (1 active), CPU time: mean = 1.288 ms, total = 70.828 ms
	CoreWorkerService.grpc_server.GetCoreWorkerStats - 46 total (0 active), CPU time: mean = 19.053 ms, total = 876.431 ms
	PeriodicalRunner.RunFnPeriodically - 7 total (0 active), CPU time: mean = 4.763 ms, total = 33.342 ms
	CoreWorkerService.grpc_server.PushTask - 1 total (0 active), CPU time: mean = 20.515 ms, total = 20.515 ms
	WorkerInfoGcsService.grpc_client.AddWorkerInfo - 1 total (0 active), CPU time: mean = 11.530 us, total = 11.530 us
	NodeInfoGcsService.grpc_client.GetAllNodeInfo - 1 total (0 active), CPU time: mean = 37.689 us, total = 37.689 us
	InternalPubSubGcsService.grpc_client.GcsSubscriberPoll - 1 total (1 active), CPU time: mean = 0.000 s, total = 0.000 s
	InternalPubSubGcsService.grpc_client.GcsSubscriberCommandBatch - 1 total (0 active), CPU time: mean = 206.836 us, total = 206.836 us


[2022-06-16 22:09:36,428 I 15903 15903] direct_actor_transport.cc:144: Actor creation task finished, task_id: ffffffffffffffff7719b7727e221c3cdf40756908000000, actor_id: 7719b7727e221c3cdf40756908000000
[2022-06-16 22:09:46,549 I 15903 16977] core_worker.cc:3086: Force kill actor request has received. exiting immediately...
[2022-06-16 22:09:46,549 I 15903 16977] core_worker.cc:591: Disconnecting to the raylet.
[2022-06-16 22:09:46,549 I 15903 16977] raylet_client.cc:162: RayletClient::Disconnect, exit_type=INTENDED_EXIT, has creation_task_exception_pb_bytes=0
