[2022-06-16 21:48:10,624 I 123742 123742] core_worker_process.cc:120: Constructing CoreWorkerProcess. pid: 123742
[2022-06-16 21:48:12,038 I 123742 123742] grpc_server.cc:105: worker server started, listening on port 10029.
[2022-06-16 21:48:12,041 I 123742 123742] core_worker.cc:175: Initializing worker at address: 10.140.1.24:10029, worker ID 01c317e6f05f274129867dc7888c5a9b403b56a4aad3043352339565, raylet 5362b08c08075f2f5bd7b1d3e1df0d75415293f6ede64c2d4cee5e5c
[2022-06-16 21:48:12,041 I 123742 125046] gcs_server_address_updater.cc:32: GCS Server updater thread id: 139857582073600
[2022-06-16 21:48:12,298 I 123742 123742] io_service_pool.cc:35: IOServicePool is running with 1 io_service.
[2022-06-16 21:48:12,324 I 123742 125056] core_worker.cc:494: Event stats:


Global stats: 17 total (10 active)
Queueing time: mean = 43.998 ms, max = 156.153 ms, min = 437.610 us, total = 747.964 ms
Execution time:  mean = 22.203 us, total = 377.457 us
Event stats:
	PeriodicalRunner.RunFnPeriodically - 7 total (2 active, 1 running), CPU time: mean = 23.720 us, total = 166.039 us
	UNKNOWN - 3 total (3 active), CPU time: mean = 0.000 s, total = 0.000 s
	NodeInfoGcsService.grpc_client.GetAllNodeInfo - 1 total (1 active), CPU time: mean = 0.000 s, total = 0.000 s
	GcsClient.deadline_timer.check_gcs_connection - 1 total (1 active), CPU time: mean = 0.000 s, total = 0.000 s
	CoreWorker.deadline_timer.flush_profiling_events - 1 total (1 active), CPU time: mean = 0.000 s, total = 0.000 s
	WorkerInfoGcsService.grpc_client.AddWorkerInfo - 1 total (0 active), CPU time: mean = 10.091 us, total = 10.091 us
	InternalPubSubGcsService.grpc_client.GcsSubscriberPoll - 1 total (1 active), CPU time: mean = 0.000 s, total = 0.000 s
	InternalPubSubGcsService.grpc_client.GcsSubscriberCommandBatch - 1 total (0 active), CPU time: mean = 201.327 us, total = 201.327 us
	NodeManagerService.grpc_client.ReportWorkerBacklog - 1 total (1 active), CPU time: mean = 0.000 s, total = 0.000 s


[2022-06-16 21:48:12,324 I 123742 125056] accessor.cc:599: Received notification for node id = 5362b08c08075f2f5bd7b1d3e1df0d75415293f6ede64c2d4cee5e5c, IsAlive = 1
[2022-06-16 21:48:13,009 I 123742 123742] direct_actor_task_submitter.cc:33: Set max pending calls to -1 for actor 796a8abf8fca505010335a5e06000000
[2022-06-16 21:48:13,014 I 123742 123742] direct_actor_task_submitter.cc:217: Connecting to actor 796a8abf8fca505010335a5e06000000 at worker 01c317e6f05f274129867dc7888c5a9b403b56a4aad3043352339565
[2022-06-16 21:48:13,014 I 123742 123742] core_worker.cc:2317: Creating actor: 796a8abf8fca505010335a5e06000000
[2022-06-16 21:49:12,675 I 123742 125056] core_worker.cc:494: Event stats:


Global stats: 869 total (10 active)
Queueing time: mean = 23.923 ms, max = 1.831 s, min = -0.100 s, total = 20.789 s
Execution time:  mean = 7.891 ms, total = 6.857 s
Event stats:
	UNKNOWN - 642 total (5 active, 1 running), CPU time: mean = 5.372 ms, total = 3.449 s
	GcsClient.deadline_timer.check_gcs_connection - 58 total (1 active), CPU time: mean = 876.776 us, total = 50.853 ms
	CoreWorker.deadline_timer.flush_profiling_events - 57 total (1 active), CPU time: mean = 34.070 ms, total = 1.942 s
	NodeManagerService.grpc_client.ReportWorkerBacklog - 57 total (1 active), CPU time: mean = 7.411 us, total = 422.428 us
	CoreWorkerService.grpc_server.GetCoreWorkerStats - 42 total (0 active), CPU time: mean = 33.069 ms, total = 1.389 s
	PeriodicalRunner.RunFnPeriodically - 7 total (0 active), CPU time: mean = 3.656 ms, total = 25.592 ms
	NodeInfoGcsService.grpc_client.GetAllNodeInfo - 1 total (0 active), CPU time: mean = 38.656 us, total = 38.656 us
	CoreWorkerService.grpc_server.PushTask - 1 total (0 active), CPU time: mean = 135.538 us, total = 135.538 us
	WorkerInfoGcsService.grpc_client.AddWorkerInfo - 1 total (0 active), CPU time: mean = 10.091 us, total = 10.091 us
	InternalPubSubGcsService.grpc_client.GcsSubscriberPoll - 1 total (1 active), CPU time: mean = 0.000 s, total = 0.000 s
	InternalPubSubGcsService.grpc_client.GcsSubscriberCommandBatch - 1 total (0 active), CPU time: mean = 201.327 us, total = 201.327 us
	StatsGcsService.grpc_client.AddProfileData - 1 total (1 active), CPU time: mean = 0.000 s, total = 0.000 s


[2022-06-16 21:49:12,845 I 123742 123742] direct_actor_transport.cc:144: Actor creation task finished, task_id: ffffffffffffffff796a8abf8fca505010335a5e06000000, actor_id: 796a8abf8fca505010335a5e06000000
[2022-06-16 21:50:07,808 I 123742 125056] core_worker.cc:3086: Force kill actor request has received. exiting immediately...
[2022-06-16 21:50:07,996 I 123742 125056] core_worker.cc:591: Disconnecting to the raylet.
[2022-06-16 21:50:08,021 I 123742 125056] raylet_client.cc:162: RayletClient::Disconnect, exit_type=INTENDED_EXIT, has creation_task_exception_pb_bytes=0
