[2022-06-16 21:45:40,112 I 122000 122000] core_worker_process.cc:120: Constructing CoreWorkerProcess. pid: 122000
[2022-06-16 21:45:40,222 I 122000 122000] grpc_server.cc:105: worker server started, listening on port 10027.
[2022-06-16 21:45:40,225 I 122000 122000] core_worker.cc:175: Initializing worker at address: 10.140.1.24:10027, worker ID 4131a4c7567024eac06907191e6846c5b14b176a20db0c19e5a38f8f, raylet 5362b08c08075f2f5bd7b1d3e1df0d75415293f6ede64c2d4cee5e5c
[2022-06-16 21:45:40,225 I 122000 122305] gcs_server_address_updater.cc:32: GCS Server updater thread id: 140545305319168
[2022-06-16 21:45:40,409 I 122000 122000] io_service_pool.cc:35: IOServicePool is running with 1 io_service.
[2022-06-16 21:45:40,429 I 122000 122319] core_worker.cc:494: Event stats:


Global stats: 17 total (11 active)
Queueing time: mean = 20.402 ms, max = 82.757 ms, min = 10.173 ms, total = 346.834 ms
Execution time:  mean = 601.351 us, total = 10.223 ms
Event stats:
	PeriodicalRunner.RunFnPeriodically - 7 total (2 active, 1 running), CPU time: mean = 26.086 us, total = 182.605 us
	UNKNOWN - 3 total (3 active), CPU time: mean = 0.000 s, total = 0.000 s
	InternalPubSubGcsService.grpc_client.GcsSubscriberPoll - 1 total (1 active), CPU time: mean = 0.000 s, total = 0.000 s
	CoreWorker.deadline_timer.flush_profiling_events - 1 total (1 active), CPU time: mean = 0.000 s, total = 0.000 s
	GcsClient.deadline_timer.check_gcs_connection - 1 total (1 active), CPU time: mean = 0.000 s, total = 0.000 s
	WorkerInfoGcsService.grpc_client.AddWorkerInfo - 1 total (1 active), CPU time: mean = 0.000 s, total = 0.000 s
	NodeInfoGcsService.grpc_client.GetAllNodeInfo - 1 total (1 active), CPU time: mean = 0.000 s, total = 0.000 s
	NodeManagerService.grpc_client.ReportWorkerBacklog - 1 total (1 active), CPU time: mean = 0.000 s, total = 0.000 s
	InternalPubSubGcsService.grpc_client.GcsSubscriberCommandBatch - 1 total (0 active), CPU time: mean = 10.040 ms, total = 10.040 ms


[2022-06-16 21:45:40,454 I 122000 122319] accessor.cc:599: Received notification for node id = 5362b08c08075f2f5bd7b1d3e1df0d75415293f6ede64c2d4cee5e5c, IsAlive = 1
[2022-06-16 21:45:40,963 I 122000 122000] direct_actor_task_submitter.cc:33: Set max pending calls to -1 for actor f58e42a782746f9016691f0806000000
[2022-06-16 21:45:40,963 I 122000 122000] direct_actor_task_submitter.cc:217: Connecting to actor f58e42a782746f9016691f0806000000 at worker 4131a4c7567024eac06907191e6846c5b14b176a20db0c19e5a38f8f
[2022-06-16 21:45:40,963 I 122000 122000] core_worker.cc:2317: Creating actor: f58e42a782746f9016691f0806000000
[2022-06-16 21:46:39,911 I 122000 122000] direct_actor_transport.cc:144: Actor creation task finished, task_id: fffffffffffffffff58e42a782746f9016691f0806000000, actor_id: f58e42a782746f9016691f0806000000
[2022-06-16 21:46:40,709 I 122000 122319] core_worker.cc:494: Event stats:


Global stats: 870 total (9 active)
Queueing time: mean = 24.044 ms, max = 3.762 s, min = -0.049 s, total = 20.918 s
Execution time:  mean = 8.111 ms, total = 7.057 s
Event stats:
	UNKNOWN - 645 total (5 active, 1 running), CPU time: mean = 6.939 ms, total = 4.476 s
	CoreWorker.deadline_timer.flush_profiling_events - 57 total (1 active), CPU time: mean = 15.858 ms, total = 903.886 ms
	GcsClient.deadline_timer.check_gcs_connection - 57 total (1 active), CPU time: mean = 556.035 us, total = 31.694 ms
	NodeManagerService.grpc_client.ReportWorkerBacklog - 56 total (0 active), CPU time: mean = 3.322 ms, total = 186.011 ms
	CoreWorkerService.grpc_server.GetCoreWorkerStats - 42 total (0 active), CPU time: mean = 34.265 ms, total = 1.439 s
	PeriodicalRunner.RunFnPeriodically - 7 total (0 active), CPU time: mean = 1.438 ms, total = 10.065 ms
	InternalPubSubGcsService.grpc_client.GcsSubscriberPoll - 1 total (1 active), CPU time: mean = 0.000 s, total = 0.000 s
	CoreWorkerService.grpc_server.PushTask - 1 total (0 active), CPU time: mean = 61.452 us, total = 61.452 us
	StatsGcsService.grpc_client.AddProfileData - 1 total (1 active), CPU time: mean = 0.000 s, total = 0.000 s
	WorkerInfoGcsService.grpc_client.AddWorkerInfo - 1 total (0 active), CPU time: mean = 19.859 us, total = 19.859 us
	NodeInfoGcsService.grpc_client.GetAllNodeInfo - 1 total (0 active), CPU time: mean = 41.992 us, total = 41.992 us
	InternalPubSubGcsService.grpc_client.GcsSubscriberCommandBatch - 1 total (0 active), CPU time: mean = 10.040 ms, total = 10.040 ms


[2022-06-16 21:47:20,274 I 122000 122319] core_worker.cc:3086: Force kill actor request has received. exiting immediately...
[2022-06-16 21:47:20,274 I 122000 122319] core_worker.cc:591: Disconnecting to the raylet.
[2022-06-16 21:47:20,274 I 122000 122319] raylet_client.cc:162: RayletClient::Disconnect, exit_type=INTENDED_EXIT, has creation_task_exception_pb_bytes=0
