[2022-06-16 22:30:54,784 I 41255 41255] core_worker_process.cc:120: Constructing CoreWorkerProcess. pid: 41255
[2022-06-16 22:30:55,103 I 41255 41255] grpc_server.cc:105: worker server started, listening on port 10068.
[2022-06-16 22:30:55,105 I 41255 41255] core_worker.cc:175: Initializing worker at address: 10.140.1.24:10068, worker ID f9784b4e457ce03e80c248bde5efdc47ea238989e90a3ddf90bfe97b, raylet 5362b08c08075f2f5bd7b1d3e1df0d75415293f6ede64c2d4cee5e5c
[2022-06-16 22:30:55,106 I 41255 41752] gcs_server_address_updater.cc:32: GCS Server updater thread id: 140172557543168
[2022-06-16 22:30:55,299 I 41255 41255] io_service_pool.cc:35: IOServicePool is running with 1 io_service.
[2022-06-16 22:30:55,333 I 41255 41766] core_worker.cc:494: Event stats:


Global stats: 17 total (11 active)
Queueing time: mean = 19.842 ms, max = 92.879 ms, min = 333.016 us, total = 337.320 ms
Execution time:  mean = 18.556 us, total = 315.445 us
Event stats:
	PeriodicalRunner.RunFnPeriodically - 7 total (2 active, 1 running), CPU time: mean = 16.634 us, total = 116.438 us
	UNKNOWN - 3 total (3 active), CPU time: mean = 0.000 s, total = 0.000 s
	InternalPubSubGcsService.grpc_client.GcsSubscriberPoll - 1 total (1 active), CPU time: mean = 0.000 s, total = 0.000 s
	WorkerInfoGcsService.grpc_client.AddWorkerInfo - 1 total (1 active), CPU time: mean = 0.000 s, total = 0.000 s
	InternalPubSubGcsService.grpc_client.GcsSubscriberCommandBatch - 1 total (0 active), CPU time: mean = 199.007 us, total = 199.007 us
	GcsClient.deadline_timer.check_gcs_connection - 1 total (1 active), CPU time: mean = 0.000 s, total = 0.000 s
	CoreWorker.deadline_timer.flush_profiling_events - 1 total (1 active), CPU time: mean = 0.000 s, total = 0.000 s
	NodeInfoGcsService.grpc_client.GetAllNodeInfo - 1 total (1 active), CPU time: mean = 0.000 s, total = 0.000 s
	NodeManagerService.grpc_client.ReportWorkerBacklog - 1 total (1 active), CPU time: mean = 0.000 s, total = 0.000 s


[2022-06-16 22:30:55,397 I 41255 41766] accessor.cc:599: Received notification for node id = 5362b08c08075f2f5bd7b1d3e1df0d75415293f6ede64c2d4cee5e5c, IsAlive = 1
[2022-06-16 22:30:56,184 I 41255 41255] direct_actor_task_submitter.cc:33: Set max pending calls to -1 for actor 328f0cb7c99f112f5311b5d70d000000
[2022-06-16 22:30:56,184 I 41255 41255] direct_actor_task_submitter.cc:217: Connecting to actor 328f0cb7c99f112f5311b5d70d000000 at worker f9784b4e457ce03e80c248bde5efdc47ea238989e90a3ddf90bfe97b
[2022-06-16 22:30:56,184 I 41255 41255] core_worker.cc:2317: Creating actor: 328f0cb7c99f112f5311b5d70d000000
[2022-06-16 22:31:56,800 I 41255 41766] core_worker.cc:494: Event stats:


Global stats: 903 total (9 active)
Queueing time: mean = 17.896 ms, max = 1.721 s, min = -0.100 s, total = 16.161 s
Execution time:  mean = 6.474 ms, total = 5.846 s
Event stats:
	UNKNOWN - 667 total (5 active, 1 running), CPU time: mean = 5.956 ms, total = 3.973 s
	GcsClient.deadline_timer.check_gcs_connection - 59 total (1 active), CPU time: mean = 866.098 us, total = 51.100 ms
	CoreWorker.deadline_timer.flush_profiling_events - 59 total (1 active), CPU time: mean = 4.591 ms, total = 270.840 ms
	NodeManagerService.grpc_client.ReportWorkerBacklog - 58 total (1 active), CPU time: mean = 438.506 us, total = 25.433 ms
	CoreWorkerService.grpc_server.GetCoreWorkerStats - 47 total (0 active), CPU time: mean = 26.941 ms, total = 1.266 s
	PeriodicalRunner.RunFnPeriodically - 7 total (0 active), CPU time: mean = 4.803 ms, total = 33.624 ms
	CoreWorkerService.grpc_server.PushTask - 1 total (0 active), CPU time: mean = 88.828 us, total = 88.828 us
	InternalPubSubGcsService.grpc_client.GcsSubscriberPoll - 1 total (1 active), CPU time: mean = 0.000 s, total = 0.000 s
	CoreWorkerService.grpc_server.LocalGC - 1 total (0 active), CPU time: mean = 225.505 ms, total = 225.505 ms
	WorkerInfoGcsService.grpc_client.AddWorkerInfo - 1 total (0 active), CPU time: mean = 13.278 us, total = 13.278 us
	InternalPubSubGcsService.grpc_client.GcsSubscriberCommandBatch - 1 total (0 active), CPU time: mean = 199.007 us, total = 199.007 us
	NodeInfoGcsService.grpc_client.GetAllNodeInfo - 1 total (0 active), CPU time: mean = 51.805 us, total = 51.805 us


[2022-06-16 22:31:57,916 I 41255 41255] direct_actor_transport.cc:144: Actor creation task finished, task_id: ffffffffffffffff328f0cb7c99f112f5311b5d70d000000, actor_id: 328f0cb7c99f112f5311b5d70d000000
[2022-06-16 22:32:45,917 I 41255 41766] core_worker.cc:3086: Force kill actor request has received. exiting immediately...
[2022-06-16 22:32:45,917 I 41255 41766] core_worker.cc:591: Disconnecting to the raylet.
[2022-06-16 22:32:45,947 I 41255 41766] raylet_client.cc:162: RayletClient::Disconnect, exit_type=INTENDED_EXIT, has creation_task_exception_pb_bytes=0
