[2022-06-16 22:22:17,420 I 29710 29710] core_worker_process.cc:120: Constructing CoreWorkerProcess. pid: 29710
[2022-06-16 22:22:18,194 I 29710 29710] grpc_server.cc:105: worker server started, listening on port 10058.
[2022-06-16 22:22:18,196 I 29710 29710] core_worker.cc:175: Initializing worker at address: 10.140.1.24:10058, worker ID d032e18b7dd81c08d1611f4192a57616b4ec9767e2eff66c79e9d98f, raylet 5362b08c08075f2f5bd7b1d3e1df0d75415293f6ede64c2d4cee5e5c
[2022-06-16 22:22:18,196 I 29710 30493] gcs_server_address_updater.cc:32: GCS Server updater thread id: 139921939474176
[2022-06-16 22:22:18,653 I 29710 29710] io_service_pool.cc:35: IOServicePool is running with 1 io_service.
[2022-06-16 22:22:18,668 I 29710 30520] core_worker.cc:494: Event stats:


Global stats: 17 total (10 active)
Queueing time: mean = 106.758 ms, max = 355.465 ms, min = 20.330 ms, total = 1.815 s
Execution time:  mean = 21.924 us, total = 372.705 us
Event stats:
	PeriodicalRunner.RunFnPeriodically - 7 total (2 active, 1 running), CPU time: mean = 18.686 us, total = 130.800 us
	UNKNOWN - 3 total (3 active), CPU time: mean = 0.000 s, total = 0.000 s
	GcsClient.deadline_timer.check_gcs_connection - 1 total (1 active), CPU time: mean = 0.000 s, total = 0.000 s
	NodeInfoGcsService.grpc_client.GetAllNodeInfo - 1 total (1 active), CPU time: mean = 0.000 s, total = 0.000 s
	CoreWorker.deadline_timer.flush_profiling_events - 1 total (1 active), CPU time: mean = 0.000 s, total = 0.000 s
	InternalPubSubGcsService.grpc_client.GcsSubscriberCommandBatch - 1 total (0 active), CPU time: mean = 225.372 us, total = 225.372 us
	WorkerInfoGcsService.grpc_client.AddWorkerInfo - 1 total (0 active), CPU time: mean = 16.533 us, total = 16.533 us
	NodeManagerService.grpc_client.ReportWorkerBacklog - 1 total (1 active), CPU time: mean = 0.000 s, total = 0.000 s
	InternalPubSubGcsService.grpc_client.GcsSubscriberPoll - 1 total (1 active), CPU time: mean = 0.000 s, total = 0.000 s


[2022-06-16 22:22:18,668 I 29710 30520] accessor.cc:599: Received notification for node id = 5362b08c08075f2f5bd7b1d3e1df0d75415293f6ede64c2d4cee5e5c, IsAlive = 1
[2022-06-16 22:22:19,359 I 29710 29710] direct_actor_task_submitter.cc:33: Set max pending calls to -1 for actor 9d3d2be5d25ad0ac458697560b000000
[2022-06-16 22:22:19,359 I 29710 29710] direct_actor_task_submitter.cc:217: Connecting to actor 9d3d2be5d25ad0ac458697560b000000 at worker d032e18b7dd81c08d1611f4192a57616b4ec9767e2eff66c79e9d98f
[2022-06-16 22:22:19,359 I 29710 29710] core_worker.cc:2317: Creating actor: 9d3d2be5d25ad0ac458697560b000000
[2022-06-16 22:23:21,611 I 29710 30520] core_worker.cc:494: Event stats:


Global stats: 891 total (9 active)
Queueing time: mean = 29.960 ms, max = 3.380 s, min = -0.066 s, total = 26.695 s
Execution time:  mean = 8.297 ms, total = 7.393 s
Event stats:
	UNKNOWN - 661 total (5 active, 1 running), CPU time: mean = 8.839 ms, total = 5.843 s
	GcsClient.deadline_timer.check_gcs_connection - 58 total (1 active), CPU time: mean = 524.647 us, total = 30.430 ms
	CoreWorker.deadline_timer.flush_profiling_events - 58 total (1 active), CPU time: mean = 8.139 ms, total = 472.068 ms
	NodeManagerService.grpc_client.ReportWorkerBacklog - 57 total (1 active), CPU time: mean = 6.989 us, total = 398.345 us
	CoreWorkerService.grpc_server.GetCoreWorkerStats - 45 total (0 active), CPU time: mean = 22.600 ms, total = 1.017 s
	PeriodicalRunner.RunFnPeriodically - 7 total (0 active), CPU time: mean = 2.149 ms, total = 15.040 ms
	CoreWorkerService.grpc_server.PushTask - 1 total (0 active), CPU time: mean = 15.060 ms, total = 15.060 ms
	NodeInfoGcsService.grpc_client.GetAllNodeInfo - 1 total (0 active), CPU time: mean = 37.264 us, total = 37.264 us
	InternalPubSubGcsService.grpc_client.GcsSubscriberCommandBatch - 1 total (0 active), CPU time: mean = 225.372 us, total = 225.372 us
	WorkerInfoGcsService.grpc_client.AddWorkerInfo - 1 total (0 active), CPU time: mean = 16.533 us, total = 16.533 us
	InternalPubSubGcsService.grpc_client.GcsSubscriberPoll - 1 total (1 active), CPU time: mean = 0.000 s, total = 0.000 s


[2022-06-16 22:23:31,834 I 29710 29710] direct_actor_transport.cc:144: Actor creation task finished, task_id: ffffffffffffffff9d3d2be5d25ad0ac458697560b000000, actor_id: 9d3d2be5d25ad0ac458697560b000000
[2022-06-16 22:24:21,949 I 29710 30520] core_worker.cc:494: Event stats:


Global stats: 1742 total (8 active)
Queueing time: mean = 33.404 ms, max = 4.357 s, min = -0.066 s, total = 58.189 s
Execution time:  mean = 8.451 ms, total = 14.722 s
Event stats:
	UNKNOWN - 1301 total (5 active, 1 running), CPU time: mean = 8.146 ms, total = 10.597 s
	GcsClient.deadline_timer.check_gcs_connection - 112 total (1 active), CPU time: mean = 363.021 us, total = 40.658 ms
	CoreWorker.deadline_timer.flush_profiling_events - 112 total (1 active), CPU time: mean = 9.236 ms, total = 1.034 s
	NodeManagerService.grpc_client.ReportWorkerBacklog - 111 total (0 active), CPU time: mean = 746.281 us, total = 82.837 ms
	CoreWorkerService.grpc_server.GetCoreWorkerStats - 88 total (0 active), CPU time: mean = 32.277 ms, total = 2.840 s
	PeriodicalRunner.RunFnPeriodically - 7 total (0 active), CPU time: mean = 2.149 ms, total = 15.040 ms
	StatsGcsService.grpc_client.AddProfileData - 4 total (0 active), CPU time: mean = 12.567 ms, total = 50.269 ms
	CoreWorkerService.grpc_server.PushTask - 2 total (0 active), CPU time: mean = 15.304 ms, total = 30.608 ms
	NodeInfoGcsService.grpc_client.GetAllNodeInfo - 1 total (0 active), CPU time: mean = 37.264 us, total = 37.264 us
	CoreWorkerService.grpc_server.DirectActorCallArgWaitComplete - 1 total (0 active), CPU time: mean = 30.084 ms, total = 30.084 ms
	InternalPubSubGcsService.grpc_client.GcsSubscriberCommandBatch - 1 total (0 active), CPU time: mean = 225.372 us, total = 225.372 us
	WorkerInfoGcsService.grpc_client.AddWorkerInfo - 1 total (0 active), CPU time: mean = 16.533 us, total = 16.533 us
	InternalPubSubGcsService.grpc_client.GcsSubscriberPoll - 1 total (1 active), CPU time: mean = 0.000 s, total = 0.000 s


[2022-06-16 22:24:31,804 I 29710 30520] core_worker.cc:3086: Force kill actor request has received. exiting immediately...
[2022-06-16 22:24:31,804 I 29710 30520] core_worker.cc:591: Disconnecting to the raylet.
[2022-06-16 22:24:31,855 I 29710 30520] raylet_client.cc:162: RayletClient::Disconnect, exit_type=INTENDED_EXIT, has creation_task_exception_pb_bytes=0
