[2022-06-16 22:53:25,756 I 66280 66280] core_worker_process.cc:120: Constructing CoreWorkerProcess. pid: 66280
[2022-06-16 22:53:26,115 I 66280 66280] grpc_server.cc:105: worker server started, listening on port 10080.
[2022-06-16 22:53:26,118 I 66280 66280] core_worker.cc:175: Initializing worker at address: 10.140.1.24:10080, worker ID 3cae2f3bd3bf70eca89b8d14988696c1c80d16cddea60b47ca5f7850, raylet 5362b08c08075f2f5bd7b1d3e1df0d75415293f6ede64c2d4cee5e5c
[2022-06-16 22:53:26,118 I 66280 67216] gcs_server_address_updater.cc:32: GCS Server updater thread id: 140503345526528
[2022-06-16 22:53:26,316 I 66280 66280] io_service_pool.cc:35: IOServicePool is running with 1 io_service.
[2022-06-16 22:53:26,372 I 66280 67233] core_worker.cc:494: Event stats:


Global stats: 17 total (11 active)
Queueing time: mean = 23.770 ms, max = 97.425 ms, min = 313.967 us, total = 404.085 ms
Execution time:  mean = 17.431 us, total = 296.321 us
Event stats:
	PeriodicalRunner.RunFnPeriodically - 7 total (2 active, 1 running), CPU time: mean = 17.505 us, total = 122.534 us
	UNKNOWN - 3 total (3 active), CPU time: mean = 0.000 s, total = 0.000 s
	CoreWorker.deadline_timer.flush_profiling_events - 1 total (1 active), CPU time: mean = 0.000 s, total = 0.000 s
	NodeManagerService.grpc_client.ReportWorkerBacklog - 1 total (1 active), CPU time: mean = 0.000 s, total = 0.000 s
	GcsClient.deadline_timer.check_gcs_connection - 1 total (1 active), CPU time: mean = 0.000 s, total = 0.000 s
	InternalPubSubGcsService.grpc_client.GcsSubscriberPoll - 1 total (1 active), CPU time: mean = 0.000 s, total = 0.000 s
	NodeInfoGcsService.grpc_client.GetAllNodeInfo - 1 total (1 active), CPU time: mean = 0.000 s, total = 0.000 s
	WorkerInfoGcsService.grpc_client.AddWorkerInfo - 1 total (1 active), CPU time: mean = 0.000 s, total = 0.000 s
	InternalPubSubGcsService.grpc_client.GcsSubscriberCommandBatch - 1 total (0 active), CPU time: mean = 173.787 us, total = 173.787 us


[2022-06-16 22:53:26,372 I 66280 67233] accessor.cc:599: Received notification for node id = 5362b08c08075f2f5bd7b1d3e1df0d75415293f6ede64c2d4cee5e5c, IsAlive = 1
[2022-06-16 22:53:26,892 I 66280 66280] direct_actor_task_submitter.cc:33: Set max pending calls to -1 for actor e573bfbdeb52b428b02cf3680e000000
[2022-06-16 22:53:26,892 I 66280 66280] direct_actor_task_submitter.cc:217: Connecting to actor e573bfbdeb52b428b02cf3680e000000 at worker 3cae2f3bd3bf70eca89b8d14988696c1c80d16cddea60b47ca5f7850
[2022-06-16 22:53:26,892 I 66280 66280] core_worker.cc:2317: Creating actor: e573bfbdeb52b428b02cf3680e000000
[2022-06-16 22:54:29,692 I 66280 67233] core_worker.cc:494: Event stats:


Global stats: 905 total (10 active)
Queueing time: mean = 16.330 ms, max = 1.383 s, min = -0.035 s, total = 14.779 s
Execution time:  mean = 7.495 ms, total = 6.783 s
Event stats:
	UNKNOWN - 673 total (5 active, 1 running), CPU time: mean = 8.018 ms, total = 5.396 s
	CoreWorker.deadline_timer.flush_profiling_events - 58 total (1 active), CPU time: mean = 5.370 ms, total = 311.458 ms
	NodeManagerService.grpc_client.ReportWorkerBacklog - 58 total (1 active), CPU time: mean = 6.674 us, total = 387.086 us
	GcsClient.deadline_timer.check_gcs_connection - 58 total (1 active), CPU time: mean = 803.895 us, total = 46.626 ms
	CoreWorkerService.grpc_server.GetCoreWorkerStats - 46 total (1 active), CPU time: mean = 21.133 ms, total = 972.102 ms
	PeriodicalRunner.RunFnPeriodically - 7 total (0 active), CPU time: mean = 7.989 ms, total = 55.926 ms
	InternalPubSubGcsService.grpc_client.GcsSubscriberPoll - 1 total (1 active), CPU time: mean = 0.000 s, total = 0.000 s
	CoreWorkerService.grpc_server.PushTask - 1 total (0 active), CPU time: mean = 88.241 us, total = 88.241 us
	NodeInfoGcsService.grpc_client.GetAllNodeInfo - 1 total (0 active), CPU time: mean = 32.819 us, total = 32.819 us
	WorkerInfoGcsService.grpc_client.AddWorkerInfo - 1 total (0 active), CPU time: mean = 12.322 us, total = 12.322 us
	InternalPubSubGcsService.grpc_client.GcsSubscriberCommandBatch - 1 total (0 active), CPU time: mean = 173.787 us, total = 173.787 us


[2022-06-16 22:54:33,475 I 66280 66280] direct_actor_transport.cc:144: Actor creation task finished, task_id: ffffffffffffffffe573bfbdeb52b428b02cf3680e000000, actor_id: e573bfbdeb52b428b02cf3680e000000
[2022-06-16 22:55:30,040 I 66280 67233] core_worker.cc:494: Event stats:


Global stats: 1715 total (8 active)
Queueing time: mean = 37.209 ms, max = 5.004 s, min = -0.035 s, total = 63.814 s
Execution time:  mean = 9.814 ms, total = 16.831 s
Event stats:
	UNKNOWN - 1277 total (5 active, 1 running), CPU time: mean = 8.755 ms, total = 11.180 s
	CoreWorker.deadline_timer.flush_profiling_events - 111 total (1 active), CPU time: mean = 28.685 ms, total = 3.184 s
	GcsClient.deadline_timer.check_gcs_connection - 111 total (1 active), CPU time: mean = 1.324 ms, total = 146.932 ms
	NodeManagerService.grpc_client.ReportWorkerBacklog - 110 total (0 active), CPU time: mean = 7.244 us, total = 796.863 us
	CoreWorkerService.grpc_server.GetCoreWorkerStats - 87 total (0 active), CPU time: mean = 24.683 ms, total = 2.147 s
	PeriodicalRunner.RunFnPeriodically - 7 total (0 active), CPU time: mean = 7.989 ms, total = 55.926 ms
	StatsGcsService.grpc_client.AddProfileData - 5 total (0 active), CPU time: mean = 8.008 ms, total = 40.038 ms
	CoreWorkerService.grpc_server.PushTask - 2 total (0 active), CPU time: mean = 15.349 ms, total = 30.699 ms
	InternalPubSubGcsService.grpc_client.GcsSubscriberPoll - 1 total (1 active), CPU time: mean = 0.000 s, total = 0.000 s
	NodeInfoGcsService.grpc_client.GetAllNodeInfo - 1 total (0 active), CPU time: mean = 32.819 us, total = 32.819 us
	WorkerInfoGcsService.grpc_client.AddWorkerInfo - 1 total (0 active), CPU time: mean = 12.322 us, total = 12.322 us
	InternalPubSubGcsService.grpc_client.GcsSubscriberCommandBatch - 1 total (0 active), CPU time: mean = 173.787 us, total = 173.787 us
	CoreWorkerService.grpc_server.DirectActorCallArgWaitComplete - 1 total (0 active), CPU time: mean = 45.134 ms, total = 45.134 ms


[2022-06-16 22:55:35,907 I 66280 67233] core_worker.cc:3086: Force kill actor request has received. exiting immediately...
[2022-06-16 22:55:35,907 I 66280 67233] core_worker.cc:591: Disconnecting to the raylet.
[2022-06-16 22:55:35,932 I 66280 67233] raylet_client.cc:162: RayletClient::Disconnect, exit_type=INTENDED_EXIT, has creation_task_exception_pb_bytes=0
