[2022-06-16 23:09:14,917 I 86097 86097] core_worker_process.cc:120: Constructing CoreWorkerProcess. pid: 86097
[2022-06-16 23:09:14,979 I 86097 86097] grpc_server.cc:105: worker server started, listening on port 10089.
[2022-06-16 23:09:14,981 I 86097 86097] core_worker.cc:175: Initializing worker at address: 10.140.1.24:10089, worker ID dd1cc35dab85990d1513f43970ae4385697ea9c4d649a6403cdeeec5, raylet 5362b08c08075f2f5bd7b1d3e1df0d75415293f6ede64c2d4cee5e5c
[2022-06-16 23:09:14,982 I 86097 86395] gcs_server_address_updater.cc:32: GCS Server updater thread id: 140241344128768
[2022-06-16 23:09:15,097 I 86097 86097] io_service_pool.cc:35: IOServicePool is running with 1 io_service.
[2022-06-16 23:09:15,103 I 86097 86407] core_worker.cc:494: Event stats:


Global stats: 16 total (11 active)
Queueing time: mean = 1.364 ms, max = 15.211 ms, min = 180.013 us, total = 21.820 ms
Execution time:  mean = 15.359 us, total = 245.741 us
Event stats:
	PeriodicalRunner.RunFnPeriodically - 7 total (2 active, 1 running), CPU time: mean = 35.106 us, total = 245.741 us
	UNKNOWN - 3 total (3 active), CPU time: mean = 0.000 s, total = 0.000 s
	GcsClient.deadline_timer.check_gcs_connection - 1 total (1 active), CPU time: mean = 0.000 s, total = 0.000 s
	WorkerInfoGcsService.grpc_client.AddWorkerInfo - 1 total (1 active), CPU time: mean = 0.000 s, total = 0.000 s
	InternalPubSubGcsService.grpc_client.GcsSubscriberPoll - 1 total (1 active), CPU time: mean = 0.000 s, total = 0.000 s
	NodeManagerService.grpc_client.ReportWorkerBacklog - 1 total (1 active), CPU time: mean = 0.000 s, total = 0.000 s
	CoreWorker.deadline_timer.flush_profiling_events - 1 total (1 active), CPU time: mean = 0.000 s, total = 0.000 s
	InternalPubSubGcsService.grpc_client.GcsSubscriberCommandBatch - 1 total (1 active), CPU time: mean = 0.000 s, total = 0.000 s


[2022-06-16 23:09:15,140 I 86097 86407] accessor.cc:599: Received notification for node id = 5362b08c08075f2f5bd7b1d3e1df0d75415293f6ede64c2d4cee5e5c, IsAlive = 1
[2022-06-16 23:09:15,493 I 86097 86097] direct_actor_task_submitter.cc:33: Set max pending calls to -1 for actor b07fcbd2c89edf16eed1524b0f000000
[2022-06-16 23:09:15,493 I 86097 86097] direct_actor_task_submitter.cc:217: Connecting to actor b07fcbd2c89edf16eed1524b0f000000 at worker dd1cc35dab85990d1513f43970ae4385697ea9c4d649a6403cdeeec5
[2022-06-16 23:09:15,493 I 86097 86097] core_worker.cc:2317: Creating actor: b07fcbd2c89edf16eed1524b0f000000
[2022-06-16 23:10:17,652 I 86097 86407] core_worker.cc:494: Event stats:


Global stats: 874 total (8 active)
Queueing time: mean = 24.709 ms, max = 3.407 s, min = -0.136 s, total = 21.595 s
Execution time:  mean = 7.673 ms, total = 6.706 s
Event stats:
	UNKNOWN - 647 total (5 active, 1 running), CPU time: mean = 7.631 ms, total = 4.937 s
	GcsClient.deadline_timer.check_gcs_connection - 56 total (1 active), CPU time: mean = 3.693 ms, total = 206.798 ms
	CoreWorker.deadline_timer.flush_profiling_events - 56 total (1 active), CPU time: mean = 7.344 ms, total = 411.263 ms
	NodeManagerService.grpc_client.ReportWorkerBacklog - 55 total (0 active), CPU time: mean = 1.383 ms, total = 76.083 ms
	CoreWorkerService.grpc_server.GetCoreWorkerStats - 48 total (0 active), CPU time: mean = 22.274 ms, total = 1.069 s
	PeriodicalRunner.RunFnPeriodically - 7 total (0 active), CPU time: mean = 791.111 us, total = 5.538 ms
	WorkerInfoGcsService.grpc_client.AddWorkerInfo - 1 total (0 active), CPU time: mean = 19.135 us, total = 19.135 us
	InternalPubSubGcsService.grpc_client.GcsSubscriberPoll - 1 total (1 active), CPU time: mean = 0.000 s, total = 0.000 s
	CoreWorkerService.grpc_server.PushTask - 1 total (0 active), CPU time: mean = 81.926 us, total = 81.926 us
	NodeInfoGcsService.grpc_client.GetAllNodeInfo - 1 total (0 active), CPU time: mean = 60.049 us, total = 60.049 us
	InternalPubSubGcsService.grpc_client.GcsSubscriberCommandBatch - 1 total (0 active), CPU time: mean = 115.302 us, total = 115.302 us


[2022-06-16 23:10:26,993 I 86097 86097] direct_actor_transport.cc:144: Actor creation task finished, task_id: ffffffffffffffffb07fcbd2c89edf16eed1524b0f000000, actor_id: b07fcbd2c89edf16eed1524b0f000000
[2022-06-16 23:11:17,151 I 86097 86407] core_worker.cc:3086: Force kill actor request has received. exiting immediately...
[2022-06-16 23:11:17,191 I 86097 86407] core_worker.cc:591: Disconnecting to the raylet.
[2022-06-16 23:11:17,191 I 86097 86407] raylet_client.cc:162: RayletClient::Disconnect, exit_type=INTENDED_EXIT, has creation_task_exception_pb_bytes=0
