[2022-06-16 23:12:07,721 I 88139 88139] core_worker_process.cc:120: Constructing CoreWorkerProcess. pid: 88139
[2022-06-16 23:12:07,899 I 88139 88139] grpc_server.cc:105: worker server started, listening on port 10090.
[2022-06-16 23:12:07,901 I 88139 88139] core_worker.cc:175: Initializing worker at address: 10.140.1.24:10090, worker ID bf015a64d98f0739412d8f515f6debd7e5bf2376630d22397da61c41, raylet 5362b08c08075f2f5bd7b1d3e1df0d75415293f6ede64c2d4cee5e5c
[2022-06-16 23:12:07,902 I 88139 88858] gcs_server_address_updater.cc:32: GCS Server updater thread id: 140440959428352
[2022-06-16 23:12:08,104 I 88139 88139] io_service_pool.cc:35: IOServicePool is running with 1 io_service.
[2022-06-16 23:12:08,104 I 88139 88874] core_worker.cc:494: Event stats:


Global stats: 17 total (11 active)
Queueing time: mean = 25.062 ms, max = 101.416 ms, min = 411.159 us, total = 426.061 ms
Execution time:  mean = 22.235 us, total = 377.995 us
Event stats:
	PeriodicalRunner.RunFnPeriodically - 7 total (2 active, 1 running), CPU time: mean = 22.561 us, total = 157.924 us
	UNKNOWN - 3 total (3 active), CPU time: mean = 0.000 s, total = 0.000 s
	GcsClient.deadline_timer.check_gcs_connection - 1 total (1 active), CPU time: mean = 0.000 s, total = 0.000 s
	CoreWorker.deadline_timer.flush_profiling_events - 1 total (1 active), CPU time: mean = 0.000 s, total = 0.000 s
	NodeInfoGcsService.grpc_client.GetAllNodeInfo - 1 total (1 active), CPU time: mean = 0.000 s, total = 0.000 s
	InternalPubSubGcsService.grpc_client.GcsSubscriberPoll - 1 total (1 active), CPU time: mean = 0.000 s, total = 0.000 s
	InternalPubSubGcsService.grpc_client.GcsSubscriberCommandBatch - 1 total (0 active), CPU time: mean = 220.071 us, total = 220.071 us
	WorkerInfoGcsService.grpc_client.AddWorkerInfo - 1 total (1 active), CPU time: mean = 0.000 s, total = 0.000 s
	NodeManagerService.grpc_client.ReportWorkerBacklog - 1 total (1 active), CPU time: mean = 0.000 s, total = 0.000 s


[2022-06-16 23:12:08,119 I 88139 88874] accessor.cc:599: Received notification for node id = 5362b08c08075f2f5bd7b1d3e1df0d75415293f6ede64c2d4cee5e5c, IsAlive = 1
[2022-06-16 23:12:08,598 I 88139 88139] direct_actor_task_submitter.cc:33: Set max pending calls to -1 for actor 9176604a5d26a4313ef0d29e0f000000
[2022-06-16 23:12:08,598 I 88139 88139] direct_actor_task_submitter.cc:217: Connecting to actor 9176604a5d26a4313ef0d29e0f000000 at worker bf015a64d98f0739412d8f515f6debd7e5bf2376630d22397da61c41
[2022-06-16 23:12:08,598 I 88139 88139] core_worker.cc:2317: Creating actor: 9176604a5d26a4313ef0d29e0f000000
[2022-06-16 23:13:08,221 I 88139 88874] core_worker.cc:494: Event stats:


Global stats: 874 total (8 active)
Queueing time: mean = 27.143 ms, max = 3.240 s, min = -0.000 s, total = 23.723 s
Execution time:  mean = 7.186 ms, total = 6.281 s
Event stats:
	UNKNOWN - 649 total (5 active, 1 running), CPU time: mean = 7.138 ms, total = 4.633 s
	GcsClient.deadline_timer.check_gcs_connection - 56 total (1 active), CPU time: mean = 5.288 us, total = 296.102 us
	CoreWorker.deadline_timer.flush_profiling_events - 56 total (1 active), CPU time: mean = 3.589 ms, total = 200.986 ms
	NodeManagerService.grpc_client.ReportWorkerBacklog - 56 total (0 active), CPU time: mean = 6.385 us, total = 357.566 us
	CoreWorkerService.grpc_server.GetCoreWorkerStats - 45 total (0 active), CPU time: mean = 32.124 ms, total = 1.446 s
	PeriodicalRunner.RunFnPeriodically - 7 total (0 active), CPU time: mean = 57.763 us, total = 404.340 us
	NodeInfoGcsService.grpc_client.GetAllNodeInfo - 1 total (0 active), CPU time: mean = 42.778 us, total = 42.778 us
	InternalPubSubGcsService.grpc_client.GcsSubscriberPoll - 1 total (1 active), CPU time: mean = 0.000 s, total = 0.000 s
	InternalPubSubGcsService.grpc_client.GcsSubscriberCommandBatch - 1 total (0 active), CPU time: mean = 220.071 us, total = 220.071 us
	WorkerInfoGcsService.grpc_client.AddWorkerInfo - 1 total (0 active), CPU time: mean = 15.416 us, total = 15.416 us
	CoreWorkerService.grpc_server.PushTask - 1 total (0 active), CPU time: mean = 94.224 us, total = 94.224 us


[2022-06-16 23:13:35,297 I 88139 88139] direct_actor_transport.cc:144: Actor creation task finished, task_id: ffffffffffffffff9176604a5d26a4313ef0d29e0f000000, actor_id: 9176604a5d26a4313ef0d29e0f000000
[2022-06-16 23:14:10,337 I 88139 88874] core_worker.cc:494: Event stats:


Global stats: 1662 total (8 active)
Queueing time: mean = 39.832 ms, max = 5.676 s, min = -0.013 s, total = 66.201 s
Execution time:  mean = 10.053 ms, total = 16.708 s
Event stats:
	UNKNOWN - 1240 total (5 active, 1 running), CPU time: mean = 10.648 ms, total = 13.203 s
	GcsClient.deadline_timer.check_gcs_connection - 107 total (1 active), CPU time: mean = 753.114 us, total = 80.583 ms
	CoreWorker.deadline_timer.flush_profiling_events - 106 total (1 active), CPU time: mean = 7.055 ms, total = 747.876 ms
	NodeManagerService.grpc_client.ReportWorkerBacklog - 106 total (0 active), CPU time: mean = 6.375 us, total = 675.712 us
	CoreWorkerService.grpc_server.GetCoreWorkerStats - 87 total (0 active), CPU time: mean = 30.744 ms, total = 2.675 s
	PeriodicalRunner.RunFnPeriodically - 7 total (0 active), CPU time: mean = 57.763 us, total = 404.340 us
	StatsGcsService.grpc_client.AddProfileData - 2 total (0 active), CPU time: mean = 23.261 us, total = 46.521 us
	CoreWorkerService.grpc_server.PushTask - 2 total (0 active), CPU time: mean = 76.464 us, total = 152.928 us
	CoreWorkerService.grpc_server.DirectActorCallArgWaitComplete - 1 total (0 active), CPU time: mean = 34.895 us, total = 34.895 us
	NodeInfoGcsService.grpc_client.GetAllNodeInfo - 1 total (0 active), CPU time: mean = 42.778 us, total = 42.778 us
	InternalPubSubGcsService.grpc_client.GcsSubscriberPoll - 1 total (1 active), CPU time: mean = 0.000 s, total = 0.000 s
	InternalPubSubGcsService.grpc_client.GcsSubscriberCommandBatch - 1 total (0 active), CPU time: mean = 220.071 us, total = 220.071 us
	WorkerInfoGcsService.grpc_client.AddWorkerInfo - 1 total (0 active), CPU time: mean = 15.416 us, total = 15.416 us


[2022-06-16 23:14:29,955 I 88139 88874] core_worker.cc:3086: Force kill actor request has received. exiting immediately...
[2022-06-16 23:14:29,955 I 88139 88874] core_worker.cc:591: Disconnecting to the raylet.
[2022-06-16 23:14:29,980 I 88139 88874] raylet_client.cc:162: RayletClient::Disconnect, exit_type=INTENDED_EXIT, has creation_task_exception_pb_bytes=0
