[2022-06-16 22:15:09,344 I 22810 22810] core_worker_process.cc:120: Constructing CoreWorkerProcess. pid: 22810
[2022-06-16 22:15:10,499 I 22810 22810] grpc_server.cc:105: worker server started, listening on port 10047.
[2022-06-16 22:15:10,565 I 22810 22810] core_worker.cc:175: Initializing worker at address: 10.140.1.24:10047, worker ID faa0d8a88f309c4c06e42e05b881e36d6a69aefe9e53f985af3fb1db, raylet 5362b08c08075f2f5bd7b1d3e1df0d75415293f6ede64c2d4cee5e5c
[2022-06-16 22:15:10,565 I 22810 23374] gcs_server_address_updater.cc:32: GCS Server updater thread id: 140256980494080
[2022-06-16 22:15:10,744 I 22810 22810] io_service_pool.cc:35: IOServicePool is running with 1 io_service.
[2022-06-16 22:15:10,749 I 22810 23391] core_worker.cc:494: Event stats:


Global stats: 17 total (11 active)
Queueing time: mean = 21.899 ms, max = 78.208 ms, min = 365.812 us, total = 372.290 ms
Execution time:  mean = 24.190 us, total = 411.224 us
Event stats:
	PeriodicalRunner.RunFnPeriodically - 7 total (2 active, 1 running), CPU time: mean = 32.569 us, total = 227.981 us
	UNKNOWN - 3 total (3 active), CPU time: mean = 0.000 s, total = 0.000 s
	NodeInfoGcsService.grpc_client.GetAllNodeInfo - 1 total (1 active), CPU time: mean = 0.000 s, total = 0.000 s
	WorkerInfoGcsService.grpc_client.AddWorkerInfo - 1 total (1 active), CPU time: mean = 0.000 s, total = 0.000 s
	NodeManagerService.grpc_client.ReportWorkerBacklog - 1 total (1 active), CPU time: mean = 0.000 s, total = 0.000 s
	InternalPubSubGcsService.grpc_client.GcsSubscriberPoll - 1 total (1 active), CPU time: mean = 0.000 s, total = 0.000 s
	CoreWorker.deadline_timer.flush_profiling_events - 1 total (1 active), CPU time: mean = 0.000 s, total = 0.000 s
	InternalPubSubGcsService.grpc_client.GcsSubscriberCommandBatch - 1 total (0 active), CPU time: mean = 183.243 us, total = 183.243 us
	GcsClient.deadline_timer.check_gcs_connection - 1 total (1 active), CPU time: mean = 0.000 s, total = 0.000 s


[2022-06-16 22:15:10,759 I 22810 23391] accessor.cc:599: Received notification for node id = 5362b08c08075f2f5bd7b1d3e1df0d75415293f6ede64c2d4cee5e5c, IsAlive = 1
[2022-06-16 22:15:11,230 I 22810 22810] direct_actor_task_submitter.cc:33: Set max pending calls to -1 for actor ed80c532076a2dc55abe81f10a000000
[2022-06-16 22:15:11,230 I 22810 22810] direct_actor_task_submitter.cc:217: Connecting to actor ed80c532076a2dc55abe81f10a000000 at worker faa0d8a88f309c4c06e42e05b881e36d6a69aefe9e53f985af3fb1db
[2022-06-16 22:15:11,230 I 22810 22810] core_worker.cc:2317: Creating actor: ed80c532076a2dc55abe81f10a000000
[2022-06-16 22:16:10,750 I 22810 23391] core_worker.cc:494: Event stats:


Global stats: 863 total (8 active)
Queueing time: mean = 31.262 ms, max = 2.576 s, min = -0.025 s, total = 26.979 s
Execution time:  mean = 7.295 ms, total = 6.296 s
Event stats:
	UNKNOWN - 642 total (5 active, 1 running), CPU time: mean = 4.570 ms, total = 2.934 s
	NodeManagerService.grpc_client.ReportWorkerBacklog - 55 total (0 active), CPU time: mean = 5.676 us, total = 312.193 us
	CoreWorker.deadline_timer.flush_profiling_events - 55 total (1 active), CPU time: mean = 5.544 ms, total = 304.927 ms
	GcsClient.deadline_timer.check_gcs_connection - 55 total (1 active), CPU time: mean = 17.075 ms, total = 939.151 ms
	CoreWorkerService.grpc_server.GetCoreWorkerStats - 44 total (0 active), CPU time: mean = 48.001 ms, total = 2.112 s
	PeriodicalRunner.RunFnPeriodically - 7 total (0 active), CPU time: mean = 803.345 us, total = 5.623 ms
	NodeInfoGcsService.grpc_client.GetAllNodeInfo - 1 total (0 active), CPU time: mean = 39.882 us, total = 39.882 us
	WorkerInfoGcsService.grpc_client.AddWorkerInfo - 1 total (0 active), CPU time: mean = 19.035 us, total = 19.035 us
	InternalPubSubGcsService.grpc_client.GcsSubscriberPoll - 1 total (1 active), CPU time: mean = 0.000 s, total = 0.000 s
	CoreWorkerService.grpc_server.PushTask - 1 total (0 active), CPU time: mean = 78.283 us, total = 78.283 us
	InternalPubSubGcsService.grpc_client.GcsSubscriberCommandBatch - 1 total (0 active), CPU time: mean = 183.243 us, total = 183.243 us


[2022-06-16 22:16:17,326 I 22810 22810] direct_actor_transport.cc:144: Actor creation task finished, task_id: ffffffffffffffffed80c532076a2dc55abe81f10a000000, actor_id: ed80c532076a2dc55abe81f10a000000
[2022-06-16 22:16:26,586 I 22810 23391] core_worker.cc:3086: Force kill actor request has received. exiting immediately...
[2022-06-16 22:16:26,586 I 22810 23391] core_worker.cc:591: Disconnecting to the raylet.
[2022-06-16 22:16:26,586 I 22810 23391] raylet_client.cc:162: RayletClient::Disconnect, exit_type=INTENDED_EXIT, has creation_task_exception_pb_bytes=0
