[2022-06-16 21:48:10,624 I 123784 123784] core_worker_process.cc:120: Constructing CoreWorkerProcess. pid: 123784
[2022-06-16 21:48:12,038 I 123784 123784] grpc_server.cc:105: worker server started, listening on port 10031.
[2022-06-16 21:48:12,041 I 123784 123784] core_worker.cc:175: Initializing worker at address: 10.140.1.24:10031, worker ID ea3c7eca2a4cb865b457bdf111427019d7db0542467f27087ee8f0bf, raylet 5362b08c08075f2f5bd7b1d3e1df0d75415293f6ede64c2d4cee5e5c
[2022-06-16 21:48:12,041 I 123784 125045] gcs_server_address_updater.cc:32: GCS Server updater thread id: 140529215977216
[2022-06-16 21:48:12,298 I 123784 123784] io_service_pool.cc:35: IOServicePool is running with 1 io_service.
[2022-06-16 21:48:12,324 I 123784 125058] core_worker.cc:494: Event stats:


Global stats: 17 total (10 active)
Queueing time: mean = 43.987 ms, max = 156.147 ms, min = 397.460 us, total = 747.773 ms
Execution time:  mean = 21.485 us, total = 365.251 us
Event stats:
	PeriodicalRunner.RunFnPeriodically - 7 total (2 active, 1 running), CPU time: mean = 20.776 us, total = 145.435 us
	UNKNOWN - 3 total (3 active), CPU time: mean = 0.000 s, total = 0.000 s
	InternalPubSubGcsService.grpc_client.GcsSubscriberPoll - 1 total (1 active), CPU time: mean = 0.000 s, total = 0.000 s
	GcsClient.deadline_timer.check_gcs_connection - 1 total (1 active), CPU time: mean = 0.000 s, total = 0.000 s
	WorkerInfoGcsService.grpc_client.AddWorkerInfo - 1 total (0 active), CPU time: mean = 14.140 us, total = 14.140 us
	CoreWorker.deadline_timer.flush_profiling_events - 1 total (1 active), CPU time: mean = 0.000 s, total = 0.000 s
	NodeInfoGcsService.grpc_client.GetAllNodeInfo - 1 total (1 active), CPU time: mean = 0.000 s, total = 0.000 s
	InternalPubSubGcsService.grpc_client.GcsSubscriberCommandBatch - 1 total (0 active), CPU time: mean = 205.676 us, total = 205.676 us
	NodeManagerService.grpc_client.ReportWorkerBacklog - 1 total (1 active), CPU time: mean = 0.000 s, total = 0.000 s


[2022-06-16 21:48:12,324 I 123784 125058] accessor.cc:599: Received notification for node id = 5362b08c08075f2f5bd7b1d3e1df0d75415293f6ede64c2d4cee5e5c, IsAlive = 1
[2022-06-16 21:48:13,009 I 123784 123784] direct_actor_task_submitter.cc:33: Set max pending calls to -1 for actor 4a86695be9e8482c63cf62ad06000000
[2022-06-16 21:48:13,014 I 123784 123784] direct_actor_task_submitter.cc:217: Connecting to actor 4a86695be9e8482c63cf62ad06000000 at worker ea3c7eca2a4cb865b457bdf111427019d7db0542467f27087ee8f0bf
[2022-06-16 21:48:13,014 I 123784 123784] core_worker.cc:2317: Creating actor: 4a86695be9e8482c63cf62ad06000000
[2022-06-16 21:49:12,675 I 123784 125058] core_worker.cc:494: Event stats:


Global stats: 869 total (10 active)
Queueing time: mean = 23.999 ms, max = 1.831 s, min = -0.095 s, total = 20.855 s
Execution time:  mean = 7.798 ms, total = 6.776 s
Event stats:
	UNKNOWN - 642 total (5 active, 1 running), CPU time: mean = 5.282 ms, total = 3.391 s
	GcsClient.deadline_timer.check_gcs_connection - 58 total (1 active), CPU time: mean = 1.089 ms, total = 63.134 ms
	CoreWorker.deadline_timer.flush_profiling_events - 57 total (1 active), CPU time: mean = 33.708 ms, total = 1.921 s
	NodeManagerService.grpc_client.ReportWorkerBacklog - 57 total (1 active), CPU time: mean = 7.916 us, total = 451.220 us
	CoreWorkerService.grpc_server.GetCoreWorkerStats - 42 total (0 active), CPU time: mean = 32.718 ms, total = 1.374 s
	PeriodicalRunner.RunFnPeriodically - 7 total (0 active), CPU time: mean = 3.659 ms, total = 25.612 ms
	InternalPubSubGcsService.grpc_client.GcsSubscriberPoll - 1 total (1 active), CPU time: mean = 0.000 s, total = 0.000 s
	WorkerInfoGcsService.grpc_client.AddWorkerInfo - 1 total (0 active), CPU time: mean = 14.140 us, total = 14.140 us
	NodeInfoGcsService.grpc_client.GetAllNodeInfo - 1 total (0 active), CPU time: mean = 39.328 us, total = 39.328 us
	CoreWorkerService.grpc_server.PushTask - 1 total (0 active), CPU time: mean = 93.000 us, total = 93.000 us
	InternalPubSubGcsService.grpc_client.GcsSubscriberCommandBatch - 1 total (0 active), CPU time: mean = 205.676 us, total = 205.676 us
	StatsGcsService.grpc_client.AddProfileData - 1 total (1 active), CPU time: mean = 0.000 s, total = 0.000 s


[2022-06-16 21:49:12,845 I 123784 123784] direct_actor_transport.cc:144: Actor creation task finished, task_id: ffffffffffffffff4a86695be9e8482c63cf62ad06000000, actor_id: 4a86695be9e8482c63cf62ad06000000
[2022-06-16 21:50:07,808 I 123784 125058] core_worker.cc:3086: Force kill actor request has received. exiting immediately...
[2022-06-16 21:50:07,996 I 123784 125058] core_worker.cc:591: Disconnecting to the raylet.
[2022-06-16 21:50:08,021 I 123784 125058] raylet_client.cc:162: RayletClient::Disconnect, exit_type=INTENDED_EXIT, has creation_task_exception_pb_bytes=0
