[2022-06-16 21:36:35,174 I 112758 112758] core_worker_process.cc:120: Constructing CoreWorkerProcess. pid: 112758
[2022-06-16 21:36:37,449 I 112758 112758] grpc_server.cc:105: worker server started, listening on port 10013.
[2022-06-16 21:36:37,451 I 112758 112758] core_worker.cc:175: Initializing worker at address: 10.140.1.24:10013, worker ID 66791d2757807043447c3834d590568614be4c1888fb17bfadc60ba1, raylet 5362b08c08075f2f5bd7b1d3e1df0d75415293f6ede64c2d4cee5e5c
[2022-06-16 21:36:37,451 I 112758 113167] gcs_server_address_updater.cc:32: GCS Server updater thread id: 140510719108864
[2022-06-16 21:36:37,685 I 112758 112758] io_service_pool.cc:35: IOServicePool is running with 1 io_service.
[2022-06-16 21:36:37,724 I 112758 113179] core_worker.cc:494: Event stats:


Global stats: 17 total (10 active)
Queueing time: mean = 37.604 ms, max = 133.077 ms, min = 427.237 us, total = 639.267 ms
Execution time:  mean = 26.963 us, total = 458.376 us
Event stats:
	PeriodicalRunner.RunFnPeriodically - 7 total (2 active, 1 running), CPU time: mean = 33.052 us, total = 231.361 us
	UNKNOWN - 3 total (3 active), CPU time: mean = 0.000 s, total = 0.000 s
	WorkerInfoGcsService.grpc_client.AddWorkerInfo - 1 total (0 active), CPU time: mean = 38.968 us, total = 38.968 us
	NodeInfoGcsService.grpc_client.GetAllNodeInfo - 1 total (1 active), CPU time: mean = 0.000 s, total = 0.000 s
	GcsClient.deadline_timer.check_gcs_connection - 1 total (1 active), CPU time: mean = 0.000 s, total = 0.000 s
	NodeManagerService.grpc_client.ReportWorkerBacklog - 1 total (1 active), CPU time: mean = 0.000 s, total = 0.000 s
	InternalPubSubGcsService.grpc_client.GcsSubscriberPoll - 1 total (1 active), CPU time: mean = 0.000 s, total = 0.000 s
	InternalPubSubGcsService.grpc_client.GcsSubscriberCommandBatch - 1 total (0 active), CPU time: mean = 188.047 us, total = 188.047 us
	CoreWorker.deadline_timer.flush_profiling_events - 1 total (1 active), CPU time: mean = 0.000 s, total = 0.000 s


[2022-06-16 21:36:37,724 I 112758 113179] accessor.cc:599: Received notification for node id = 5362b08c08075f2f5bd7b1d3e1df0d75415293f6ede64c2d4cee5e5c, IsAlive = 1
[2022-06-16 21:36:38,231 I 112758 112758] direct_actor_task_submitter.cc:33: Set max pending calls to -1 for actor b2dc1938f9585b97d005e99904000000
[2022-06-16 21:36:38,231 I 112758 112758] direct_actor_task_submitter.cc:217: Connecting to actor b2dc1938f9585b97d005e99904000000 at worker 66791d2757807043447c3834d590568614be4c1888fb17bfadc60ba1
[2022-06-16 21:36:38,231 I 112758 112758] core_worker.cc:2317: Creating actor: b2dc1938f9585b97d005e99904000000
[2022-06-16 21:37:37,724 I 112758 113179] core_worker.cc:494: Event stats:


Global stats: 903 total (8 active)
Queueing time: mean = 17.035 ms, max = 1.489 s, min = -0.042 s, total = 15.383 s
Execution time:  mean = 4.255 ms, total = 3.842 s
Event stats:
	UNKNOWN - 674 total (5 active, 1 running), CPU time: mean = 3.860 ms, total = 2.602 s
	GcsClient.deadline_timer.check_gcs_connection - 58 total (1 active), CPU time: mean = 450.976 us, total = 26.157 ms
	CoreWorker.deadline_timer.flush_profiling_events - 58 total (1 active), CPU time: mean = 2.432 ms, total = 141.033 ms
	NodeManagerService.grpc_client.ReportWorkerBacklog - 57 total (0 active), CPU time: mean = 8.786 us, total = 500.802 us
	CoreWorkerService.grpc_server.GetCoreWorkerStats - 44 total (0 active), CPU time: mean = 23.489 ms, total = 1.034 s
	PeriodicalRunner.RunFnPeriodically - 7 total (0 active), CPU time: mean = 5.583 ms, total = 39.079 ms
	WorkerInfoGcsService.grpc_client.AddWorkerInfo - 1 total (0 active), CPU time: mean = 38.968 us, total = 38.968 us
	NodeInfoGcsService.grpc_client.GetAllNodeInfo - 1 total (0 active), CPU time: mean = 34.398 us, total = 34.398 us
	CoreWorkerService.grpc_server.PushTask - 1 total (0 active), CPU time: mean = 87.983 us, total = 87.983 us
	InternalPubSubGcsService.grpc_client.GcsSubscriberPoll - 1 total (1 active), CPU time: mean = 0.000 s, total = 0.000 s
	InternalPubSubGcsService.grpc_client.GcsSubscriberCommandBatch - 1 total (0 active), CPU time: mean = 188.047 us, total = 188.047 us


[2022-06-16 21:37:44,412 I 112758 112758] direct_actor_transport.cc:144: Actor creation task finished, task_id: ffffffffffffffffb2dc1938f9585b97d005e99904000000, actor_id: b2dc1938f9585b97d005e99904000000
[2022-06-16 21:37:53,287 I 112758 113179] core_worker.cc:3086: Force kill actor request has received. exiting immediately...
[2022-06-16 21:37:53,287 I 112758 113179] core_worker.cc:591: Disconnecting to the raylet.
[2022-06-16 21:37:53,288 I 112758 113179] raylet_client.cc:162: RayletClient::Disconnect, exit_type=INTENDED_EXIT, has creation_task_exception_pb_bytes=0
