[2022-06-16 22:15:09,294 I 22809 22809] core_worker_process.cc:120: Constructing CoreWorkerProcess. pid: 22809
[2022-06-16 22:15:10,499 I 22809 22809] grpc_server.cc:105: worker server started, listening on port 10046.
[2022-06-16 22:15:10,565 I 22809 22809] core_worker.cc:175: Initializing worker at address: 10.140.1.24:10046, worker ID 7227f06cb66d969ba168159127a4de56dc327c25ae7f00031bed10ab, raylet 5362b08c08075f2f5bd7b1d3e1df0d75415293f6ede64c2d4cee5e5c
[2022-06-16 22:15:10,565 I 22809 23368] gcs_server_address_updater.cc:32: GCS Server updater thread id: 140105079564032
[2022-06-16 22:15:10,744 I 22809 22809] io_service_pool.cc:35: IOServicePool is running with 1 io_service.
[2022-06-16 22:15:10,749 I 22809 23387] core_worker.cc:494: Event stats:


Global stats: 17 total (11 active)
Queueing time: mean = 21.893 ms, max = 78.198 ms, min = 358.054 us, total = 372.175 ms
Execution time:  mean = 21.608 us, total = 367.337 us
Event stats:
	PeriodicalRunner.RunFnPeriodically - 7 total (2 active, 1 running), CPU time: mean = 25.309 us, total = 177.164 us
	UNKNOWN - 3 total (3 active), CPU time: mean = 0.000 s, total = 0.000 s
	CoreWorker.deadline_timer.flush_profiling_events - 1 total (1 active), CPU time: mean = 0.000 s, total = 0.000 s
	GcsClient.deadline_timer.check_gcs_connection - 1 total (1 active), CPU time: mean = 0.000 s, total = 0.000 s
	NodeManagerService.grpc_client.ReportWorkerBacklog - 1 total (1 active), CPU time: mean = 0.000 s, total = 0.000 s
	InternalPubSubGcsService.grpc_client.GcsSubscriberCommandBatch - 1 total (0 active), CPU time: mean = 190.173 us, total = 190.173 us
	InternalPubSubGcsService.grpc_client.GcsSubscriberPoll - 1 total (1 active), CPU time: mean = 0.000 s, total = 0.000 s
	WorkerInfoGcsService.grpc_client.AddWorkerInfo - 1 total (1 active), CPU time: mean = 0.000 s, total = 0.000 s
	NodeInfoGcsService.grpc_client.GetAllNodeInfo - 1 total (1 active), CPU time: mean = 0.000 s, total = 0.000 s


[2022-06-16 22:15:10,759 I 22809 23387] accessor.cc:599: Received notification for node id = 5362b08c08075f2f5bd7b1d3e1df0d75415293f6ede64c2d4cee5e5c, IsAlive = 1
[2022-06-16 22:15:11,230 I 22809 22809] direct_actor_task_submitter.cc:33: Set max pending calls to -1 for actor 9f2bf0e89a06c775481ab0770a000000
[2022-06-16 22:15:11,230 I 22809 22809] direct_actor_task_submitter.cc:217: Connecting to actor 9f2bf0e89a06c775481ab0770a000000 at worker 7227f06cb66d969ba168159127a4de56dc327c25ae7f00031bed10ab
[2022-06-16 22:15:11,230 I 22809 22809] core_worker.cc:2317: Creating actor: 9f2bf0e89a06c775481ab0770a000000
[2022-06-16 22:16:10,750 I 22809 23387] core_worker.cc:494: Event stats:


Global stats: 863 total (8 active)
Queueing time: mean = 31.283 ms, max = 2.576 s, min = -0.025 s, total = 26.997 s
Execution time:  mean = 7.237 ms, total = 6.245 s
Event stats:
	UNKNOWN - 642 total (5 active, 1 running), CPU time: mean = 4.490 ms, total = 2.883 s
	CoreWorker.deadline_timer.flush_profiling_events - 55 total (1 active), CPU time: mean = 5.544 ms, total = 304.930 ms
	GcsClient.deadline_timer.check_gcs_connection - 55 total (1 active), CPU time: mean = 17.075 ms, total = 939.152 ms
	NodeManagerService.grpc_client.ReportWorkerBacklog - 55 total (0 active), CPU time: mean = 5.843 us, total = 321.391 us
	CoreWorkerService.grpc_server.GetCoreWorkerStats - 44 total (0 active), CPU time: mean = 48.008 ms, total = 2.112 s
	PeriodicalRunner.RunFnPeriodically - 7 total (0 active), CPU time: mean = 802.894 us, total = 5.620 ms
	CoreWorkerService.grpc_server.PushTask - 1 total (0 active), CPU time: mean = 51.120 us, total = 51.120 us
	InternalPubSubGcsService.grpc_client.GcsSubscriberCommandBatch - 1 total (0 active), CPU time: mean = 190.173 us, total = 190.173 us
	InternalPubSubGcsService.grpc_client.GcsSubscriberPoll - 1 total (1 active), CPU time: mean = 0.000 s, total = 0.000 s
	WorkerInfoGcsService.grpc_client.AddWorkerInfo - 1 total (0 active), CPU time: mean = 14.535 us, total = 14.535 us
	NodeInfoGcsService.grpc_client.GetAllNodeInfo - 1 total (0 active), CPU time: mean = 35.245 us, total = 35.245 us


[2022-06-16 22:16:17,326 I 22809 22809] direct_actor_transport.cc:144: Actor creation task finished, task_id: ffffffffffffffff9f2bf0e89a06c775481ab0770a000000, actor_id: 9f2bf0e89a06c775481ab0770a000000
[2022-06-16 22:16:26,586 I 22809 23387] core_worker.cc:3086: Force kill actor request has received. exiting immediately...
[2022-06-16 22:16:26,586 I 22809 23387] core_worker.cc:591: Disconnecting to the raylet.
[2022-06-16 22:16:26,586 I 22809 23387] raylet_client.cc:162: RayletClient::Disconnect, exit_type=INTENDED_EXIT, has creation_task_exception_pb_bytes=0
