[2022-06-16 21:35:04,909 I 110108 110108] core_worker_process.cc:120: Constructing CoreWorkerProcess. pid: 110108
[2022-06-16 21:35:05,633 I 110108 110108] grpc_server.cc:105: driver server started, listening on port 10011.
[2022-06-16 21:35:05,635 I 110108 110108] core_worker.cc:175: Initializing worker at address: 10.140.1.24:10011, worker ID 04000000ffffffffffffffffffffffffffffffffffffffffffffffff, raylet 5362b08c08075f2f5bd7b1d3e1df0d75415293f6ede64c2d4cee5e5c
[2022-06-16 21:35:05,635 I 110108 111397] gcs_server_address_updater.cc:32: GCS Server updater thread id: 140293814867712
[2022-06-16 21:35:05,836 I 110108 110108] io_service_pool.cc:35: IOServicePool is running with 1 io_service.
[2022-06-16 21:35:05,862 I 110108 111399] core_worker.cc:494: Event stats:


Global stats: 15 total (9 active)
Queueing time: mean = 25.393 ms, max = 99.743 ms, min = 313.120 us, total = 380.897 ms
Execution time:  mean = 21.569 us, total = 323.528 us
Event stats:
	PeriodicalRunner.RunFnPeriodically - 6 total (2 active, 1 running), CPU time: mean = 18.349 us, total = 110.092 us
	UNKNOWN - 2 total (2 active), CPU time: mean = 0.000 s, total = 0.000 s
	NodeManagerService.grpc_client.ReportWorkerBacklog - 1 total (1 active), CPU time: mean = 0.000 s, total = 0.000 s
	CoreWorker.deadline_timer.flush_profiling_events - 1 total (1 active), CPU time: mean = 0.000 s, total = 0.000 s
	GcsClient.deadline_timer.check_gcs_connection - 1 total (1 active), CPU time: mean = 0.000 s, total = 0.000 s
	InternalPubSubGcsService.grpc_client.GcsSubscriberPoll - 1 total (1 active), CPU time: mean = 0.000 s, total = 0.000 s
	WorkerInfoGcsService.grpc_client.AddWorkerInfo - 1 total (0 active), CPU time: mean = 16.806 us, total = 16.806 us
	InternalPubSubGcsService.grpc_client.GcsSubscriberCommandBatch - 1 total (0 active), CPU time: mean = 196.630 us, total = 196.630 us
	NodeInfoGcsService.grpc_client.GetAllNodeInfo - 1 total (1 active), CPU time: mean = 0.000 s, total = 0.000 s


[2022-06-16 21:35:05,862 I 110108 111399] accessor.cc:599: Received notification for node id = 5362b08c08075f2f5bd7b1d3e1df0d75415293f6ede64c2d4cee5e5c, IsAlive = 1
[2022-06-16 21:36:03,414 I 110108 110108] direct_actor_task_submitter.cc:33: Set max pending calls to -1 for actor 741129e53603caef926aca0b04000000
[2022-06-16 21:36:03,661 I 110108 110108] direct_actor_task_submitter.cc:33: Set max pending calls to -1 for actor b2dc1938f9585b97d005e99904000000
[2022-06-16 21:36:04,450 I 110108 110108] direct_actor_task_submitter.cc:33: Set max pending calls to -1 for actor cbd580fbd486966c9a0f116b04000000
[2022-06-16 21:36:04,451 I 110108 110108] direct_actor_task_submitter.cc:33: Set max pending calls to -1 for actor 4cd50d9b7993a1a2591f48cb04000000
[2022-06-16 21:36:04,451 I 110108 110108] direct_actor_task_submitter.cc:33: Set max pending calls to -1 for actor 70143de5c62b6655a049f94d04000000
[2022-06-16 21:36:05,487 I 110108 111399] actor_manager.cc:246: received notification on actor, state: DEPENDENCIES_UNREADY, actor_id: cbd580fbd486966c9a0f116b04000000, ip address: , port: 0, worker_id: NIL_ID, raylet_id: NIL_ID, num_restarts: 0, death context type=CONTEXT_NOT_SET
[2022-06-16 21:36:05,517 I 110108 111399] actor_manager.cc:246: received notification on actor, state: DEPENDENCIES_UNREADY, actor_id: 4cd50d9b7993a1a2591f48cb04000000, ip address: , port: 0, worker_id: NIL_ID, raylet_id: NIL_ID, num_restarts: 0, death context type=CONTEXT_NOT_SET
[2022-06-16 21:36:05,517 I 110108 111399] actor_manager.cc:246: received notification on actor, state: DEPENDENCIES_UNREADY, actor_id: 70143de5c62b6655a049f94d04000000, ip address: , port: 0, worker_id: NIL_ID, raylet_id: NIL_ID, num_restarts: 0, death context type=CONTEXT_NOT_SET
[2022-06-16 21:36:05,690 I 110108 111399] actor_manager.cc:246: received notification on actor, state: DEPENDENCIES_UNREADY, actor_id: 741129e53603caef926aca0b04000000, ip address: , port: 0, worker_id: NIL_ID, raylet_id: NIL_ID, num_restarts: 0, death context type=CONTEXT_NOT_SET
[2022-06-16 21:36:05,705 I 110108 111399] actor_manager.cc:246: received notification on actor, state: DEPENDENCIES_UNREADY, actor_id: b2dc1938f9585b97d005e99904000000, ip address: , port: 0, worker_id: NIL_ID, raylet_id: NIL_ID, num_restarts: 0, death context type=CONTEXT_NOT_SET
[2022-06-16 21:36:05,705 I 110108 111399] actor_manager.cc:246: received notification on actor, state: DEPENDENCIES_UNREADY, actor_id: cbd580fbd486966c9a0f116b04000000, ip address: , port: 0, worker_id: NIL_ID, raylet_id: NIL_ID, num_restarts: 0, death context type=CONTEXT_NOT_SET
[2022-06-16 21:36:05,705 I 110108 111399] actor_manager.cc:246: received notification on actor, state: DEPENDENCIES_UNREADY, actor_id: 4cd50d9b7993a1a2591f48cb04000000, ip address: , port: 0, worker_id: NIL_ID, raylet_id: NIL_ID, num_restarts: 0, death context type=CONTEXT_NOT_SET
[2022-06-16 21:36:05,705 I 110108 111399] actor_manager.cc:246: received notification on actor, state: DEPENDENCIES_UNREADY, actor_id: 70143de5c62b6655a049f94d04000000, ip address: , port: 0, worker_id: NIL_ID, raylet_id: NIL_ID, num_restarts: 0, death context type=CONTEXT_NOT_SET
[2022-06-16 21:36:05,705 I 110108 111399] actor_manager.cc:246: received notification on actor, state: PENDING_CREATION, actor_id: 741129e53603caef926aca0b04000000, ip address: , port: 0, worker_id: NIL_ID, raylet_id: NIL_ID, num_restarts: 0, death context type=CONTEXT_NOT_SET
[2022-06-16 21:36:05,705 I 110108 111399] actor_manager.cc:246: received notification on actor, state: PENDING_CREATION, actor_id: b2dc1938f9585b97d005e99904000000, ip address: , port: 0, worker_id: NIL_ID, raylet_id: NIL_ID, num_restarts: 0, death context type=CONTEXT_NOT_SET
[2022-06-16 21:36:05,705 I 110108 111399] actor_manager.cc:246: received notification on actor, state: PENDING_CREATION, actor_id: cbd580fbd486966c9a0f116b04000000, ip address: , port: 0, worker_id: NIL_ID, raylet_id: NIL_ID, num_restarts: 0, death context type=CONTEXT_NOT_SET
[2022-06-16 21:36:05,705 I 110108 111399] actor_manager.cc:246: received notification on actor, state: PENDING_CREATION, actor_id: 4cd50d9b7993a1a2591f48cb04000000, ip address: , port: 0, worker_id: NIL_ID, raylet_id: NIL_ID, num_restarts: 0, death context type=CONTEXT_NOT_SET
[2022-06-16 21:36:05,705 I 110108 111399] actor_manager.cc:246: received notification on actor, state: PENDING_CREATION, actor_id: 70143de5c62b6655a049f94d04000000, ip address: , port: 0, worker_id: NIL_ID, raylet_id: NIL_ID, num_restarts: 0, death context type=CONTEXT_NOT_SET
[2022-06-16 21:36:05,883 I 110108 111399] core_worker.cc:494: Event stats:


Global stats: 830 total (12 active)
Queueing time: mean = 38.286 ms, max = 3.490 s, min = -0.010 s, total = 31.777 s
Execution time:  mean = 11.262 ms, total = 9.347 s
Event stats:
	UNKNOWN - 553 total (4 active, 1 running), CPU time: mean = 10.190 ms, total = 5.635 s
	GcsClient.deadline_timer.check_gcs_connection - 54 total (1 active), CPU time: mean = 1.644 ms, total = 88.798 ms
	CoreWorker.deadline_timer.flush_profiling_events - 54 total (1 active), CPU time: mean = 10.699 ms, total = 577.722 ms
	NodeManagerService.grpc_client.ReportWorkerBacklog - 53 total (0 active), CPU time: mean = 5.515 us, total = 292.306 us
	CoreWorkerService.grpc_server.GetCoreWorkerStats - 48 total (0 active), CPU time: mean = 35.697 ms, total = 1.713 s
	Subscriber.HandlePublishedMessage_GCS_ACTOR_CHANNEL - 10 total (0 active), CPU time: mean = 7.245 us, total = 72.448 us
	InternalPubSubGcsService.grpc_client.GcsSubscriberCommandBatch - 6 total (0 active), CPU time: mean = 120.449 ms, total = 722.692 ms
	PeriodicalRunner.RunFnPeriodically - 6 total (0 active), CPU time: mean = 4.321 ms, total = 25.924 ms
	ActorInfoGcsService.grpc_client.CreateActor - 5 total (5 active), CPU time: mean = 0.000 s, total = 0.000 s
	ActorInfoGcsService.grpc_client.GetActorInfo - 5 total (0 active), CPU time: mean = 33.092 ms, total = 165.459 ms
	ActorInfoGcsService.grpc_client.RegisterActor - 5 total (0 active), CPU time: mean = 6.270 ms, total = 31.352 ms
	ActorCreator.AsyncRegisterActor - 5 total (0 active), CPU time: mean = 31.481 ms, total = 157.405 ms
	CoreWorkerService.grpc_server.WaitForActorOutOfScope - 5 total (0 active), CPU time: mean = 2.996 ms, total = 14.979 ms
	NodeManagerService.grpc_client.PinObjectIDs - 5 total (0 active), CPU time: mean = 4.203 ms, total = 21.015 ms
	CoreWorkerDirectActorTaskSubmitter::SubmitTask - 5 total (0 active), CPU time: mean = 10.200 ms, total = 50.998 ms
	InternalPubSubGcsService.grpc_client.GcsSubscriberPoll - 4 total (1 active), CPU time: mean = 12.798 ms, total = 51.192 ms
	StatsGcsService.grpc_client.AddProfileData - 2 total (0 active), CPU time: mean = 10.656 us, total = 21.313 us
	WorkerInfoGcsService.grpc_client.AddWorkerInfo - 1 total (0 active), CPU time: mean = 16.806 us, total = 16.806 us
	CoreWorkerService.grpc_server.PubsubLongPolling - 1 total (0 active), CPU time: mean = 5.697 us, total = 5.697 us
	CoreWorkerService.grpc_server.UpdateObjectLocationBatch - 1 total (0 active), CPU time: mean = 80.441 ms, total = 80.441 ms
	CoreWorkerService.grpc_server.PubsubCommandBatch - 1 total (0 active), CPU time: mean = 10.238 ms, total = 10.238 ms
	NodeInfoGcsService.grpc_client.GetAllNodeInfo - 1 total (0 active), CPU time: mean = 28.536 us, total = 28.536 us


[2022-06-16 21:37:05,952 I 110108 111399] core_worker.cc:494: Event stats:


Global stats: 1672 total (12 active)
Queueing time: mean = 25.162 ms, max = 3.490 s, min = -0.018 s, total = 42.070 s
Execution time:  mean = 7.335 ms, total = 12.265 s
Event stats:
	UNKNOWN - 1178 total (4 active, 1 running), CPU time: mean = 6.730 ms, total = 7.928 s
	GcsClient.deadline_timer.check_gcs_connection - 111 total (1 active), CPU time: mean = 801.390 us, total = 88.954 ms
	CoreWorker.deadline_timer.flush_profiling_events - 111 total (1 active), CPU time: mean = 5.207 ms, total = 577.971 ms
	NodeManagerService.grpc_client.ReportWorkerBacklog - 110 total (0 active), CPU time: mean = 50.595 us, total = 5.565 ms
	CoreWorkerService.grpc_server.GetCoreWorkerStats - 92 total (0 active), CPU time: mean = 25.346 ms, total = 2.332 s
	Subscriber.HandlePublishedMessage_GCS_ACTOR_CHANNEL - 10 total (0 active), CPU time: mean = 7.245 us, total = 72.448 us
	InternalPubSubGcsService.grpc_client.GcsSubscriberCommandBatch - 6 total (0 active), CPU time: mean = 120.449 ms, total = 722.692 ms
	PeriodicalRunner.RunFnPeriodically - 6 total (0 active), CPU time: mean = 4.321 ms, total = 25.924 ms
	ActorInfoGcsService.grpc_client.CreateActor - 5 total (5 active), CPU time: mean = 0.000 s, total = 0.000 s
	ActorInfoGcsService.grpc_client.GetActorInfo - 5 total (0 active), CPU time: mean = 33.092 ms, total = 165.459 ms
	ActorInfoGcsService.grpc_client.RegisterActor - 5 total (0 active), CPU time: mean = 6.270 ms, total = 31.352 ms
	ActorCreator.AsyncRegisterActor - 5 total (0 active), CPU time: mean = 31.481 ms, total = 157.405 ms
	CoreWorkerService.grpc_server.WaitForActorOutOfScope - 5 total (0 active), CPU time: mean = 2.996 ms, total = 14.979 ms
	NodeManagerService.grpc_client.PinObjectIDs - 5 total (0 active), CPU time: mean = 4.203 ms, total = 21.015 ms
	CoreWorkerDirectActorTaskSubmitter::SubmitTask - 5 total (0 active), CPU time: mean = 10.200 ms, total = 50.998 ms
	InternalPubSubGcsService.grpc_client.GcsSubscriberPoll - 4 total (1 active), CPU time: mean = 12.798 ms, total = 51.192 ms
	StatsGcsService.grpc_client.AddProfileData - 2 total (0 active), CPU time: mean = 10.656 us, total = 21.313 us
	CoreWorkerService.grpc_server.UpdateObjectLocationBatch - 2 total (0 active), CPU time: mean = 40.243 ms, total = 80.485 ms
	CoreWorkerService.grpc_server.PubsubCommandBatch - 2 total (0 active), CPU time: mean = 5.134 ms, total = 10.267 ms
	WorkerInfoGcsService.grpc_client.AddWorkerInfo - 1 total (0 active), CPU time: mean = 16.806 us, total = 16.806 us
	CoreWorkerService.grpc_server.PubsubLongPolling - 1 total (0 active), CPU time: mean = 5.697 us, total = 5.697 us
	NodeInfoGcsService.grpc_client.GetAllNodeInfo - 1 total (0 active), CPU time: mean = 28.536 us, total = 28.536 us


[2022-06-16 21:37:45,323 I 110108 111399] actor_manager.cc:246: received notification on actor, state: ALIVE, actor_id: 70143de5c62b6655a049f94d04000000, ip address: 10.140.1.24, port: 10015, worker_id: 447da07b5990471726d3eb3c53383326bfe4fdb25e39ed3814e7cc7d, raylet_id: 5362b08c08075f2f5bd7b1d3e1df0d75415293f6ede64c2d4cee5e5c, num_restarts: 0, death context type=CONTEXT_NOT_SET
[2022-06-16 21:37:45,420 I 110108 111399] direct_actor_task_submitter.cc:217: Connecting to actor 70143de5c62b6655a049f94d04000000 at worker 447da07b5990471726d3eb3c53383326bfe4fdb25e39ed3814e7cc7d
[2022-06-16 21:37:45,546 I 110108 111399] actor_manager.cc:246: received notification on actor, state: ALIVE, actor_id: b2dc1938f9585b97d005e99904000000, ip address: 10.140.1.24, port: 10013, worker_id: 66791d2757807043447c3834d590568614be4c1888fb17bfadc60ba1, raylet_id: 5362b08c08075f2f5bd7b1d3e1df0d75415293f6ede64c2d4cee5e5c, num_restarts: 0, death context type=CONTEXT_NOT_SET
[2022-06-16 21:37:45,546 I 110108 111399] direct_actor_task_submitter.cc:217: Connecting to actor b2dc1938f9585b97d005e99904000000 at worker 66791d2757807043447c3834d590568614be4c1888fb17bfadc60ba1
[2022-06-16 21:37:45,546 I 110108 111399] actor_manager.cc:246: received notification on actor, state: ALIVE, actor_id: 741129e53603caef926aca0b04000000, ip address: 10.140.1.24, port: 10014, worker_id: 3f9adb677700d29d0ff27cf72ac820b26ee5ebe7ae61747a37ef7ec8, raylet_id: 5362b08c08075f2f5bd7b1d3e1df0d75415293f6ede64c2d4cee5e5c, num_restarts: 0, death context type=CONTEXT_NOT_SET
[2022-06-16 21:37:45,546 I 110108 111399] direct_actor_task_submitter.cc:217: Connecting to actor 741129e53603caef926aca0b04000000 at worker 3f9adb677700d29d0ff27cf72ac820b26ee5ebe7ae61747a37ef7ec8
[2022-06-16 21:37:45,546 I 110108 111399] actor_manager.cc:246: received notification on actor, state: ALIVE, actor_id: cbd580fbd486966c9a0f116b04000000, ip address: 10.140.1.24, port: 10012, worker_id: eda3d47221d5f34fbed5efd19a38ba72f29267b0c398ea9ef8058f6e, raylet_id: 5362b08c08075f2f5bd7b1d3e1df0d75415293f6ede64c2d4cee5e5c, num_restarts: 0, death context type=CONTEXT_NOT_SET
[2022-06-16 21:37:45,546 I 110108 111399] direct_actor_task_submitter.cc:217: Connecting to actor cbd580fbd486966c9a0f116b04000000 at worker eda3d47221d5f34fbed5efd19a38ba72f29267b0c398ea9ef8058f6e
[2022-06-16 21:37:45,546 I 110108 111399] actor_manager.cc:246: received notification on actor, state: ALIVE, actor_id: 4cd50d9b7993a1a2591f48cb04000000, ip address: 10.140.1.24, port: 10016, worker_id: dae209d1a678e65acacde60abe993c25ea16761955278a50e0a5b59a, raylet_id: 5362b08c08075f2f5bd7b1d3e1df0d75415293f6ede64c2d4cee5e5c, num_restarts: 0, death context type=CONTEXT_NOT_SET
[2022-06-16 21:37:45,546 I 110108 111399] direct_actor_task_submitter.cc:217: Connecting to actor 4cd50d9b7993a1a2591f48cb04000000 at worker dae209d1a678e65acacde60abe993c25ea16761955278a50e0a5b59a
[2022-06-16 21:37:53,005 I 110108 110108] core_worker.cc:591: Disconnecting to the raylet.
[2022-06-16 21:37:53,005 I 110108 110108] raylet_client.cc:162: RayletClient::Disconnect, exit_type=INTENDED_EXIT, has creation_task_exception_pb_bytes=0
[2022-06-16 21:37:53,005 I 110108 110108] core_worker.cc:539: Shutting down a core worker.
[2022-06-16 21:37:53,005 I 110108 110108] core_worker.cc:563: Disconnecting a GCS client.
[2022-06-16 21:37:53,005 I 110108 110108] core_worker.cc:567: Waiting for joining a core worker io thread. If it hangs here, there might be deadlock or a high load in the core worker io service.
[2022-06-16 21:37:53,005 I 110108 111399] core_worker.cc:679: Core worker main io service stopped.
[2022-06-16 21:37:53,005 I 110108 110108] core_worker.cc:576: Core worker ready to be deallocated.
[2022-06-16 21:37:53,005 I 110108 110108] core_worker_process.cc:298: Removed worker 04000000ffffffffffffffffffffffffffffffffffffffffffffffff
[2022-06-16 21:37:53,005 I 110108 110108] core_worker.cc:530: Core worker is destructed
[2022-06-16 21:37:53,301 I 110108 110108] core_worker_process.cc:154: Destructing CoreWorkerProcessImpl. pid: 110108
[2022-06-16 21:37:53,301 I 110108 110108] io_service_pool.cc:47: IOServicePool is stopped.
