[2022-06-16 22:08:16,107 I 15902 15902] core_worker_process.cc:120: Constructing CoreWorkerProcess. pid: 15902
[2022-06-16 22:08:17,278 I 15902 15902] grpc_server.cc:105: worker server started, listening on port 10039.
[2022-06-16 22:08:17,281 I 15902 15902] core_worker.cc:175: Initializing worker at address: 10.140.1.24:10039, worker ID a9f09e6541e331c8d3fc7ae31fbee3f93600b315c91a4c4c05b996d3, raylet 5362b08c08075f2f5bd7b1d3e1df0d75415293f6ede64c2d4cee5e5c
[2022-06-16 22:08:17,281 I 15902 16957] gcs_server_address_updater.cc:32: GCS Server updater thread id: 140674045298432
[2022-06-16 22:08:17,548 I 15902 15902] io_service_pool.cc:35: IOServicePool is running with 1 io_service.
[2022-06-16 22:08:17,581 I 15902 16974] core_worker.cc:494: Event stats:


Global stats: 17 total (10 active)
Queueing time: mean = 40.367 ms, max = 161.673 ms, min = 20.573 ms, total = 686.232 ms
Execution time:  mean = 21.032 us, total = 357.552 us
Event stats:
	PeriodicalRunner.RunFnPeriodically - 7 total (2 active, 1 running), CPU time: mean = 23.144 us, total = 162.006 us
	UNKNOWN - 3 total (3 active), CPU time: mean = 0.000 s, total = 0.000 s
	InternalPubSubGcsService.grpc_client.GcsSubscriberPoll - 1 total (1 active), CPU time: mean = 0.000 s, total = 0.000 s
	InternalPubSubGcsService.grpc_client.GcsSubscriberCommandBatch - 1 total (0 active), CPU time: mean = 183.251 us, total = 183.251 us
	CoreWorker.deadline_timer.flush_profiling_events - 1 total (1 active), CPU time: mean = 0.000 s, total = 0.000 s
	NodeInfoGcsService.grpc_client.GetAllNodeInfo - 1 total (1 active), CPU time: mean = 0.000 s, total = 0.000 s
	WorkerInfoGcsService.grpc_client.AddWorkerInfo - 1 total (0 active), CPU time: mean = 12.295 us, total = 12.295 us
	GcsClient.deadline_timer.check_gcs_connection - 1 total (1 active), CPU time: mean = 0.000 s, total = 0.000 s
	NodeManagerService.grpc_client.ReportWorkerBacklog - 1 total (1 active), CPU time: mean = 0.000 s, total = 0.000 s


[2022-06-16 22:08:17,581 I 15902 16974] accessor.cc:599: Received notification for node id = 5362b08c08075f2f5bd7b1d3e1df0d75415293f6ede64c2d4cee5e5c, IsAlive = 1
[2022-06-16 22:08:18,314 I 15902 15902] direct_actor_task_submitter.cc:33: Set max pending calls to -1 for actor 9c9d93edd5e1c06a27fe7b3408000000
[2022-06-16 22:08:18,314 I 15902 15902] direct_actor_task_submitter.cc:217: Connecting to actor 9c9d93edd5e1c06a27fe7b3408000000 at worker a9f09e6541e331c8d3fc7ae31fbee3f93600b315c91a4c4c05b996d3
[2022-06-16 22:08:18,314 I 15902 15902] core_worker.cc:2317: Creating actor: 9c9d93edd5e1c06a27fe7b3408000000
[2022-06-16 22:09:17,829 I 15902 16974] core_worker.cc:494: Event stats:


Global stats: 878 total (9 active)
Queueing time: mean = 24.607 ms, max = 3.535 s, min = -0.020 s, total = 21.605 s
Execution time:  mean = 5.927 ms, total = 5.203 s
Event stats:
	UNKNOWN - 653 total (5 active, 1 running), CPU time: mean = 4.653 ms, total = 3.039 s
	CoreWorker.deadline_timer.flush_profiling_events - 56 total (1 active), CPU time: mean = 4.878 ms, total = 273.194 ms
	GcsClient.deadline_timer.check_gcs_connection - 56 total (1 active), CPU time: mean = 15.899 ms, total = 890.339 ms
	NodeManagerService.grpc_client.ReportWorkerBacklog - 55 total (1 active), CPU time: mean = 1.289 ms, total = 70.893 ms
	CoreWorkerService.grpc_server.GetCoreWorkerStats - 46 total (0 active), CPU time: mean = 19.055 ms, total = 876.539 ms
	PeriodicalRunner.RunFnPeriodically - 7 total (0 active), CPU time: mean = 4.732 ms, total = 33.126 ms
	InternalPubSubGcsService.grpc_client.GcsSubscriberPoll - 1 total (1 active), CPU time: mean = 0.000 s, total = 0.000 s
	InternalPubSubGcsService.grpc_client.GcsSubscriberCommandBatch - 1 total (0 active), CPU time: mean = 183.251 us, total = 183.251 us
	NodeInfoGcsService.grpc_client.GetAllNodeInfo - 1 total (0 active), CPU time: mean = 40.134 us, total = 40.134 us
	WorkerInfoGcsService.grpc_client.AddWorkerInfo - 1 total (0 active), CPU time: mean = 12.295 us, total = 12.295 us
	CoreWorkerService.grpc_server.PushTask - 1 total (0 active), CPU time: mean = 20.513 ms, total = 20.513 ms


[2022-06-16 22:09:36,428 I 15902 15902] direct_actor_transport.cc:144: Actor creation task finished, task_id: ffffffffffffffff9c9d93edd5e1c06a27fe7b3408000000, actor_id: 9c9d93edd5e1c06a27fe7b3408000000
[2022-06-16 22:09:46,549 I 15902 16974] core_worker.cc:3086: Force kill actor request has received. exiting immediately...
[2022-06-16 22:09:46,549 I 15902 16974] core_worker.cc:591: Disconnecting to the raylet.
[2022-06-16 22:09:46,549 I 15902 16974] raylet_client.cc:162: RayletClient::Disconnect, exit_type=INTENDED_EXIT, has creation_task_exception_pb_bytes=0
