[2022-06-16 21:41:14,268 I 117674 117674] core_worker_process.cc:120: Constructing CoreWorkerProcess. pid: 117674
[2022-06-16 21:41:14,605 I 117674 117674] grpc_server.cc:105: worker server started, listening on port 10022.
[2022-06-16 21:41:14,608 I 117674 117674] core_worker.cc:175: Initializing worker at address: 10.140.1.24:10022, worker ID cdaebc24b63ccb663745ec33da8354b22548069396f49e5ea8b6aa79, raylet 5362b08c08075f2f5bd7b1d3e1df0d75415293f6ede64c2d4cee5e5c
[2022-06-16 21:41:14,608 I 117674 118190] gcs_server_address_updater.cc:32: GCS Server updater thread id: 139906126960384
[2022-06-16 21:41:14,809 I 117674 117674] io_service_pool.cc:35: IOServicePool is running with 1 io_service.
[2022-06-16 21:41:14,850 I 117674 118203] core_worker.cc:494: Event stats:


Global stats: 17 total (11 active)
Queueing time: mean = 22.173 ms, max = 101.249 ms, min = 387.365 us, total = 376.936 ms
Execution time:  mean = 23.138 us, total = 393.353 us
Event stats:
	PeriodicalRunner.RunFnPeriodically - 7 total (2 active, 1 running), CPU time: mean = 19.052 us, total = 133.362 us
	UNKNOWN - 3 total (3 active), CPU time: mean = 0.000 s, total = 0.000 s
	NodeInfoGcsService.grpc_client.GetAllNodeInfo - 1 total (1 active), CPU time: mean = 0.000 s, total = 0.000 s
	GcsClient.deadline_timer.check_gcs_connection - 1 total (1 active), CPU time: mean = 0.000 s, total = 0.000 s
	NodeManagerService.grpc_client.ReportWorkerBacklog - 1 total (1 active), CPU time: mean = 0.000 s, total = 0.000 s
	CoreWorker.deadline_timer.flush_profiling_events - 1 total (1 active), CPU time: mean = 0.000 s, total = 0.000 s
	InternalPubSubGcsService.grpc_client.GcsSubscriberCommandBatch - 1 total (0 active), CPU time: mean = 259.991 us, total = 259.991 us
	WorkerInfoGcsService.grpc_client.AddWorkerInfo - 1 total (1 active), CPU time: mean = 0.000 s, total = 0.000 s
	InternalPubSubGcsService.grpc_client.GcsSubscriberPoll - 1 total (1 active), CPU time: mean = 0.000 s, total = 0.000 s


[2022-06-16 21:41:14,866 I 117674 118203] accessor.cc:599: Received notification for node id = 5362b08c08075f2f5bd7b1d3e1df0d75415293f6ede64c2d4cee5e5c, IsAlive = 1
[2022-06-16 21:41:15,747 I 117674 117674] direct_actor_task_submitter.cc:33: Set max pending calls to -1 for actor 2edcdc3514cc79867a2803f305000000
[2022-06-16 21:41:15,747 I 117674 117674] direct_actor_task_submitter.cc:217: Connecting to actor 2edcdc3514cc79867a2803f305000000 at worker cdaebc24b63ccb663745ec33da8354b22548069396f49e5ea8b6aa79
[2022-06-16 21:41:15,747 I 117674 117674] core_worker.cc:2317: Creating actor: 2edcdc3514cc79867a2803f305000000
[2022-06-16 21:42:15,524 I 117674 118203] core_worker.cc:494: Event stats:


Global stats: 855 total (10 active)
Queueing time: mean = 33.242 ms, max = 2.900 s, min = -0.020 s, total = 28.422 s
Execution time:  mean = 9.273 ms, total = 7.929 s
Event stats:
	UNKNOWN - 632 total (5 active, 1 running), CPU time: mean = 7.995 ms, total = 5.053 s
	GcsClient.deadline_timer.check_gcs_connection - 55 total (1 active), CPU time: mean = 839.727 us, total = 46.185 ms
	NodeManagerService.grpc_client.ReportWorkerBacklog - 55 total (2 active), CPU time: mean = 5.519 us, total = 303.519 us
	CoreWorker.deadline_timer.flush_profiling_events - 55 total (1 active), CPU time: mean = 5.351 ms, total = 294.281 ms
	CoreWorkerService.grpc_server.GetCoreWorkerStats - 46 total (0 active), CPU time: mean = 54.212 ms, total = 2.494 s
	PeriodicalRunner.RunFnPeriodically - 7 total (0 active), CPU time: mean = 5.837 ms, total = 40.860 ms
	NodeInfoGcsService.grpc_client.GetAllNodeInfo - 1 total (0 active), CPU time: mean = 35.517 us, total = 35.517 us
	CoreWorkerService.grpc_server.PushTask - 1 total (0 active), CPU time: mean = 62.301 us, total = 62.301 us
	InternalPubSubGcsService.grpc_client.GcsSubscriberCommandBatch - 1 total (0 active), CPU time: mean = 259.991 us, total = 259.991 us
	WorkerInfoGcsService.grpc_client.AddWorkerInfo - 1 total (0 active), CPU time: mean = 15.142 us, total = 15.142 us
	InternalPubSubGcsService.grpc_client.GcsSubscriberPoll - 1 total (1 active), CPU time: mean = 0.000 s, total = 0.000 s


[2022-06-16 21:42:22,745 I 117674 117674] direct_actor_transport.cc:144: Actor creation task finished, task_id: ffffffffffffffff2edcdc3514cc79867a2803f305000000, actor_id: 2edcdc3514cc79867a2803f305000000
[2022-06-16 21:42:33,277 I 117674 118203] core_worker.cc:3086: Force kill actor request has received. exiting immediately...
[2022-06-16 21:42:33,277 I 117674 118203] core_worker.cc:591: Disconnecting to the raylet.
[2022-06-16 21:42:33,277 I 117674 118203] raylet_client.cc:162: RayletClient::Disconnect, exit_type=INTENDED_EXIT, has creation_task_exception_pb_bytes=0
