[2022-06-16 22:53:25,756 I 66281 66281] core_worker_process.cc:120: Constructing CoreWorkerProcess. pid: 66281
[2022-06-16 22:53:26,115 I 66281 66281] grpc_server.cc:105: worker server started, listening on port 10081.
[2022-06-16 22:53:26,118 I 66281 66281] core_worker.cc:175: Initializing worker at address: 10.140.1.24:10081, worker ID ba9d20e1694502e5e17e60aee0e422f649b2f2004c2fdc1cab0967c6, raylet 5362b08c08075f2f5bd7b1d3e1df0d75415293f6ede64c2d4cee5e5c
[2022-06-16 22:53:26,118 I 66281 67214] gcs_server_address_updater.cc:32: GCS Server updater thread id: 140102344886016
[2022-06-16 22:53:26,316 I 66281 66281] io_service_pool.cc:35: IOServicePool is running with 1 io_service.
[2022-06-16 22:53:26,372 I 66281 67230] core_worker.cc:494: Event stats:


Global stats: 17 total (11 active)
Queueing time: mean = 23.749 ms, max = 97.328 ms, min = 352.904 us, total = 403.725 ms
Execution time:  mean = 20.866 us, total = 354.724 us
Event stats:
	PeriodicalRunner.RunFnPeriodically - 7 total (2 active, 1 running), CPU time: mean = 20.571 us, total = 143.997 us
	UNKNOWN - 3 total (3 active), CPU time: mean = 0.000 s, total = 0.000 s
	InternalPubSubGcsService.grpc_client.GcsSubscriberPoll - 1 total (1 active), CPU time: mean = 0.000 s, total = 0.000 s
	WorkerInfoGcsService.grpc_client.AddWorkerInfo - 1 total (1 active), CPU time: mean = 0.000 s, total = 0.000 s
	CoreWorker.deadline_timer.flush_profiling_events - 1 total (1 active), CPU time: mean = 0.000 s, total = 0.000 s
	NodeManagerService.grpc_client.ReportWorkerBacklog - 1 total (1 active), CPU time: mean = 0.000 s, total = 0.000 s
	GcsClient.deadline_timer.check_gcs_connection - 1 total (1 active), CPU time: mean = 0.000 s, total = 0.000 s
	InternalPubSubGcsService.grpc_client.GcsSubscriberCommandBatch - 1 total (0 active), CPU time: mean = 210.727 us, total = 210.727 us
	NodeInfoGcsService.grpc_client.GetAllNodeInfo - 1 total (1 active), CPU time: mean = 0.000 s, total = 0.000 s


[2022-06-16 22:53:26,372 I 66281 67230] accessor.cc:599: Received notification for node id = 5362b08c08075f2f5bd7b1d3e1df0d75415293f6ede64c2d4cee5e5c, IsAlive = 1
[2022-06-16 22:53:26,892 I 66281 66281] direct_actor_task_submitter.cc:33: Set max pending calls to -1 for actor d3e94d8f452365853bdce1310e000000
[2022-06-16 22:53:26,892 I 66281 66281] direct_actor_task_submitter.cc:217: Connecting to actor d3e94d8f452365853bdce1310e000000 at worker ba9d20e1694502e5e17e60aee0e422f649b2f2004c2fdc1cab0967c6
[2022-06-16 22:53:26,892 I 66281 66281] core_worker.cc:2317: Creating actor: d3e94d8f452365853bdce1310e000000
[2022-06-16 22:54:29,692 I 66281 67230] core_worker.cc:494: Event stats:


Global stats: 905 total (10 active)
Queueing time: mean = 16.306 ms, max = 1.383 s, min = -0.035 s, total = 14.757 s
Execution time:  mean = 7.493 ms, total = 6.781 s
Event stats:
	UNKNOWN - 673 total (5 active, 1 running), CPU time: mean = 8.015 ms, total = 5.394 s
	CoreWorker.deadline_timer.flush_profiling_events - 58 total (1 active), CPU time: mean = 5.371 ms, total = 311.491 ms
	NodeManagerService.grpc_client.ReportWorkerBacklog - 58 total (1 active), CPU time: mean = 7.793 us, total = 451.986 us
	GcsClient.deadline_timer.check_gcs_connection - 58 total (1 active), CPU time: mean = 804.060 us, total = 46.635 ms
	CoreWorkerService.grpc_server.GetCoreWorkerStats - 46 total (1 active), CPU time: mean = 21.142 ms, total = 972.534 ms
	PeriodicalRunner.RunFnPeriodically - 7 total (0 active), CPU time: mean = 7.997 ms, total = 55.980 ms
	InternalPubSubGcsService.grpc_client.GcsSubscriberPoll - 1 total (1 active), CPU time: mean = 0.000 s, total = 0.000 s
	WorkerInfoGcsService.grpc_client.AddWorkerInfo - 1 total (0 active), CPU time: mean = 13.272 us, total = 13.272 us
	CoreWorkerService.grpc_server.PushTask - 1 total (0 active), CPU time: mean = 122.835 us, total = 122.835 us
	InternalPubSubGcsService.grpc_client.GcsSubscriberCommandBatch - 1 total (0 active), CPU time: mean = 210.727 us, total = 210.727 us
	NodeInfoGcsService.grpc_client.GetAllNodeInfo - 1 total (0 active), CPU time: mean = 39.692 us, total = 39.692 us


[2022-06-16 22:54:33,475 I 66281 66281] direct_actor_transport.cc:144: Actor creation task finished, task_id: ffffffffffffffffd3e94d8f452365853bdce1310e000000, actor_id: d3e94d8f452365853bdce1310e000000
[2022-06-16 22:55:30,040 I 66281 67230] core_worker.cc:494: Event stats:


Global stats: 1715 total (8 active)
Queueing time: mean = 36.971 ms, max = 5.034 s, min = -0.035 s, total = 63.406 s
Execution time:  mean = 9.641 ms, total = 16.534 s
Event stats:
	UNKNOWN - 1279 total (5 active, 1 running), CPU time: mean = 8.728 ms, total = 11.162 s
	CoreWorker.deadline_timer.flush_profiling_events - 111 total (1 active), CPU time: mean = 26.610 ms, total = 2.954 s
	GcsClient.deadline_timer.check_gcs_connection - 111 total (1 active), CPU time: mean = 1.054 ms, total = 116.993 ms
	NodeManagerService.grpc_client.ReportWorkerBacklog - 110 total (0 active), CPU time: mean = 7.679 us, total = 844.719 us
	CoreWorkerService.grpc_server.GetCoreWorkerStats - 87 total (0 active), CPU time: mean = 24.691 ms, total = 2.148 s
	PeriodicalRunner.RunFnPeriodically - 7 total (0 active), CPU time: mean = 7.997 ms, total = 55.980 ms
	StatsGcsService.grpc_client.AddProfileData - 3 total (0 active), CPU time: mean = 6.677 ms, total = 20.032 ms
	CoreWorkerService.grpc_server.PushTask - 2 total (0 active), CPU time: mean = 15.371 ms, total = 30.742 ms
	InternalPubSubGcsService.grpc_client.GcsSubscriberPoll - 1 total (1 active), CPU time: mean = 0.000 s, total = 0.000 s
	WorkerInfoGcsService.grpc_client.AddWorkerInfo - 1 total (0 active), CPU time: mean = 13.272 us, total = 13.272 us
	CoreWorkerService.grpc_server.DirectActorCallArgWaitComplete - 1 total (0 active), CPU time: mean = 45.143 ms, total = 45.143 ms
	InternalPubSubGcsService.grpc_client.GcsSubscriberCommandBatch - 1 total (0 active), CPU time: mean = 210.727 us, total = 210.727 us
	NodeInfoGcsService.grpc_client.GetAllNodeInfo - 1 total (0 active), CPU time: mean = 39.692 us, total = 39.692 us


[2022-06-16 22:55:35,962 I 66281 67230] core_worker.cc:3086: Force kill actor request has received. exiting immediately...
[2022-06-16 22:55:35,962 I 66281 67230] core_worker.cc:591: Disconnecting to the raylet.
[2022-06-16 22:55:35,962 I 66281 67230] raylet_client.cc:162: RayletClient::Disconnect, exit_type=INTENDED_EXIT, has creation_task_exception_pb_bytes=0
