[2022-06-16 22:30:54,784 I 41254 41254] core_worker_process.cc:120: Constructing CoreWorkerProcess. pid: 41254
[2022-06-16 22:30:55,103 I 41254 41254] grpc_server.cc:105: worker server started, listening on port 10065.
[2022-06-16 22:30:55,105 I 41254 41254] core_worker.cc:175: Initializing worker at address: 10.140.1.24:10065, worker ID a81d8619819476277ba290e6ed4c0cd153591108482761d0d95075ec, raylet 5362b08c08075f2f5bd7b1d3e1df0d75415293f6ede64c2d4cee5e5c
[2022-06-16 22:30:55,105 I 41254 41748] gcs_server_address_updater.cc:32: GCS Server updater thread id: 140134548748032
[2022-06-16 22:30:55,299 I 41254 41254] io_service_pool.cc:35: IOServicePool is running with 1 io_service.
[2022-06-16 22:30:55,333 I 41254 41780] core_worker.cc:494: Event stats:


Global stats: 17 total (11 active)
Queueing time: mean = 19.921 ms, max = 93.121 ms, min = 549.400 us, total = 338.656 ms
Execution time:  mean = 18.696 us, total = 317.840 us
Event stats:
	PeriodicalRunner.RunFnPeriodically - 7 total (2 active, 1 running), CPU time: mean = 16.847 us, total = 117.927 us
	UNKNOWN - 3 total (3 active), CPU time: mean = 0.000 s, total = 0.000 s
	InternalPubSubGcsService.grpc_client.GcsSubscriberPoll - 1 total (1 active), CPU time: mean = 0.000 s, total = 0.000 s
	InternalPubSubGcsService.grpc_client.GcsSubscriberCommandBatch - 1 total (0 active), CPU time: mean = 199.913 us, total = 199.913 us
	NodeManagerService.grpc_client.ReportWorkerBacklog - 1 total (1 active), CPU time: mean = 0.000 s, total = 0.000 s
	WorkerInfoGcsService.grpc_client.AddWorkerInfo - 1 total (1 active), CPU time: mean = 0.000 s, total = 0.000 s
	NodeInfoGcsService.grpc_client.GetAllNodeInfo - 1 total (1 active), CPU time: mean = 0.000 s, total = 0.000 s
	GcsClient.deadline_timer.check_gcs_connection - 1 total (1 active), CPU time: mean = 0.000 s, total = 0.000 s
	CoreWorker.deadline_timer.flush_profiling_events - 1 total (1 active), CPU time: mean = 0.000 s, total = 0.000 s


[2022-06-16 22:30:55,397 I 41254 41780] accessor.cc:599: Received notification for node id = 5362b08c08075f2f5bd7b1d3e1df0d75415293f6ede64c2d4cee5e5c, IsAlive = 1
[2022-06-16 22:30:56,184 I 41254 41254] direct_actor_task_submitter.cc:33: Set max pending calls to -1 for actor 6ae6aa1413f46b42f8943e570d000000
[2022-06-16 22:30:56,184 I 41254 41254] direct_actor_task_submitter.cc:217: Connecting to actor 6ae6aa1413f46b42f8943e570d000000 at worker a81d8619819476277ba290e6ed4c0cd153591108482761d0d95075ec
[2022-06-16 22:30:56,184 I 41254 41254] core_worker.cc:2317: Creating actor: 6ae6aa1413f46b42f8943e570d000000
[2022-06-16 22:31:56,800 I 41254 41780] core_worker.cc:494: Event stats:


Global stats: 903 total (9 active)
Queueing time: mean = 17.944 ms, max = 1.722 s, min = -0.100 s, total = 16.203 s
Execution time:  mean = 6.433 ms, total = 5.809 s
Event stats:
	UNKNOWN - 667 total (5 active, 1 running), CPU time: mean = 5.900 ms, total = 3.936 s
	GcsClient.deadline_timer.check_gcs_connection - 59 total (1 active), CPU time: mean = 862.933 us, total = 50.913 ms
	CoreWorker.deadline_timer.flush_profiling_events - 59 total (1 active), CPU time: mean = 4.591 ms, total = 270.846 ms
	NodeManagerService.grpc_client.ReportWorkerBacklog - 58 total (1 active), CPU time: mean = 438.714 us, total = 25.445 ms
	CoreWorkerService.grpc_server.GetCoreWorkerStats - 47 total (0 active), CPU time: mean = 26.954 ms, total = 1.267 s
	PeriodicalRunner.RunFnPeriodically - 7 total (0 active), CPU time: mean = 4.769 ms, total = 33.383 ms
	InternalPubSubGcsService.grpc_client.GcsSubscriberPoll - 1 total (1 active), CPU time: mean = 0.000 s, total = 0.000 s
	InternalPubSubGcsService.grpc_client.GcsSubscriberCommandBatch - 1 total (0 active), CPU time: mean = 199.913 us, total = 199.913 us
	CoreWorkerService.grpc_server.PushTask - 1 total (0 active), CPU time: mean = 89.522 us, total = 89.522 us
	WorkerInfoGcsService.grpc_client.AddWorkerInfo - 1 total (0 active), CPU time: mean = 22.219 us, total = 22.219 us
	NodeInfoGcsService.grpc_client.GetAllNodeInfo - 1 total (0 active), CPU time: mean = 48.915 us, total = 48.915 us
	CoreWorkerService.grpc_server.LocalGC - 1 total (0 active), CPU time: mean = 225.501 ms, total = 225.501 ms


[2022-06-16 22:31:57,916 I 41254 41254] direct_actor_transport.cc:144: Actor creation task finished, task_id: ffffffffffffffff6ae6aa1413f46b42f8943e570d000000, actor_id: 6ae6aa1413f46b42f8943e570d000000
[2022-06-16 22:32:45,917 I 41254 41780] core_worker.cc:3086: Force kill actor request has received. exiting immediately...
[2022-06-16 22:32:45,917 I 41254 41780] core_worker.cc:591: Disconnecting to the raylet.
[2022-06-16 22:32:45,947 I 41254 41780] raylet_client.cc:162: RayletClient::Disconnect, exit_type=INTENDED_EXIT, has creation_task_exception_pb_bytes=0
