[2022-06-16 21:13:50,968 I 92635 92635] core_worker_process.cc:120: Constructing CoreWorkerProcess. pid: 92635
[2022-06-16 21:13:51,724 I 92635 92635] grpc_server.cc:105: worker server started, listening on port 10005.
[2022-06-16 21:13:51,727 I 92635 92635] core_worker.cc:175: Initializing worker at address: 10.140.1.24:10005, worker ID f2abbafc28ebb939ead237bc1d69097c63a913cdcd8120afe09426f1, raylet 5362b08c08075f2f5bd7b1d3e1df0d75415293f6ede64c2d4cee5e5c
[2022-06-16 21:13:51,727 I 92635 93165] gcs_server_address_updater.cc:32: GCS Server updater thread id: 140325414749952
[2022-06-16 21:13:51,995 I 92635 92635] io_service_pool.cc:35: IOServicePool is running with 1 io_service.
[2022-06-16 21:13:52,011 I 92635 93177] core_worker.cc:494: Event stats:


Global stats: 17 total (10 active)
Queueing time: mean = 50.602 ms, max = 167.440 ms, min = 587.601 us, total = 860.241 ms
Execution time:  mean = 20.570 us, total = 349.693 us
Event stats:
	PeriodicalRunner.RunFnPeriodically - 7 total (2 active, 1 running), CPU time: mean = 22.976 us, total = 160.831 us
	UNKNOWN - 3 total (3 active), CPU time: mean = 0.000 s, total = 0.000 s
	CoreWorker.deadline_timer.flush_profiling_events - 1 total (1 active), CPU time: mean = 0.000 s, total = 0.000 s
	InternalPubSubGcsService.grpc_client.GcsSubscriberPoll - 1 total (1 active), CPU time: mean = 0.000 s, total = 0.000 s
	GcsClient.deadline_timer.check_gcs_connection - 1 total (1 active), CPU time: mean = 0.000 s, total = 0.000 s
	NodeManagerService.grpc_client.ReportWorkerBacklog - 1 total (1 active), CPU time: mean = 0.000 s, total = 0.000 s
	WorkerInfoGcsService.grpc_client.AddWorkerInfo - 1 total (0 active), CPU time: mean = 11.975 us, total = 11.975 us
	NodeInfoGcsService.grpc_client.GetAllNodeInfo - 1 total (1 active), CPU time: mean = 0.000 s, total = 0.000 s
	InternalPubSubGcsService.grpc_client.GcsSubscriberCommandBatch - 1 total (0 active), CPU time: mean = 176.887 us, total = 176.887 us


[2022-06-16 21:13:52,011 I 92635 93177] accessor.cc:599: Received notification for node id = 5362b08c08075f2f5bd7b1d3e1df0d75415293f6ede64c2d4cee5e5c, IsAlive = 1
[2022-06-16 21:13:52,754 I 92635 92635] direct_actor_task_submitter.cc:33: Set max pending calls to -1 for actor 589b014e2a936054646b285d02000000
[2022-06-16 21:13:52,754 I 92635 92635] direct_actor_task_submitter.cc:217: Connecting to actor 589b014e2a936054646b285d02000000 at worker f2abbafc28ebb939ead237bc1d69097c63a913cdcd8120afe09426f1
[2022-06-16 21:13:52,754 I 92635 92635] core_worker.cc:2317: Creating actor: 589b014e2a936054646b285d02000000
[2022-06-16 21:14:52,057 I 92635 93177] core_worker.cc:494: Event stats:


Global stats: 885 total (8 active)
Queueing time: mean = 23.502 ms, max = 1.812 s, min = -0.024 s, total = 20.799 s
Execution time:  mean = 6.541 ms, total = 5.789 s
Event stats:
	UNKNOWN - 654 total (5 active, 1 running), CPU time: mean = 6.098 ms, total = 3.988 s
	CoreWorker.deadline_timer.flush_profiling_events - 57 total (1 active), CPU time: mean = 4.359 ms, total = 248.456 ms
	GcsClient.deadline_timer.check_gcs_connection - 57 total (1 active), CPU time: mean = 179.665 us, total = 10.241 ms
	NodeManagerService.grpc_client.ReportWorkerBacklog - 57 total (0 active), CPU time: mean = 714.117 us, total = 40.705 ms
	CoreWorkerService.grpc_server.GetCoreWorkerStats - 48 total (0 active), CPU time: mean = 30.956 ms, total = 1.486 s
	PeriodicalRunner.RunFnPeriodically - 7 total (0 active), CPU time: mean = 2.201 ms, total = 15.408 ms
	InternalPubSubGcsService.grpc_client.GcsSubscriberPoll - 1 total (1 active), CPU time: mean = 0.000 s, total = 0.000 s
	CoreWorkerService.grpc_server.PushTask - 1 total (0 active), CPU time: mean = 52.248 us, total = 52.248 us
	WorkerInfoGcsService.grpc_client.AddWorkerInfo - 1 total (0 active), CPU time: mean = 11.975 us, total = 11.975 us
	NodeInfoGcsService.grpc_client.GetAllNodeInfo - 1 total (0 active), CPU time: mean = 36.434 us, total = 36.434 us
	InternalPubSubGcsService.grpc_client.GcsSubscriberCommandBatch - 1 total (0 active), CPU time: mean = 176.887 us, total = 176.887 us


[2022-06-16 21:15:15,650 I 92635 92635] direct_actor_transport.cc:144: Actor creation task finished, task_id: ffffffffffffffff589b014e2a936054646b285d02000000, actor_id: 589b014e2a936054646b285d02000000
[2022-06-16 21:15:49,103 I 92635 93177] core_worker.cc:3086: Force kill actor request has received. exiting immediately...
[2022-06-16 21:15:49,103 I 92635 93177] core_worker.cc:591: Disconnecting to the raylet.
[2022-06-16 21:15:49,103 I 92635 93177] raylet_client.cc:162: RayletClient::Disconnect, exit_type=INTENDED_EXIT, has creation_task_exception_pb_bytes=0
