[2022-06-16 23:33:10,874 I 111278 111278] core_worker_process.cc:120: Constructing CoreWorkerProcess. pid: 111278
[2022-06-16 23:33:11,962 I 111278 111278] grpc_server.cc:105: worker server started, listening on port 10101.
[2022-06-16 23:33:11,965 I 111278 111278] core_worker.cc:175: Initializing worker at address: 10.140.1.24:10101, worker ID e27ca511972afa0d8f1ece09a21e4e680e83ed806f3a70a14d617e05, raylet 5362b08c08075f2f5bd7b1d3e1df0d75415293f6ede64c2d4cee5e5c
[2022-06-16 23:33:11,965 I 111278 111917] gcs_server_address_updater.cc:32: GCS Server updater thread id: 140268665829120
[2022-06-16 23:33:12,193 I 111278 111278] io_service_pool.cc:35: IOServicePool is running with 1 io_service.
[2022-06-16 23:33:12,222 I 111278 111932] core_worker.cc:494: Event stats:


Global stats: 17 total (11 active)
Queueing time: mean = 27.638 ms, max = 126.781 ms, min = 20.322 ms, total = 469.840 ms
Execution time:  mean = 22.013 us, total = 374.222 us
Event stats:
	PeriodicalRunner.RunFnPeriodically - 7 total (2 active, 1 running), CPU time: mean = 24.086 us, total = 168.600 us
	UNKNOWN - 3 total (3 active), CPU time: mean = 0.000 s, total = 0.000 s
	NodeInfoGcsService.grpc_client.GetAllNodeInfo - 1 total (1 active), CPU time: mean = 0.000 s, total = 0.000 s
	WorkerInfoGcsService.grpc_client.AddWorkerInfo - 1 total (1 active), CPU time: mean = 0.000 s, total = 0.000 s
	InternalPubSubGcsService.grpc_client.GcsSubscriberCommandBatch - 1 total (0 active), CPU time: mean = 205.622 us, total = 205.622 us
	NodeManagerService.grpc_client.ReportWorkerBacklog - 1 total (1 active), CPU time: mean = 0.000 s, total = 0.000 s
	InternalPubSubGcsService.grpc_client.GcsSubscriberPoll - 1 total (1 active), CPU time: mean = 0.000 s, total = 0.000 s
	CoreWorker.deadline_timer.flush_profiling_events - 1 total (1 active), CPU time: mean = 0.000 s, total = 0.000 s
	GcsClient.deadline_timer.check_gcs_connection - 1 total (1 active), CPU time: mean = 0.000 s, total = 0.000 s


[2022-06-16 23:33:12,238 I 111278 111932] accessor.cc:599: Received notification for node id = 5362b08c08075f2f5bd7b1d3e1df0d75415293f6ede64c2d4cee5e5c, IsAlive = 1
[2022-06-16 23:33:13,137 I 111278 111278] direct_actor_task_submitter.cc:33: Set max pending calls to -1 for actor 7136362e7b3835d8c9786a7d11000000
[2022-06-16 23:33:13,137 I 111278 111278] direct_actor_task_submitter.cc:217: Connecting to actor 7136362e7b3835d8c9786a7d11000000 at worker e27ca511972afa0d8f1ece09a21e4e680e83ed806f3a70a14d617e05
[2022-06-16 23:33:13,137 I 111278 111278] core_worker.cc:2317: Creating actor: 7136362e7b3835d8c9786a7d11000000
[2022-06-16 23:34:12,237 I 111278 111932] core_worker.cc:494: Event stats:


Global stats: 914 total (8 active)
Queueing time: mean = 11.966 ms, max = 1.105 s, min = -0.036 s, total = 10.937 s
Execution time:  mean = 3.867 ms, total = 3.534 s
Event stats:
	UNKNOWN - 682 total (5 active, 1 running), CPU time: mean = 3.356 ms, total = 2.289 s
	CoreWorker.deadline_timer.flush_profiling_events - 59 total (1 active), CPU time: mean = 1.735 ms, total = 102.364 ms
	GcsClient.deadline_timer.check_gcs_connection - 59 total (1 active), CPU time: mean = 1.559 ms, total = 91.979 ms
	NodeManagerService.grpc_client.ReportWorkerBacklog - 58 total (0 active), CPU time: mean = 93.408 us, total = 5.418 ms
	CoreWorkerService.grpc_server.GetCoreWorkerStats - 44 total (0 active), CPU time: mean = 22.588 ms, total = 993.873 ms
	PeriodicalRunner.RunFnPeriodically - 7 total (0 active), CPU time: mean = 4.226 ms, total = 29.581 ms
	NodeInfoGcsService.grpc_client.GetAllNodeInfo - 1 total (0 active), CPU time: mean = 54.259 us, total = 54.259 us
	CoreWorkerService.grpc_server.PushTask - 1 total (0 active), CPU time: mean = 22.067 ms, total = 22.067 ms
	WorkerInfoGcsService.grpc_client.AddWorkerInfo - 1 total (0 active), CPU time: mean = 15.876 us, total = 15.876 us
	InternalPubSubGcsService.grpc_client.GcsSubscriberCommandBatch - 1 total (0 active), CPU time: mean = 205.622 us, total = 205.622 us
	InternalPubSubGcsService.grpc_client.GcsSubscriberPoll - 1 total (1 active), CPU time: mean = 0.000 s, total = 0.000 s


[2022-06-16 23:34:13,253 I 111278 111278] direct_actor_transport.cc:144: Actor creation task finished, task_id: ffffffffffffffff7136362e7b3835d8c9786a7d11000000, actor_id: 7136362e7b3835d8c9786a7d11000000
[2022-06-16 23:34:22,626 I 111278 111932] core_worker.cc:3086: Force kill actor request has received. exiting immediately...
[2022-06-16 23:34:22,626 I 111278 111932] core_worker.cc:591: Disconnecting to the raylet.
[2022-06-16 23:34:22,626 I 111278 111932] raylet_client.cc:162: RayletClient::Disconnect, exit_type=INTENDED_EXIT, has creation_task_exception_pb_bytes=0
