[2022-06-16 22:33:38,622 I 43304 43304] core_worker_process.cc:120: Constructing CoreWorkerProcess. pid: 43304
[2022-06-16 22:33:39,091 I 43304 43304] grpc_server.cc:105: worker server started, listening on port 10073.
[2022-06-16 22:33:39,094 I 43304 43304] core_worker.cc:175: Initializing worker at address: 10.140.1.24:10073, worker ID 4b1a235d4d6543c9b24d712ef0ef9eedea6e08248ad0f0a33420d324, raylet 5362b08c08075f2f5bd7b1d3e1df0d75415293f6ede64c2d4cee5e5c
[2022-06-16 22:33:39,094 I 43304 44145] gcs_server_address_updater.cc:32: GCS Server updater thread id: 140553635211008
[2022-06-16 22:33:39,295 I 43304 43304] io_service_pool.cc:35: IOServicePool is running with 1 io_service.
[2022-06-16 22:33:39,306 I 43304 44163] core_worker.cc:494: Event stats:


Global stats: 17 total (11 active)
Queueing time: mean = 21.421 ms, max = 100.379 ms, min = 354.894 us, total = 364.165 ms
Execution time:  mean = 20.350 us, total = 345.957 us
Event stats:
	PeriodicalRunner.RunFnPeriodically - 7 total (2 active, 1 running), CPU time: mean = 21.210 us, total = 148.473 us
	UNKNOWN - 3 total (3 active), CPU time: mean = 0.000 s, total = 0.000 s
	CoreWorker.deadline_timer.flush_profiling_events - 1 total (1 active), CPU time: mean = 0.000 s, total = 0.000 s
	WorkerInfoGcsService.grpc_client.AddWorkerInfo - 1 total (1 active), CPU time: mean = 0.000 s, total = 0.000 s
	NodeInfoGcsService.grpc_client.GetAllNodeInfo - 1 total (1 active), CPU time: mean = 0.000 s, total = 0.000 s
	GcsClient.deadline_timer.check_gcs_connection - 1 total (1 active), CPU time: mean = 0.000 s, total = 0.000 s
	InternalPubSubGcsService.grpc_client.GcsSubscriberPoll - 1 total (1 active), CPU time: mean = 0.000 s, total = 0.000 s
	InternalPubSubGcsService.grpc_client.GcsSubscriberCommandBatch - 1 total (0 active), CPU time: mean = 197.484 us, total = 197.484 us
	NodeManagerService.grpc_client.ReportWorkerBacklog - 1 total (1 active), CPU time: mean = 0.000 s, total = 0.000 s


[2022-06-16 22:33:39,394 I 43304 44163] accessor.cc:599: Received notification for node id = 5362b08c08075f2f5bd7b1d3e1df0d75415293f6ede64c2d4cee5e5c, IsAlive = 1
[2022-06-16 22:33:39,954 I 43304 43304] direct_actor_task_submitter.cc:33: Set max pending calls to -1 for actor 52a3aa38081f9cc63f1c48ce0d000000
[2022-06-16 22:33:39,954 I 43304 43304] direct_actor_task_submitter.cc:217: Connecting to actor 52a3aa38081f9cc63f1c48ce0d000000 at worker 4b1a235d4d6543c9b24d712ef0ef9eedea6e08248ad0f0a33420d324
[2022-06-16 22:33:39,954 I 43304 43304] core_worker.cc:2317: Creating actor: 52a3aa38081f9cc63f1c48ce0d000000
[2022-06-16 22:34:43,859 I 43304 44163] core_worker.cc:494: Event stats:


Global stats: 922 total (9 active)
Queueing time: mean = 29.539 ms, max = 4.787 s, min = -0.025 s, total = 27.235 s
Execution time:  mean = 7.544 ms, total = 6.955 s
Event stats:
	UNKNOWN - 687 total (5 active, 1 running), CPU time: mean = 6.502 ms, total = 4.467 s
	CoreWorker.deadline_timer.flush_profiling_events - 59 total (1 active), CPU time: mean = 7.004 ms, total = 413.208 ms
	GcsClient.deadline_timer.check_gcs_connection - 59 total (1 active), CPU time: mean = 683.480 us, total = 40.325 ms
	NodeManagerService.grpc_client.ReportWorkerBacklog - 58 total (1 active), CPU time: mean = 7.465 us, total = 432.980 us
	CoreWorkerService.grpc_server.GetCoreWorkerStats - 47 total (0 active), CPU time: mean = 43.059 ms, total = 2.024 s
	PeriodicalRunner.RunFnPeriodically - 7 total (0 active), CPU time: mean = 1.500 ms, total = 10.503 ms
	WorkerInfoGcsService.grpc_client.AddWorkerInfo - 1 total (0 active), CPU time: mean = 15.095 us, total = 15.095 us
	NodeInfoGcsService.grpc_client.GetAllNodeInfo - 1 total (0 active), CPU time: mean = 37.822 us, total = 37.822 us
	InternalPubSubGcsService.grpc_client.GcsSubscriberPoll - 1 total (1 active), CPU time: mean = 0.000 s, total = 0.000 s
	InternalPubSubGcsService.grpc_client.GcsSubscriberCommandBatch - 1 total (0 active), CPU time: mean = 197.484 us, total = 197.484 us
	CoreWorkerService.grpc_server.PushTask - 1 total (0 active), CPU time: mean = 111.648 us, total = 111.648 us


[2022-06-16 22:34:47,246 I 43304 43304] direct_actor_transport.cc:144: Actor creation task finished, task_id: ffffffffffffffff52a3aa38081f9cc63f1c48ce0d000000, actor_id: 52a3aa38081f9cc63f1c48ce0d000000
[2022-06-16 22:35:44,205 I 43304 44163] core_worker.cc:494: Event stats:


Global stats: 1837 total (8 active)
Queueing time: mean = 23.395 ms, max = 4.787 s, min = -0.056 s, total = 42.977 s
Execution time:  mean = 5.943 ms, total = 10.917 s
Event stats:
	UNKNOWN - 1372 total (5 active, 1 running), CPU time: mean = 4.633 ms, total = 6.356 s
	CoreWorker.deadline_timer.flush_profiling_events - 118 total (1 active), CPU time: mean = 6.767 ms, total = 798.491 ms
	GcsClient.deadline_timer.check_gcs_connection - 118 total (1 active), CPU time: mean = 5.867 ms, total = 692.329 ms
	NodeManagerService.grpc_client.ReportWorkerBacklog - 117 total (0 active), CPU time: mean = 264.296 us, total = 30.923 ms
	CoreWorkerService.grpc_server.GetCoreWorkerStats - 94 total (0 active), CPU time: mean = 31.527 ms, total = 2.964 s
	PeriodicalRunner.RunFnPeriodically - 7 total (0 active), CPU time: mean = 1.500 ms, total = 10.503 ms
	StatsGcsService.grpc_client.AddProfileData - 4 total (0 active), CPU time: mean = 1.241 ms, total = 4.962 ms
	CoreWorkerService.grpc_server.PushTask - 2 total (0 active), CPU time: mean = 15.288 ms, total = 30.575 ms
	CoreWorkerService.grpc_server.DirectActorCallArgWaitComplete - 1 total (0 active), CPU time: mean = 30.101 ms, total = 30.101 ms
	WorkerInfoGcsService.grpc_client.AddWorkerInfo - 1 total (0 active), CPU time: mean = 15.095 us, total = 15.095 us
	NodeInfoGcsService.grpc_client.GetAllNodeInfo - 1 total (0 active), CPU time: mean = 37.822 us, total = 37.822 us
	InternalPubSubGcsService.grpc_client.GcsSubscriberPoll - 1 total (1 active), CPU time: mean = 0.000 s, total = 0.000 s
	InternalPubSubGcsService.grpc_client.GcsSubscriberCommandBatch - 1 total (0 active), CPU time: mean = 197.484 us, total = 197.484 us


[2022-06-16 22:35:49,591 I 43304 44163] core_worker.cc:3086: Force kill actor request has received. exiting immediately...
[2022-06-16 22:35:49,591 I 43304 44163] core_worker.cc:591: Disconnecting to the raylet.
[2022-06-16 22:35:49,631 I 43304 44163] raylet_client.cc:162: RayletClient::Disconnect, exit_type=INTENDED_EXIT, has creation_task_exception_pb_bytes=0
