[2022-06-16 22:49:33,121 I 63153 63153] core_worker_process.cc:120: Constructing CoreWorkerProcess. pid: 63153
[2022-06-16 22:49:33,723 I 63153 63153] grpc_server.cc:105: worker server started, listening on port 10076.
[2022-06-16 22:49:33,725 I 63153 63153] core_worker.cc:175: Initializing worker at address: 10.140.1.24:10076, worker ID 701d05ab303377423e2d3f8b2a3f6fc132f36383c4b83b5e4c205fde, raylet 5362b08c08075f2f5bd7b1d3e1df0d75415293f6ede64c2d4cee5e5c
[2022-06-16 22:49:33,725 I 63153 63680] gcs_server_address_updater.cc:32: GCS Server updater thread id: 140695201376000
[2022-06-16 22:49:33,993 I 63153 63153] io_service_pool.cc:35: IOServicePool is running with 1 io_service.
[2022-06-16 22:49:34,030 I 63153 63696] core_worker.cc:494: Event stats:


Global stats: 17 total (11 active)
Queueing time: mean = 39.730 ms, max = 167.603 ms, min = 368.024 us, total = 675.402 ms
Execution time:  mean = 21.399 us, total = 363.779 us
Event stats:
	PeriodicalRunner.RunFnPeriodically - 7 total (2 active, 1 running), CPU time: mean = 21.253 us, total = 148.771 us
	UNKNOWN - 3 total (3 active), CPU time: mean = 0.000 s, total = 0.000 s
	InternalPubSubGcsService.grpc_client.GcsSubscriberPoll - 1 total (1 active), CPU time: mean = 0.000 s, total = 0.000 s
	NodeManagerService.grpc_client.ReportWorkerBacklog - 1 total (1 active), CPU time: mean = 0.000 s, total = 0.000 s
	CoreWorker.deadline_timer.flush_profiling_events - 1 total (1 active), CPU time: mean = 0.000 s, total = 0.000 s
	NodeInfoGcsService.grpc_client.GetAllNodeInfo - 1 total (1 active), CPU time: mean = 0.000 s, total = 0.000 s
	InternalPubSubGcsService.grpc_client.GcsSubscriberCommandBatch - 1 total (0 active), CPU time: mean = 215.008 us, total = 215.008 us
	WorkerInfoGcsService.grpc_client.AddWorkerInfo - 1 total (1 active), CPU time: mean = 0.000 s, total = 0.000 s
	GcsClient.deadline_timer.check_gcs_connection - 1 total (1 active), CPU time: mean = 0.000 s, total = 0.000 s


[2022-06-16 22:49:34,030 I 63153 63696] accessor.cc:599: Received notification for node id = 5362b08c08075f2f5bd7b1d3e1df0d75415293f6ede64c2d4cee5e5c, IsAlive = 1
[2022-06-16 22:49:34,808 I 63153 63153] direct_actor_task_submitter.cc:33: Set max pending calls to -1 for actor 47406b13e49b8156dc2b157e0e000000
[2022-06-16 22:49:34,808 I 63153 63153] direct_actor_task_submitter.cc:217: Connecting to actor 47406b13e49b8156dc2b157e0e000000 at worker 701d05ab303377423e2d3f8b2a3f6fc132f36383c4b83b5e4c205fde
[2022-06-16 22:49:34,808 I 63153 63153] core_worker.cc:2317: Creating actor: 47406b13e49b8156dc2b157e0e000000
[2022-06-16 22:50:34,677 I 63153 63696] core_worker.cc:494: Event stats:


Global stats: 935 total (8 active)
Queueing time: mean = 7.309 ms, max = 1.071 s, min = -0.040 s, total = 6.834 s
Execution time:  mean = 2.140 ms, total = 2.001 s
Event stats:
	UNKNOWN - 700 total (5 active, 1 running), CPU time: mean = 1.972 ms, total = 1.380 s
	NodeManagerService.grpc_client.ReportWorkerBacklog - 59 total (0 active), CPU time: mean = 6.530 us, total = 385.279 us
	CoreWorker.deadline_timer.flush_profiling_events - 59 total (1 active), CPU time: mean = 1.408 ms, total = 83.078 ms
	GcsClient.deadline_timer.check_gcs_connection - 59 total (1 active), CPU time: mean = 347.238 us, total = 20.487 ms
	CoreWorkerService.grpc_server.GetCoreWorkerStats - 46 total (0 active), CPU time: mean = 10.430 ms, total = 479.791 ms
	PeriodicalRunner.RunFnPeriodically - 7 total (0 active), CPU time: mean = 5.190 ms, total = 36.329 ms
	InternalPubSubGcsService.grpc_client.GcsSubscriberPoll - 1 total (1 active), CPU time: mean = 0.000 s, total = 0.000 s
	CoreWorkerService.grpc_server.PushTask - 1 total (0 active), CPU time: mean = 106.366 us, total = 106.366 us
	NodeInfoGcsService.grpc_client.GetAllNodeInfo - 1 total (0 active), CPU time: mean = 38.590 us, total = 38.590 us
	InternalPubSubGcsService.grpc_client.GcsSubscriberCommandBatch - 1 total (0 active), CPU time: mean = 215.008 us, total = 215.008 us
	WorkerInfoGcsService.grpc_client.AddWorkerInfo - 1 total (0 active), CPU time: mean = 17.606 us, total = 17.606 us


[2022-06-16 22:51:34,400 I 63153 63153] direct_actor_transport.cc:144: Actor creation task finished, task_id: ffffffffffffffff47406b13e49b8156dc2b157e0e000000, actor_id: 47406b13e49b8156dc2b157e0e000000
[2022-06-16 22:51:36,233 I 63153 63696] core_worker.cc:494: Event stats:


Global stats: 1750 total (9 active)
Queueing time: mean = 26.230 ms, max = 3.204 s, min = -0.040 s, total = 45.903 s
Execution time:  mean = 7.603 ms, total = 13.304 s
Event stats:
	UNKNOWN - 1309 total (5 active, 1 running), CPU time: mean = 5.993 ms, total = 7.845 s
	CoreWorker.deadline_timer.flush_profiling_events - 113 total (1 active), CPU time: mean = 20.035 ms, total = 2.264 s
	GcsClient.deadline_timer.check_gcs_connection - 113 total (1 active), CPU time: mean = 1.323 ms, total = 149.553 ms
	NodeManagerService.grpc_client.ReportWorkerBacklog - 112 total (0 active), CPU time: mean = 1.444 ms, total = 161.777 ms
	CoreWorkerService.grpc_server.GetCoreWorkerStats - 89 total (0 active), CPU time: mean = 20.927 ms, total = 1.862 s
	PeriodicalRunner.RunFnPeriodically - 7 total (0 active), CPU time: mean = 5.190 ms, total = 36.329 ms
	InternalPubSubGcsService.grpc_client.GcsSubscriberPoll - 1 total (1 active), CPU time: mean = 0.000 s, total = 0.000 s
	CoreWorkerService.grpc_server.PushTask - 1 total (0 active), CPU time: mean = 106.366 us, total = 106.366 us
	CoreWorkerService.grpc_server.LocalGC - 1 total (0 active), CPU time: mean = 985.138 ms, total = 985.138 ms
	NodeInfoGcsService.grpc_client.GetAllNodeInfo - 1 total (0 active), CPU time: mean = 38.590 us, total = 38.590 us
	StatsGcsService.grpc_client.AddProfileData - 1 total (1 active), CPU time: mean = 0.000 s, total = 0.000 s
	InternalPubSubGcsService.grpc_client.GcsSubscriberCommandBatch - 1 total (0 active), CPU time: mean = 215.008 us, total = 215.008 us
	WorkerInfoGcsService.grpc_client.AddWorkerInfo - 1 total (0 active), CPU time: mean = 17.606 us, total = 17.606 us


[2022-06-16 22:52:26,726 I 63153 63696] core_worker.cc:3086: Force kill actor request has received. exiting immediately...
[2022-06-16 22:52:26,726 I 63153 63696] core_worker.cc:591: Disconnecting to the raylet.
[2022-06-16 22:52:26,726 I 63153 63696] raylet_client.cc:162: RayletClient::Disconnect, exit_type=INTENDED_EXIT, has creation_task_exception_pb_bytes=0
