[2022-06-16 21:41:14,306 I 117675 117675] core_worker_process.cc:120: Constructing CoreWorkerProcess. pid: 117675
[2022-06-16 21:41:14,605 I 117675 117675] grpc_server.cc:105: worker server started, listening on port 10020.
[2022-06-16 21:41:14,607 I 117675 117675] core_worker.cc:175: Initializing worker at address: 10.140.1.24:10020, worker ID a056699f475a688014c89358a05f9b709c9b434bf653f5d802b77cab, raylet 5362b08c08075f2f5bd7b1d3e1df0d75415293f6ede64c2d4cee5e5c
[2022-06-16 21:41:14,607 I 117675 118180] gcs_server_address_updater.cc:32: GCS Server updater thread id: 140394461378304
[2022-06-16 21:41:14,809 I 117675 117675] io_service_pool.cc:35: IOServicePool is running with 1 io_service.
[2022-06-16 21:41:14,850 I 117675 118204] core_worker.cc:494: Event stats:


Global stats: 17 total (11 active)
Queueing time: mean = 22.198 ms, max = 101.278 ms, min = 369.683 us, total = 377.369 ms
Execution time:  mean = 22.757 us, total = 386.865 us
Event stats:
	PeriodicalRunner.RunFnPeriodically - 7 total (2 active, 1 running), CPU time: mean = 34.949 us, total = 244.645 us
	UNKNOWN - 3 total (3 active), CPU time: mean = 0.000 s, total = 0.000 s
	NodeInfoGcsService.grpc_client.GetAllNodeInfo - 1 total (1 active), CPU time: mean = 0.000 s, total = 0.000 s
	NodeManagerService.grpc_client.ReportWorkerBacklog - 1 total (1 active), CPU time: mean = 0.000 s, total = 0.000 s
	CoreWorker.deadline_timer.flush_profiling_events - 1 total (1 active), CPU time: mean = 0.000 s, total = 0.000 s
	GcsClient.deadline_timer.check_gcs_connection - 1 total (1 active), CPU time: mean = 0.000 s, total = 0.000 s
	InternalPubSubGcsService.grpc_client.GcsSubscriberCommandBatch - 1 total (0 active), CPU time: mean = 142.220 us, total = 142.220 us
	InternalPubSubGcsService.grpc_client.GcsSubscriberPoll - 1 total (1 active), CPU time: mean = 0.000 s, total = 0.000 s
	WorkerInfoGcsService.grpc_client.AddWorkerInfo - 1 total (1 active), CPU time: mean = 0.000 s, total = 0.000 s


[2022-06-16 21:41:14,866 I 117675 118204] accessor.cc:599: Received notification for node id = 5362b08c08075f2f5bd7b1d3e1df0d75415293f6ede64c2d4cee5e5c, IsAlive = 1
[2022-06-16 21:41:15,747 I 117675 117675] direct_actor_task_submitter.cc:33: Set max pending calls to -1 for actor 995f5ab0df6de8baa8e7136405000000
[2022-06-16 21:41:15,747 I 117675 117675] direct_actor_task_submitter.cc:217: Connecting to actor 995f5ab0df6de8baa8e7136405000000 at worker a056699f475a688014c89358a05f9b709c9b434bf653f5d802b77cab
[2022-06-16 21:41:15,747 I 117675 117675] core_worker.cc:2317: Creating actor: 995f5ab0df6de8baa8e7136405000000
[2022-06-16 21:42:15,524 I 117675 118204] core_worker.cc:494: Event stats:


Global stats: 855 total (10 active)
Queueing time: mean = 33.209 ms, max = 2.900 s, min = -0.017 s, total = 28.394 s
Execution time:  mean = 9.228 ms, total = 7.890 s
Event stats:
	UNKNOWN - 632 total (5 active, 1 running), CPU time: mean = 7.910 ms, total = 4.999 s
	NodeManagerService.grpc_client.ReportWorkerBacklog - 55 total (2 active), CPU time: mean = 6.873 us, total = 378.031 us
	CoreWorker.deadline_timer.flush_profiling_events - 55 total (1 active), CPU time: mean = 5.626 ms, total = 309.420 ms
	GcsClient.deadline_timer.check_gcs_connection - 55 total (1 active), CPU time: mean = 839.140 us, total = 46.153 ms
	CoreWorkerService.grpc_server.GetCoreWorkerStats - 46 total (0 active), CPU time: mean = 54.211 ms, total = 2.494 s
	PeriodicalRunner.RunFnPeriodically - 7 total (0 active), CPU time: mean = 5.854 ms, total = 40.981 ms
	NodeInfoGcsService.grpc_client.GetAllNodeInfo - 1 total (0 active), CPU time: mean = 50.952 us, total = 50.952 us
	CoreWorkerService.grpc_server.PushTask - 1 total (0 active), CPU time: mean = 65.093 us, total = 65.093 us
	InternalPubSubGcsService.grpc_client.GcsSubscriberCommandBatch - 1 total (0 active), CPU time: mean = 142.220 us, total = 142.220 us
	InternalPubSubGcsService.grpc_client.GcsSubscriberPoll - 1 total (1 active), CPU time: mean = 0.000 s, total = 0.000 s
	WorkerInfoGcsService.grpc_client.AddWorkerInfo - 1 total (0 active), CPU time: mean = 14.346 us, total = 14.346 us


[2022-06-16 21:42:22,745 I 117675 117675] direct_actor_transport.cc:144: Actor creation task finished, task_id: ffffffffffffffff995f5ab0df6de8baa8e7136405000000, actor_id: 995f5ab0df6de8baa8e7136405000000
[2022-06-16 21:42:33,277 I 117675 118204] core_worker.cc:3086: Force kill actor request has received. exiting immediately...
[2022-06-16 21:42:33,277 I 117675 118204] core_worker.cc:591: Disconnecting to the raylet.
[2022-06-16 21:42:33,278 I 117675 118204] raylet_client.cc:162: RayletClient::Disconnect, exit_type=INTENDED_EXIT, has creation_task_exception_pb_bytes=0
