[2022-06-16 22:03:43,195 I 11765 11765] core_worker_process.cc:120: Constructing CoreWorkerProcess. pid: 11765
[2022-06-16 22:03:44,895 I 11765 11765] grpc_server.cc:105: worker server started, listening on port 10034.
[2022-06-16 22:03:44,898 I 11765 11765] core_worker.cc:175: Initializing worker at address: 10.140.1.24:10034, worker ID 8d86e6c8bd239b43eea3507f73b9d723e7e60ead1fc7f413343a1ff2, raylet 5362b08c08075f2f5bd7b1d3e1df0d75415293f6ede64c2d4cee5e5c
[2022-06-16 22:03:44,898 I 11765 12156] gcs_server_address_updater.cc:32: GCS Server updater thread id: 139751516530432
[2022-06-16 22:03:45,174 I 11765 11765] io_service_pool.cc:35: IOServicePool is running with 1 io_service.
[2022-06-16 22:03:45,198 I 11765 12170] core_worker.cc:494: Event stats:


Global stats: 17 total (10 active)
Queueing time: mean = 51.363 ms, max = 175.503 ms, min = 10.483 ms, total = 873.179 ms
Execution time:  mean = 27.140 us, total = 461.378 us
Event stats:
	PeriodicalRunner.RunFnPeriodically - 7 total (2 active, 1 running), CPU time: mean = 27.110 us, total = 189.773 us
	UNKNOWN - 3 total (3 active), CPU time: mean = 0.000 s, total = 0.000 s
	InternalPubSubGcsService.grpc_client.GcsSubscriberCommandBatch - 1 total (0 active), CPU time: mean = 233.406 us, total = 233.406 us
	InternalPubSubGcsService.grpc_client.GcsSubscriberPoll - 1 total (1 active), CPU time: mean = 0.000 s, total = 0.000 s
	WorkerInfoGcsService.grpc_client.AddWorkerInfo - 1 total (0 active), CPU time: mean = 38.199 us, total = 38.199 us
	NodeInfoGcsService.grpc_client.GetAllNodeInfo - 1 total (1 active), CPU time: mean = 0.000 s, total = 0.000 s
	NodeManagerService.grpc_client.ReportWorkerBacklog - 1 total (1 active), CPU time: mean = 0.000 s, total = 0.000 s
	CoreWorker.deadline_timer.flush_profiling_events - 1 total (1 active), CPU time: mean = 0.000 s, total = 0.000 s
	GcsClient.deadline_timer.check_gcs_connection - 1 total (1 active), CPU time: mean = 0.000 s, total = 0.000 s


[2022-06-16 22:03:45,198 I 11765 12170] accessor.cc:599: Received notification for node id = 5362b08c08075f2f5bd7b1d3e1df0d75415293f6ede64c2d4cee5e5c, IsAlive = 1
[2022-06-16 22:03:46,017 I 11765 11765] direct_actor_task_submitter.cc:33: Set max pending calls to -1 for actor 6acefb0f6ed23efe566a5f9607000000
[2022-06-16 22:03:46,022 I 11765 11765] direct_actor_task_submitter.cc:217: Connecting to actor 6acefb0f6ed23efe566a5f9607000000 at worker 8d86e6c8bd239b43eea3507f73b9d723e7e60ead1fc7f413343a1ff2
[2022-06-16 22:03:46,027 I 11765 11765] core_worker.cc:2317: Creating actor: 6acefb0f6ed23efe566a5f9607000000
[2022-06-16 22:04:40,423 I 11765 11765] direct_actor_transport.cc:144: Actor creation task finished, task_id: ffffffffffffffff6acefb0f6ed23efe566a5f9607000000, actor_id: 6acefb0f6ed23efe566a5f9607000000
[2022-06-16 22:04:45,230 I 11765 12170] core_worker.cc:494: Event stats:


Global stats: 898 total (8 active)
Queueing time: mean = 18.858 ms, max = 1.726 s, min = -0.000 s, total = 16.934 s
Execution time:  mean = 5.406 ms, total = 4.855 s
Event stats:
	UNKNOWN - 662 total (5 active, 1 running), CPU time: mean = 4.041 ms, total = 2.675 s
	GcsClient.deadline_timer.check_gcs_connection - 58 total (1 active), CPU time: mean = 1.962 ms, total = 113.792 ms
	NodeManagerService.grpc_client.ReportWorkerBacklog - 57 total (0 active), CPU time: mean = 7.445 us, total = 424.352 us
	CoreWorker.deadline_timer.flush_profiling_events - 57 total (1 active), CPU time: mean = 14.805 ms, total = 843.893 ms
	CoreWorkerService.grpc_server.GetCoreWorkerStats - 48 total (0 active), CPU time: mean = 24.958 ms, total = 1.198 s
	PeriodicalRunner.RunFnPeriodically - 7 total (0 active), CPU time: mean = 3.357 ms, total = 23.498 ms
	CoreWorkerService.grpc_server.PushTask - 2 total (0 active), CPU time: mean = 54.038 us, total = 108.076 us
	StatsGcsService.grpc_client.AddProfileData - 2 total (0 active), CPU time: mean = 15.801 us, total = 31.602 us
	InternalPubSubGcsService.grpc_client.GcsSubscriberCommandBatch - 1 total (0 active), CPU time: mean = 233.406 us, total = 233.406 us
	InternalPubSubGcsService.grpc_client.GcsSubscriberPoll - 1 total (1 active), CPU time: mean = 0.000 s, total = 0.000 s
	WorkerInfoGcsService.grpc_client.AddWorkerInfo - 1 total (0 active), CPU time: mean = 38.199 us, total = 38.199 us
	NodeInfoGcsService.grpc_client.GetAllNodeInfo - 1 total (0 active), CPU time: mean = 37.697 us, total = 37.697 us
	CoreWorkerService.grpc_server.DirectActorCallArgWaitComplete - 1 total (0 active), CPU time: mean = 52.343 us, total = 52.343 us


[2022-06-16 22:04:49,124 I 11765 12170] core_worker.cc:3086: Force kill actor request has received. exiting immediately...
[2022-06-16 22:04:49,124 I 11765 12170] core_worker.cc:591: Disconnecting to the raylet.
[2022-06-16 22:04:49,124 I 11765 12170] raylet_client.cc:162: RayletClient::Disconnect, exit_type=INTENDED_EXIT, has creation_task_exception_pb_bytes=0
