[2022-06-16 22:33:38,622 I 43303 43303] core_worker_process.cc:120: Constructing CoreWorkerProcess. pid: 43303
[2022-06-16 22:33:39,092 I 43303 43303] grpc_server.cc:105: worker server started, listening on port 10071.
[2022-06-16 22:33:39,094 I 43303 43303] core_worker.cc:175: Initializing worker at address: 10.140.1.24:10071, worker ID ca4bc4b08f22c71ab557da7ebff1f4452a0b30aca9bb46afa2af0e82, raylet 5362b08c08075f2f5bd7b1d3e1df0d75415293f6ede64c2d4cee5e5c
[2022-06-16 22:33:39,094 I 43303 44148] gcs_server_address_updater.cc:32: GCS Server updater thread id: 140400601855744
[2022-06-16 22:33:39,295 I 43303 43303] io_service_pool.cc:35: IOServicePool is running with 1 io_service.
[2022-06-16 22:33:39,306 I 43303 44165] core_worker.cc:494: Event stats:


Global stats: 17 total (11 active)
Queueing time: mean = 21.441 ms, max = 100.471 ms, min = 356.394 us, total = 364.492 ms
Execution time:  mean = 19.425 us, total = 330.224 us
Event stats:
	PeriodicalRunner.RunFnPeriodically - 7 total (2 active, 1 running), CPU time: mean = 19.980 us, total = 139.859 us
	UNKNOWN - 3 total (3 active), CPU time: mean = 0.000 s, total = 0.000 s
	InternalPubSubGcsService.grpc_client.GcsSubscriberPoll - 1 total (1 active), CPU time: mean = 0.000 s, total = 0.000 s
	InternalPubSubGcsService.grpc_client.GcsSubscriberCommandBatch - 1 total (0 active), CPU time: mean = 190.365 us, total = 190.365 us
	CoreWorker.deadline_timer.flush_profiling_events - 1 total (1 active), CPU time: mean = 0.000 s, total = 0.000 s
	NodeManagerService.grpc_client.ReportWorkerBacklog - 1 total (1 active), CPU time: mean = 0.000 s, total = 0.000 s
	NodeInfoGcsService.grpc_client.GetAllNodeInfo - 1 total (1 active), CPU time: mean = 0.000 s, total = 0.000 s
	GcsClient.deadline_timer.check_gcs_connection - 1 total (1 active), CPU time: mean = 0.000 s, total = 0.000 s
	WorkerInfoGcsService.grpc_client.AddWorkerInfo - 1 total (1 active), CPU time: mean = 0.000 s, total = 0.000 s


[2022-06-16 22:33:39,395 I 43303 44165] accessor.cc:599: Received notification for node id = 5362b08c08075f2f5bd7b1d3e1df0d75415293f6ede64c2d4cee5e5c, IsAlive = 1
[2022-06-16 22:33:39,954 I 43303 43303] direct_actor_task_submitter.cc:33: Set max pending calls to -1 for actor 2be9652923980f410be73ef00d000000
[2022-06-16 22:33:39,954 I 43303 43303] direct_actor_task_submitter.cc:217: Connecting to actor 2be9652923980f410be73ef00d000000 at worker ca4bc4b08f22c71ab557da7ebff1f4452a0b30aca9bb46afa2af0e82
[2022-06-16 22:33:39,954 I 43303 43303] core_worker.cc:2317: Creating actor: 2be9652923980f410be73ef00d000000
[2022-06-16 22:34:43,859 I 43303 44165] core_worker.cc:494: Event stats:


Global stats: 922 total (9 active)
Queueing time: mean = 29.485 ms, max = 4.787 s, min = -0.045 s, total = 27.185 s
Execution time:  mean = 7.614 ms, total = 7.020 s
Event stats:
	UNKNOWN - 687 total (5 active, 1 running), CPU time: mean = 6.692 ms, total = 4.597 s
	CoreWorker.deadline_timer.flush_profiling_events - 59 total (1 active), CPU time: mean = 6.322 ms, total = 372.991 ms
	GcsClient.deadline_timer.check_gcs_connection - 59 total (1 active), CPU time: mean = 173.410 us, total = 10.231 ms
	NodeManagerService.grpc_client.ReportWorkerBacklog - 58 total (1 active), CPU time: mean = 5.566 us, total = 322.838 us
	CoreWorkerService.grpc_server.GetCoreWorkerStats - 47 total (0 active), CPU time: mean = 43.153 ms, total = 2.028 s
	PeriodicalRunner.RunFnPeriodically - 7 total (0 active), CPU time: mean = 1.498 ms, total = 10.484 ms
	InternalPubSubGcsService.grpc_client.GcsSubscriberPoll - 1 total (1 active), CPU time: mean = 0.000 s, total = 0.000 s
	InternalPubSubGcsService.grpc_client.GcsSubscriberCommandBatch - 1 total (0 active), CPU time: mean = 190.365 us, total = 190.365 us
	NodeInfoGcsService.grpc_client.GetAllNodeInfo - 1 total (0 active), CPU time: mean = 50.451 us, total = 50.451 us
	WorkerInfoGcsService.grpc_client.AddWorkerInfo - 1 total (0 active), CPU time: mean = 16.936 us, total = 16.936 us
	CoreWorkerService.grpc_server.PushTask - 1 total (0 active), CPU time: mean = 125.606 us, total = 125.606 us


[2022-06-16 22:34:47,246 I 43303 43303] direct_actor_transport.cc:144: Actor creation task finished, task_id: ffffffffffffffff2be9652923980f410be73ef00d000000, actor_id: 2be9652923980f410be73ef00d000000
[2022-06-16 22:35:44,205 I 43303 44165] core_worker.cc:494: Event stats:


Global stats: 1836 total (8 active)
Queueing time: mean = 23.376 ms, max = 4.787 s, min = -0.056 s, total = 42.918 s
Execution time:  mean = 5.961 ms, total = 10.944 s
Event stats:
	UNKNOWN - 1372 total (5 active, 1 running), CPU time: mean = 4.708 ms, total = 6.460 s
	CoreWorker.deadline_timer.flush_profiling_events - 118 total (1 active), CPU time: mean = 6.331 ms, total = 747.003 ms
	GcsClient.deadline_timer.check_gcs_connection - 118 total (1 active), CPU time: mean = 5.613 ms, total = 662.345 ms
	NodeManagerService.grpc_client.ReportWorkerBacklog - 117 total (0 active), CPU time: mean = 263.419 us, total = 30.820 ms
	CoreWorkerService.grpc_server.GetCoreWorkerStats - 94 total (0 active), CPU time: mean = 31.571 ms, total = 2.968 s
	PeriodicalRunner.RunFnPeriodically - 7 total (0 active), CPU time: mean = 1.498 ms, total = 10.484 ms
	StatsGcsService.grpc_client.AddProfileData - 3 total (0 active), CPU time: mean = 1.646 ms, total = 4.937 ms
	CoreWorkerService.grpc_server.PushTask - 2 total (0 active), CPU time: mean = 15.292 ms, total = 30.584 ms
	InternalPubSubGcsService.grpc_client.GcsSubscriberPoll - 1 total (1 active), CPU time: mean = 0.000 s, total = 0.000 s
	InternalPubSubGcsService.grpc_client.GcsSubscriberCommandBatch - 1 total (0 active), CPU time: mean = 190.365 us, total = 190.365 us
	NodeInfoGcsService.grpc_client.GetAllNodeInfo - 1 total (0 active), CPU time: mean = 50.451 us, total = 50.451 us
	CoreWorkerService.grpc_server.DirectActorCallArgWaitComplete - 1 total (0 active), CPU time: mean = 30.093 ms, total = 30.093 ms
	WorkerInfoGcsService.grpc_client.AddWorkerInfo - 1 total (0 active), CPU time: mean = 16.936 us, total = 16.936 us


[2022-06-16 22:35:49,591 I 43303 44165] core_worker.cc:3086: Force kill actor request has received. exiting immediately...
[2022-06-16 22:35:49,591 I 43303 44165] core_worker.cc:591: Disconnecting to the raylet.
[2022-06-16 22:35:49,631 I 43303 44165] raylet_client.cc:162: RayletClient::Disconnect, exit_type=INTENDED_EXIT, has creation_task_exception_pb_bytes=0
