[2022-06-16 21:41:14,268 I 117677 117677] core_worker_process.cc:120: Constructing CoreWorkerProcess. pid: 117677
[2022-06-16 21:41:14,605 I 117677 117677] grpc_server.cc:105: worker server started, listening on port 10019.
[2022-06-16 21:41:14,608 I 117677 117677] core_worker.cc:175: Initializing worker at address: 10.140.1.24:10019, worker ID 021d01b4ddba425dc7e62398322cdee5efc6bf17d012bdce0e6c42bc, raylet 5362b08c08075f2f5bd7b1d3e1df0d75415293f6ede64c2d4cee5e5c
[2022-06-16 21:41:14,608 I 117677 118191] gcs_server_address_updater.cc:32: GCS Server updater thread id: 140531917117184
[2022-06-16 21:41:14,809 I 117677 117677] io_service_pool.cc:35: IOServicePool is running with 1 io_service.
[2022-06-16 21:41:14,850 I 117677 118205] core_worker.cc:494: Event stats:


Global stats: 17 total (11 active)
Queueing time: mean = 22.189 ms, max = 101.310 ms, min = 379.044 us, total = 377.211 ms
Execution time:  mean = 21.117 us, total = 358.981 us
Event stats:
	PeriodicalRunner.RunFnPeriodically - 7 total (2 active, 1 running), CPU time: mean = 16.867 us, total = 118.068 us
	UNKNOWN - 3 total (3 active), CPU time: mean = 0.000 s, total = 0.000 s
	NodeInfoGcsService.grpc_client.GetAllNodeInfo - 1 total (1 active), CPU time: mean = 0.000 s, total = 0.000 s
	NodeManagerService.grpc_client.ReportWorkerBacklog - 1 total (1 active), CPU time: mean = 0.000 s, total = 0.000 s
	InternalPubSubGcsService.grpc_client.GcsSubscriberPoll - 1 total (1 active), CPU time: mean = 0.000 s, total = 0.000 s
	WorkerInfoGcsService.grpc_client.AddWorkerInfo - 1 total (1 active), CPU time: mean = 0.000 s, total = 0.000 s
	GcsClient.deadline_timer.check_gcs_connection - 1 total (1 active), CPU time: mean = 0.000 s, total = 0.000 s
	InternalPubSubGcsService.grpc_client.GcsSubscriberCommandBatch - 1 total (0 active), CPU time: mean = 240.913 us, total = 240.913 us
	CoreWorker.deadline_timer.flush_profiling_events - 1 total (1 active), CPU time: mean = 0.000 s, total = 0.000 s


[2022-06-16 21:41:14,866 I 117677 118205] accessor.cc:599: Received notification for node id = 5362b08c08075f2f5bd7b1d3e1df0d75415293f6ede64c2d4cee5e5c, IsAlive = 1
[2022-06-16 21:41:15,747 I 117677 117677] direct_actor_task_submitter.cc:33: Set max pending calls to -1 for actor 4a24731d766c451099e6b67c05000000
[2022-06-16 21:41:15,747 I 117677 117677] direct_actor_task_submitter.cc:217: Connecting to actor 4a24731d766c451099e6b67c05000000 at worker 021d01b4ddba425dc7e62398322cdee5efc6bf17d012bdce0e6c42bc
[2022-06-16 21:41:15,747 I 117677 117677] core_worker.cc:2317: Creating actor: 4a24731d766c451099e6b67c05000000
[2022-06-16 21:42:15,524 I 117677 118205] core_worker.cc:494: Event stats:


Global stats: 856 total (10 active)
Queueing time: mean = 33.163 ms, max = 2.900 s, min = -0.020 s, total = 28.388 s
Execution time:  mean = 9.127 ms, total = 7.813 s
Event stats:
	UNKNOWN - 633 total (5 active, 1 running), CPU time: mean = 7.800 ms, total = 4.937 s
	NodeManagerService.grpc_client.ReportWorkerBacklog - 55 total (2 active), CPU time: mean = 7.085 us, total = 389.668 us
	GcsClient.deadline_timer.check_gcs_connection - 55 total (1 active), CPU time: mean = 838.952 us, total = 46.142 ms
	CoreWorker.deadline_timer.flush_profiling_events - 55 total (1 active), CPU time: mean = 5.350 ms, total = 294.268 ms
	CoreWorkerService.grpc_server.GetCoreWorkerStats - 46 total (0 active), CPU time: mean = 54.208 ms, total = 2.494 s
	PeriodicalRunner.RunFnPeriodically - 7 total (0 active), CPU time: mean = 5.831 ms, total = 40.819 ms
	NodeInfoGcsService.grpc_client.GetAllNodeInfo - 1 total (0 active), CPU time: mean = 38.889 us, total = 38.889 us
	CoreWorkerService.grpc_server.PushTask - 1 total (0 active), CPU time: mean = 62.490 us, total = 62.490 us
	InternalPubSubGcsService.grpc_client.GcsSubscriberPoll - 1 total (1 active), CPU time: mean = 0.000 s, total = 0.000 s
	WorkerInfoGcsService.grpc_client.AddWorkerInfo - 1 total (0 active), CPU time: mean = 18.066 us, total = 18.066 us
	InternalPubSubGcsService.grpc_client.GcsSubscriberCommandBatch - 1 total (0 active), CPU time: mean = 240.913 us, total = 240.913 us


[2022-06-16 21:42:22,745 I 117677 117677] direct_actor_transport.cc:144: Actor creation task finished, task_id: ffffffffffffffff4a24731d766c451099e6b67c05000000, actor_id: 4a24731d766c451099e6b67c05000000
[2022-06-16 21:42:33,277 I 117677 118205] core_worker.cc:3086: Force kill actor request has received. exiting immediately...
[2022-06-16 21:42:33,277 I 117677 118205] core_worker.cc:591: Disconnecting to the raylet.
[2022-06-16 21:42:33,277 I 117677 118205] raylet_client.cc:162: RayletClient::Disconnect, exit_type=INTENDED_EXIT, has creation_task_exception_pb_bytes=0
