[2022-06-16 22:53:25,803 I 66284 66284] core_worker_process.cc:120: Constructing CoreWorkerProcess. pid: 66284
[2022-06-16 22:53:26,115 I 66284 66284] grpc_server.cc:105: worker server started, listening on port 10082.
[2022-06-16 22:53:26,118 I 66284 66284] core_worker.cc:175: Initializing worker at address: 10.140.1.24:10082, worker ID 44b2f571f9c660df4bfca5982c724b503c89ed2ddf117c2cbf6020a1, raylet 5362b08c08075f2f5bd7b1d3e1df0d75415293f6ede64c2d4cee5e5c
[2022-06-16 22:53:26,118 I 66284 67210] gcs_server_address_updater.cc:32: GCS Server updater thread id: 140034163308288
[2022-06-16 22:53:26,316 I 66284 66284] io_service_pool.cc:35: IOServicePool is running with 1 io_service.
[2022-06-16 22:53:26,372 I 66284 67234] core_worker.cc:494: Event stats:


Global stats: 17 total (11 active)
Queueing time: mean = 23.770 ms, max = 97.409 ms, min = 305.481 us, total = 404.085 ms
Execution time:  mean = 19.561 us, total = 332.534 us
Event stats:
	PeriodicalRunner.RunFnPeriodically - 7 total (2 active, 1 running), CPU time: mean = 21.754 us, total = 152.275 us
	UNKNOWN - 3 total (3 active), CPU time: mean = 0.000 s, total = 0.000 s
	GcsClient.deadline_timer.check_gcs_connection - 1 total (1 active), CPU time: mean = 0.000 s, total = 0.000 s
	NodeManagerService.grpc_client.ReportWorkerBacklog - 1 total (1 active), CPU time: mean = 0.000 s, total = 0.000 s
	WorkerInfoGcsService.grpc_client.AddWorkerInfo - 1 total (1 active), CPU time: mean = 0.000 s, total = 0.000 s
	NodeInfoGcsService.grpc_client.GetAllNodeInfo - 1 total (1 active), CPU time: mean = 0.000 s, total = 0.000 s
	InternalPubSubGcsService.grpc_client.GcsSubscriberCommandBatch - 1 total (0 active), CPU time: mean = 180.259 us, total = 180.259 us
	CoreWorker.deadline_timer.flush_profiling_events - 1 total (1 active), CPU time: mean = 0.000 s, total = 0.000 s
	InternalPubSubGcsService.grpc_client.GcsSubscriberPoll - 1 total (1 active), CPU time: mean = 0.000 s, total = 0.000 s


[2022-06-16 22:53:26,372 I 66284 67234] accessor.cc:599: Received notification for node id = 5362b08c08075f2f5bd7b1d3e1df0d75415293f6ede64c2d4cee5e5c, IsAlive = 1
[2022-06-16 22:53:26,892 I 66284 66284] direct_actor_task_submitter.cc:33: Set max pending calls to -1 for actor 5daf58c39d8bec4373623d510e000000
[2022-06-16 22:53:26,892 I 66284 66284] direct_actor_task_submitter.cc:217: Connecting to actor 5daf58c39d8bec4373623d510e000000 at worker 44b2f571f9c660df4bfca5982c724b503c89ed2ddf117c2cbf6020a1
[2022-06-16 22:53:26,892 I 66284 66284] core_worker.cc:2317: Creating actor: 5daf58c39d8bec4373623d510e000000
[2022-06-16 22:54:29,692 I 66284 67234] core_worker.cc:494: Event stats:


Global stats: 905 total (10 active)
Queueing time: mean = 16.312 ms, max = 1.383 s, min = -0.035 s, total = 14.762 s
Execution time:  mean = 7.498 ms, total = 6.785 s
Event stats:
	UNKNOWN - 673 total (5 active, 1 running), CPU time: mean = 8.021 ms, total = 5.398 s
	GcsClient.deadline_timer.check_gcs_connection - 58 total (1 active), CPU time: mean = 803.407 us, total = 46.598 ms
	NodeManagerService.grpc_client.ReportWorkerBacklog - 58 total (1 active), CPU time: mean = 7.530 us, total = 436.718 us
	CoreWorker.deadline_timer.flush_profiling_events - 58 total (1 active), CPU time: mean = 5.370 ms, total = 311.470 ms
	CoreWorkerService.grpc_server.GetCoreWorkerStats - 46 total (1 active), CPU time: mean = 21.147 ms, total = 972.784 ms
	PeriodicalRunner.RunFnPeriodically - 7 total (0 active), CPU time: mean = 7.990 ms, total = 55.928 ms
	WorkerInfoGcsService.grpc_client.AddWorkerInfo - 1 total (0 active), CPU time: mean = 13.505 us, total = 13.505 us
	NodeInfoGcsService.grpc_client.GetAllNodeInfo - 1 total (0 active), CPU time: mean = 42.139 us, total = 42.139 us
	InternalPubSubGcsService.grpc_client.GcsSubscriberCommandBatch - 1 total (0 active), CPU time: mean = 180.259 us, total = 180.259 us
	CoreWorkerService.grpc_server.PushTask - 1 total (0 active), CPU time: mean = 79.855 us, total = 79.855 us
	InternalPubSubGcsService.grpc_client.GcsSubscriberPoll - 1 total (1 active), CPU time: mean = 0.000 s, total = 0.000 s


[2022-06-16 22:54:33,475 I 66284 66284] direct_actor_transport.cc:144: Actor creation task finished, task_id: ffffffffffffffff5daf58c39d8bec4373623d510e000000, actor_id: 5daf58c39d8bec4373623d510e000000
[2022-06-16 22:55:30,040 I 66284 67234] core_worker.cc:494: Event stats:


Global stats: 1715 total (8 active)
Queueing time: mean = 37.213 ms, max = 5.066 s, min = -0.035 s, total = 63.820 s
Execution time:  mean = 9.825 ms, total = 16.851 s
Event stats:
	UNKNOWN - 1277 total (5 active, 1 running), CPU time: mean = 8.797 ms, total = 11.233 s
	GcsClient.deadline_timer.check_gcs_connection - 111 total (1 active), CPU time: mean = 1.009 ms, total = 111.945 ms
	CoreWorker.deadline_timer.flush_profiling_events - 111 total (1 active), CPU time: mean = 28.685 ms, total = 3.184 s
	NodeManagerService.grpc_client.ReportWorkerBacklog - 110 total (0 active), CPU time: mean = 7.919 us, total = 871.130 us
	CoreWorkerService.grpc_server.GetCoreWorkerStats - 87 total (0 active), CPU time: mean = 24.695 ms, total = 2.148 s
	PeriodicalRunner.RunFnPeriodically - 7 total (0 active), CPU time: mean = 7.990 ms, total = 55.928 ms
	StatsGcsService.grpc_client.AddProfileData - 5 total (0 active), CPU time: mean = 8.007 ms, total = 40.036 ms
	CoreWorkerService.grpc_server.PushTask - 2 total (0 active), CPU time: mean = 15.350 ms, total = 30.699 ms
	WorkerInfoGcsService.grpc_client.AddWorkerInfo - 1 total (0 active), CPU time: mean = 13.505 us, total = 13.505 us
	CoreWorkerService.grpc_server.DirectActorCallArgWaitComplete - 1 total (0 active), CPU time: mean = 45.131 ms, total = 45.131 ms
	NodeInfoGcsService.grpc_client.GetAllNodeInfo - 1 total (0 active), CPU time: mean = 42.139 us, total = 42.139 us
	InternalPubSubGcsService.grpc_client.GcsSubscriberCommandBatch - 1 total (0 active), CPU time: mean = 180.259 us, total = 180.259 us
	InternalPubSubGcsService.grpc_client.GcsSubscriberPoll - 1 total (1 active), CPU time: mean = 0.000 s, total = 0.000 s


[2022-06-16 22:55:35,972 I 66284 67234] core_worker.cc:3086: Force kill actor request has received. exiting immediately...
[2022-06-16 22:55:35,972 I 66284 67234] core_worker.cc:591: Disconnecting to the raylet.
[2022-06-16 22:55:35,972 I 66284 67234] raylet_client.cc:162: RayletClient::Disconnect, exit_type=INTENDED_EXIT, has creation_task_exception_pb_bytes=0
