[2022-06-16 23:09:14,838 I 86100 86100] core_worker_process.cc:120: Constructing CoreWorkerProcess. pid: 86100
[2022-06-16 23:09:14,979 I 86100 86100] grpc_server.cc:105: worker server started, listening on port 10088.
[2022-06-16 23:09:14,982 I 86100 86100] core_worker.cc:175: Initializing worker at address: 10.140.1.24:10088, worker ID 74894fdd00bd85caf6b6868d0a7da3f28819e83b8ae55ad04958e652, raylet 5362b08c08075f2f5bd7b1d3e1df0d75415293f6ede64c2d4cee5e5c
[2022-06-16 23:09:14,982 I 86100 86396] gcs_server_address_updater.cc:32: GCS Server updater thread id: 139992110200576
[2022-06-16 23:09:15,097 I 86100 86100] io_service_pool.cc:35: IOServicePool is running with 1 io_service.
[2022-06-16 23:09:15,103 I 86100 86405] core_worker.cc:494: Event stats:


Global stats: 16 total (11 active)
Queueing time: mean = 1.359 ms, max = 15.136 ms, min = 169.628 us, total = 21.743 ms
Execution time:  mean = 12.675 us, total = 202.796 us
Event stats:
	PeriodicalRunner.RunFnPeriodically - 7 total (2 active, 1 running), CPU time: mean = 28.971 us, total = 202.796 us
	UNKNOWN - 3 total (3 active), CPU time: mean = 0.000 s, total = 0.000 s
	WorkerInfoGcsService.grpc_client.AddWorkerInfo - 1 total (1 active), CPU time: mean = 0.000 s, total = 0.000 s
	NodeManagerService.grpc_client.ReportWorkerBacklog - 1 total (1 active), CPU time: mean = 0.000 s, total = 0.000 s
	CoreWorker.deadline_timer.flush_profiling_events - 1 total (1 active), CPU time: mean = 0.000 s, total = 0.000 s
	InternalPubSubGcsService.grpc_client.GcsSubscriberPoll - 1 total (1 active), CPU time: mean = 0.000 s, total = 0.000 s
	InternalPubSubGcsService.grpc_client.GcsSubscriberCommandBatch - 1 total (1 active), CPU time: mean = 0.000 s, total = 0.000 s
	GcsClient.deadline_timer.check_gcs_connection - 1 total (1 active), CPU time: mean = 0.000 s, total = 0.000 s


[2022-06-16 23:09:15,140 I 86100 86405] accessor.cc:599: Received notification for node id = 5362b08c08075f2f5bd7b1d3e1df0d75415293f6ede64c2d4cee5e5c, IsAlive = 1
[2022-06-16 23:09:15,493 I 86100 86100] direct_actor_task_submitter.cc:33: Set max pending calls to -1 for actor bfc4dd2332848aa9643999ed0f000000
[2022-06-16 23:09:15,493 I 86100 86100] direct_actor_task_submitter.cc:217: Connecting to actor bfc4dd2332848aa9643999ed0f000000 at worker 74894fdd00bd85caf6b6868d0a7da3f28819e83b8ae55ad04958e652
[2022-06-16 23:09:15,493 I 86100 86100] core_worker.cc:2317: Creating actor: bfc4dd2332848aa9643999ed0f000000
[2022-06-16 23:10:17,652 I 86100 86405] core_worker.cc:494: Event stats:


Global stats: 874 total (8 active)
Queueing time: mean = 24.681 ms, max = 3.407 s, min = -0.136 s, total = 21.571 s
Execution time:  mean = 7.665 ms, total = 6.699 s
Event stats:
	UNKNOWN - 647 total (5 active, 1 running), CPU time: mean = 7.619 ms, total = 4.929 s
	CoreWorker.deadline_timer.flush_profiling_events - 56 total (1 active), CPU time: mean = 7.345 ms, total = 411.308 ms
	GcsClient.deadline_timer.check_gcs_connection - 56 total (1 active), CPU time: mean = 3.694 ms, total = 206.845 ms
	NodeManagerService.grpc_client.ReportWorkerBacklog - 55 total (0 active), CPU time: mean = 1.384 ms, total = 76.118 ms
	CoreWorkerService.grpc_server.GetCoreWorkerStats - 48 total (0 active), CPU time: mean = 22.285 ms, total = 1.070 s
	PeriodicalRunner.RunFnPeriodically - 7 total (0 active), CPU time: mean = 788.888 us, total = 5.522 ms
	WorkerInfoGcsService.grpc_client.AddWorkerInfo - 1 total (0 active), CPU time: mean = 16.937 us, total = 16.937 us
	CoreWorkerService.grpc_server.PushTask - 1 total (0 active), CPU time: mean = 79.929 us, total = 79.929 us
	InternalPubSubGcsService.grpc_client.GcsSubscriberPoll - 1 total (1 active), CPU time: mean = 0.000 s, total = 0.000 s
	InternalPubSubGcsService.grpc_client.GcsSubscriberCommandBatch - 1 total (0 active), CPU time: mean = 118.811 us, total = 118.811 us
	NodeInfoGcsService.grpc_client.GetAllNodeInfo - 1 total (0 active), CPU time: mean = 46.782 us, total = 46.782 us


[2022-06-16 23:10:26,993 I 86100 86100] direct_actor_transport.cc:144: Actor creation task finished, task_id: ffffffffffffffffbfc4dd2332848aa9643999ed0f000000, actor_id: bfc4dd2332848aa9643999ed0f000000
[2022-06-16 23:11:17,151 I 86100 86405] core_worker.cc:3086: Force kill actor request has received. exiting immediately...
[2022-06-16 23:11:17,191 I 86100 86405] core_worker.cc:591: Disconnecting to the raylet.
[2022-06-16 23:11:17,191 I 86100 86405] raylet_client.cc:162: RayletClient::Disconnect, exit_type=INTENDED_EXIT, has creation_task_exception_pb_bytes=0
