[2022-06-16 21:45:40,061 I 122001 122001] core_worker_process.cc:120: Constructing CoreWorkerProcess. pid: 122001
[2022-06-16 21:45:40,222 I 122001 122001] grpc_server.cc:105: worker server started, listening on port 10024.
[2022-06-16 21:45:40,225 I 122001 122001] core_worker.cc:175: Initializing worker at address: 10.140.1.24:10024, worker ID 37beaa892a83a79519ec110908ca387ce6ab2b4140bdb2aa311b70e3, raylet 5362b08c08075f2f5bd7b1d3e1df0d75415293f6ede64c2d4cee5e5c
[2022-06-16 21:45:40,225 I 122001 122308] gcs_server_address_updater.cc:32: GCS Server updater thread id: 139713457411840
[2022-06-16 21:45:40,409 I 122001 122001] io_service_pool.cc:35: IOServicePool is running with 1 io_service.
[2022-06-16 21:45:40,429 I 122001 122322] core_worker.cc:494: Event stats:


Global stats: 17 total (11 active)
Queueing time: mean = 20.452 ms, max = 83.318 ms, min = 10.075 ms, total = 347.692 ms
Execution time:  mean = 591.022 us, total = 10.047 ms
Event stats:
	PeriodicalRunner.RunFnPeriodically - 7 total (2 active, 1 running), CPU time: mean = 23.026 us, total = 161.184 us
	UNKNOWN - 3 total (3 active), CPU time: mean = 0.000 s, total = 0.000 s
	WorkerInfoGcsService.grpc_client.AddWorkerInfo - 1 total (1 active), CPU time: mean = 0.000 s, total = 0.000 s
	InternalPubSubGcsService.grpc_client.GcsSubscriberPoll - 1 total (1 active), CPU time: mean = 0.000 s, total = 0.000 s
	GcsClient.deadline_timer.check_gcs_connection - 1 total (1 active), CPU time: mean = 0.000 s, total = 0.000 s
	NodeManagerService.grpc_client.ReportWorkerBacklog - 1 total (1 active), CPU time: mean = 0.000 s, total = 0.000 s
	CoreWorker.deadline_timer.flush_profiling_events - 1 total (1 active), CPU time: mean = 0.000 s, total = 0.000 s
	InternalPubSubGcsService.grpc_client.GcsSubscriberCommandBatch - 1 total (0 active), CPU time: mean = 9.886 ms, total = 9.886 ms
	NodeInfoGcsService.grpc_client.GetAllNodeInfo - 1 total (1 active), CPU time: mean = 0.000 s, total = 0.000 s


[2022-06-16 21:45:40,454 I 122001 122322] accessor.cc:599: Received notification for node id = 5362b08c08075f2f5bd7b1d3e1df0d75415293f6ede64c2d4cee5e5c, IsAlive = 1
[2022-06-16 21:45:40,963 I 122001 122001] direct_actor_task_submitter.cc:33: Set max pending calls to -1 for actor 2a68b48b8bc9e207fbf4bc1a06000000
[2022-06-16 21:45:40,963 I 122001 122001] direct_actor_task_submitter.cc:217: Connecting to actor 2a68b48b8bc9e207fbf4bc1a06000000 at worker 37beaa892a83a79519ec110908ca387ce6ab2b4140bdb2aa311b70e3
[2022-06-16 21:45:40,963 I 122001 122001] core_worker.cc:2317: Creating actor: 2a68b48b8bc9e207fbf4bc1a06000000
[2022-06-16 21:46:39,911 I 122001 122001] direct_actor_transport.cc:144: Actor creation task finished, task_id: ffffffffffffffff2a68b48b8bc9e207fbf4bc1a06000000, actor_id: 2a68b48b8bc9e207fbf4bc1a06000000
[2022-06-16 21:46:40,709 I 122001 122322] core_worker.cc:494: Event stats:


Global stats: 872 total (9 active)
Queueing time: mean = 23.379 ms, max = 3.711 s, min = -0.049 s, total = 20.386 s
Execution time:  mean = 7.987 ms, total = 6.964 s
Event stats:
	UNKNOWN - 647 total (5 active, 1 running), CPU time: mean = 6.863 ms, total = 4.440 s
	GcsClient.deadline_timer.check_gcs_connection - 57 total (1 active), CPU time: mean = 1.451 ms, total = 82.682 ms
	CoreWorker.deadline_timer.flush_profiling_events - 57 total (1 active), CPU time: mean = 16.331 ms, total = 930.851 ms
	NodeManagerService.grpc_client.ReportWorkerBacklog - 56 total (0 active), CPU time: mean = 915.798 us, total = 51.285 ms
	CoreWorkerService.grpc_server.GetCoreWorkerStats - 42 total (0 active), CPU time: mean = 34.264 ms, total = 1.439 s
	PeriodicalRunner.RunFnPeriodically - 7 total (0 active), CPU time: mean = 1.448 ms, total = 10.135 ms
	WorkerInfoGcsService.grpc_client.AddWorkerInfo - 1 total (0 active), CPU time: mean = 15.174 us, total = 15.174 us
	InternalPubSubGcsService.grpc_client.GcsSubscriberPoll - 1 total (1 active), CPU time: mean = 0.000 s, total = 0.000 s
	CoreWorkerService.grpc_server.PushTask - 1 total (0 active), CPU time: mean = 65.623 us, total = 65.623 us
	StatsGcsService.grpc_client.AddProfileData - 1 total (1 active), CPU time: mean = 0.000 s, total = 0.000 s
	InternalPubSubGcsService.grpc_client.GcsSubscriberCommandBatch - 1 total (0 active), CPU time: mean = 9.886 ms, total = 9.886 ms
	NodeInfoGcsService.grpc_client.GetAllNodeInfo - 1 total (0 active), CPU time: mean = 42.911 us, total = 42.911 us


[2022-06-16 21:47:20,282 I 122001 122322] core_worker.cc:3086: Force kill actor request has received. exiting immediately...
[2022-06-16 21:47:20,282 I 122001 122322] core_worker.cc:591: Disconnecting to the raylet.
[2022-06-16 21:47:20,282 I 122001 122322] raylet_client.cc:162: RayletClient::Disconnect, exit_type=INTENDED_EXIT, has creation_task_exception_pb_bytes=0
