[2022-06-16 21:41:14,268 I 117673 117673] core_worker_process.cc:120: Constructing CoreWorkerProcess. pid: 117673
[2022-06-16 21:41:14,605 I 117673 117673] grpc_server.cc:105: worker server started, listening on port 10018.
[2022-06-16 21:41:14,607 I 117673 117673] core_worker.cc:175: Initializing worker at address: 10.140.1.24:10018, worker ID d632b3aa7a13c6a564888eebdc257dd385ce26511c8279a20011ca94, raylet 5362b08c08075f2f5bd7b1d3e1df0d75415293f6ede64c2d4cee5e5c
[2022-06-16 21:41:14,607 I 117673 118183] gcs_server_address_updater.cc:32: GCS Server updater thread id: 140319567886080
[2022-06-16 21:41:14,810 I 117673 117673] io_service_pool.cc:35: IOServicePool is running with 1 io_service.
[2022-06-16 21:41:14,850 I 117673 118213] core_worker.cc:494: Event stats:


Global stats: 17 total (11 active)
Queueing time: mean = 22.241 ms, max = 101.482 ms, min = 548.070 us, total = 378.093 ms
Execution time:  mean = 17.636 us, total = 299.804 us
Event stats:
	PeriodicalRunner.RunFnPeriodically - 7 total (2 active, 1 running), CPU time: mean = 19.423 us, total = 135.964 us
	UNKNOWN - 3 total (3 active), CPU time: mean = 0.000 s, total = 0.000 s
	InternalPubSubGcsService.grpc_client.GcsSubscriberCommandBatch - 1 total (0 active), CPU time: mean = 163.840 us, total = 163.840 us
	GcsClient.deadline_timer.check_gcs_connection - 1 total (1 active), CPU time: mean = 0.000 s, total = 0.000 s
	WorkerInfoGcsService.grpc_client.AddWorkerInfo - 1 total (1 active), CPU time: mean = 0.000 s, total = 0.000 s
	CoreWorker.deadline_timer.flush_profiling_events - 1 total (1 active), CPU time: mean = 0.000 s, total = 0.000 s
	NodeManagerService.grpc_client.ReportWorkerBacklog - 1 total (1 active), CPU time: mean = 0.000 s, total = 0.000 s
	NodeInfoGcsService.grpc_client.GetAllNodeInfo - 1 total (1 active), CPU time: mean = 0.000 s, total = 0.000 s
	InternalPubSubGcsService.grpc_client.GcsSubscriberPoll - 1 total (1 active), CPU time: mean = 0.000 s, total = 0.000 s


[2022-06-16 21:41:14,866 I 117673 118213] accessor.cc:599: Received notification for node id = 5362b08c08075f2f5bd7b1d3e1df0d75415293f6ede64c2d4cee5e5c, IsAlive = 1
[2022-06-16 21:41:15,747 I 117673 117673] direct_actor_task_submitter.cc:33: Set max pending calls to -1 for actor 03c6e83371497c3b68820b0305000000
[2022-06-16 21:41:15,747 I 117673 117673] direct_actor_task_submitter.cc:217: Connecting to actor 03c6e83371497c3b68820b0305000000 at worker d632b3aa7a13c6a564888eebdc257dd385ce26511c8279a20011ca94
[2022-06-16 21:41:15,747 I 117673 117673] core_worker.cc:2317: Creating actor: 03c6e83371497c3b68820b0305000000
[2022-06-16 21:42:15,524 I 117673 118213] core_worker.cc:494: Event stats:


Global stats: 855 total (10 active)
Queueing time: mean = 33.232 ms, max = 2.900 s, min = -0.017 s, total = 28.414 s
Execution time:  mean = 9.221 ms, total = 7.884 s
Event stats:
	UNKNOWN - 632 total (5 active, 1 running), CPU time: mean = 7.910 ms, total = 4.999 s
	GcsClient.deadline_timer.check_gcs_connection - 55 total (1 active), CPU time: mean = 563.249 us, total = 30.979 ms
	CoreWorker.deadline_timer.flush_profiling_events - 55 total (1 active), CPU time: mean = 5.626 ms, total = 309.448 ms
	NodeManagerService.grpc_client.ReportWorkerBacklog - 55 total (2 active), CPU time: mean = 6.558 us, total = 360.694 us
	CoreWorkerService.grpc_server.GetCoreWorkerStats - 46 total (0 active), CPU time: mean = 54.422 ms, total = 2.503 s
	PeriodicalRunner.RunFnPeriodically - 7 total (0 active), CPU time: mean = 5.821 ms, total = 40.748 ms
	InternalPubSubGcsService.grpc_client.GcsSubscriberCommandBatch - 1 total (0 active), CPU time: mean = 163.840 us, total = 163.840 us
	WorkerInfoGcsService.grpc_client.AddWorkerInfo - 1 total (0 active), CPU time: mean = 15.255 us, total = 15.255 us
	CoreWorkerService.grpc_server.PushTask - 1 total (0 active), CPU time: mean = 48.076 us, total = 48.076 us
	NodeInfoGcsService.grpc_client.GetAllNodeInfo - 1 total (0 active), CPU time: mean = 40.341 us, total = 40.341 us
	InternalPubSubGcsService.grpc_client.GcsSubscriberPoll - 1 total (1 active), CPU time: mean = 0.000 s, total = 0.000 s


[2022-06-16 21:42:22,745 I 117673 117673] direct_actor_transport.cc:144: Actor creation task finished, task_id: ffffffffffffffff03c6e83371497c3b68820b0305000000, actor_id: 03c6e83371497c3b68820b0305000000
[2022-06-16 21:42:33,277 I 117673 118213] core_worker.cc:3086: Force kill actor request has received. exiting immediately...
[2022-06-16 21:42:33,277 I 117673 118213] core_worker.cc:591: Disconnecting to the raylet.
[2022-06-16 21:42:33,278 I 117673 118213] raylet_client.cc:162: RayletClient::Disconnect, exit_type=INTENDED_EXIT, has creation_task_exception_pb_bytes=0
