[2022-06-16 22:19:39,301 I 27717 27717] core_worker_process.cc:120: Constructing CoreWorkerProcess. pid: 27717
[2022-06-16 22:19:39,466 I 27717 27717] grpc_server.cc:105: worker server started, listening on port 10053.
[2022-06-16 22:19:39,469 I 27717 27717] core_worker.cc:175: Initializing worker at address: 10.140.1.24:10053, worker ID eea03ee486dd14a50574f8885b463027289fd5a6dc8ce35477f8116b, raylet 5362b08c08075f2f5bd7b1d3e1df0d75415293f6ede64c2d4cee5e5c
[2022-06-16 22:19:39,469 I 27717 28017] gcs_server_address_updater.cc:32: GCS Server updater thread id: 140439508211456
[2022-06-16 22:19:39,643 I 27717 27717] io_service_pool.cc:35: IOServicePool is running with 1 io_service.
[2022-06-16 22:19:39,650 I 27717 28039] core_worker.cc:494: Event stats:


Global stats: 17 total (11 active)
Queueing time: mean = 18.896 ms, max = 73.492 ms, min = 380.417 us, total = 321.230 ms
Execution time:  mean = 22.255 us, total = 378.343 us
Event stats:
	PeriodicalRunner.RunFnPeriodically - 7 total (2 active, 1 running), CPU time: mean = 27.525 us, total = 192.673 us
	UNKNOWN - 3 total (3 active), CPU time: mean = 0.000 s, total = 0.000 s
	InternalPubSubGcsService.grpc_client.GcsSubscriberPoll - 1 total (1 active), CPU time: mean = 0.000 s, total = 0.000 s
	InternalPubSubGcsService.grpc_client.GcsSubscriberCommandBatch - 1 total (0 active), CPU time: mean = 185.670 us, total = 185.670 us
	GcsClient.deadline_timer.check_gcs_connection - 1 total (1 active), CPU time: mean = 0.000 s, total = 0.000 s
	CoreWorker.deadline_timer.flush_profiling_events - 1 total (1 active), CPU time: mean = 0.000 s, total = 0.000 s
	NodeManagerService.grpc_client.ReportWorkerBacklog - 1 total (1 active), CPU time: mean = 0.000 s, total = 0.000 s
	WorkerInfoGcsService.grpc_client.AddWorkerInfo - 1 total (1 active), CPU time: mean = 0.000 s, total = 0.000 s
	NodeInfoGcsService.grpc_client.GetAllNodeInfo - 1 total (1 active), CPU time: mean = 0.000 s, total = 0.000 s


[2022-06-16 22:19:39,681 I 27717 28039] accessor.cc:599: Received notification for node id = 5362b08c08075f2f5bd7b1d3e1df0d75415293f6ede64c2d4cee5e5c, IsAlive = 1
[2022-06-16 22:19:40,358 I 27717 27717] direct_actor_task_submitter.cc:33: Set max pending calls to -1 for actor dba891c934c3721c24e6eeb20b000000
[2022-06-16 22:19:40,359 I 27717 27717] direct_actor_task_submitter.cc:217: Connecting to actor dba891c934c3721c24e6eeb20b000000 at worker eea03ee486dd14a50574f8885b463027289fd5a6dc8ce35477f8116b
[2022-06-16 22:19:40,359 I 27717 27717] core_worker.cc:2317: Creating actor: dba891c934c3721c24e6eeb20b000000
[2022-06-16 22:20:35,276 I 27717 27717] direct_actor_transport.cc:144: Actor creation task finished, task_id: ffffffffffffffffdba891c934c3721c24e6eeb20b000000, actor_id: dba891c934c3721c24e6eeb20b000000
[2022-06-16 22:20:39,659 I 27717 28039] core_worker.cc:494: Event stats:


Global stats: 936 total (8 active)
Queueing time: mean = 6.123 ms, max = 1.115 s, min = -0.127 s, total = 5.731 s
Execution time:  mean = 2.602 ms, total = 2.436 s
Event stats:
	UNKNOWN - 693 total (5 active, 1 running), CPU time: mean = 1.874 ms, total = 1.299 s
	GcsClient.deadline_timer.check_gcs_connection - 60 total (1 active), CPU time: mean = 5.714 ms, total = 342.830 ms
	CoreWorker.deadline_timer.flush_profiling_events - 60 total (1 active), CPU time: mean = 3.797 ms, total = 227.840 ms
	NodeManagerService.grpc_client.ReportWorkerBacklog - 59 total (0 active), CPU time: mean = 6.299 us, total = 371.670 us
	CoreWorkerService.grpc_server.GetCoreWorkerStats - 48 total (0 active), CPU time: mean = 11.538 ms, total = 553.841 ms
	PeriodicalRunner.RunFnPeriodically - 7 total (0 active), CPU time: mean = 1.031 ms, total = 7.220 ms
	StatsGcsService.grpc_client.AddProfileData - 2 total (0 active), CPU time: mean = 17.764 us, total = 35.527 us
	CoreWorkerService.grpc_server.PushTask - 2 total (0 active), CPU time: mean = 2.255 ms, total = 4.509 ms
	InternalPubSubGcsService.grpc_client.GcsSubscriberPoll - 1 total (1 active), CPU time: mean = 0.000 s, total = 0.000 s
	InternalPubSubGcsService.grpc_client.GcsSubscriberCommandBatch - 1 total (0 active), CPU time: mean = 185.670 us, total = 185.670 us
	CoreWorkerService.grpc_server.DirectActorCallArgWaitComplete - 1 total (0 active), CPU time: mean = 64.201 us, total = 64.201 us
	WorkerInfoGcsService.grpc_client.AddWorkerInfo - 1 total (0 active), CPU time: mean = 22.193 us, total = 22.193 us
	NodeInfoGcsService.grpc_client.GetAllNodeInfo - 1 total (0 active), CPU time: mean = 42.146 us, total = 42.146 us


[2022-06-16 22:21:21,597 I 27717 28039] core_worker.cc:3086: Force kill actor request has received. exiting immediately...
[2022-06-16 22:21:21,597 I 27717 28039] core_worker.cc:591: Disconnecting to the raylet.
[2022-06-16 22:21:21,597 I 27717 28039] raylet_client.cc:162: RayletClient::Disconnect, exit_type=INTENDED_EXIT, has creation_task_exception_pb_bytes=0
