[2022-06-16 22:15:09,272 I 22812 22812] core_worker_process.cc:120: Constructing CoreWorkerProcess. pid: 22812
[2022-06-16 22:15:10,499 I 22812 22812] grpc_server.cc:105: worker server started, listening on port 10050.
[2022-06-16 22:15:10,565 I 22812 22812] core_worker.cc:175: Initializing worker at address: 10.140.1.24:10050, worker ID fa5cd30599ea72cff00e20a75ec7da14c8cc9092710eb5c5d1c8c0fe, raylet 5362b08c08075f2f5bd7b1d3e1df0d75415293f6ede64c2d4cee5e5c
[2022-06-16 22:15:10,565 I 22812 23369] gcs_server_address_updater.cc:32: GCS Server updater thread id: 139864016131840
[2022-06-16 22:15:10,744 I 22812 22812] io_service_pool.cc:35: IOServicePool is running with 1 io_service.
[2022-06-16 22:15:10,749 I 22812 23385] core_worker.cc:494: Event stats:


Global stats: 17 total (10 active)
Queueing time: mean = 22.177 ms, max = 78.301 ms, min = 409.732 us, total = 377.014 ms
Execution time:  mean = 25.480 us, total = 433.162 us
Event stats:
	PeriodicalRunner.RunFnPeriodically - 7 total (2 active, 1 running), CPU time: mean = 23.808 us, total = 166.659 us
	UNKNOWN - 3 total (3 active), CPU time: mean = 0.000 s, total = 0.000 s
	InternalPubSubGcsService.grpc_client.GcsSubscriberCommandBatch - 1 total (0 active), CPU time: mean = 234.303 us, total = 234.303 us
	InternalPubSubGcsService.grpc_client.GcsSubscriberPoll - 1 total (1 active), CPU time: mean = 0.000 s, total = 0.000 s
	NodeInfoGcsService.grpc_client.GetAllNodeInfo - 1 total (1 active), CPU time: mean = 0.000 s, total = 0.000 s
	WorkerInfoGcsService.grpc_client.AddWorkerInfo - 1 total (0 active), CPU time: mean = 32.200 us, total = 32.200 us
	GcsClient.deadline_timer.check_gcs_connection - 1 total (1 active), CPU time: mean = 0.000 s, total = 0.000 s
	CoreWorker.deadline_timer.flush_profiling_events - 1 total (1 active), CPU time: mean = 0.000 s, total = 0.000 s
	NodeManagerService.grpc_client.ReportWorkerBacklog - 1 total (1 active), CPU time: mean = 0.000 s, total = 0.000 s


[2022-06-16 22:15:10,759 I 22812 23385] accessor.cc:599: Received notification for node id = 5362b08c08075f2f5bd7b1d3e1df0d75415293f6ede64c2d4cee5e5c, IsAlive = 1
[2022-06-16 22:15:11,230 I 22812 22812] direct_actor_task_submitter.cc:33: Set max pending calls to -1 for actor b850a7c981d703a8b76df5f10a000000
[2022-06-16 22:15:11,230 I 22812 22812] direct_actor_task_submitter.cc:217: Connecting to actor b850a7c981d703a8b76df5f10a000000 at worker fa5cd30599ea72cff00e20a75ec7da14c8cc9092710eb5c5d1c8c0fe
[2022-06-16 22:15:11,230 I 22812 22812] core_worker.cc:2317: Creating actor: b850a7c981d703a8b76df5f10a000000
[2022-06-16 22:16:10,750 I 22812 23385] core_worker.cc:494: Event stats:


Global stats: 863 total (8 active)
Queueing time: mean = 31.269 ms, max = 2.576 s, min = -0.025 s, total = 26.985 s
Execution time:  mean = 7.290 ms, total = 6.292 s
Event stats:
	UNKNOWN - 642 total (5 active, 1 running), CPU time: mean = 4.562 ms, total = 2.929 s
	GcsClient.deadline_timer.check_gcs_connection - 55 total (1 active), CPU time: mean = 17.076 ms, total = 939.161 ms
	CoreWorker.deadline_timer.flush_profiling_events - 55 total (1 active), CPU time: mean = 5.544 ms, total = 304.942 ms
	NodeManagerService.grpc_client.ReportWorkerBacklog - 55 total (0 active), CPU time: mean = 6.947 us, total = 382.111 us
	CoreWorkerService.grpc_server.GetCoreWorkerStats - 44 total (0 active), CPU time: mean = 48.010 ms, total = 2.112 s
	PeriodicalRunner.RunFnPeriodically - 7 total (0 active), CPU time: mean = 802.980 us, total = 5.621 ms
	InternalPubSubGcsService.grpc_client.GcsSubscriberCommandBatch - 1 total (0 active), CPU time: mean = 234.303 us, total = 234.303 us
	InternalPubSubGcsService.grpc_client.GcsSubscriberPoll - 1 total (1 active), CPU time: mean = 0.000 s, total = 0.000 s
	NodeInfoGcsService.grpc_client.GetAllNodeInfo - 1 total (0 active), CPU time: mean = 42.230 us, total = 42.230 us
	CoreWorkerService.grpc_server.PushTask - 1 total (0 active), CPU time: mean = 50.087 us, total = 50.087 us
	WorkerInfoGcsService.grpc_client.AddWorkerInfo - 1 total (0 active), CPU time: mean = 32.200 us, total = 32.200 us


[2022-06-16 22:16:17,326 I 22812 22812] direct_actor_transport.cc:144: Actor creation task finished, task_id: ffffffffffffffffb850a7c981d703a8b76df5f10a000000, actor_id: b850a7c981d703a8b76df5f10a000000
[2022-06-16 22:16:26,586 I 22812 23385] core_worker.cc:3086: Force kill actor request has received. exiting immediately...
[2022-06-16 22:16:26,586 I 22812 23385] core_worker.cc:591: Disconnecting to the raylet.
[2022-06-16 22:16:26,586 I 22812 23385] raylet_client.cc:162: RayletClient::Disconnect, exit_type=INTENDED_EXIT, has creation_task_exception_pb_bytes=0
