[2022-06-16 22:53:25,756 I 66283 66283] core_worker_process.cc:120: Constructing CoreWorkerProcess. pid: 66283
[2022-06-16 22:53:26,115 I 66283 66283] grpc_server.cc:105: worker server started, listening on port 10083.
[2022-06-16 22:53:26,118 I 66283 66283] core_worker.cc:175: Initializing worker at address: 10.140.1.24:10083, worker ID 00cecf342b514f6acebc2911079f2470e5d7fee5321eef62f0453ecd, raylet 5362b08c08075f2f5bd7b1d3e1df0d75415293f6ede64c2d4cee5e5c
[2022-06-16 22:53:26,118 I 66283 67215] gcs_server_address_updater.cc:32: GCS Server updater thread id: 139804507354880
[2022-06-16 22:53:26,316 I 66283 66283] io_service_pool.cc:35: IOServicePool is running with 1 io_service.
[2022-06-16 22:53:26,372 I 66283 67247] core_worker.cc:494: Event stats:


Global stats: 17 total (11 active)
Queueing time: mean = 23.852 ms, max = 97.643 ms, min = 572.808 us, total = 405.492 ms
Execution time:  mean = 18.805 us, total = 319.680 us
Event stats:
	PeriodicalRunner.RunFnPeriodically - 7 total (2 active, 1 running), CPU time: mean = 18.914 us, total = 132.398 us
	UNKNOWN - 3 total (3 active), CPU time: mean = 0.000 s, total = 0.000 s
	CoreWorker.deadline_timer.flush_profiling_events - 1 total (1 active), CPU time: mean = 0.000 s, total = 0.000 s
	NodeInfoGcsService.grpc_client.GetAllNodeInfo - 1 total (1 active), CPU time: mean = 0.000 s, total = 0.000 s
	NodeManagerService.grpc_client.ReportWorkerBacklog - 1 total (1 active), CPU time: mean = 0.000 s, total = 0.000 s
	GcsClient.deadline_timer.check_gcs_connection - 1 total (1 active), CPU time: mean = 0.000 s, total = 0.000 s
	WorkerInfoGcsService.grpc_client.AddWorkerInfo - 1 total (1 active), CPU time: mean = 0.000 s, total = 0.000 s
	InternalPubSubGcsService.grpc_client.GcsSubscriberCommandBatch - 1 total (0 active), CPU time: mean = 187.282 us, total = 187.282 us
	InternalPubSubGcsService.grpc_client.GcsSubscriberPoll - 1 total (1 active), CPU time: mean = 0.000 s, total = 0.000 s


[2022-06-16 22:53:26,372 I 66283 67247] accessor.cc:599: Received notification for node id = 5362b08c08075f2f5bd7b1d3e1df0d75415293f6ede64c2d4cee5e5c, IsAlive = 1
[2022-06-16 22:53:26,892 I 66283 66283] direct_actor_task_submitter.cc:33: Set max pending calls to -1 for actor 5bb16e511cc164131afffb5a0e000000
[2022-06-16 22:53:26,892 I 66283 66283] direct_actor_task_submitter.cc:217: Connecting to actor 5bb16e511cc164131afffb5a0e000000 at worker 00cecf342b514f6acebc2911079f2470e5d7fee5321eef62f0453ecd
[2022-06-16 22:53:26,892 I 66283 66283] core_worker.cc:2317: Creating actor: 5bb16e511cc164131afffb5a0e000000
[2022-06-16 22:54:29,692 I 66283 67247] core_worker.cc:494: Event stats:


Global stats: 905 total (10 active)
Queueing time: mean = 16.299 ms, max = 1.383 s, min = -0.035 s, total = 14.750 s
Execution time:  mean = 7.506 ms, total = 6.793 s
Event stats:
	UNKNOWN - 673 total (5 active, 1 running), CPU time: mean = 8.033 ms, total = 5.406 s
	CoreWorker.deadline_timer.flush_profiling_events - 58 total (1 active), CPU time: mean = 5.369 ms, total = 311.428 ms
	NodeManagerService.grpc_client.ReportWorkerBacklog - 58 total (1 active), CPU time: mean = 6.311 us, total = 366.024 us
	GcsClient.deadline_timer.check_gcs_connection - 58 total (1 active), CPU time: mean = 802.591 us, total = 46.550 ms
	CoreWorkerService.grpc_server.GetCoreWorkerStats - 46 total (1 active), CPU time: mean = 21.137 ms, total = 972.304 ms
	PeriodicalRunner.RunFnPeriodically - 7 total (0 active), CPU time: mean = 7.954 ms, total = 55.681 ms
	NodeInfoGcsService.grpc_client.GetAllNodeInfo - 1 total (0 active), CPU time: mean = 36.954 us, total = 36.954 us
	CoreWorkerService.grpc_server.PushTask - 1 total (0 active), CPU time: mean = 92.244 us, total = 92.244 us
	WorkerInfoGcsService.grpc_client.AddWorkerInfo - 1 total (0 active), CPU time: mean = 13.156 us, total = 13.156 us
	InternalPubSubGcsService.grpc_client.GcsSubscriberCommandBatch - 1 total (0 active), CPU time: mean = 187.282 us, total = 187.282 us
	InternalPubSubGcsService.grpc_client.GcsSubscriberPoll - 1 total (1 active), CPU time: mean = 0.000 s, total = 0.000 s


[2022-06-16 22:54:33,475 I 66283 66283] direct_actor_transport.cc:144: Actor creation task finished, task_id: ffffffffffffffff5bb16e511cc164131afffb5a0e000000, actor_id: 5bb16e511cc164131afffb5a0e000000
[2022-06-16 22:55:30,040 I 66283 67247] core_worker.cc:494: Event stats:


Global stats: 1716 total (8 active)
Queueing time: mean = 36.830 ms, max = 5.034 s, min = -0.035 s, total = 63.200 s
Execution time:  mean = 9.758 ms, total = 16.745 s
Event stats:
	UNKNOWN - 1279 total (5 active, 1 running), CPU time: mean = 9.020 ms, total = 11.537 s
	CoreWorker.deadline_timer.flush_profiling_events - 111 total (1 active), CPU time: mean = 25.145 ms, total = 2.791 s
	GcsClient.deadline_timer.check_gcs_connection - 111 total (1 active), CPU time: mean = 1.053 ms, total = 116.847 ms
	NodeManagerService.grpc_client.ReportWorkerBacklog - 110 total (0 active), CPU time: mean = 6.486 us, total = 713.434 us
	CoreWorkerService.grpc_server.GetCoreWorkerStats - 87 total (0 active), CPU time: mean = 24.690 ms, total = 2.148 s
	PeriodicalRunner.RunFnPeriodically - 7 total (0 active), CPU time: mean = 7.954 ms, total = 55.681 ms
	StatsGcsService.grpc_client.AddProfileData - 4 total (0 active), CPU time: mean = 5.010 ms, total = 20.039 ms
	CoreWorkerService.grpc_server.PushTask - 2 total (0 active), CPU time: mean = 15.353 ms, total = 30.707 ms
	NodeInfoGcsService.grpc_client.GetAllNodeInfo - 1 total (0 active), CPU time: mean = 36.954 us, total = 36.954 us
	WorkerInfoGcsService.grpc_client.AddWorkerInfo - 1 total (0 active), CPU time: mean = 13.156 us, total = 13.156 us
	InternalPubSubGcsService.grpc_client.GcsSubscriberCommandBatch - 1 total (0 active), CPU time: mean = 187.282 us, total = 187.282 us
	CoreWorkerService.grpc_server.DirectActorCallArgWaitComplete - 1 total (0 active), CPU time: mean = 45.136 ms, total = 45.136 ms
	InternalPubSubGcsService.grpc_client.GcsSubscriberPoll - 1 total (1 active), CPU time: mean = 0.000 s, total = 0.000 s


[2022-06-16 22:55:35,964 I 66283 67247] core_worker.cc:3086: Force kill actor request has received. exiting immediately...
[2022-06-16 22:55:35,964 I 66283 67247] core_worker.cc:591: Disconnecting to the raylet.
[2022-06-16 22:55:35,964 I 66283 67247] raylet_client.cc:162: RayletClient::Disconnect, exit_type=INTENDED_EXIT, has creation_task_exception_pb_bytes=0
