[2022-06-16 22:08:16,107 I 15905 15905] core_worker_process.cc:120: Constructing CoreWorkerProcess. pid: 15905
[2022-06-16 22:08:17,278 I 15905 15905] grpc_server.cc:105: worker server started, listening on port 10042.
[2022-06-16 22:08:17,281 I 15905 15905] core_worker.cc:175: Initializing worker at address: 10.140.1.24:10042, worker ID 2fe6833761a6ddfa111440f6e6397a68f7ecfaf024bff339bad7f092, raylet 5362b08c08075f2f5bd7b1d3e1df0d75415293f6ede64c2d4cee5e5c
[2022-06-16 22:08:17,281 I 15905 16963] gcs_server_address_updater.cc:32: GCS Server updater thread id: 140644869728000
[2022-06-16 22:08:17,547 I 15905 15905] io_service_pool.cc:35: IOServicePool is running with 1 io_service.
[2022-06-16 22:08:17,581 I 15905 16976] core_worker.cc:494: Event stats:


Global stats: 17 total (10 active)
Queueing time: mean = 39.929 ms, max = 161.438 ms, min = 20.352 ms, total = 678.791 ms
Execution time:  mean = 20.724 us, total = 352.307 us
Event stats:
	PeriodicalRunner.RunFnPeriodically - 7 total (2 active, 1 running), CPU time: mean = 21.715 us, total = 152.008 us
	UNKNOWN - 3 total (3 active), CPU time: mean = 0.000 s, total = 0.000 s
	NodeManagerService.grpc_client.ReportWorkerBacklog - 1 total (1 active), CPU time: mean = 0.000 s, total = 0.000 s
	InternalPubSubGcsService.grpc_client.GcsSubscriberPoll - 1 total (1 active), CPU time: mean = 0.000 s, total = 0.000 s
	InternalPubSubGcsService.grpc_client.GcsSubscriberCommandBatch - 1 total (0 active), CPU time: mean = 183.176 us, total = 183.176 us
	WorkerInfoGcsService.grpc_client.AddWorkerInfo - 1 total (0 active), CPU time: mean = 17.123 us, total = 17.123 us
	GcsClient.deadline_timer.check_gcs_connection - 1 total (1 active), CPU time: mean = 0.000 s, total = 0.000 s
	NodeInfoGcsService.grpc_client.GetAllNodeInfo - 1 total (1 active), CPU time: mean = 0.000 s, total = 0.000 s
	CoreWorker.deadline_timer.flush_profiling_events - 1 total (1 active), CPU time: mean = 0.000 s, total = 0.000 s


[2022-06-16 22:08:17,581 I 15905 16976] accessor.cc:599: Received notification for node id = 5362b08c08075f2f5bd7b1d3e1df0d75415293f6ede64c2d4cee5e5c, IsAlive = 1
[2022-06-16 22:08:18,314 I 15905 15905] direct_actor_task_submitter.cc:33: Set max pending calls to -1 for actor 75627e54740d05ec302947a308000000
[2022-06-16 22:08:18,314 I 15905 15905] direct_actor_task_submitter.cc:217: Connecting to actor 75627e54740d05ec302947a308000000 at worker 2fe6833761a6ddfa111440f6e6397a68f7ecfaf024bff339bad7f092
[2022-06-16 22:08:18,314 I 15905 15905] core_worker.cc:2317: Creating actor: 75627e54740d05ec302947a308000000
[2022-06-16 22:09:17,829 I 15905 16976] core_worker.cc:494: Event stats:


Global stats: 879 total (9 active)
Queueing time: mean = 24.566 ms, max = 3.510 s, min = -0.012 s, total = 21.593 s
Execution time:  mean = 5.812 ms, total = 5.109 s
Event stats:
	UNKNOWN - 654 total (5 active, 1 running), CPU time: mean = 4.581 ms, total = 2.996 s
	GcsClient.deadline_timer.check_gcs_connection - 56 total (1 active), CPU time: mean = 13.705 ms, total = 767.507 ms
	CoreWorker.deadline_timer.flush_profiling_events - 56 total (1 active), CPU time: mean = 6.135 ms, total = 343.538 ms
	NodeManagerService.grpc_client.ReportWorkerBacklog - 55 total (1 active), CPU time: mean = 1.288 ms, total = 70.818 ms
	CoreWorkerService.grpc_server.GetCoreWorkerStats - 46 total (0 active), CPU time: mean = 19.055 ms, total = 876.549 ms
	PeriodicalRunner.RunFnPeriodically - 7 total (0 active), CPU time: mean = 4.765 ms, total = 33.354 ms
	InternalPubSubGcsService.grpc_client.GcsSubscriberPoll - 1 total (1 active), CPU time: mean = 0.000 s, total = 0.000 s
	InternalPubSubGcsService.grpc_client.GcsSubscriberCommandBatch - 1 total (0 active), CPU time: mean = 183.176 us, total = 183.176 us
	WorkerInfoGcsService.grpc_client.AddWorkerInfo - 1 total (0 active), CPU time: mean = 17.123 us, total = 17.123 us
	CoreWorkerService.grpc_server.PushTask - 1 total (0 active), CPU time: mean = 20.517 ms, total = 20.517 ms
	NodeInfoGcsService.grpc_client.GetAllNodeInfo - 1 total (0 active), CPU time: mean = 39.792 us, total = 39.792 us


[2022-06-16 22:09:36,428 I 15905 15905] direct_actor_transport.cc:144: Actor creation task finished, task_id: ffffffffffffffff75627e54740d05ec302947a308000000, actor_id: 75627e54740d05ec302947a308000000
[2022-06-16 22:09:46,549 I 15905 16976] core_worker.cc:3086: Force kill actor request has received. exiting immediately...
[2022-06-16 22:09:46,549 I 15905 16976] core_worker.cc:591: Disconnecting to the raylet.
[2022-06-16 22:09:46,549 I 15905 16976] raylet_client.cc:162: RayletClient::Disconnect, exit_type=INTENDED_EXIT, has creation_task_exception_pb_bytes=0
