[2022-06-16 23:33:10,874 I 111279 111279] core_worker_process.cc:120: Constructing CoreWorkerProcess. pid: 111279
[2022-06-16 23:33:11,962 I 111279 111279] grpc_server.cc:105: worker server started, listening on port 10105.
[2022-06-16 23:33:11,965 I 111279 111279] core_worker.cc:175: Initializing worker at address: 10.140.1.24:10105, worker ID 4c030ba15be687abaf9d45f9a81b128e5ccd48482ac6bfc4145b36da, raylet 5362b08c08075f2f5bd7b1d3e1df0d75415293f6ede64c2d4cee5e5c
[2022-06-16 23:33:11,965 I 111279 111913] gcs_server_address_updater.cc:32: GCS Server updater thread id: 140047852488448
[2022-06-16 23:33:12,193 I 111279 111279] io_service_pool.cc:35: IOServicePool is running with 1 io_service.
[2022-06-16 23:33:12,222 I 111279 111934] core_worker.cc:494: Event stats:


Global stats: 17 total (11 active)
Queueing time: mean = 27.623 ms, max = 126.764 ms, min = 20.308 ms, total = 469.585 ms
Execution time:  mean = 19.384 us, total = 329.531 us
Event stats:
	PeriodicalRunner.RunFnPeriodically - 7 total (2 active, 1 running), CPU time: mean = 17.015 us, total = 119.107 us
	UNKNOWN - 3 total (3 active), CPU time: mean = 0.000 s, total = 0.000 s
	GcsClient.deadline_timer.check_gcs_connection - 1 total (1 active), CPU time: mean = 0.000 s, total = 0.000 s
	WorkerInfoGcsService.grpc_client.AddWorkerInfo - 1 total (1 active), CPU time: mean = 0.000 s, total = 0.000 s
	InternalPubSubGcsService.grpc_client.GcsSubscriberCommandBatch - 1 total (0 active), CPU time: mean = 210.424 us, total = 210.424 us
	InternalPubSubGcsService.grpc_client.GcsSubscriberPoll - 1 total (1 active), CPU time: mean = 0.000 s, total = 0.000 s
	CoreWorker.deadline_timer.flush_profiling_events - 1 total (1 active), CPU time: mean = 0.000 s, total = 0.000 s
	NodeInfoGcsService.grpc_client.GetAllNodeInfo - 1 total (1 active), CPU time: mean = 0.000 s, total = 0.000 s
	NodeManagerService.grpc_client.ReportWorkerBacklog - 1 total (1 active), CPU time: mean = 0.000 s, total = 0.000 s


[2022-06-16 23:33:12,238 I 111279 111934] accessor.cc:599: Received notification for node id = 5362b08c08075f2f5bd7b1d3e1df0d75415293f6ede64c2d4cee5e5c, IsAlive = 1
[2022-06-16 23:33:13,137 I 111279 111279] direct_actor_task_submitter.cc:33: Set max pending calls to -1 for actor 9ee24193beb1dc62ce2fa96711000000
[2022-06-16 23:33:13,137 I 111279 111279] direct_actor_task_submitter.cc:217: Connecting to actor 9ee24193beb1dc62ce2fa96711000000 at worker 4c030ba15be687abaf9d45f9a81b128e5ccd48482ac6bfc4145b36da
[2022-06-16 23:33:13,137 I 111279 111279] core_worker.cc:2317: Creating actor: 9ee24193beb1dc62ce2fa96711000000
[2022-06-16 23:34:12,237 I 111279 111934] core_worker.cc:494: Event stats:


Global stats: 914 total (8 active)
Queueing time: mean = 11.922 ms, max = 1.063 s, min = -0.036 s, total = 10.897 s
Execution time:  mean = 3.866 ms, total = 3.533 s
Event stats:
	UNKNOWN - 682 total (5 active, 1 running), CPU time: mean = 3.370 ms, total = 2.298 s
	GcsClient.deadline_timer.check_gcs_connection - 59 total (1 active), CPU time: mean = 1.388 ms, total = 81.893 ms
	CoreWorker.deadline_timer.flush_profiling_events - 59 total (1 active), CPU time: mean = 1.734 ms, total = 102.328 ms
	NodeManagerService.grpc_client.ReportWorkerBacklog - 58 total (0 active), CPU time: mean = 92.835 us, total = 5.384 ms
	CoreWorkerService.grpc_server.GetCoreWorkerStats - 44 total (0 active), CPU time: mean = 22.580 ms, total = 993.508 ms
	PeriodicalRunner.RunFnPeriodically - 7 total (0 active), CPU time: mean = 4.226 ms, total = 29.579 ms
	WorkerInfoGcsService.grpc_client.AddWorkerInfo - 1 total (0 active), CPU time: mean = 13.516 us, total = 13.516 us
	CoreWorkerService.grpc_server.PushTask - 1 total (0 active), CPU time: mean = 22.059 ms, total = 22.059 ms
	InternalPubSubGcsService.grpc_client.GcsSubscriberCommandBatch - 1 total (0 active), CPU time: mean = 210.424 us, total = 210.424 us
	InternalPubSubGcsService.grpc_client.GcsSubscriberPoll - 1 total (1 active), CPU time: mean = 0.000 s, total = 0.000 s
	NodeInfoGcsService.grpc_client.GetAllNodeInfo - 1 total (0 active), CPU time: mean = 44.702 us, total = 44.702 us


[2022-06-16 23:34:13,253 I 111279 111279] direct_actor_transport.cc:144: Actor creation task finished, task_id: ffffffffffffffff9ee24193beb1dc62ce2fa96711000000, actor_id: 9ee24193beb1dc62ce2fa96711000000
[2022-06-16 23:34:22,626 I 111279 111934] core_worker.cc:3086: Force kill actor request has received. exiting immediately...
[2022-06-16 23:34:22,627 I 111279 111934] core_worker.cc:591: Disconnecting to the raylet.
[2022-06-16 23:34:22,627 I 111279 111934] raylet_client.cc:162: RayletClient::Disconnect, exit_type=INTENDED_EXIT, has creation_task_exception_pb_bytes=0
