[2022-06-16 23:12:07,688 I 88141 88141] core_worker_process.cc:120: Constructing CoreWorkerProcess. pid: 88141
[2022-06-16 23:12:07,899 I 88141 88141] grpc_server.cc:105: worker server started, listening on port 10092.
[2022-06-16 23:12:07,902 I 88141 88141] core_worker.cc:175: Initializing worker at address: 10.140.1.24:10092, worker ID 91abf90b5a1b86b6bed2c1453e9c78762a390a7375280c0c78d69d6d, raylet 5362b08c08075f2f5bd7b1d3e1df0d75415293f6ede64c2d4cee5e5c
[2022-06-16 23:12:07,902 I 88141 88861] gcs_server_address_updater.cc:32: GCS Server updater thread id: 140522236655360
[2022-06-16 23:12:08,104 I 88141 88141] io_service_pool.cc:35: IOServicePool is running with 1 io_service.
[2022-06-16 23:12:08,104 I 88141 88875] core_worker.cc:494: Event stats:


Global stats: 17 total (11 active)
Queueing time: mean = 25.066 ms, max = 101.448 ms, min = 321.045 us, total = 426.127 ms
Execution time:  mean = 18.024 us, total = 306.404 us
Event stats:
	PeriodicalRunner.RunFnPeriodically - 7 total (2 active, 1 running), CPU time: mean = 20.360 us, total = 142.518 us
	UNKNOWN - 3 total (3 active), CPU time: mean = 0.000 s, total = 0.000 s
	CoreWorker.deadline_timer.flush_profiling_events - 1 total (1 active), CPU time: mean = 0.000 s, total = 0.000 s
	WorkerInfoGcsService.grpc_client.AddWorkerInfo - 1 total (1 active), CPU time: mean = 0.000 s, total = 0.000 s
	GcsClient.deadline_timer.check_gcs_connection - 1 total (1 active), CPU time: mean = 0.000 s, total = 0.000 s
	NodeManagerService.grpc_client.ReportWorkerBacklog - 1 total (1 active), CPU time: mean = 0.000 s, total = 0.000 s
	InternalPubSubGcsService.grpc_client.GcsSubscriberPoll - 1 total (1 active), CPU time: mean = 0.000 s, total = 0.000 s
	InternalPubSubGcsService.grpc_client.GcsSubscriberCommandBatch - 1 total (0 active), CPU time: mean = 163.886 us, total = 163.886 us
	NodeInfoGcsService.grpc_client.GetAllNodeInfo - 1 total (1 active), CPU time: mean = 0.000 s, total = 0.000 s


[2022-06-16 23:12:08,119 I 88141 88875] accessor.cc:599: Received notification for node id = 5362b08c08075f2f5bd7b1d3e1df0d75415293f6ede64c2d4cee5e5c, IsAlive = 1
[2022-06-16 23:12:08,598 I 88141 88141] direct_actor_task_submitter.cc:33: Set max pending calls to -1 for actor 443ad38b6f5b3708e10dabde0f000000
[2022-06-16 23:12:08,598 I 88141 88141] direct_actor_task_submitter.cc:217: Connecting to actor 443ad38b6f5b3708e10dabde0f000000 at worker 91abf90b5a1b86b6bed2c1453e9c78762a390a7375280c0c78d69d6d
[2022-06-16 23:12:08,598 I 88141 88141] core_worker.cc:2317: Creating actor: 443ad38b6f5b3708e10dabde0f000000
[2022-06-16 23:13:08,221 I 88141 88875] core_worker.cc:494: Event stats:


Global stats: 874 total (8 active)
Queueing time: mean = 27.145 ms, max = 3.240 s, min = -0.000 s, total = 23.725 s
Execution time:  mean = 7.179 ms, total = 6.275 s
Event stats:
	UNKNOWN - 649 total (5 active, 1 running), CPU time: mean = 7.159 ms, total = 4.646 s
	CoreWorker.deadline_timer.flush_profiling_events - 56 total (1 active), CPU time: mean = 3.318 ms, total = 185.801 ms
	GcsClient.deadline_timer.check_gcs_connection - 56 total (1 active), CPU time: mean = 5.359 us, total = 300.077 us
	NodeManagerService.grpc_client.ReportWorkerBacklog - 56 total (0 active), CPU time: mean = 7.550 us, total = 422.820 us
	CoreWorkerService.grpc_server.GetCoreWorkerStats - 45 total (0 active), CPU time: mean = 32.027 ms, total = 1.441 s
	PeriodicalRunner.RunFnPeriodically - 7 total (0 active), CPU time: mean = 61.752 us, total = 432.265 us
	WorkerInfoGcsService.grpc_client.AddWorkerInfo - 1 total (0 active), CPU time: mean = 16.911 us, total = 16.911 us
	InternalPubSubGcsService.grpc_client.GcsSubscriberPoll - 1 total (1 active), CPU time: mean = 0.000 s, total = 0.000 s
	InternalPubSubGcsService.grpc_client.GcsSubscriberCommandBatch - 1 total (0 active), CPU time: mean = 163.886 us, total = 163.886 us
	CoreWorkerService.grpc_server.PushTask - 1 total (0 active), CPU time: mean = 64.956 us, total = 64.956 us
	NodeInfoGcsService.grpc_client.GetAllNodeInfo - 1 total (0 active), CPU time: mean = 51.567 us, total = 51.567 us


[2022-06-16 23:13:35,297 I 88141 88141] direct_actor_transport.cc:144: Actor creation task finished, task_id: ffffffffffffffff443ad38b6f5b3708e10dabde0f000000, actor_id: 443ad38b6f5b3708e10dabde0f000000
[2022-06-16 23:14:10,337 I 88141 88875] core_worker.cc:494: Event stats:


Global stats: 1662 total (8 active)
Queueing time: mean = 39.906 ms, max = 5.676 s, min = -0.013 s, total = 66.324 s
Execution time:  mean = 10.007 ms, total = 16.632 s
Event stats:
	UNKNOWN - 1240 total (5 active, 1 running), CPU time: mean = 10.614 ms, total = 13.161 s
	GcsClient.deadline_timer.check_gcs_connection - 107 total (1 active), CPU time: mean = 614.054 us, total = 65.704 ms
	CoreWorker.deadline_timer.flush_profiling_events - 106 total (1 active), CPU time: mean = 6.916 ms, total = 733.063 ms
	NodeManagerService.grpc_client.ReportWorkerBacklog - 106 total (0 active), CPU time: mean = 7.881 us, total = 835.410 us
	CoreWorkerService.grpc_server.GetCoreWorkerStats - 87 total (0 active), CPU time: mean = 30.697 ms, total = 2.671 s
	PeriodicalRunner.RunFnPeriodically - 7 total (0 active), CPU time: mean = 61.752 us, total = 432.265 us
	StatsGcsService.grpc_client.AddProfileData - 2 total (0 active), CPU time: mean = 34.874 us, total = 69.749 us
	CoreWorkerService.grpc_server.PushTask - 2 total (0 active), CPU time: mean = 65.543 us, total = 131.087 us
	WorkerInfoGcsService.grpc_client.AddWorkerInfo - 1 total (0 active), CPU time: mean = 16.911 us, total = 16.911 us
	InternalPubSubGcsService.grpc_client.GcsSubscriberPoll - 1 total (1 active), CPU time: mean = 0.000 s, total = 0.000 s
	InternalPubSubGcsService.grpc_client.GcsSubscriberCommandBatch - 1 total (0 active), CPU time: mean = 163.886 us, total = 163.886 us
	CoreWorkerService.grpc_server.DirectActorCallArgWaitComplete - 1 total (0 active), CPU time: mean = 44.850 us, total = 44.850 us
	NodeInfoGcsService.grpc_client.GetAllNodeInfo - 1 total (0 active), CPU time: mean = 51.567 us, total = 51.567 us


[2022-06-16 23:14:29,955 I 88141 88875] core_worker.cc:3086: Force kill actor request has received. exiting immediately...
[2022-06-16 23:14:29,955 I 88141 88875] core_worker.cc:591: Disconnecting to the raylet.
[2022-06-16 23:14:29,980 I 88141 88875] raylet_client.cc:162: RayletClient::Disconnect, exit_type=INTENDED_EXIT, has creation_task_exception_pb_bytes=0
