[2022-06-16 22:49:33,121 I 63150 63150] core_worker_process.cc:120: Constructing CoreWorkerProcess. pid: 63150
[2022-06-16 22:49:33,723 I 63150 63150] grpc_server.cc:105: worker server started, listening on port 10077.
[2022-06-16 22:49:33,725 I 63150 63150] core_worker.cc:175: Initializing worker at address: 10.140.1.24:10077, worker ID 320575cfaa72a73e54cd83d232538cb10362e76162a2450f35b22d94, raylet 5362b08c08075f2f5bd7b1d3e1df0d75415293f6ede64c2d4cee5e5c
[2022-06-16 22:49:33,725 I 63150 63679] gcs_server_address_updater.cc:32: GCS Server updater thread id: 140284830672640
[2022-06-16 22:49:33,994 I 63150 63150] io_service_pool.cc:35: IOServicePool is running with 1 io_service.
[2022-06-16 22:49:34,030 I 63150 63699] core_worker.cc:494: Event stats:


Global stats: 17 total (11 active)
Queueing time: mean = 39.757 ms, max = 167.678 ms, min = 351.972 us, total = 675.872 ms
Execution time:  mean = 20.346 us, total = 345.886 us
Event stats:
	PeriodicalRunner.RunFnPeriodically - 7 total (2 active, 1 running), CPU time: mean = 23.324 us, total = 163.266 us
	UNKNOWN - 3 total (3 active), CPU time: mean = 0.000 s, total = 0.000 s
	InternalPubSubGcsService.grpc_client.GcsSubscriberCommandBatch - 1 total (0 active), CPU time: mean = 182.620 us, total = 182.620 us
	InternalPubSubGcsService.grpc_client.GcsSubscriberPoll - 1 total (1 active), CPU time: mean = 0.000 s, total = 0.000 s
	WorkerInfoGcsService.grpc_client.AddWorkerInfo - 1 total (1 active), CPU time: mean = 0.000 s, total = 0.000 s
	NodeManagerService.grpc_client.ReportWorkerBacklog - 1 total (1 active), CPU time: mean = 0.000 s, total = 0.000 s
	GcsClient.deadline_timer.check_gcs_connection - 1 total (1 active), CPU time: mean = 0.000 s, total = 0.000 s
	CoreWorker.deadline_timer.flush_profiling_events - 1 total (1 active), CPU time: mean = 0.000 s, total = 0.000 s
	NodeInfoGcsService.grpc_client.GetAllNodeInfo - 1 total (1 active), CPU time: mean = 0.000 s, total = 0.000 s


[2022-06-16 22:49:34,030 I 63150 63699] accessor.cc:599: Received notification for node id = 5362b08c08075f2f5bd7b1d3e1df0d75415293f6ede64c2d4cee5e5c, IsAlive = 1
[2022-06-16 22:49:34,808 I 63150 63150] direct_actor_task_submitter.cc:33: Set max pending calls to -1 for actor e31e238756a1366bc1ba733e0e000000
[2022-06-16 22:49:34,808 I 63150 63150] direct_actor_task_submitter.cc:217: Connecting to actor e31e238756a1366bc1ba733e0e000000 at worker 320575cfaa72a73e54cd83d232538cb10362e76162a2450f35b22d94
[2022-06-16 22:49:34,808 I 63150 63150] core_worker.cc:2317: Creating actor: e31e238756a1366bc1ba733e0e000000
[2022-06-16 22:50:34,677 I 63150 63699] core_worker.cc:494: Event stats:


Global stats: 936 total (8 active)
Queueing time: mean = 7.222 ms, max = 1.077 s, min = -0.045 s, total = 6.760 s
Execution time:  mean = 2.071 ms, total = 1.939 s
Event stats:
	UNKNOWN - 701 total (5 active, 1 running), CPU time: mean = 1.889 ms, total = 1.324 s
	NodeManagerService.grpc_client.ReportWorkerBacklog - 59 total (0 active), CPU time: mean = 7.368 us, total = 434.736 us
	GcsClient.deadline_timer.check_gcs_connection - 59 total (1 active), CPU time: mean = 347.474 us, total = 20.501 ms
	CoreWorker.deadline_timer.flush_profiling_events - 59 total (1 active), CPU time: mean = 1.408 ms, total = 83.077 ms
	CoreWorkerService.grpc_server.GetCoreWorkerStats - 46 total (0 active), CPU time: mean = 10.301 ms, total = 473.860 ms
	PeriodicalRunner.RunFnPeriodically - 7 total (0 active), CPU time: mean = 5.182 ms, total = 36.273 ms
	InternalPubSubGcsService.grpc_client.GcsSubscriberCommandBatch - 1 total (0 active), CPU time: mean = 182.620 us, total = 182.620 us
	InternalPubSubGcsService.grpc_client.GcsSubscriberPoll - 1 total (1 active), CPU time: mean = 0.000 s, total = 0.000 s
	WorkerInfoGcsService.grpc_client.AddWorkerInfo - 1 total (0 active), CPU time: mean = 14.312 us, total = 14.312 us
	CoreWorkerService.grpc_server.PushTask - 1 total (0 active), CPU time: mean = 107.403 us, total = 107.403 us
	NodeInfoGcsService.grpc_client.GetAllNodeInfo - 1 total (0 active), CPU time: mean = 46.484 us, total = 46.484 us


[2022-06-16 22:51:34,400 I 63150 63150] direct_actor_transport.cc:144: Actor creation task finished, task_id: ffffffffffffffffe31e238756a1366bc1ba733e0e000000, actor_id: e31e238756a1366bc1ba733e0e000000
[2022-06-16 22:51:36,233 I 63150 63699] core_worker.cc:494: Event stats:


Global stats: 1750 total (9 active)
Queueing time: mean = 26.216 ms, max = 3.204 s, min = -0.045 s, total = 45.877 s
Execution time:  mean = 7.614 ms, total = 13.324 s
Event stats:
	UNKNOWN - 1309 total (5 active, 1 running), CPU time: mean = 6.016 ms, total = 7.875 s
	GcsClient.deadline_timer.check_gcs_connection - 113 total (1 active), CPU time: mean = 1.324 ms, total = 149.584 ms
	CoreWorker.deadline_timer.flush_profiling_events - 113 total (1 active), CPU time: mean = 20.035 ms, total = 2.264 s
	NodeManagerService.grpc_client.ReportWorkerBacklog - 112 total (0 active), CPU time: mean = 1.445 ms, total = 161.857 ms
	CoreWorkerService.grpc_server.GetCoreWorkerStats - 89 total (0 active), CPU time: mean = 20.805 ms, total = 1.852 s
	PeriodicalRunner.RunFnPeriodically - 7 total (0 active), CPU time: mean = 5.182 ms, total = 36.273 ms
	InternalPubSubGcsService.grpc_client.GcsSubscriberCommandBatch - 1 total (0 active), CPU time: mean = 182.620 us, total = 182.620 us
	InternalPubSubGcsService.grpc_client.GcsSubscriberPoll - 1 total (1 active), CPU time: mean = 0.000 s, total = 0.000 s
	WorkerInfoGcsService.grpc_client.AddWorkerInfo - 1 total (0 active), CPU time: mean = 14.312 us, total = 14.312 us
	CoreWorkerService.grpc_server.PushTask - 1 total (0 active), CPU time: mean = 107.403 us, total = 107.403 us
	NodeInfoGcsService.grpc_client.GetAllNodeInfo - 1 total (0 active), CPU time: mean = 46.484 us, total = 46.484 us
	StatsGcsService.grpc_client.AddProfileData - 1 total (1 active), CPU time: mean = 0.000 s, total = 0.000 s
	CoreWorkerService.grpc_server.LocalGC - 1 total (0 active), CPU time: mean = 985.134 ms, total = 985.134 ms


[2022-06-16 22:52:26,726 I 63150 63699] core_worker.cc:3086: Force kill actor request has received. exiting immediately...
[2022-06-16 22:52:26,726 I 63150 63699] core_worker.cc:591: Disconnecting to the raylet.
[2022-06-16 22:52:26,726 I 63150 63699] raylet_client.cc:162: RayletClient::Disconnect, exit_type=INTENDED_EXIT, has creation_task_exception_pb_bytes=0
