[2022-06-16 23:28:13,463 I 106104 106104] core_worker_process.cc:120: Constructing CoreWorkerProcess. pid: 106104
[2022-06-16 23:28:13,779 I 106104 106104] grpc_server.cc:105: worker server started, listening on port 10096.
[2022-06-16 23:28:13,782 I 106104 106104] core_worker.cc:175: Initializing worker at address: 10.140.1.24:10096, worker ID 21b4c15cdfafc517d46602b9c7daf185e68105c46a8e0201f1ed6a26, raylet 5362b08c08075f2f5bd7b1d3e1df0d75415293f6ede64c2d4cee5e5c
[2022-06-16 23:28:13,782 I 106104 107189] gcs_server_address_updater.cc:32: GCS Server updater thread id: 140672099141376
[2022-06-16 23:28:13,978 I 106104 106104] io_service_pool.cc:35: IOServicePool is running with 1 io_service.
[2022-06-16 23:28:14,018 I 106104 107211] core_worker.cc:494: Event stats:


Global stats: 17 total (11 active)
Queueing time: mean = 22.563 ms, max = 95.762 ms, min = 392.422 us, total = 383.564 ms
Execution time:  mean = 21.752 us, total = 369.791 us
Event stats:
	PeriodicalRunner.RunFnPeriodically - 7 total (2 active, 1 running), CPU time: mean = 24.135 us, total = 168.945 us
	UNKNOWN - 3 total (3 active), CPU time: mean = 0.000 s, total = 0.000 s
	NodeManagerService.grpc_client.ReportWorkerBacklog - 1 total (1 active), CPU time: mean = 0.000 s, total = 0.000 s
	GcsClient.deadline_timer.check_gcs_connection - 1 total (1 active), CPU time: mean = 0.000 s, total = 0.000 s
	CoreWorker.deadline_timer.flush_profiling_events - 1 total (1 active), CPU time: mean = 0.000 s, total = 0.000 s
	InternalPubSubGcsService.grpc_client.GcsSubscriberCommandBatch - 1 total (0 active), CPU time: mean = 200.846 us, total = 200.846 us
	InternalPubSubGcsService.grpc_client.GcsSubscriberPoll - 1 total (1 active), CPU time: mean = 0.000 s, total = 0.000 s
	NodeInfoGcsService.grpc_client.GetAllNodeInfo - 1 total (1 active), CPU time: mean = 0.000 s, total = 0.000 s
	WorkerInfoGcsService.grpc_client.AddWorkerInfo - 1 total (1 active), CPU time: mean = 0.000 s, total = 0.000 s


[2022-06-16 23:28:14,034 I 106104 107211] accessor.cc:599: Received notification for node id = 5362b08c08075f2f5bd7b1d3e1df0d75415293f6ede64c2d4cee5e5c, IsAlive = 1
[2022-06-16 23:28:14,419 I 106104 106104] direct_actor_task_submitter.cc:33: Set max pending calls to -1 for actor 03e44b06b024b8201eeced7910000000
[2022-06-16 23:28:14,424 I 106104 106104] direct_actor_task_submitter.cc:217: Connecting to actor 03e44b06b024b8201eeced7910000000 at worker 21b4c15cdfafc517d46602b9c7daf185e68105c46a8e0201f1ed6a26
[2022-06-16 23:28:14,424 I 106104 106104] core_worker.cc:2317: Creating actor: 03e44b06b024b8201eeced7910000000
[2022-06-16 23:29:14,102 I 106104 107211] core_worker.cc:494: Event stats:


Global stats: 920 total (8 active)
Queueing time: mean = 10.474 ms, max = 1.065 s, min = -0.018 s, total = 9.636 s
Execution time:  mean = 3.638 ms, total = 3.347 s
Event stats:
	UNKNOWN - 684 total (5 active, 1 running), CPU time: mean = 2.974 ms, total = 2.034 s
	GcsClient.deadline_timer.check_gcs_connection - 59 total (1 active), CPU time: mean = 868.321 us, total = 51.231 ms
	CoreWorker.deadline_timer.flush_profiling_events - 59 total (1 active), CPU time: mean = 2.720 ms, total = 160.508 ms
	NodeManagerService.grpc_client.ReportWorkerBacklog - 58 total (0 active), CPU time: mean = 6.789 us, total = 393.757 us
	CoreWorkerService.grpc_server.GetCoreWorkerStats - 48 total (0 active), CPU time: mean = 22.087 ms, total = 1.060 s
	PeriodicalRunner.RunFnPeriodically - 7 total (0 active), CPU time: mean = 5.699 ms, total = 39.895 ms
	CoreWorkerService.grpc_server.PushTask - 1 total (0 active), CPU time: mean = 44.958 us, total = 44.958 us
	InternalPubSubGcsService.grpc_client.GcsSubscriberCommandBatch - 1 total (0 active), CPU time: mean = 200.846 us, total = 200.846 us
	InternalPubSubGcsService.grpc_client.GcsSubscriberPoll - 1 total (1 active), CPU time: mean = 0.000 s, total = 0.000 s
	NodeInfoGcsService.grpc_client.GetAllNodeInfo - 1 total (0 active), CPU time: mean = 44.263 us, total = 44.263 us
	WorkerInfoGcsService.grpc_client.AddWorkerInfo - 1 total (0 active), CPU time: mean = 13.554 us, total = 13.554 us


[2022-06-16 23:29:17,115 I 106104 106104] direct_actor_transport.cc:144: Actor creation task finished, task_id: ffffffffffffffff03e44b06b024b8201eeced7910000000, actor_id: 03e44b06b024b8201eeced7910000000
[2022-06-16 23:29:27,384 I 106104 107211] core_worker.cc:3086: Force kill actor request has received. exiting immediately...
[2022-06-16 23:29:27,384 I 106104 107211] core_worker.cc:591: Disconnecting to the raylet.
[2022-06-16 23:29:27,385 I 106104 107211] raylet_client.cc:162: RayletClient::Disconnect, exit_type=INTENDED_EXIT, has creation_task_exception_pb_bytes=0
