[2022-06-16 22:22:17,322 I 29714 29714] core_worker_process.cc:120: Constructing CoreWorkerProcess. pid: 29714
[2022-06-16 22:22:18,194 I 29714 29714] grpc_server.cc:105: worker server started, listening on port 10061.
[2022-06-16 22:22:18,196 I 29714 29714] core_worker.cc:175: Initializing worker at address: 10.140.1.24:10061, worker ID 8f803318a8bb99e16e7c625b24bf94a841d6c2ce9bfc3d2e06419904, raylet 5362b08c08075f2f5bd7b1d3e1df0d75415293f6ede64c2d4cee5e5c
[2022-06-16 22:22:18,196 I 29714 30499] gcs_server_address_updater.cc:32: GCS Server updater thread id: 140526389012224
[2022-06-16 22:22:18,653 I 29714 29714] io_service_pool.cc:35: IOServicePool is running with 1 io_service.
[2022-06-16 22:22:18,668 I 29714 30517] core_worker.cc:494: Event stats:


Global stats: 17 total (10 active)
Queueing time: mean = 106.762 ms, max = 355.429 ms, min = 20.322 ms, total = 1.815 s
Execution time:  mean = 24.917 us, total = 423.581 us
Event stats:
	PeriodicalRunner.RunFnPeriodically - 7 total (2 active, 1 running), CPU time: mean = 25.287 us, total = 177.010 us
	UNKNOWN - 3 total (3 active), CPU time: mean = 0.000 s, total = 0.000 s
	InternalPubSubGcsService.grpc_client.GcsSubscriberPoll - 1 total (1 active), CPU time: mean = 0.000 s, total = 0.000 s
	NodeManagerService.grpc_client.ReportWorkerBacklog - 1 total (1 active), CPU time: mean = 0.000 s, total = 0.000 s
	InternalPubSubGcsService.grpc_client.GcsSubscriberCommandBatch - 1 total (0 active), CPU time: mean = 227.527 us, total = 227.527 us
	WorkerInfoGcsService.grpc_client.AddWorkerInfo - 1 total (0 active), CPU time: mean = 19.044 us, total = 19.044 us
	NodeInfoGcsService.grpc_client.GetAllNodeInfo - 1 total (1 active), CPU time: mean = 0.000 s, total = 0.000 s
	CoreWorker.deadline_timer.flush_profiling_events - 1 total (1 active), CPU time: mean = 0.000 s, total = 0.000 s
	GcsClient.deadline_timer.check_gcs_connection - 1 total (1 active), CPU time: mean = 0.000 s, total = 0.000 s


[2022-06-16 22:22:18,668 I 29714 30517] accessor.cc:599: Received notification for node id = 5362b08c08075f2f5bd7b1d3e1df0d75415293f6ede64c2d4cee5e5c, IsAlive = 1
[2022-06-16 22:22:19,359 I 29714 29714] direct_actor_task_submitter.cc:33: Set max pending calls to -1 for actor 842425b37f541219baedeefb0b000000
[2022-06-16 22:22:19,359 I 29714 29714] direct_actor_task_submitter.cc:217: Connecting to actor 842425b37f541219baedeefb0b000000 at worker 8f803318a8bb99e16e7c625b24bf94a841d6c2ce9bfc3d2e06419904
[2022-06-16 22:22:19,359 I 29714 29714] core_worker.cc:2317: Creating actor: 842425b37f541219baedeefb0b000000
[2022-06-16 22:23:21,611 I 29714 30517] core_worker.cc:494: Event stats:


Global stats: 891 total (9 active)
Queueing time: mean = 29.934 ms, max = 3.355 s, min = -0.066 s, total = 26.671 s
Execution time:  mean = 8.295 ms, total = 7.391 s
Event stats:
	UNKNOWN - 661 total (5 active, 1 running), CPU time: mean = 8.798 ms, total = 5.815 s
	CoreWorker.deadline_timer.flush_profiling_events - 58 total (1 active), CPU time: mean = 8.139 ms, total = 472.062 ms
	GcsClient.deadline_timer.check_gcs_connection - 58 total (1 active), CPU time: mean = 957.843 us, total = 55.555 ms
	NodeManagerService.grpc_client.ReportWorkerBacklog - 57 total (1 active), CPU time: mean = 5.192 us, total = 295.919 us
	CoreWorkerService.grpc_server.GetCoreWorkerStats - 45 total (0 active), CPU time: mean = 22.603 ms, total = 1.017 s
	PeriodicalRunner.RunFnPeriodically - 7 total (0 active), CPU time: mean = 2.149 ms, total = 15.041 ms
	InternalPubSubGcsService.grpc_client.GcsSubscriberPoll - 1 total (1 active), CPU time: mean = 0.000 s, total = 0.000 s
	InternalPubSubGcsService.grpc_client.GcsSubscriberCommandBatch - 1 total (0 active), CPU time: mean = 227.527 us, total = 227.527 us
	WorkerInfoGcsService.grpc_client.AddWorkerInfo - 1 total (0 active), CPU time: mean = 19.044 us, total = 19.044 us
	NodeInfoGcsService.grpc_client.GetAllNodeInfo - 1 total (0 active), CPU time: mean = 38.053 us, total = 38.053 us
	CoreWorkerService.grpc_server.PushTask - 1 total (0 active), CPU time: mean = 15.057 ms, total = 15.057 ms


[2022-06-16 22:23:31,834 I 29714 29714] direct_actor_transport.cc:144: Actor creation task finished, task_id: ffffffffffffffff842425b37f541219baedeefb0b000000, actor_id: 842425b37f541219baedeefb0b000000
[2022-06-16 22:24:21,949 I 29714 30517] core_worker.cc:494: Event stats:


Global stats: 1742 total (8 active)
Queueing time: mean = 33.407 ms, max = 4.327 s, min = -0.066 s, total = 58.196 s
Execution time:  mean = 8.448 ms, total = 14.716 s
Event stats:
	UNKNOWN - 1301 total (5 active, 1 running), CPU time: mean = 8.102 ms, total = 10.541 s
	CoreWorker.deadline_timer.flush_profiling_events - 112 total (1 active), CPU time: mean = 9.237 ms, total = 1.035 s
	GcsClient.deadline_timer.check_gcs_connection - 112 total (1 active), CPU time: mean = 811.445 us, total = 90.882 ms
	NodeManagerService.grpc_client.ReportWorkerBacklog - 111 total (0 active), CPU time: mean = 744.640 us, total = 82.655 ms
	CoreWorkerService.grpc_server.GetCoreWorkerStats - 88 total (0 active), CPU time: mean = 32.285 ms, total = 2.841 s
	PeriodicalRunner.RunFnPeriodically - 7 total (0 active), CPU time: mean = 2.149 ms, total = 15.041 ms
	StatsGcsService.grpc_client.AddProfileData - 4 total (0 active), CPU time: mean = 12.564 ms, total = 50.256 ms
	CoreWorkerService.grpc_server.PushTask - 2 total (0 active), CPU time: mean = 15.302 ms, total = 30.604 ms
	CoreWorkerService.grpc_server.DirectActorCallArgWaitComplete - 1 total (0 active), CPU time: mean = 30.084 ms, total = 30.084 ms
	InternalPubSubGcsService.grpc_client.GcsSubscriberPoll - 1 total (1 active), CPU time: mean = 0.000 s, total = 0.000 s
	InternalPubSubGcsService.grpc_client.GcsSubscriberCommandBatch - 1 total (0 active), CPU time: mean = 227.527 us, total = 227.527 us
	WorkerInfoGcsService.grpc_client.AddWorkerInfo - 1 total (0 active), CPU time: mean = 19.044 us, total = 19.044 us
	NodeInfoGcsService.grpc_client.GetAllNodeInfo - 1 total (0 active), CPU time: mean = 38.053 us, total = 38.053 us


[2022-06-16 22:24:31,825 I 29714 30517] core_worker.cc:3086: Force kill actor request has received. exiting immediately...
[2022-06-16 22:24:31,825 I 29714 30517] core_worker.cc:591: Disconnecting to the raylet.
[2022-06-16 22:24:31,855 I 29714 30517] raylet_client.cc:162: RayletClient::Disconnect, exit_type=INTENDED_EXIT, has creation_task_exception_pb_bytes=0
