[2022-06-16 23:28:13,463 I 106103 106103] core_worker_process.cc:120: Constructing CoreWorkerProcess. pid: 106103
[2022-06-16 23:28:13,779 I 106103 106103] grpc_server.cc:105: worker server started, listening on port 10099.
[2022-06-16 23:28:13,782 I 106103 106103] core_worker.cc:175: Initializing worker at address: 10.140.1.24:10099, worker ID cd930a641fbb8c484a57c7eb3f31316094758774ca6e6c12b43a7f14, raylet 5362b08c08075f2f5bd7b1d3e1df0d75415293f6ede64c2d4cee5e5c
[2022-06-16 23:28:13,782 I 106103 107188] gcs_server_address_updater.cc:32: GCS Server updater thread id: 140280359524096
[2022-06-16 23:28:13,978 I 106103 106103] io_service_pool.cc:35: IOServicePool is running with 1 io_service.
[2022-06-16 23:28:14,018 I 106103 107210] core_worker.cc:494: Event stats:


Global stats: 17 total (11 active)
Queueing time: mean = 22.565 ms, max = 95.778 ms, min = 397.624 us, total = 383.607 ms
Execution time:  mean = 23.517 us, total = 399.790 us
Event stats:
	PeriodicalRunner.RunFnPeriodically - 7 total (2 active, 1 running), CPU time: mean = 28.307 us, total = 198.150 us
	UNKNOWN - 3 total (3 active), CPU time: mean = 0.000 s, total = 0.000 s
	InternalPubSubGcsService.grpc_client.GcsSubscriberCommandBatch - 1 total (0 active), CPU time: mean = 201.640 us, total = 201.640 us
	WorkerInfoGcsService.grpc_client.AddWorkerInfo - 1 total (1 active), CPU time: mean = 0.000 s, total = 0.000 s
	InternalPubSubGcsService.grpc_client.GcsSubscriberPoll - 1 total (1 active), CPU time: mean = 0.000 s, total = 0.000 s
	NodeInfoGcsService.grpc_client.GetAllNodeInfo - 1 total (1 active), CPU time: mean = 0.000 s, total = 0.000 s
	NodeManagerService.grpc_client.ReportWorkerBacklog - 1 total (1 active), CPU time: mean = 0.000 s, total = 0.000 s
	GcsClient.deadline_timer.check_gcs_connection - 1 total (1 active), CPU time: mean = 0.000 s, total = 0.000 s
	CoreWorker.deadline_timer.flush_profiling_events - 1 total (1 active), CPU time: mean = 0.000 s, total = 0.000 s


[2022-06-16 23:28:14,034 I 106103 107210] accessor.cc:599: Received notification for node id = 5362b08c08075f2f5bd7b1d3e1df0d75415293f6ede64c2d4cee5e5c, IsAlive = 1
[2022-06-16 23:28:14,419 I 106103 106103] direct_actor_task_submitter.cc:33: Set max pending calls to -1 for actor c1e9fc67be1ec9e6d718fde310000000
[2022-06-16 23:28:14,424 I 106103 106103] direct_actor_task_submitter.cc:217: Connecting to actor c1e9fc67be1ec9e6d718fde310000000 at worker cd930a641fbb8c484a57c7eb3f31316094758774ca6e6c12b43a7f14
[2022-06-16 23:28:14,424 I 106103 106103] core_worker.cc:2317: Creating actor: c1e9fc67be1ec9e6d718fde310000000
[2022-06-16 23:29:14,102 I 106103 107210] core_worker.cc:494: Event stats:


Global stats: 920 total (8 active)
Queueing time: mean = 10.474 ms, max = 1.065 s, min = -0.018 s, total = 9.636 s
Execution time:  mean = 3.643 ms, total = 3.352 s
Event stats:
	UNKNOWN - 684 total (5 active, 1 running), CPU time: mean = 2.981 ms, total = 2.039 s
	GcsClient.deadline_timer.check_gcs_connection - 59 total (1 active), CPU time: mean = 868.087 us, total = 51.217 ms
	CoreWorker.deadline_timer.flush_profiling_events - 59 total (1 active), CPU time: mean = 2.721 ms, total = 160.510 ms
	NodeManagerService.grpc_client.ReportWorkerBacklog - 58 total (0 active), CPU time: mean = 8.068 us, total = 467.949 us
	CoreWorkerService.grpc_server.GetCoreWorkerStats - 48 total (0 active), CPU time: mean = 22.091 ms, total = 1.060 s
	PeriodicalRunner.RunFnPeriodically - 7 total (0 active), CPU time: mean = 5.698 ms, total = 39.885 ms
	InternalPubSubGcsService.grpc_client.GcsSubscriberCommandBatch - 1 total (0 active), CPU time: mean = 201.640 us, total = 201.640 us
	WorkerInfoGcsService.grpc_client.AddWorkerInfo - 1 total (0 active), CPU time: mean = 18.859 us, total = 18.859 us
	InternalPubSubGcsService.grpc_client.GcsSubscriberPoll - 1 total (1 active), CPU time: mean = 0.000 s, total = 0.000 s
	CoreWorkerService.grpc_server.PushTask - 1 total (0 active), CPU time: mean = 49.514 us, total = 49.514 us
	NodeInfoGcsService.grpc_client.GetAllNodeInfo - 1 total (0 active), CPU time: mean = 51.357 us, total = 51.357 us


[2022-06-16 23:29:17,115 I 106103 106103] direct_actor_transport.cc:144: Actor creation task finished, task_id: ffffffffffffffffc1e9fc67be1ec9e6d718fde310000000, actor_id: c1e9fc67be1ec9e6d718fde310000000
[2022-06-16 23:29:27,384 I 106103 107210] core_worker.cc:3086: Force kill actor request has received. exiting immediately...
[2022-06-16 23:29:27,384 I 106103 107210] core_worker.cc:591: Disconnecting to the raylet.
[2022-06-16 23:29:27,384 I 106103 107210] raylet_client.cc:162: RayletClient::Disconnect, exit_type=INTENDED_EXIT, has creation_task_exception_pb_bytes=0
