[2022-06-16 21:48:10,624 I 123792 123792] core_worker_process.cc:120: Constructing CoreWorkerProcess. pid: 123792
[2022-06-16 21:48:12,038 I 123792 123792] grpc_server.cc:105: worker server started, listening on port 10028.
[2022-06-16 21:48:12,041 I 123792 123792] core_worker.cc:175: Initializing worker at address: 10.140.1.24:10028, worker ID 4ae3880761d116f401528f4ca4b29a0d1034f0d8428c8edb6c5d2db1, raylet 5362b08c08075f2f5bd7b1d3e1df0d75415293f6ede64c2d4cee5e5c
[2022-06-16 21:48:12,041 I 123792 125044] gcs_server_address_updater.cc:32: GCS Server updater thread id: 139755517884160
[2022-06-16 21:48:12,298 I 123792 123792] io_service_pool.cc:35: IOServicePool is running with 1 io_service.
[2022-06-16 21:48:12,324 I 123792 125057] core_worker.cc:494: Event stats:


Global stats: 17 total (10 active)
Queueing time: mean = 44.996 ms, max = 156.435 ms, min = 682.144 us, total = 764.924 ms
Execution time:  mean = 23.184 us, total = 394.134 us
Event stats:
	PeriodicalRunner.RunFnPeriodically - 7 total (2 active, 1 running), CPU time: mean = 24.528 us, total = 171.696 us
	UNKNOWN - 3 total (3 active), CPU time: mean = 0.000 s, total = 0.000 s
	WorkerInfoGcsService.grpc_client.AddWorkerInfo - 1 total (0 active), CPU time: mean = 13.781 us, total = 13.781 us
	NodeInfoGcsService.grpc_client.GetAllNodeInfo - 1 total (1 active), CPU time: mean = 0.000 s, total = 0.000 s
	GcsClient.deadline_timer.check_gcs_connection - 1 total (1 active), CPU time: mean = 0.000 s, total = 0.000 s
	InternalPubSubGcsService.grpc_client.GcsSubscriberPoll - 1 total (1 active), CPU time: mean = 0.000 s, total = 0.000 s
	CoreWorker.deadline_timer.flush_profiling_events - 1 total (1 active), CPU time: mean = 0.000 s, total = 0.000 s
	InternalPubSubGcsService.grpc_client.GcsSubscriberCommandBatch - 1 total (0 active), CPU time: mean = 208.657 us, total = 208.657 us
	NodeManagerService.grpc_client.ReportWorkerBacklog - 1 total (1 active), CPU time: mean = 0.000 s, total = 0.000 s


[2022-06-16 21:48:12,324 I 123792 125057] accessor.cc:599: Received notification for node id = 5362b08c08075f2f5bd7b1d3e1df0d75415293f6ede64c2d4cee5e5c, IsAlive = 1
[2022-06-16 21:48:13,009 I 123792 123792] direct_actor_task_submitter.cc:33: Set max pending calls to -1 for actor 26267c76fde1c4ea6582d35c06000000
[2022-06-16 21:48:13,014 I 123792 123792] direct_actor_task_submitter.cc:217: Connecting to actor 26267c76fde1c4ea6582d35c06000000 at worker 4ae3880761d116f401528f4ca4b29a0d1034f0d8428c8edb6c5d2db1
[2022-06-16 21:48:13,014 I 123792 123792] core_worker.cc:2317: Creating actor: 26267c76fde1c4ea6582d35c06000000
[2022-06-16 21:49:12,675 I 123792 125057] core_worker.cc:494: Event stats:


Global stats: 869 total (11 active)
Queueing time: mean = 23.672 ms, max = 1.831 s, min = -0.095 s, total = 20.571 s
Execution time:  mean = 7.852 ms, total = 6.823 s
Event stats:
	UNKNOWN - 642 total (5 active, 1 running), CPU time: mean = 5.300 ms, total = 3.403 s
	GcsClient.deadline_timer.check_gcs_connection - 58 total (1 active), CPU time: mean = 1.084 ms, total = 62.870 ms
	CoreWorker.deadline_timer.flush_profiling_events - 57 total (1 active), CPU time: mean = 34.070 ms, total = 1.942 s
	NodeManagerService.grpc_client.ReportWorkerBacklog - 57 total (2 active), CPU time: mean = 5.827 us, total = 332.160 us
	CoreWorkerService.grpc_server.GetCoreWorkerStats - 42 total (0 active), CPU time: mean = 33.086 ms, total = 1.390 s
	PeriodicalRunner.RunFnPeriodically - 7 total (0 active), CPU time: mean = 3.618 ms, total = 25.323 ms
	WorkerInfoGcsService.grpc_client.AddWorkerInfo - 1 total (0 active), CPU time: mean = 13.781 us, total = 13.781 us
	CoreWorkerService.grpc_server.PushTask - 1 total (0 active), CPU time: mean = 90.578 us, total = 90.578 us
	StatsGcsService.grpc_client.AddProfileData - 1 total (1 active), CPU time: mean = 0.000 s, total = 0.000 s
	NodeInfoGcsService.grpc_client.GetAllNodeInfo - 1 total (0 active), CPU time: mean = 34.690 us, total = 34.690 us
	InternalPubSubGcsService.grpc_client.GcsSubscriberPoll - 1 total (1 active), CPU time: mean = 0.000 s, total = 0.000 s
	InternalPubSubGcsService.grpc_client.GcsSubscriberCommandBatch - 1 total (0 active), CPU time: mean = 208.657 us, total = 208.657 us


[2022-06-16 21:49:12,845 I 123792 123792] direct_actor_transport.cc:144: Actor creation task finished, task_id: ffffffffffffffff26267c76fde1c4ea6582d35c06000000, actor_id: 26267c76fde1c4ea6582d35c06000000
[2022-06-16 21:50:07,808 I 123792 125057] core_worker.cc:3086: Force kill actor request has received. exiting immediately...
[2022-06-16 21:50:07,996 I 123792 125057] core_worker.cc:591: Disconnecting to the raylet.
[2022-06-16 21:50:08,021 I 123792 125057] raylet_client.cc:162: RayletClient::Disconnect, exit_type=INTENDED_EXIT, has creation_task_exception_pb_bytes=0
