[2022-06-16 23:28:13,463 I 106105 106105] core_worker_process.cc:120: Constructing CoreWorkerProcess. pid: 106105
[2022-06-16 23:28:13,779 I 106105 106105] grpc_server.cc:105: worker server started, listening on port 10098.
[2022-06-16 23:28:13,782 I 106105 106105] core_worker.cc:175: Initializing worker at address: 10.140.1.24:10098, worker ID e65eefd386b3cd1458c3acbcfd72c8bcb56f3b6ef375b3566a64f146, raylet 5362b08c08075f2f5bd7b1d3e1df0d75415293f6ede64c2d4cee5e5c
[2022-06-16 23:28:13,782 I 106105 107194] gcs_server_address_updater.cc:32: GCS Server updater thread id: 140693121001216
[2022-06-16 23:28:13,978 I 106105 106105] io_service_pool.cc:35: IOServicePool is running with 1 io_service.
[2022-06-16 23:28:14,018 I 106105 107207] core_worker.cc:494: Event stats:


Global stats: 17 total (11 active)
Queueing time: mean = 22.549 ms, max = 95.725 ms, min = 380.214 us, total = 383.325 ms
Execution time:  mean = 23.016 us, total = 391.271 us
Event stats:
	PeriodicalRunner.RunFnPeriodically - 7 total (2 active, 1 running), CPU time: mean = 21.212 us, total = 148.486 us
	UNKNOWN - 3 total (3 active), CPU time: mean = 0.000 s, total = 0.000 s
	InternalPubSubGcsService.grpc_client.GcsSubscriberCommandBatch - 1 total (0 active), CPU time: mean = 242.785 us, total = 242.785 us
	InternalPubSubGcsService.grpc_client.GcsSubscriberPoll - 1 total (1 active), CPU time: mean = 0.000 s, total = 0.000 s
	CoreWorker.deadline_timer.flush_profiling_events - 1 total (1 active), CPU time: mean = 0.000 s, total = 0.000 s
	NodeManagerService.grpc_client.ReportWorkerBacklog - 1 total (1 active), CPU time: mean = 0.000 s, total = 0.000 s
	NodeInfoGcsService.grpc_client.GetAllNodeInfo - 1 total (1 active), CPU time: mean = 0.000 s, total = 0.000 s
	WorkerInfoGcsService.grpc_client.AddWorkerInfo - 1 total (1 active), CPU time: mean = 0.000 s, total = 0.000 s
	GcsClient.deadline_timer.check_gcs_connection - 1 total (1 active), CPU time: mean = 0.000 s, total = 0.000 s


[2022-06-16 23:28:14,034 I 106105 107207] accessor.cc:599: Received notification for node id = 5362b08c08075f2f5bd7b1d3e1df0d75415293f6ede64c2d4cee5e5c, IsAlive = 1
[2022-06-16 23:28:14,419 I 106105 106105] direct_actor_task_submitter.cc:33: Set max pending calls to -1 for actor 781c7ab2a3e449f75b3f34d210000000
[2022-06-16 23:28:14,424 I 106105 106105] direct_actor_task_submitter.cc:217: Connecting to actor 781c7ab2a3e449f75b3f34d210000000 at worker e65eefd386b3cd1458c3acbcfd72c8bcb56f3b6ef375b3566a64f146
[2022-06-16 23:28:14,424 I 106105 106105] core_worker.cc:2317: Creating actor: 781c7ab2a3e449f75b3f34d210000000
[2022-06-16 23:29:14,102 I 106105 107207] core_worker.cc:494: Event stats:


Global stats: 920 total (8 active)
Queueing time: mean = 10.447 ms, max = 1.065 s, min = -0.018 s, total = 9.611 s
Execution time:  mean = 3.666 ms, total = 3.373 s
Event stats:
	UNKNOWN - 684 total (5 active, 1 running), CPU time: mean = 3.012 ms, total = 2.060 s
	CoreWorker.deadline_timer.flush_profiling_events - 59 total (1 active), CPU time: mean = 2.721 ms, total = 160.526 ms
	GcsClient.deadline_timer.check_gcs_connection - 59 total (1 active), CPU time: mean = 867.389 us, total = 51.176 ms
	NodeManagerService.grpc_client.ReportWorkerBacklog - 58 total (0 active), CPU time: mean = 7.481 us, total = 433.888 us
	CoreWorkerService.grpc_server.GetCoreWorkerStats - 48 total (0 active), CPU time: mean = 22.088 ms, total = 1.060 s
	PeriodicalRunner.RunFnPeriodically - 7 total (0 active), CPU time: mean = 5.695 ms, total = 39.867 ms
	InternalPubSubGcsService.grpc_client.GcsSubscriberCommandBatch - 1 total (0 active), CPU time: mean = 242.785 us, total = 242.785 us
	InternalPubSubGcsService.grpc_client.GcsSubscriberPoll - 1 total (1 active), CPU time: mean = 0.000 s, total = 0.000 s
	CoreWorkerService.grpc_server.PushTask - 1 total (0 active), CPU time: mean = 47.529 us, total = 47.529 us
	NodeInfoGcsService.grpc_client.GetAllNodeInfo - 1 total (0 active), CPU time: mean = 47.097 us, total = 47.097 us
	WorkerInfoGcsService.grpc_client.AddWorkerInfo - 1 total (0 active), CPU time: mean = 17.090 us, total = 17.090 us


[2022-06-16 23:29:17,115 I 106105 106105] direct_actor_transport.cc:144: Actor creation task finished, task_id: ffffffffffffffff781c7ab2a3e449f75b3f34d210000000, actor_id: 781c7ab2a3e449f75b3f34d210000000
[2022-06-16 23:29:27,384 I 106105 107207] core_worker.cc:3086: Force kill actor request has received. exiting immediately...
[2022-06-16 23:29:27,384 I 106105 107207] core_worker.cc:591: Disconnecting to the raylet.
[2022-06-16 23:29:27,384 I 106105 107207] raylet_client.cc:162: RayletClient::Disconnect, exit_type=INTENDED_EXIT, has creation_task_exception_pb_bytes=0
