[2022-06-16 21:13:50,968 I 92633 92633] core_worker_process.cc:120: Constructing CoreWorkerProcess. pid: 92633
[2022-06-16 21:13:51,724 I 92633 92633] grpc_server.cc:105: worker server started, listening on port 10006.
[2022-06-16 21:13:51,727 I 92633 92633] core_worker.cc:175: Initializing worker at address: 10.140.1.24:10006, worker ID 5f5d2753a64bc06f232cf18752eb3aea6fd2a10a281ef4b54c29ece4, raylet 5362b08c08075f2f5bd7b1d3e1df0d75415293f6ede64c2d4cee5e5c
[2022-06-16 21:13:51,727 I 92633 93169] gcs_server_address_updater.cc:32: GCS Server updater thread id: 140124037834496
[2022-06-16 21:13:51,995 I 92633 92633] io_service_pool.cc:35: IOServicePool is running with 1 io_service.
[2022-06-16 21:13:52,011 I 92633 93178] core_worker.cc:494: Event stats:


Global stats: 17 total (10 active)
Queueing time: mean = 50.512 ms, max = 167.254 ms, min = 361.786 us, total = 858.710 ms
Execution time:  mean = 21.987 us, total = 373.781 us
Event stats:
	PeriodicalRunner.RunFnPeriodically - 7 total (2 active, 1 running), CPU time: mean = 21.557 us, total = 150.898 us
	UNKNOWN - 3 total (3 active), CPU time: mean = 0.000 s, total = 0.000 s
	GcsClient.deadline_timer.check_gcs_connection - 1 total (1 active), CPU time: mean = 0.000 s, total = 0.000 s
	CoreWorker.deadline_timer.flush_profiling_events - 1 total (1 active), CPU time: mean = 0.000 s, total = 0.000 s
	InternalPubSubGcsService.grpc_client.GcsSubscriberCommandBatch - 1 total (0 active), CPU time: mean = 208.225 us, total = 208.225 us
	InternalPubSubGcsService.grpc_client.GcsSubscriberPoll - 1 total (1 active), CPU time: mean = 0.000 s, total = 0.000 s
	NodeManagerService.grpc_client.ReportWorkerBacklog - 1 total (1 active), CPU time: mean = 0.000 s, total = 0.000 s
	WorkerInfoGcsService.grpc_client.AddWorkerInfo - 1 total (0 active), CPU time: mean = 14.658 us, total = 14.658 us
	NodeInfoGcsService.grpc_client.GetAllNodeInfo - 1 total (1 active), CPU time: mean = 0.000 s, total = 0.000 s


[2022-06-16 21:13:52,011 I 92633 93178] accessor.cc:599: Received notification for node id = 5362b08c08075f2f5bd7b1d3e1df0d75415293f6ede64c2d4cee5e5c, IsAlive = 1
[2022-06-16 21:13:52,754 I 92633 92633] direct_actor_task_submitter.cc:33: Set max pending calls to -1 for actor b1612bbf7e10df31449f584a02000000
[2022-06-16 21:13:52,754 I 92633 92633] direct_actor_task_submitter.cc:217: Connecting to actor b1612bbf7e10df31449f584a02000000 at worker 5f5d2753a64bc06f232cf18752eb3aea6fd2a10a281ef4b54c29ece4
[2022-06-16 21:13:52,754 I 92633 92633] core_worker.cc:2317: Creating actor: b1612bbf7e10df31449f584a02000000
[2022-06-16 21:14:52,057 I 92633 93178] core_worker.cc:494: Event stats:


Global stats: 886 total (8 active)
Queueing time: mean = 23.411 ms, max = 1.712 s, min = -0.024 s, total = 20.742 s
Execution time:  mean = 6.485 ms, total = 5.746 s
Event stats:
	UNKNOWN - 655 total (5 active, 1 running), CPU time: mean = 5.938 ms, total = 3.889 s
	GcsClient.deadline_timer.check_gcs_connection - 57 total (1 active), CPU time: mean = 707.910 us, total = 40.351 ms
	CoreWorker.deadline_timer.flush_profiling_events - 57 total (1 active), CPU time: mean = 4.801 ms, total = 273.670 ms
	NodeManagerService.grpc_client.ReportWorkerBacklog - 57 total (0 active), CPU time: mean = 713.438 us, total = 40.666 ms
	CoreWorkerService.grpc_server.GetCoreWorkerStats - 48 total (0 active), CPU time: mean = 30.966 ms, total = 1.486 s
	PeriodicalRunner.RunFnPeriodically - 7 total (0 active), CPU time: mean = 2.230 ms, total = 15.607 ms
	InternalPubSubGcsService.grpc_client.GcsSubscriberCommandBatch - 1 total (0 active), CPU time: mean = 208.225 us, total = 208.225 us
	InternalPubSubGcsService.grpc_client.GcsSubscriberPoll - 1 total (1 active), CPU time: mean = 0.000 s, total = 0.000 s
	CoreWorkerService.grpc_server.PushTask - 1 total (0 active), CPU time: mean = 51.016 us, total = 51.016 us
	WorkerInfoGcsService.grpc_client.AddWorkerInfo - 1 total (0 active), CPU time: mean = 14.658 us, total = 14.658 us
	NodeInfoGcsService.grpc_client.GetAllNodeInfo - 1 total (0 active), CPU time: mean = 39.860 us, total = 39.860 us


[2022-06-16 21:15:15,650 I 92633 92633] direct_actor_transport.cc:144: Actor creation task finished, task_id: ffffffffffffffffb1612bbf7e10df31449f584a02000000, actor_id: b1612bbf7e10df31449f584a02000000
[2022-06-16 21:15:49,103 I 92633 93178] core_worker.cc:3086: Force kill actor request has received. exiting immediately...
[2022-06-16 21:15:49,103 I 92633 93178] core_worker.cc:591: Disconnecting to the raylet.
[2022-06-16 21:15:49,103 I 92633 93178] raylet_client.cc:162: RayletClient::Disconnect, exit_type=INTENDED_EXIT, has creation_task_exception_pb_bytes=0
