[2022-06-16 21:45:40,040 I 121999 121999] core_worker_process.cc:120: Constructing CoreWorkerProcess. pid: 121999
[2022-06-16 21:45:40,222 I 121999 121999] grpc_server.cc:105: worker server started, listening on port 10025.
[2022-06-16 21:45:40,225 I 121999 121999] core_worker.cc:175: Initializing worker at address: 10.140.1.24:10025, worker ID bb89d06883a8cf737d73e8e791bd1744682c7b7471bef8f70deb7141, raylet 5362b08c08075f2f5bd7b1d3e1df0d75415293f6ede64c2d4cee5e5c
[2022-06-16 21:45:40,225 I 121999 122302] gcs_server_address_updater.cc:32: GCS Server updater thread id: 140572165650176
[2022-06-16 21:45:40,409 I 121999 121999] io_service_pool.cc:35: IOServicePool is running with 1 io_service.
[2022-06-16 21:45:40,429 I 121999 122323] core_worker.cc:494: Event stats:


Global stats: 17 total (11 active)
Queueing time: mean = 20.461 ms, max = 83.426 ms, min = 10.065 ms, total = 347.837 ms
Execution time:  mean = 591.113 us, total = 10.049 ms
Event stats:
	PeriodicalRunner.RunFnPeriodically - 7 total (2 active, 1 running), CPU time: mean = 20.548 us, total = 143.836 us
	UNKNOWN - 3 total (3 active), CPU time: mean = 0.000 s, total = 0.000 s
	NodeManagerService.grpc_client.ReportWorkerBacklog - 1 total (1 active), CPU time: mean = 0.000 s, total = 0.000 s
	GcsClient.deadline_timer.check_gcs_connection - 1 total (1 active), CPU time: mean = 0.000 s, total = 0.000 s
	CoreWorker.deadline_timer.flush_profiling_events - 1 total (1 active), CPU time: mean = 0.000 s, total = 0.000 s
	WorkerInfoGcsService.grpc_client.AddWorkerInfo - 1 total (1 active), CPU time: mean = 0.000 s, total = 0.000 s
	InternalPubSubGcsService.grpc_client.GcsSubscriberCommandBatch - 1 total (0 active), CPU time: mean = 9.905 ms, total = 9.905 ms
	InternalPubSubGcsService.grpc_client.GcsSubscriberPoll - 1 total (1 active), CPU time: mean = 0.000 s, total = 0.000 s
	NodeInfoGcsService.grpc_client.GetAllNodeInfo - 1 total (1 active), CPU time: mean = 0.000 s, total = 0.000 s


[2022-06-16 21:45:40,454 I 121999 122323] accessor.cc:599: Received notification for node id = 5362b08c08075f2f5bd7b1d3e1df0d75415293f6ede64c2d4cee5e5c, IsAlive = 1
[2022-06-16 21:45:40,963 I 121999 121999] direct_actor_task_submitter.cc:33: Set max pending calls to -1 for actor 076a56157bf427785503358a06000000
[2022-06-16 21:45:40,963 I 121999 121999] direct_actor_task_submitter.cc:217: Connecting to actor 076a56157bf427785503358a06000000 at worker bb89d06883a8cf737d73e8e791bd1744682c7b7471bef8f70deb7141
[2022-06-16 21:45:40,963 I 121999 121999] core_worker.cc:2317: Creating actor: 076a56157bf427785503358a06000000
[2022-06-16 21:46:39,911 I 121999 121999] direct_actor_transport.cc:144: Actor creation task finished, task_id: ffffffffffffffff076a56157bf427785503358a06000000, actor_id: 076a56157bf427785503358a06000000
[2022-06-16 21:46:40,709 I 121999 122323] core_worker.cc:494: Event stats:


Global stats: 870 total (9 active)
Queueing time: mean = 24.018 ms, max = 3.762 s, min = -0.049 s, total = 20.895 s
Execution time:  mean = 8.180 ms, total = 7.116 s
Event stats:
	UNKNOWN - 645 total (5 active, 1 running), CPU time: mean = 7.031 ms, total = 4.535 s
	GcsClient.deadline_timer.check_gcs_connection - 57 total (1 active), CPU time: mean = 556.394 us, total = 31.714 ms
	CoreWorker.deadline_timer.flush_profiling_events - 57 total (1 active), CPU time: mean = 15.859 ms, total = 903.937 ms
	NodeManagerService.grpc_client.ReportWorkerBacklog - 56 total (0 active), CPU time: mean = 3.322 ms, total = 186.027 ms
	CoreWorkerService.grpc_server.GetCoreWorkerStats - 42 total (0 active), CPU time: mean = 34.275 ms, total = 1.440 s
	PeriodicalRunner.RunFnPeriodically - 7 total (0 active), CPU time: mean = 1.444 ms, total = 10.107 ms
	WorkerInfoGcsService.grpc_client.AddWorkerInfo - 1 total (0 active), CPU time: mean = 18.470 us, total = 18.470 us
	InternalPubSubGcsService.grpc_client.GcsSubscriberCommandBatch - 1 total (0 active), CPU time: mean = 9.905 ms, total = 9.905 ms
	CoreWorkerService.grpc_server.PushTask - 1 total (0 active), CPU time: mean = 68.522 us, total = 68.522 us
	InternalPubSubGcsService.grpc_client.GcsSubscriberPoll - 1 total (1 active), CPU time: mean = 0.000 s, total = 0.000 s
	NodeInfoGcsService.grpc_client.GetAllNodeInfo - 1 total (0 active), CPU time: mean = 52.500 us, total = 52.500 us
	StatsGcsService.grpc_client.AddProfileData - 1 total (1 active), CPU time: mean = 0.000 s, total = 0.000 s


[2022-06-16 21:47:20,274 I 121999 122323] core_worker.cc:3086: Force kill actor request has received. exiting immediately...
[2022-06-16 21:47:20,274 I 121999 122323] core_worker.cc:591: Disconnecting to the raylet.
[2022-06-16 21:47:20,274 I 121999 122323] raylet_client.cc:162: RayletClient::Disconnect, exit_type=INTENDED_EXIT, has creation_task_exception_pb_bytes=0
