[2022-06-16 22:08:16,107 I 15904 15904] core_worker_process.cc:120: Constructing CoreWorkerProcess. pid: 15904
[2022-06-16 22:08:17,278 I 15904 15904] grpc_server.cc:105: worker server started, listening on port 10043.
[2022-06-16 22:08:17,281 I 15904 15904] core_worker.cc:175: Initializing worker at address: 10.140.1.24:10043, worker ID a92c55d8d5e2c482d5112e6f85716152aef541c45841bb8b46889a52, raylet 5362b08c08075f2f5bd7b1d3e1df0d75415293f6ede64c2d4cee5e5c
[2022-06-16 22:08:17,281 I 15904 16962] gcs_server_address_updater.cc:32: GCS Server updater thread id: 140035395417856
[2022-06-16 22:08:17,548 I 15904 15904] io_service_pool.cc:35: IOServicePool is running with 1 io_service.
[2022-06-16 22:08:17,581 I 15904 16978] core_worker.cc:494: Event stats:


Global stats: 17 total (10 active)
Queueing time: mean = 39.939 ms, max = 161.442 ms, min = 20.338 ms, total = 678.960 ms
Execution time:  mean = 20.110 us, total = 341.864 us
Event stats:
	PeriodicalRunner.RunFnPeriodically - 7 total (2 active, 1 running), CPU time: mean = 21.907 us, total = 153.351 us
	UNKNOWN - 3 total (3 active), CPU time: mean = 0.000 s, total = 0.000 s
	NodeInfoGcsService.grpc_client.GetAllNodeInfo - 1 total (1 active), CPU time: mean = 0.000 s, total = 0.000 s
	NodeManagerService.grpc_client.ReportWorkerBacklog - 1 total (1 active), CPU time: mean = 0.000 s, total = 0.000 s
	CoreWorker.deadline_timer.flush_profiling_events - 1 total (1 active), CPU time: mean = 0.000 s, total = 0.000 s
	GcsClient.deadline_timer.check_gcs_connection - 1 total (1 active), CPU time: mean = 0.000 s, total = 0.000 s
	InternalPubSubGcsService.grpc_client.GcsSubscriberCommandBatch - 1 total (0 active), CPU time: mean = 176.872 us, total = 176.872 us
	InternalPubSubGcsService.grpc_client.GcsSubscriberPoll - 1 total (1 active), CPU time: mean = 0.000 s, total = 0.000 s
	WorkerInfoGcsService.grpc_client.AddWorkerInfo - 1 total (0 active), CPU time: mean = 11.641 us, total = 11.641 us


[2022-06-16 22:08:17,581 I 15904 16978] accessor.cc:599: Received notification for node id = 5362b08c08075f2f5bd7b1d3e1df0d75415293f6ede64c2d4cee5e5c, IsAlive = 1
[2022-06-16 22:08:18,314 I 15904 15904] direct_actor_task_submitter.cc:33: Set max pending calls to -1 for actor d0f98a21c01c9055e6f2350c08000000
[2022-06-16 22:08:18,314 I 15904 15904] direct_actor_task_submitter.cc:217: Connecting to actor d0f98a21c01c9055e6f2350c08000000 at worker a92c55d8d5e2c482d5112e6f85716152aef541c45841bb8b46889a52
[2022-06-16 22:08:18,314 I 15904 15904] core_worker.cc:2317: Creating actor: d0f98a21c01c9055e6f2350c08000000
[2022-06-16 22:09:17,829 I 15904 16978] core_worker.cc:494: Event stats:


Global stats: 879 total (9 active)
Queueing time: mean = 24.530 ms, max = 3.510 s, min = -0.012 s, total = 21.562 s
Execution time:  mean = 5.848 ms, total = 5.140 s
Event stats:
	UNKNOWN - 654 total (5 active, 1 running), CPU time: mean = 4.629 ms, total = 3.027 s
	CoreWorker.deadline_timer.flush_profiling_events - 56 total (1 active), CPU time: mean = 6.134 ms, total = 343.522 ms
	GcsClient.deadline_timer.check_gcs_connection - 56 total (1 active), CPU time: mean = 13.705 ms, total = 767.473 ms
	NodeManagerService.grpc_client.ReportWorkerBacklog - 55 total (1 active), CPU time: mean = 1.288 ms, total = 70.813 ms
	CoreWorkerService.grpc_server.GetCoreWorkerStats - 46 total (0 active), CPU time: mean = 19.056 ms, total = 876.570 ms
	PeriodicalRunner.RunFnPeriodically - 7 total (0 active), CPU time: mean = 4.766 ms, total = 33.361 ms
	NodeInfoGcsService.grpc_client.GetAllNodeInfo - 1 total (0 active), CPU time: mean = 40.309 us, total = 40.309 us
	InternalPubSubGcsService.grpc_client.GcsSubscriberCommandBatch - 1 total (0 active), CPU time: mean = 176.872 us, total = 176.872 us
	InternalPubSubGcsService.grpc_client.GcsSubscriberPoll - 1 total (1 active), CPU time: mean = 0.000 s, total = 0.000 s
	CoreWorkerService.grpc_server.PushTask - 1 total (0 active), CPU time: mean = 20.516 ms, total = 20.516 ms
	WorkerInfoGcsService.grpc_client.AddWorkerInfo - 1 total (0 active), CPU time: mean = 11.641 us, total = 11.641 us


[2022-06-16 22:09:36,428 I 15904 15904] direct_actor_transport.cc:144: Actor creation task finished, task_id: ffffffffffffffffd0f98a21c01c9055e6f2350c08000000, actor_id: d0f98a21c01c9055e6f2350c08000000
[2022-06-16 22:09:46,549 I 15904 16978] core_worker.cc:3086: Force kill actor request has received. exiting immediately...
[2022-06-16 22:09:46,549 I 15904 16978] core_worker.cc:591: Disconnecting to the raylet.
[2022-06-16 22:09:46,549 I 15904 16978] raylet_client.cc:162: RayletClient::Disconnect, exit_type=INTENDED_EXIT, has creation_task_exception_pb_bytes=0
