[2022-06-16 21:48:10,624 I 123813 123813] core_worker_process.cc:120: Constructing CoreWorkerProcess. pid: 123813
[2022-06-16 21:48:12,038 I 123813 123813] grpc_server.cc:105: worker server started, listening on port 10030.
[2022-06-16 21:48:12,041 I 123813 123813] core_worker.cc:175: Initializing worker at address: 10.140.1.24:10030, worker ID ee0fb8fe0ebdbec5d3efeeb65cfda4386a075f3d9fd8fb642154f4f1, raylet 5362b08c08075f2f5bd7b1d3e1df0d75415293f6ede64c2d4cee5e5c
[2022-06-16 21:48:12,041 I 123813 125047] gcs_server_address_updater.cc:32: GCS Server updater thread id: 140226169132800
[2022-06-16 21:48:12,298 I 123813 123813] io_service_pool.cc:35: IOServicePool is running with 1 io_service.
[2022-06-16 21:48:12,324 I 123813 125059] core_worker.cc:494: Event stats:


Global stats: 17 total (10 active)
Queueing time: mean = 43.971 ms, max = 156.072 ms, min = 381.859 us, total = 747.510 ms
Execution time:  mean = 21.941 us, total = 373.003 us
Event stats:
	PeriodicalRunner.RunFnPeriodically - 7 total (2 active, 1 running), CPU time: mean = 20.872 us, total = 146.106 us
	UNKNOWN - 3 total (3 active), CPU time: mean = 0.000 s, total = 0.000 s
	WorkerInfoGcsService.grpc_client.AddWorkerInfo - 1 total (0 active), CPU time: mean = 16.318 us, total = 16.318 us
	GcsClient.deadline_timer.check_gcs_connection - 1 total (1 active), CPU time: mean = 0.000 s, total = 0.000 s
	CoreWorker.deadline_timer.flush_profiling_events - 1 total (1 active), CPU time: mean = 0.000 s, total = 0.000 s
	NodeInfoGcsService.grpc_client.GetAllNodeInfo - 1 total (1 active), CPU time: mean = 0.000 s, total = 0.000 s
	InternalPubSubGcsService.grpc_client.GcsSubscriberPoll - 1 total (1 active), CPU time: mean = 0.000 s, total = 0.000 s
	NodeManagerService.grpc_client.ReportWorkerBacklog - 1 total (1 active), CPU time: mean = 0.000 s, total = 0.000 s
	InternalPubSubGcsService.grpc_client.GcsSubscriberCommandBatch - 1 total (0 active), CPU time: mean = 210.579 us, total = 210.579 us


[2022-06-16 21:48:12,324 I 123813 125059] accessor.cc:599: Received notification for node id = 5362b08c08075f2f5bd7b1d3e1df0d75415293f6ede64c2d4cee5e5c, IsAlive = 1
[2022-06-16 21:48:13,009 I 123813 123813] direct_actor_task_submitter.cc:33: Set max pending calls to -1 for actor f535e9857057be3422765cf906000000
[2022-06-16 21:48:13,014 I 123813 123813] direct_actor_task_submitter.cc:217: Connecting to actor f535e9857057be3422765cf906000000 at worker ee0fb8fe0ebdbec5d3efeeb65cfda4386a075f3d9fd8fb642154f4f1
[2022-06-16 21:48:13,014 I 123813 123813] core_worker.cc:2317: Creating actor: f535e9857057be3422765cf906000000
[2022-06-16 21:49:12,675 I 123813 125059] core_worker.cc:494: Event stats:


Global stats: 869 total (11 active)
Queueing time: mean = 23.591 ms, max = 1.831 s, min = -0.100 s, total = 20.501 s
Execution time:  mean = 7.897 ms, total = 6.862 s
Event stats:
	UNKNOWN - 642 total (5 active, 1 running), CPU time: mean = 5.403 ms, total = 3.469 s
	GcsClient.deadline_timer.check_gcs_connection - 58 total (1 active), CPU time: mean = 876.444 us, total = 50.834 ms
	CoreWorker.deadline_timer.flush_profiling_events - 57 total (1 active), CPU time: mean = 34.070 ms, total = 1.942 s
	NodeManagerService.grpc_client.ReportWorkerBacklog - 57 total (2 active), CPU time: mean = 7.570 us, total = 431.470 us
	CoreWorkerService.grpc_server.GetCoreWorkerStats - 42 total (0 active), CPU time: mean = 32.717 ms, total = 1.374 s
	PeriodicalRunner.RunFnPeriodically - 7 total (0 active), CPU time: mean = 3.660 ms, total = 25.623 ms
	WorkerInfoGcsService.grpc_client.AddWorkerInfo - 1 total (0 active), CPU time: mean = 16.318 us, total = 16.318 us
	CoreWorkerService.grpc_server.PushTask - 1 total (0 active), CPU time: mean = 121.763 us, total = 121.763 us
	StatsGcsService.grpc_client.AddProfileData - 1 total (1 active), CPU time: mean = 0.000 s, total = 0.000 s
	NodeInfoGcsService.grpc_client.GetAllNodeInfo - 1 total (0 active), CPU time: mean = 34.530 us, total = 34.530 us
	InternalPubSubGcsService.grpc_client.GcsSubscriberPoll - 1 total (1 active), CPU time: mean = 0.000 s, total = 0.000 s
	InternalPubSubGcsService.grpc_client.GcsSubscriberCommandBatch - 1 total (0 active), CPU time: mean = 210.579 us, total = 210.579 us


[2022-06-16 21:49:12,845 I 123813 123813] direct_actor_transport.cc:144: Actor creation task finished, task_id: fffffffffffffffff535e9857057be3422765cf906000000, actor_id: f535e9857057be3422765cf906000000
[2022-06-16 21:50:07,808 I 123813 125059] core_worker.cc:3086: Force kill actor request has received. exiting immediately...
[2022-06-16 21:50:07,996 I 123813 125059] core_worker.cc:591: Disconnecting to the raylet.
[2022-06-16 21:50:08,021 I 123813 125059] raylet_client.cc:162: RayletClient::Disconnect, exit_type=INTENDED_EXIT, has creation_task_exception_pb_bytes=0
