[2022-06-16 22:49:33,121 I 63155 63155] core_worker_process.cc:120: Constructing CoreWorkerProcess. pid: 63155
[2022-06-16 22:49:33,723 I 63155 63155] grpc_server.cc:105: worker server started, listening on port 10079.
[2022-06-16 22:49:33,725 I 63155 63155] core_worker.cc:175: Initializing worker at address: 10.140.1.24:10079, worker ID 8cad276aca34fac04d47fc1f82db3a09d100195a3591651167a034d5, raylet 5362b08c08075f2f5bd7b1d3e1df0d75415293f6ede64c2d4cee5e5c
[2022-06-16 22:49:33,725 I 63155 63676] gcs_server_address_updater.cc:32: GCS Server updater thread id: 140296817981184
[2022-06-16 22:49:33,994 I 63155 63155] io_service_pool.cc:35: IOServicePool is running with 1 io_service.
[2022-06-16 22:49:34,030 I 63155 63709] core_worker.cc:494: Event stats:


Global stats: 17 total (11 active)
Queueing time: mean = 39.835 ms, max = 167.914 ms, min = 519.204 us, total = 677.193 ms
Execution time:  mean = 17.544 us, total = 298.250 us
Event stats:
	PeriodicalRunner.RunFnPeriodically - 7 total (2 active, 1 running), CPU time: mean = 19.610 us, total = 137.272 us
	UNKNOWN - 3 total (3 active), CPU time: mean = 0.000 s, total = 0.000 s
	WorkerInfoGcsService.grpc_client.AddWorkerInfo - 1 total (1 active), CPU time: mean = 0.000 s, total = 0.000 s
	GcsClient.deadline_timer.check_gcs_connection - 1 total (1 active), CPU time: mean = 0.000 s, total = 0.000 s
	NodeInfoGcsService.grpc_client.GetAllNodeInfo - 1 total (1 active), CPU time: mean = 0.000 s, total = 0.000 s
	InternalPubSubGcsService.grpc_client.GcsSubscriberCommandBatch - 1 total (0 active), CPU time: mean = 160.978 us, total = 160.978 us
	InternalPubSubGcsService.grpc_client.GcsSubscriberPoll - 1 total (1 active), CPU time: mean = 0.000 s, total = 0.000 s
	CoreWorker.deadline_timer.flush_profiling_events - 1 total (1 active), CPU time: mean = 0.000 s, total = 0.000 s
	NodeManagerService.grpc_client.ReportWorkerBacklog - 1 total (1 active), CPU time: mean = 0.000 s, total = 0.000 s


[2022-06-16 22:49:34,030 I 63155 63709] accessor.cc:599: Received notification for node id = 5362b08c08075f2f5bd7b1d3e1df0d75415293f6ede64c2d4cee5e5c, IsAlive = 1
[2022-06-16 22:49:34,808 I 63155 63155] direct_actor_task_submitter.cc:33: Set max pending calls to -1 for actor 366bbb7038b1e51af59f71260e000000
[2022-06-16 22:49:34,808 I 63155 63155] direct_actor_task_submitter.cc:217: Connecting to actor 366bbb7038b1e51af59f71260e000000 at worker 8cad276aca34fac04d47fc1f82db3a09d100195a3591651167a034d5
[2022-06-16 22:49:34,808 I 63155 63155] core_worker.cc:2317: Creating actor: 366bbb7038b1e51af59f71260e000000
[2022-06-16 22:50:34,677 I 63155 63709] core_worker.cc:494: Event stats:


Global stats: 936 total (8 active)
Queueing time: mean = 7.230 ms, max = 1.072 s, min = -0.040 s, total = 6.767 s
Execution time:  mean = 2.085 ms, total = 1.952 s
Event stats:
	UNKNOWN - 701 total (5 active, 1 running), CPU time: mean = 1.901 ms, total = 1.332 s
	GcsClient.deadline_timer.check_gcs_connection - 59 total (1 active), CPU time: mean = 348.400 us, total = 20.556 ms
	CoreWorker.deadline_timer.flush_profiling_events - 59 total (1 active), CPU time: mean = 1.409 ms, total = 83.118 ms
	NodeManagerService.grpc_client.ReportWorkerBacklog - 59 total (0 active), CPU time: mean = 6.753 us, total = 398.449 us
	CoreWorkerService.grpc_server.GetCoreWorkerStats - 46 total (0 active), CPU time: mean = 10.416 ms, total = 479.131 ms
	PeriodicalRunner.RunFnPeriodically - 7 total (0 active), CPU time: mean = 5.150 ms, total = 36.049 ms
	WorkerInfoGcsService.grpc_client.AddWorkerInfo - 1 total (0 active), CPU time: mean = 17.759 us, total = 17.759 us
	NodeInfoGcsService.grpc_client.GetAllNodeInfo - 1 total (0 active), CPU time: mean = 52.516 us, total = 52.516 us
	InternalPubSubGcsService.grpc_client.GcsSubscriberCommandBatch - 1 total (0 active), CPU time: mean = 160.978 us, total = 160.978 us
	InternalPubSubGcsService.grpc_client.GcsSubscriberPoll - 1 total (1 active), CPU time: mean = 0.000 s, total = 0.000 s
	CoreWorkerService.grpc_server.PushTask - 1 total (0 active), CPU time: mean = 64.665 us, total = 64.665 us


[2022-06-16 22:51:34,400 I 63155 63155] direct_actor_transport.cc:144: Actor creation task finished, task_id: ffffffffffffffff366bbb7038b1e51af59f71260e000000, actor_id: 366bbb7038b1e51af59f71260e000000
[2022-06-16 22:51:36,233 I 63155 63709] core_worker.cc:494: Event stats:


Global stats: 1751 total (9 active)
Queueing time: mean = 26.148 ms, max = 3.285 s, min = -0.040 s, total = 45.784 s
Execution time:  mean = 7.611 ms, total = 13.326 s
Event stats:
	UNKNOWN - 1310 total (5 active, 1 running), CPU time: mean = 6.011 ms, total = 7.874 s
	GcsClient.deadline_timer.check_gcs_connection - 113 total (1 active), CPU time: mean = 1.324 ms, total = 149.662 ms
	CoreWorker.deadline_timer.flush_profiling_events - 113 total (1 active), CPU time: mean = 19.996 ms, total = 2.260 s
	NodeManagerService.grpc_client.ReportWorkerBacklog - 112 total (0 active), CPU time: mean = 1.424 ms, total = 159.432 ms
	CoreWorkerService.grpc_server.GetCoreWorkerStats - 89 total (0 active), CPU time: mean = 20.923 ms, total = 1.862 s
	PeriodicalRunner.RunFnPeriodically - 7 total (0 active), CPU time: mean = 5.150 ms, total = 36.049 ms
	WorkerInfoGcsService.grpc_client.AddWorkerInfo - 1 total (0 active), CPU time: mean = 17.759 us, total = 17.759 us
	NodeInfoGcsService.grpc_client.GetAllNodeInfo - 1 total (0 active), CPU time: mean = 52.516 us, total = 52.516 us
	StatsGcsService.grpc_client.AddProfileData - 1 total (1 active), CPU time: mean = 0.000 s, total = 0.000 s
	InternalPubSubGcsService.grpc_client.GcsSubscriberCommandBatch - 1 total (0 active), CPU time: mean = 160.978 us, total = 160.978 us
	InternalPubSubGcsService.grpc_client.GcsSubscriberPoll - 1 total (1 active), CPU time: mean = 0.000 s, total = 0.000 s
	CoreWorkerService.grpc_server.PushTask - 1 total (0 active), CPU time: mean = 64.665 us, total = 64.665 us
	CoreWorkerService.grpc_server.LocalGC - 1 total (0 active), CPU time: mean = 985.130 ms, total = 985.130 ms


[2022-06-16 22:52:26,726 I 63155 63709] core_worker.cc:3086: Force kill actor request has received. exiting immediately...
[2022-06-16 22:52:26,726 I 63155 63709] core_worker.cc:591: Disconnecting to the raylet.
[2022-06-16 22:52:26,726 I 63155 63709] raylet_client.cc:162: RayletClient::Disconnect, exit_type=INTENDED_EXIT, has creation_task_exception_pb_bytes=0
