[2022-06-16 23:28:13,463 I 106106 106106] core_worker_process.cc:120: Constructing CoreWorkerProcess. pid: 106106
[2022-06-16 23:28:13,779 I 106106 106106] grpc_server.cc:105: worker server started, listening on port 10095.
[2022-06-16 23:28:13,782 I 106106 106106] core_worker.cc:175: Initializing worker at address: 10.140.1.24:10095, worker ID 7ab6d98135ccc847b61c626d1a20924957e2d1aab8756db457d23208, raylet 5362b08c08075f2f5bd7b1d3e1df0d75415293f6ede64c2d4cee5e5c
[2022-06-16 23:28:13,782 I 106106 107193] gcs_server_address_updater.cc:32: GCS Server updater thread id: 139654678439680
[2022-06-16 23:28:13,978 I 106106 106106] io_service_pool.cc:35: IOServicePool is running with 1 io_service.
[2022-06-16 23:28:14,018 I 106106 107209] core_worker.cc:494: Event stats:


Global stats: 17 total (11 active)
Queueing time: mean = 22.562 ms, max = 95.773 ms, min = 413.126 us, total = 383.553 ms
Execution time:  mean = 24.112 us, total = 409.906 us
Event stats:
	PeriodicalRunner.RunFnPeriodically - 7 total (2 active, 1 running), CPU time: mean = 27.476 us, total = 192.332 us
	UNKNOWN - 3 total (3 active), CPU time: mean = 0.000 s, total = 0.000 s
	CoreWorker.deadline_timer.flush_profiling_events - 1 total (1 active), CPU time: mean = 0.000 s, total = 0.000 s
	InternalPubSubGcsService.grpc_client.GcsSubscriberCommandBatch - 1 total (0 active), CPU time: mean = 217.574 us, total = 217.574 us
	GcsClient.deadline_timer.check_gcs_connection - 1 total (1 active), CPU time: mean = 0.000 s, total = 0.000 s
	NodeInfoGcsService.grpc_client.GetAllNodeInfo - 1 total (1 active), CPU time: mean = 0.000 s, total = 0.000 s
	InternalPubSubGcsService.grpc_client.GcsSubscriberPoll - 1 total (1 active), CPU time: mean = 0.000 s, total = 0.000 s
	NodeManagerService.grpc_client.ReportWorkerBacklog - 1 total (1 active), CPU time: mean = 0.000 s, total = 0.000 s
	WorkerInfoGcsService.grpc_client.AddWorkerInfo - 1 total (1 active), CPU time: mean = 0.000 s, total = 0.000 s


[2022-06-16 23:28:14,034 I 106106 107209] accessor.cc:599: Received notification for node id = 5362b08c08075f2f5bd7b1d3e1df0d75415293f6ede64c2d4cee5e5c, IsAlive = 1
[2022-06-16 23:28:14,419 I 106106 106106] direct_actor_task_submitter.cc:33: Set max pending calls to -1 for actor 221b7087a6d55c96ae96958110000000
[2022-06-16 23:28:14,424 I 106106 106106] direct_actor_task_submitter.cc:217: Connecting to actor 221b7087a6d55c96ae96958110000000 at worker 7ab6d98135ccc847b61c626d1a20924957e2d1aab8756db457d23208
[2022-06-16 23:28:14,424 I 106106 106106] core_worker.cc:2317: Creating actor: 221b7087a6d55c96ae96958110000000
[2022-06-16 23:29:14,102 I 106106 107209] core_worker.cc:494: Event stats:


Global stats: 920 total (8 active)
Queueing time: mean = 10.447 ms, max = 1.065 s, min = -0.018 s, total = 9.611 s
Execution time:  mean = 3.665 ms, total = 3.372 s
Event stats:
	UNKNOWN - 684 total (5 active, 1 running), CPU time: mean = 3.011 ms, total = 2.059 s
	CoreWorker.deadline_timer.flush_profiling_events - 59 total (1 active), CPU time: mean = 2.721 ms, total = 160.512 ms
	GcsClient.deadline_timer.check_gcs_connection - 59 total (1 active), CPU time: mean = 867.570 us, total = 51.187 ms
	NodeManagerService.grpc_client.ReportWorkerBacklog - 58 total (0 active), CPU time: mean = 7.947 us, total = 460.903 us
	CoreWorkerService.grpc_server.GetCoreWorkerStats - 48 total (0 active), CPU time: mean = 22.089 ms, total = 1.060 s
	PeriodicalRunner.RunFnPeriodically - 7 total (0 active), CPU time: mean = 5.697 ms, total = 39.878 ms
	InternalPubSubGcsService.grpc_client.GcsSubscriberCommandBatch - 1 total (0 active), CPU time: mean = 217.574 us, total = 217.574 us
	CoreWorkerService.grpc_server.PushTask - 1 total (0 active), CPU time: mean = 66.139 us, total = 66.139 us
	NodeInfoGcsService.grpc_client.GetAllNodeInfo - 1 total (0 active), CPU time: mean = 44.735 us, total = 44.735 us
	InternalPubSubGcsService.grpc_client.GcsSubscriberPoll - 1 total (1 active), CPU time: mean = 0.000 s, total = 0.000 s
	WorkerInfoGcsService.grpc_client.AddWorkerInfo - 1 total (0 active), CPU time: mean = 18.539 us, total = 18.539 us


[2022-06-16 23:29:17,115 I 106106 106106] direct_actor_transport.cc:144: Actor creation task finished, task_id: ffffffffffffffff221b7087a6d55c96ae96958110000000, actor_id: 221b7087a6d55c96ae96958110000000
[2022-06-16 23:29:27,384 I 106106 107209] core_worker.cc:3086: Force kill actor request has received. exiting immediately...
[2022-06-16 23:29:27,384 I 106106 107209] core_worker.cc:591: Disconnecting to the raylet.
[2022-06-16 23:29:27,384 I 106106 107209] raylet_client.cc:162: RayletClient::Disconnect, exit_type=INTENDED_EXIT, has creation_task_exception_pb_bytes=0
