[2022-06-16 22:13:31,443 I 20191 20191] core_worker_process.cc:120: Constructing CoreWorkerProcess. pid: 20191
[2022-06-16 22:13:32,203 I 20191 20191] grpc_server.cc:105: driver server started, listening on port 10045.
[2022-06-16 22:13:32,205 I 20191 20191] core_worker.cc:175: Initializing worker at address: 10.140.1.24:10045, worker ID 0a000000ffffffffffffffffffffffffffffffffffffffffffffffff, raylet 5362b08c08075f2f5bd7b1d3e1df0d75415293f6ede64c2d4cee5e5c
[2022-06-16 22:13:32,205 I 20191 21311] gcs_server_address_updater.cc:32: GCS Server updater thread id: 139776380348160
[2022-06-16 22:13:32,488 I 20191 20191] io_service_pool.cc:35: IOServicePool is running with 1 io_service.
[2022-06-16 22:13:32,510 I 20191 21313] core_worker.cc:494: Event stats:


Global stats: 15 total (9 active)
Queueing time: mean = 53.829 ms, max = 181.849 ms, min = 553.068 us, total = 807.441 ms
Execution time:  mean = 20.057 us, total = 300.856 us
Event stats:
	PeriodicalRunner.RunFnPeriodically - 6 total (2 active, 1 running), CPU time: mean = 18.021 us, total = 108.126 us
	UNKNOWN - 2 total (2 active), CPU time: mean = 0.000 s, total = 0.000 s
	NodeInfoGcsService.grpc_client.GetAllNodeInfo - 1 total (1 active), CPU time: mean = 0.000 s, total = 0.000 s
	NodeManagerService.grpc_client.ReportWorkerBacklog - 1 total (1 active), CPU time: mean = 0.000 s, total = 0.000 s
	InternalPubSubGcsService.grpc_client.GcsSubscriberCommandBatch - 1 total (0 active), CPU time: mean = 176.884 us, total = 176.884 us
	WorkerInfoGcsService.grpc_client.AddWorkerInfo - 1 total (0 active), CPU time: mean = 15.846 us, total = 15.846 us
	InternalPubSubGcsService.grpc_client.GcsSubscriberPoll - 1 total (1 active), CPU time: mean = 0.000 s, total = 0.000 s
	CoreWorker.deadline_timer.flush_profiling_events - 1 total (1 active), CPU time: mean = 0.000 s, total = 0.000 s
	GcsClient.deadline_timer.check_gcs_connection - 1 total (1 active), CPU time: mean = 0.000 s, total = 0.000 s


[2022-06-16 22:13:32,510 I 20191 21313] accessor.cc:599: Received notification for node id = 5362b08c08075f2f5bd7b1d3e1df0d75415293f6ede64c2d4cee5e5c, IsAlive = 1
[2022-06-16 22:14:33,050 I 20191 21313] core_worker.cc:494: Event stats:


Global stats: 742 total (8 active)
Queueing time: mean = 45.959 ms, max = 2.716 s, min = -0.037 s, total = 34.101 s
Execution time:  mean = 14.992 ms, total = 11.124 s
Event stats:
	UNKNOWN - 534 total (4 active, 1 running), CPU time: mean = 14.736 ms, total = 7.869 s
	CoreWorker.deadline_timer.flush_profiling_events - 51 total (1 active), CPU time: mean = 19.373 ms, total = 988.033 ms
	GcsClient.deadline_timer.check_gcs_connection - 51 total (1 active), CPU time: mean = 3.356 ms, total = 171.156 ms
	NodeManagerService.grpc_client.ReportWorkerBacklog - 50 total (0 active), CPU time: mean = 5.417 us, total = 270.861 us
	CoreWorkerService.grpc_server.GetCoreWorkerStats - 46 total (1 active), CPU time: mean = 45.075 ms, total = 2.073 s
	PeriodicalRunner.RunFnPeriodically - 6 total (0 active), CPU time: mean = 3.717 ms, total = 22.303 ms
	NodeInfoGcsService.grpc_client.GetAllNodeInfo - 1 total (0 active), CPU time: mean = 26.796 us, total = 26.796 us
	InternalPubSubGcsService.grpc_client.GcsSubscriberCommandBatch - 1 total (0 active), CPU time: mean = 176.884 us, total = 176.884 us
	WorkerInfoGcsService.grpc_client.AddWorkerInfo - 1 total (0 active), CPU time: mean = 15.846 us, total = 15.846 us
	InternalPubSubGcsService.grpc_client.GcsSubscriberPoll - 1 total (1 active), CPU time: mean = 0.000 s, total = 0.000 s


[2022-06-16 22:14:42,794 I 20191 20191] direct_actor_task_submitter.cc:33: Set max pending calls to -1 for actor 9f2bf0e89a06c775481ab0770a000000
[2022-06-16 22:14:43,012 I 20191 20191] direct_actor_task_submitter.cc:33: Set max pending calls to -1 for actor ed80c532076a2dc55abe81f10a000000
[2022-06-16 22:14:43,033 I 20191 20191] direct_actor_task_submitter.cc:33: Set max pending calls to -1 for actor efdf211f46a92d87601b24ba0a000000
[2022-06-16 22:14:43,033 I 20191 20191] direct_actor_task_submitter.cc:33: Set max pending calls to -1 for actor b850a7c981d703a8b76df5f10a000000
[2022-06-16 22:14:43,033 I 20191 20191] direct_actor_task_submitter.cc:33: Set max pending calls to -1 for actor 2ac50aa88c92a9926210439e0a000000
[2022-06-16 22:14:44,421 I 20191 21313] actor_manager.cc:246: received notification on actor, state: DEPENDENCIES_UNREADY, actor_id: efdf211f46a92d87601b24ba0a000000, ip address: , port: 0, worker_id: NIL_ID, raylet_id: NIL_ID, num_restarts: 0, death context type=CONTEXT_NOT_SET
[2022-06-16 22:14:44,431 I 20191 21313] actor_manager.cc:246: received notification on actor, state: DEPENDENCIES_UNREADY, actor_id: b850a7c981d703a8b76df5f10a000000, ip address: , port: 0, worker_id: NIL_ID, raylet_id: NIL_ID, num_restarts: 0, death context type=CONTEXT_NOT_SET
[2022-06-16 22:14:44,431 I 20191 21313] actor_manager.cc:246: received notification on actor, state: DEPENDENCIES_UNREADY, actor_id: 2ac50aa88c92a9926210439e0a000000, ip address: , port: 0, worker_id: NIL_ID, raylet_id: NIL_ID, num_restarts: 0, death context type=CONTEXT_NOT_SET
[2022-06-16 22:14:44,431 I 20191 21313] actor_manager.cc:246: received notification on actor, state: DEPENDENCIES_UNREADY, actor_id: 9f2bf0e89a06c775481ab0770a000000, ip address: , port: 0, worker_id: NIL_ID, raylet_id: NIL_ID, num_restarts: 0, death context type=CONTEXT_NOT_SET
[2022-06-16 22:14:44,441 I 20191 21313] actor_manager.cc:246: received notification on actor, state: DEPENDENCIES_UNREADY, actor_id: ed80c532076a2dc55abe81f10a000000, ip address: , port: 0, worker_id: NIL_ID, raylet_id: NIL_ID, num_restarts: 0, death context type=CONTEXT_NOT_SET
[2022-06-16 22:14:44,449 I 20191 21313] actor_manager.cc:246: received notification on actor, state: DEPENDENCIES_UNREADY, actor_id: efdf211f46a92d87601b24ba0a000000, ip address: , port: 0, worker_id: NIL_ID, raylet_id: NIL_ID, num_restarts: 0, death context type=CONTEXT_NOT_SET
[2022-06-16 22:14:44,449 I 20191 21313] actor_manager.cc:246: received notification on actor, state: DEPENDENCIES_UNREADY, actor_id: b850a7c981d703a8b76df5f10a000000, ip address: , port: 0, worker_id: NIL_ID, raylet_id: NIL_ID, num_restarts: 0, death context type=CONTEXT_NOT_SET
[2022-06-16 22:14:44,449 I 20191 21313] actor_manager.cc:246: received notification on actor, state: DEPENDENCIES_UNREADY, actor_id: 2ac50aa88c92a9926210439e0a000000, ip address: , port: 0, worker_id: NIL_ID, raylet_id: NIL_ID, num_restarts: 0, death context type=CONTEXT_NOT_SET
[2022-06-16 22:14:44,458 I 20191 21313] actor_manager.cc:246: received notification on actor, state: PENDING_CREATION, actor_id: 9f2bf0e89a06c775481ab0770a000000, ip address: , port: 0, worker_id: NIL_ID, raylet_id: NIL_ID, num_restarts: 0, death context type=CONTEXT_NOT_SET
[2022-06-16 22:14:44,494 I 20191 21313] actor_manager.cc:246: received notification on actor, state: PENDING_CREATION, actor_id: ed80c532076a2dc55abe81f10a000000, ip address: , port: 0, worker_id: NIL_ID, raylet_id: NIL_ID, num_restarts: 0, death context type=CONTEXT_NOT_SET
[2022-06-16 22:14:44,494 I 20191 21313] actor_manager.cc:246: received notification on actor, state: PENDING_CREATION, actor_id: efdf211f46a92d87601b24ba0a000000, ip address: , port: 0, worker_id: NIL_ID, raylet_id: NIL_ID, num_restarts: 0, death context type=CONTEXT_NOT_SET
[2022-06-16 22:14:44,494 I 20191 21313] actor_manager.cc:246: received notification on actor, state: PENDING_CREATION, actor_id: b850a7c981d703a8b76df5f10a000000, ip address: , port: 0, worker_id: NIL_ID, raylet_id: NIL_ID, num_restarts: 0, death context type=CONTEXT_NOT_SET
[2022-06-16 22:14:44,494 I 20191 21313] actor_manager.cc:246: received notification on actor, state: PENDING_CREATION, actor_id: 2ac50aa88c92a9926210439e0a000000, ip address: , port: 0, worker_id: NIL_ID, raylet_id: NIL_ID, num_restarts: 0, death context type=CONTEXT_NOT_SET
[2022-06-16 22:15:33,208 I 20191 21313] core_worker.cc:494: Event stats:


Global stats: 1608 total (12 active)
Queueing time: mean = 35.433 ms, max = 2.716 s, min = -0.100 s, total = 56.976 s
Execution time:  mean = 11.261 ms, total = 18.108 s
Event stats:
	UNKNOWN - 1124 total (4 active, 1 running), CPU time: mean = 10.214 ms, total = 11.481 s
	GcsClient.deadline_timer.check_gcs_connection - 108 total (1 active), CPU time: mean = 1.586 ms, total = 171.287 ms
	CoreWorker.deadline_timer.flush_profiling_events - 108 total (1 active), CPU time: mean = 9.869 ms, total = 1.066 s
	NodeManagerService.grpc_client.ReportWorkerBacklog - 107 total (0 active), CPU time: mean = 5.424 us, total = 580.334 us
	CoreWorkerService.grpc_server.GetCoreWorkerStats - 89 total (0 active), CPU time: mean = 50.587 ms, total = 4.502 s
	Subscriber.HandlePublishedMessage_GCS_ACTOR_CHANNEL - 10 total (0 active), CPU time: mean = 10.127 us, total = 101.274 us
	InternalPubSubGcsService.grpc_client.GcsSubscriberPoll - 8 total (1 active), CPU time: mean = 72.362 us, total = 578.896 us
	PeriodicalRunner.RunFnPeriodically - 6 total (0 active), CPU time: mean = 3.717 ms, total = 22.303 ms
	ActorInfoGcsService.grpc_client.CreateActor - 5 total (5 active), CPU time: mean = 0.000 s, total = 0.000 s
	ActorCreator.AsyncRegisterActor - 5 total (0 active), CPU time: mean = 35.084 ms, total = 175.420 ms
	ActorInfoGcsService.grpc_client.GetActorInfo - 5 total (0 active), CPU time: mean = 4.086 ms, total = 20.431 ms
	CoreWorkerService.grpc_server.WaitForActorOutOfScope - 5 total (0 active), CPU time: mean = 4.197 us, total = 20.983 us
	ActorInfoGcsService.grpc_client.RegisterActor - 5 total (0 active), CPU time: mean = 1.673 ms, total = 8.364 ms
	CoreWorkerDirectActorTaskSubmitter::SubmitTask - 5 total (0 active), CPU time: mean = 10.012 ms, total = 50.061 ms
	NodeManagerService.grpc_client.PinObjectIDs - 5 total (0 active), CPU time: mean = 3.049 ms, total = 15.243 ms
	InternalPubSubGcsService.grpc_client.GcsSubscriberCommandBatch - 4 total (0 active), CPU time: mean = 117.108 ms, total = 468.433 ms
	StatsGcsService.grpc_client.AddProfileData - 2 total (0 active), CPU time: mean = 14.278 us, total = 28.557 us
	CoreWorkerService.grpc_server.PubsubCommandBatch - 2 total (0 active), CPU time: mean = 7.437 ms, total = 14.873 ms
	CoreWorkerService.grpc_server.UpdateObjectLocationBatch - 2 total (0 active), CPU time: mean = 44.989 ms, total = 89.977 ms
	CoreWorkerService.grpc_server.PubsubLongPolling - 1 total (0 active), CPU time: mean = 20.953 ms, total = 20.953 ms
	NodeInfoGcsService.grpc_client.GetAllNodeInfo - 1 total (0 active), CPU time: mean = 26.796 us, total = 26.796 us
	WorkerInfoGcsService.grpc_client.AddWorkerInfo - 1 total (0 active), CPU time: mean = 15.846 us, total = 15.846 us


[2022-06-16 22:16:18,840 I 20191 21313] actor_manager.cc:246: received notification on actor, state: ALIVE, actor_id: 2ac50aa88c92a9926210439e0a000000, ip address: 10.140.1.24, port: 10049, worker_id: 7a161aae0ba7562e69df71836c7f51a5b5a132eec25854eae5ac6e2b, raylet_id: 5362b08c08075f2f5bd7b1d3e1df0d75415293f6ede64c2d4cee5e5c, num_restarts: 0, death context type=CONTEXT_NOT_SET
[2022-06-16 22:16:19,157 I 20191 21313] direct_actor_task_submitter.cc:217: Connecting to actor 2ac50aa88c92a9926210439e0a000000 at worker 7a161aae0ba7562e69df71836c7f51a5b5a132eec25854eae5ac6e2b
[2022-06-16 22:16:19,313 I 20191 21313] actor_manager.cc:246: received notification on actor, state: ALIVE, actor_id: ed80c532076a2dc55abe81f10a000000, ip address: 10.140.1.24, port: 10047, worker_id: faa0d8a88f309c4c06e42e05b881e36d6a69aefe9e53f985af3fb1db, raylet_id: 5362b08c08075f2f5bd7b1d3e1df0d75415293f6ede64c2d4cee5e5c, num_restarts: 0, death context type=CONTEXT_NOT_SET
[2022-06-16 22:16:19,313 I 20191 21313] direct_actor_task_submitter.cc:217: Connecting to actor ed80c532076a2dc55abe81f10a000000 at worker faa0d8a88f309c4c06e42e05b881e36d6a69aefe9e53f985af3fb1db
[2022-06-16 22:16:19,313 I 20191 21313] actor_manager.cc:246: received notification on actor, state: ALIVE, actor_id: b850a7c981d703a8b76df5f10a000000, ip address: 10.140.1.24, port: 10050, worker_id: fa5cd30599ea72cff00e20a75ec7da14c8cc9092710eb5c5d1c8c0fe, raylet_id: 5362b08c08075f2f5bd7b1d3e1df0d75415293f6ede64c2d4cee5e5c, num_restarts: 0, death context type=CONTEXT_NOT_SET
[2022-06-16 22:16:19,313 I 20191 21313] direct_actor_task_submitter.cc:217: Connecting to actor b850a7c981d703a8b76df5f10a000000 at worker fa5cd30599ea72cff00e20a75ec7da14c8cc9092710eb5c5d1c8c0fe
[2022-06-16 22:16:19,313 I 20191 21313] actor_manager.cc:246: received notification on actor, state: ALIVE, actor_id: efdf211f46a92d87601b24ba0a000000, ip address: 10.140.1.24, port: 10048, worker_id: 65ba1c1f285b079eb52a6df957e4db5a53ed9805e27d2ef9ad81013c, raylet_id: 5362b08c08075f2f5bd7b1d3e1df0d75415293f6ede64c2d4cee5e5c, num_restarts: 0, death context type=CONTEXT_NOT_SET
[2022-06-16 22:16:19,313 I 20191 21313] direct_actor_task_submitter.cc:217: Connecting to actor efdf211f46a92d87601b24ba0a000000 at worker 65ba1c1f285b079eb52a6df957e4db5a53ed9805e27d2ef9ad81013c
[2022-06-16 22:16:19,313 I 20191 21313] actor_manager.cc:246: received notification on actor, state: ALIVE, actor_id: 9f2bf0e89a06c775481ab0770a000000, ip address: 10.140.1.24, port: 10046, worker_id: 7227f06cb66d969ba168159127a4de56dc327c25ae7f00031bed10ab, raylet_id: 5362b08c08075f2f5bd7b1d3e1df0d75415293f6ede64c2d4cee5e5c, num_restarts: 0, death context type=CONTEXT_NOT_SET
[2022-06-16 22:16:19,313 I 20191 21313] direct_actor_task_submitter.cc:217: Connecting to actor 9f2bf0e89a06c775481ab0770a000000 at worker 7227f06cb66d969ba168159127a4de56dc327c25ae7f00031bed10ab
[2022-06-16 22:16:26,283 I 20191 20191] core_worker.cc:591: Disconnecting to the raylet.
[2022-06-16 22:16:26,283 I 20191 20191] raylet_client.cc:162: RayletClient::Disconnect, exit_type=INTENDED_EXIT, has creation_task_exception_pb_bytes=0
[2022-06-16 22:16:26,283 I 20191 20191] core_worker.cc:539: Shutting down a core worker.
[2022-06-16 22:16:26,283 I 20191 20191] core_worker.cc:563: Disconnecting a GCS client.
[2022-06-16 22:16:26,283 I 20191 20191] core_worker.cc:567: Waiting for joining a core worker io thread. If it hangs here, there might be deadlock or a high load in the core worker io service.
[2022-06-16 22:16:26,283 I 20191 21313] core_worker.cc:679: Core worker main io service stopped.
[2022-06-16 22:16:26,284 I 20191 20191] core_worker.cc:576: Core worker ready to be deallocated.
[2022-06-16 22:16:26,292 I 20191 20191] core_worker_process.cc:298: Removed worker 0a000000ffffffffffffffffffffffffffffffffffffffffffffffff
[2022-06-16 22:16:26,313 I 20191 20191] core_worker.cc:530: Core worker is destructed
[2022-06-16 22:16:26,575 I 20191 20191] core_worker_process.cc:154: Destructing CoreWorkerProcessImpl. pid: 20191
[2022-06-16 22:16:26,575 I 20191 20191] io_service_pool.cc:47: IOServicePool is stopped.
