[2022-06-16 22:03:43,195 I 11768 11768] core_worker_process.cc:120: Constructing CoreWorkerProcess. pid: 11768
[2022-06-16 22:03:44,895 I 11768 11768] grpc_server.cc:105: worker server started, listening on port 10035.
[2022-06-16 22:03:44,897 I 11768 11768] core_worker.cc:175: Initializing worker at address: 10.140.1.24:10035, worker ID 74eac77f383970c7cee81b94013bb252bba43e0418f7a47c945e8c3b, raylet 5362b08c08075f2f5bd7b1d3e1df0d75415293f6ede64c2d4cee5e5c
[2022-06-16 22:03:44,897 I 11768 12145] gcs_server_address_updater.cc:32: GCS Server updater thread id: 139725184677632
[2022-06-16 22:03:45,174 I 11768 11768] io_service_pool.cc:35: IOServicePool is running with 1 io_service.
[2022-06-16 22:03:45,198 I 11768 12183] core_worker.cc:494: Event stats:


Global stats: 17 total (10 active)
Queueing time: mean = 53.060 ms, max = 176.321 ms, min = 10.608 ms, total = 902.012 ms
Execution time:  mean = 20.407 us, total = 346.927 us
Event stats:
	PeriodicalRunner.RunFnPeriodically - 7 total (2 active, 1 running), CPU time: mean = 20.855 us, total = 145.986 us
	UNKNOWN - 3 total (3 active), CPU time: mean = 0.000 s, total = 0.000 s
	GcsClient.deadline_timer.check_gcs_connection - 1 total (1 active), CPU time: mean = 0.000 s, total = 0.000 s
	InternalPubSubGcsService.grpc_client.GcsSubscriberCommandBatch - 1 total (0 active), CPU time: mean = 184.149 us, total = 184.149 us
	InternalPubSubGcsService.grpc_client.GcsSubscriberPoll - 1 total (1 active), CPU time: mean = 0.000 s, total = 0.000 s
	CoreWorker.deadline_timer.flush_profiling_events - 1 total (1 active), CPU time: mean = 0.000 s, total = 0.000 s
	WorkerInfoGcsService.grpc_client.AddWorkerInfo - 1 total (0 active), CPU time: mean = 16.792 us, total = 16.792 us
	NodeManagerService.grpc_client.ReportWorkerBacklog - 1 total (1 active), CPU time: mean = 0.000 s, total = 0.000 s
	NodeInfoGcsService.grpc_client.GetAllNodeInfo - 1 total (1 active), CPU time: mean = 0.000 s, total = 0.000 s


[2022-06-16 22:03:45,198 I 11768 12183] accessor.cc:599: Received notification for node id = 5362b08c08075f2f5bd7b1d3e1df0d75415293f6ede64c2d4cee5e5c, IsAlive = 1
[2022-06-16 22:03:46,017 I 11768 11768] direct_actor_task_submitter.cc:33: Set max pending calls to -1 for actor 03626b4be32ace58eda2e97207000000
[2022-06-16 22:03:46,022 I 11768 11768] direct_actor_task_submitter.cc:217: Connecting to actor 03626b4be32ace58eda2e97207000000 at worker 74eac77f383970c7cee81b94013bb252bba43e0418f7a47c945e8c3b
[2022-06-16 22:03:46,027 I 11768 11768] core_worker.cc:2317: Creating actor: 03626b4be32ace58eda2e97207000000
[2022-06-16 22:04:40,423 I 11768 11768] direct_actor_transport.cc:144: Actor creation task finished, task_id: ffffffffffffffff03626b4be32ace58eda2e97207000000, actor_id: 03626b4be32ace58eda2e97207000000
[2022-06-16 22:04:45,230 I 11768 12183] core_worker.cc:494: Event stats:


Global stats: 898 total (8 active)
Queueing time: mean = 18.841 ms, max = 1.726 s, min = -0.000 s, total = 16.920 s
Execution time:  mean = 5.385 ms, total = 4.836 s
Event stats:
	UNKNOWN - 662 total (5 active, 1 running), CPU time: mean = 4.035 ms, total = 2.671 s
	GcsClient.deadline_timer.check_gcs_connection - 58 total (1 active), CPU time: mean = 1.962 ms, total = 113.783 ms
	CoreWorker.deadline_timer.flush_profiling_events - 57 total (1 active), CPU time: mean = 14.539 ms, total = 828.739 ms
	NodeManagerService.grpc_client.ReportWorkerBacklog - 57 total (0 active), CPU time: mean = 6.258 us, total = 356.706 us
	CoreWorkerService.grpc_server.GetCoreWorkerStats - 48 total (0 active), CPU time: mean = 24.956 ms, total = 1.198 s
	PeriodicalRunner.RunFnPeriodically - 7 total (0 active), CPU time: mean = 3.336 ms, total = 23.350 ms
	CoreWorkerService.grpc_server.PushTask - 2 total (0 active), CPU time: mean = 61.428 us, total = 122.855 us
	StatsGcsService.grpc_client.AddProfileData - 2 total (0 active), CPU time: mean = 19.709 us, total = 39.419 us
	InternalPubSubGcsService.grpc_client.GcsSubscriberCommandBatch - 1 total (0 active), CPU time: mean = 184.149 us, total = 184.149 us
	InternalPubSubGcsService.grpc_client.GcsSubscriberPoll - 1 total (1 active), CPU time: mean = 0.000 s, total = 0.000 s
	WorkerInfoGcsService.grpc_client.AddWorkerInfo - 1 total (0 active), CPU time: mean = 16.792 us, total = 16.792 us
	CoreWorkerService.grpc_server.DirectActorCallArgWaitComplete - 1 total (0 active), CPU time: mean = 58.557 us, total = 58.557 us
	NodeInfoGcsService.grpc_client.GetAllNodeInfo - 1 total (0 active), CPU time: mean = 34.502 us, total = 34.502 us


[2022-06-16 22:04:49,124 I 11768 12183] core_worker.cc:3086: Force kill actor request has received. exiting immediately...
[2022-06-16 22:04:49,124 I 11768 12183] core_worker.cc:591: Disconnecting to the raylet.
[2022-06-16 22:04:49,124 I 11768 12183] raylet_client.cc:162: RayletClient::Disconnect, exit_type=INTENDED_EXIT, has creation_task_exception_pb_bytes=0
