[2022-06-16 23:12:07,771 I 88140 88140] core_worker_process.cc:120: Constructing CoreWorkerProcess. pid: 88140
[2022-06-16 23:12:07,899 I 88140 88140] grpc_server.cc:105: worker server started, listening on port 10093.
[2022-06-16 23:12:07,902 I 88140 88140] core_worker.cc:175: Initializing worker at address: 10.140.1.24:10093, worker ID fec1e752d5d56c7a78be25b1128a9035f2d3180d2f7c1bc83a939da5, raylet 5362b08c08075f2f5bd7b1d3e1df0d75415293f6ede64c2d4cee5e5c
[2022-06-16 23:12:07,902 I 88140 88865] gcs_server_address_updater.cc:32: GCS Server updater thread id: 139707895768832
[2022-06-16 23:12:08,104 I 88140 88140] io_service_pool.cc:35: IOServicePool is running with 1 io_service.
[2022-06-16 23:12:08,104 I 88140 88876] core_worker.cc:494: Event stats:


Global stats: 17 total (11 active)
Queueing time: mean = 25.054 ms, max = 101.326 ms, min = 336.976 us, total = 425.920 ms
Execution time:  mean = 20.210 us, total = 343.570 us
Event stats:
	PeriodicalRunner.RunFnPeriodically - 7 total (2 active, 1 running), CPU time: mean = 19.514 us, total = 136.599 us
	UNKNOWN - 3 total (3 active), CPU time: mean = 0.000 s, total = 0.000 s
	InternalPubSubGcsService.grpc_client.GcsSubscriberCommandBatch - 1 total (0 active), CPU time: mean = 206.971 us, total = 206.971 us
	NodeInfoGcsService.grpc_client.GetAllNodeInfo - 1 total (1 active), CPU time: mean = 0.000 s, total = 0.000 s
	InternalPubSubGcsService.grpc_client.GcsSubscriberPoll - 1 total (1 active), CPU time: mean = 0.000 s, total = 0.000 s
	GcsClient.deadline_timer.check_gcs_connection - 1 total (1 active), CPU time: mean = 0.000 s, total = 0.000 s
	WorkerInfoGcsService.grpc_client.AddWorkerInfo - 1 total (1 active), CPU time: mean = 0.000 s, total = 0.000 s
	NodeManagerService.grpc_client.ReportWorkerBacklog - 1 total (1 active), CPU time: mean = 0.000 s, total = 0.000 s
	CoreWorker.deadline_timer.flush_profiling_events - 1 total (1 active), CPU time: mean = 0.000 s, total = 0.000 s


[2022-06-16 23:12:08,119 I 88140 88876] accessor.cc:599: Received notification for node id = 5362b08c08075f2f5bd7b1d3e1df0d75415293f6ede64c2d4cee5e5c, IsAlive = 1
[2022-06-16 23:12:08,598 I 88140 88140] direct_actor_task_submitter.cc:33: Set max pending calls to -1 for actor b88a513b61b77f30b82e7ae10f000000
[2022-06-16 23:12:08,598 I 88140 88140] direct_actor_task_submitter.cc:217: Connecting to actor b88a513b61b77f30b82e7ae10f000000 at worker fec1e752d5d56c7a78be25b1128a9035f2d3180d2f7c1bc83a939da5
[2022-06-16 23:12:08,598 I 88140 88140] core_worker.cc:2317: Creating actor: b88a513b61b77f30b82e7ae10f000000
[2022-06-16 23:13:08,221 I 88140 88876] core_worker.cc:494: Event stats:


Global stats: 874 total (8 active)
Queueing time: mean = 27.194 ms, max = 3.240 s, min = -0.000 s, total = 23.767 s
Execution time:  mean = 7.130 ms, total = 6.232 s
Event stats:
	UNKNOWN - 649 total (5 active, 1 running), CPU time: mean = 6.985 ms, total = 4.533 s
	GcsClient.deadline_timer.check_gcs_connection - 56 total (1 active), CPU time: mean = 718.923 us, total = 40.260 ms
	NodeManagerService.grpc_client.ReportWorkerBacklog - 56 total (0 active), CPU time: mean = 6.322 us, total = 354.035 us
	CoreWorker.deadline_timer.flush_profiling_events - 56 total (1 active), CPU time: mean = 3.856 ms, total = 215.950 ms
	CoreWorkerService.grpc_server.GetCoreWorkerStats - 45 total (0 active), CPU time: mean = 32.027 ms, total = 1.441 s
	PeriodicalRunner.RunFnPeriodically - 7 total (0 active), CPU time: mean = 55.858 us, total = 391.006 us
	InternalPubSubGcsService.grpc_client.GcsSubscriberCommandBatch - 1 total (0 active), CPU time: mean = 206.971 us, total = 206.971 us
	NodeInfoGcsService.grpc_client.GetAllNodeInfo - 1 total (0 active), CPU time: mean = 38.194 us, total = 38.194 us
	CoreWorkerService.grpc_server.PushTask - 1 total (0 active), CPU time: mean = 106.311 us, total = 106.311 us
	InternalPubSubGcsService.grpc_client.GcsSubscriberPoll - 1 total (1 active), CPU time: mean = 0.000 s, total = 0.000 s
	WorkerInfoGcsService.grpc_client.AddWorkerInfo - 1 total (0 active), CPU time: mean = 15.257 us, total = 15.257 us


[2022-06-16 23:13:35,297 I 88140 88140] direct_actor_transport.cc:144: Actor creation task finished, task_id: ffffffffffffffffb88a513b61b77f30b82e7ae10f000000, actor_id: b88a513b61b77f30b82e7ae10f000000
[2022-06-16 23:14:10,337 I 88140 88876] core_worker.cc:494: Event stats:


Global stats: 1662 total (8 active)
Queueing time: mean = 39.856 ms, max = 5.676 s, min = -0.013 s, total = 66.240 s
Execution time:  mean = 10.058 ms, total = 16.716 s
Event stats:
	UNKNOWN - 1240 total (5 active, 1 running), CPU time: mean = 10.726 ms, total = 13.300 s
	GcsClient.deadline_timer.check_gcs_connection - 107 total (1 active), CPU time: mean = 563.413 us, total = 60.285 ms
	NodeManagerService.grpc_client.ReportWorkerBacklog - 106 total (0 active), CPU time: mean = 7.074 us, total = 749.881 us
	CoreWorker.deadline_timer.flush_profiling_events - 106 total (1 active), CPU time: mean = 6.433 ms, total = 681.944 ms
	CoreWorkerService.grpc_server.GetCoreWorkerStats - 87 total (0 active), CPU time: mean = 30.715 ms, total = 2.672 s
	PeriodicalRunner.RunFnPeriodically - 7 total (0 active), CPU time: mean = 55.858 us, total = 391.006 us
	CoreWorkerService.grpc_server.PushTask - 2 total (0 active), CPU time: mean = 91.227 us, total = 182.454 us
	StatsGcsService.grpc_client.AddProfileData - 2 total (0 active), CPU time: mean = 28.242 us, total = 56.485 us
	InternalPubSubGcsService.grpc_client.GcsSubscriberCommandBatch - 1 total (0 active), CPU time: mean = 206.971 us, total = 206.971 us
	NodeInfoGcsService.grpc_client.GetAllNodeInfo - 1 total (0 active), CPU time: mean = 38.194 us, total = 38.194 us
	InternalPubSubGcsService.grpc_client.GcsSubscriberPoll - 1 total (1 active), CPU time: mean = 0.000 s, total = 0.000 s
	WorkerInfoGcsService.grpc_client.AddWorkerInfo - 1 total (0 active), CPU time: mean = 15.257 us, total = 15.257 us
	CoreWorkerService.grpc_server.DirectActorCallArgWaitComplete - 1 total (0 active), CPU time: mean = 61.354 us, total = 61.354 us


[2022-06-16 23:14:29,955 I 88140 88876] core_worker.cc:3086: Force kill actor request has received. exiting immediately...
[2022-06-16 23:14:29,955 I 88140 88876] core_worker.cc:591: Disconnecting to the raylet.
[2022-06-16 23:14:29,980 I 88140 88876] raylet_client.cc:162: RayletClient::Disconnect, exit_type=INTENDED_EXIT, has creation_task_exception_pb_bytes=0
