[2022-06-16 21:36:35,174 I 112759 112759] core_worker_process.cc:120: Constructing CoreWorkerProcess. pid: 112759
[2022-06-16 21:36:37,449 I 112759 112759] grpc_server.cc:105: worker server started, listening on port 10012.
[2022-06-16 21:36:37,451 I 112759 112759] core_worker.cc:175: Initializing worker at address: 10.140.1.24:10012, worker ID eda3d47221d5f34fbed5efd19a38ba72f29267b0c398ea9ef8058f6e, raylet 5362b08c08075f2f5bd7b1d3e1df0d75415293f6ede64c2d4cee5e5c
[2022-06-16 21:36:37,451 I 112759 113162] gcs_server_address_updater.cc:32: GCS Server updater thread id: 140431488685824
[2022-06-16 21:36:37,685 I 112759 112759] io_service_pool.cc:35: IOServicePool is running with 1 io_service.
[2022-06-16 21:36:37,724 I 112759 113183] core_worker.cc:494: Event stats:


Global stats: 17 total (10 active)
Queueing time: mean = 37.531 ms, max = 132.792 ms, min = 383.699 us, total = 638.031 ms
Execution time:  mean = 23.014 us, total = 391.233 us
Event stats:
	PeriodicalRunner.RunFnPeriodically - 7 total (2 active, 1 running), CPU time: mean = 29.290 us, total = 205.029 us
	UNKNOWN - 3 total (3 active), CPU time: mean = 0.000 s, total = 0.000 s
	WorkerInfoGcsService.grpc_client.AddWorkerInfo - 1 total (0 active), CPU time: mean = 11.995 us, total = 11.995 us
	InternalPubSubGcsService.grpc_client.GcsSubscriberCommandBatch - 1 total (0 active), CPU time: mean = 174.209 us, total = 174.209 us
	NodeInfoGcsService.grpc_client.GetAllNodeInfo - 1 total (1 active), CPU time: mean = 0.000 s, total = 0.000 s
	NodeManagerService.grpc_client.ReportWorkerBacklog - 1 total (1 active), CPU time: mean = 0.000 s, total = 0.000 s
	CoreWorker.deadline_timer.flush_profiling_events - 1 total (1 active), CPU time: mean = 0.000 s, total = 0.000 s
	InternalPubSubGcsService.grpc_client.GcsSubscriberPoll - 1 total (1 active), CPU time: mean = 0.000 s, total = 0.000 s
	GcsClient.deadline_timer.check_gcs_connection - 1 total (1 active), CPU time: mean = 0.000 s, total = 0.000 s


[2022-06-16 21:36:37,724 I 112759 113183] accessor.cc:599: Received notification for node id = 5362b08c08075f2f5bd7b1d3e1df0d75415293f6ede64c2d4cee5e5c, IsAlive = 1
[2022-06-16 21:36:38,231 I 112759 112759] direct_actor_task_submitter.cc:33: Set max pending calls to -1 for actor cbd580fbd486966c9a0f116b04000000
[2022-06-16 21:36:38,231 I 112759 112759] direct_actor_task_submitter.cc:217: Connecting to actor cbd580fbd486966c9a0f116b04000000 at worker eda3d47221d5f34fbed5efd19a38ba72f29267b0c398ea9ef8058f6e
[2022-06-16 21:36:38,231 I 112759 112759] core_worker.cc:2317: Creating actor: cbd580fbd486966c9a0f116b04000000
[2022-06-16 21:37:37,724 I 112759 113183] core_worker.cc:494: Event stats:


Global stats: 903 total (8 active)
Queueing time: mean = 17.037 ms, max = 1.489 s, min = -0.042 s, total = 15.384 s
Execution time:  mean = 4.268 ms, total = 3.854 s
Event stats:
	UNKNOWN - 674 total (5 active, 1 running), CPU time: mean = 3.877 ms, total = 2.613 s
	CoreWorker.deadline_timer.flush_profiling_events - 58 total (1 active), CPU time: mean = 2.432 ms, total = 141.076 ms
	GcsClient.deadline_timer.check_gcs_connection - 58 total (1 active), CPU time: mean = 452.118 us, total = 26.223 ms
	NodeManagerService.grpc_client.ReportWorkerBacklog - 57 total (0 active), CPU time: mean = 7.304 us, total = 416.356 us
	CoreWorkerService.grpc_server.GetCoreWorkerStats - 44 total (0 active), CPU time: mean = 23.494 ms, total = 1.034 s
	PeriodicalRunner.RunFnPeriodically - 7 total (0 active), CPU time: mean = 5.579 ms, total = 39.054 ms
	WorkerInfoGcsService.grpc_client.AddWorkerInfo - 1 total (0 active), CPU time: mean = 11.995 us, total = 11.995 us
	InternalPubSubGcsService.grpc_client.GcsSubscriberCommandBatch - 1 total (0 active), CPU time: mean = 174.209 us, total = 174.209 us
	NodeInfoGcsService.grpc_client.GetAllNodeInfo - 1 total (0 active), CPU time: mean = 39.019 us, total = 39.019 us
	InternalPubSubGcsService.grpc_client.GcsSubscriberPoll - 1 total (1 active), CPU time: mean = 0.000 s, total = 0.000 s
	CoreWorkerService.grpc_server.PushTask - 1 total (0 active), CPU time: mean = 54.835 us, total = 54.835 us


[2022-06-16 21:37:44,412 I 112759 112759] direct_actor_transport.cc:144: Actor creation task finished, task_id: ffffffffffffffffcbd580fbd486966c9a0f116b04000000, actor_id: cbd580fbd486966c9a0f116b04000000
[2022-06-16 21:37:53,287 I 112759 113183] core_worker.cc:3086: Force kill actor request has received. exiting immediately...
[2022-06-16 21:37:53,287 I 112759 113183] core_worker.cc:591: Disconnecting to the raylet.
[2022-06-16 21:37:53,288 I 112759 113183] raylet_client.cc:162: RayletClient::Disconnect, exit_type=INTENDED_EXIT, has creation_task_exception_pb_bytes=0
