[2022-06-16 22:19:39,352 I 27716 27716] core_worker_process.cc:120: Constructing CoreWorkerProcess. pid: 27716
[2022-06-16 22:19:39,467 I 27716 27716] grpc_server.cc:105: worker server started, listening on port 10056.
[2022-06-16 22:19:39,469 I 27716 27716] core_worker.cc:175: Initializing worker at address: 10.140.1.24:10056, worker ID 4507b7988b374f2358ed33727eb6b5661c64960c9c4eba6421c47769, raylet 5362b08c08075f2f5bd7b1d3e1df0d75415293f6ede64c2d4cee5e5c
[2022-06-16 22:19:39,469 I 27716 28023] gcs_server_address_updater.cc:32: GCS Server updater thread id: 140341646702336
[2022-06-16 22:19:39,643 I 27716 27716] io_service_pool.cc:35: IOServicePool is running with 1 io_service.
[2022-06-16 22:19:39,650 I 27716 28053] core_worker.cc:494: Event stats:


Global stats: 17 total (11 active)
Queueing time: mean = 18.892 ms, max = 73.374 ms, min = 578.161 us, total = 321.163 ms
Execution time:  mean = 21.154 us, total = 359.614 us
Event stats:
	PeriodicalRunner.RunFnPeriodically - 7 total (2 active, 1 running), CPU time: mean = 25.042 us, total = 175.295 us
	UNKNOWN - 3 total (3 active), CPU time: mean = 0.000 s, total = 0.000 s
	InternalPubSubGcsService.grpc_client.GcsSubscriberPoll - 1 total (1 active), CPU time: mean = 0.000 s, total = 0.000 s
	NodeManagerService.grpc_client.ReportWorkerBacklog - 1 total (1 active), CPU time: mean = 0.000 s, total = 0.000 s
	WorkerInfoGcsService.grpc_client.AddWorkerInfo - 1 total (1 active), CPU time: mean = 0.000 s, total = 0.000 s
	GcsClient.deadline_timer.check_gcs_connection - 1 total (1 active), CPU time: mean = 0.000 s, total = 0.000 s
	InternalPubSubGcsService.grpc_client.GcsSubscriberCommandBatch - 1 total (0 active), CPU time: mean = 184.319 us, total = 184.319 us
	NodeInfoGcsService.grpc_client.GetAllNodeInfo - 1 total (1 active), CPU time: mean = 0.000 s, total = 0.000 s
	CoreWorker.deadline_timer.flush_profiling_events - 1 total (1 active), CPU time: mean = 0.000 s, total = 0.000 s


[2022-06-16 22:19:39,681 I 27716 28053] accessor.cc:599: Received notification for node id = 5362b08c08075f2f5bd7b1d3e1df0d75415293f6ede64c2d4cee5e5c, IsAlive = 1
[2022-06-16 22:19:40,358 I 27716 27716] direct_actor_task_submitter.cc:33: Set max pending calls to -1 for actor f666292e92acf980c616e4bb0b000000
[2022-06-16 22:19:40,359 I 27716 27716] direct_actor_task_submitter.cc:217: Connecting to actor f666292e92acf980c616e4bb0b000000 at worker 4507b7988b374f2358ed33727eb6b5661c64960c9c4eba6421c47769
[2022-06-16 22:19:40,359 I 27716 27716] core_worker.cc:2317: Creating actor: f666292e92acf980c616e4bb0b000000
[2022-06-16 22:20:35,276 I 27716 27716] direct_actor_transport.cc:144: Actor creation task finished, task_id: fffffffffffffffff666292e92acf980c616e4bb0b000000, actor_id: f666292e92acf980c616e4bb0b000000
[2022-06-16 22:20:39,659 I 27716 28053] core_worker.cc:494: Event stats:


Global stats: 936 total (8 active)
Queueing time: mean = 6.119 ms, max = 1.115 s, min = -0.127 s, total = 5.727 s
Execution time:  mean = 2.596 ms, total = 2.430 s
Event stats:
	UNKNOWN - 693 total (5 active, 1 running), CPU time: mean = 1.873 ms, total = 1.298 s
	GcsClient.deadline_timer.check_gcs_connection - 60 total (1 active), CPU time: mean = 5.714 ms, total = 342.814 ms
	CoreWorker.deadline_timer.flush_profiling_events - 60 total (1 active), CPU time: mean = 3.793 ms, total = 227.580 ms
	NodeManagerService.grpc_client.ReportWorkerBacklog - 59 total (0 active), CPU time: mean = 6.682 us, total = 394.226 us
	CoreWorkerService.grpc_server.GetCoreWorkerStats - 48 total (0 active), CPU time: mean = 11.539 ms, total = 553.890 ms
	PeriodicalRunner.RunFnPeriodically - 7 total (0 active), CPU time: mean = 997.762 us, total = 6.984 ms
	CoreWorkerService.grpc_server.PushTask - 2 total (0 active), CPU time: mean = 46.531 us, total = 93.062 us
	StatsGcsService.grpc_client.AddProfileData - 2 total (0 active), CPU time: mean = 14.175 us, total = 28.350 us
	InternalPubSubGcsService.grpc_client.GcsSubscriberPoll - 1 total (1 active), CPU time: mean = 0.000 s, total = 0.000 s
	WorkerInfoGcsService.grpc_client.AddWorkerInfo - 1 total (0 active), CPU time: mean = 15.318 us, total = 15.318 us
	InternalPubSubGcsService.grpc_client.GcsSubscriberCommandBatch - 1 total (0 active), CPU time: mean = 184.319 us, total = 184.319 us
	CoreWorkerService.grpc_server.DirectActorCallArgWaitComplete - 1 total (0 active), CPU time: mean = 50.544 us, total = 50.544 us
	NodeInfoGcsService.grpc_client.GetAllNodeInfo - 1 total (0 active), CPU time: mean = 32.113 us, total = 32.113 us


[2022-06-16 22:21:21,597 I 27716 28053] core_worker.cc:3086: Force kill actor request has received. exiting immediately...
[2022-06-16 22:21:21,597 I 27716 28053] core_worker.cc:591: Disconnecting to the raylet.
[2022-06-16 22:21:21,597 I 27716 28053] raylet_client.cc:162: RayletClient::Disconnect, exit_type=INTENDED_EXIT, has creation_task_exception_pb_bytes=0
