[2022-06-16 21:41:14,268 I 117676 117676] core_worker_process.cc:120: Constructing CoreWorkerProcess. pid: 117676
[2022-06-16 21:41:14,605 I 117676 117676] grpc_server.cc:105: worker server started, listening on port 10021.
[2022-06-16 21:41:14,608 I 117676 117676] core_worker.cc:175: Initializing worker at address: 10.140.1.24:10021, worker ID 7069fa02538d3d1380146314ad63a3c2621bbca7fbe9cca4f0b2e307, raylet 5362b08c08075f2f5bd7b1d3e1df0d75415293f6ede64c2d4cee5e5c
[2022-06-16 21:41:14,608 I 117676 118192] gcs_server_address_updater.cc:32: GCS Server updater thread id: 140404745819904
[2022-06-16 21:41:14,809 I 117676 117676] io_service_pool.cc:35: IOServicePool is running with 1 io_service.
[2022-06-16 21:41:14,850 I 117676 118206] core_worker.cc:494: Event stats:


Global stats: 17 total (11 active)
Queueing time: mean = 22.201 ms, max = 101.291 ms, min = 409.241 us, total = 377.410 ms
Execution time:  mean = 23.449 us, total = 398.632 us
Event stats:
	PeriodicalRunner.RunFnPeriodically - 7 total (2 active, 1 running), CPU time: mean = 29.320 us, total = 205.241 us
	UNKNOWN - 3 total (3 active), CPU time: mean = 0.000 s, total = 0.000 s
	CoreWorker.deadline_timer.flush_profiling_events - 1 total (1 active), CPU time: mean = 0.000 s, total = 0.000 s
	NodeInfoGcsService.grpc_client.GetAllNodeInfo - 1 total (1 active), CPU time: mean = 0.000 s, total = 0.000 s
	WorkerInfoGcsService.grpc_client.AddWorkerInfo - 1 total (1 active), CPU time: mean = 0.000 s, total = 0.000 s
	GcsClient.deadline_timer.check_gcs_connection - 1 total (1 active), CPU time: mean = 0.000 s, total = 0.000 s
	NodeManagerService.grpc_client.ReportWorkerBacklog - 1 total (1 active), CPU time: mean = 0.000 s, total = 0.000 s
	InternalPubSubGcsService.grpc_client.GcsSubscriberPoll - 1 total (1 active), CPU time: mean = 0.000 s, total = 0.000 s
	InternalPubSubGcsService.grpc_client.GcsSubscriberCommandBatch - 1 total (0 active), CPU time: mean = 193.391 us, total = 193.391 us


[2022-06-16 21:41:14,866 I 117676 118206] accessor.cc:599: Received notification for node id = 5362b08c08075f2f5bd7b1d3e1df0d75415293f6ede64c2d4cee5e5c, IsAlive = 1
[2022-06-16 21:41:15,747 I 117676 117676] direct_actor_task_submitter.cc:33: Set max pending calls to -1 for actor 4db741e2d4dd9b023cfbf98005000000
[2022-06-16 21:41:15,747 I 117676 117676] direct_actor_task_submitter.cc:217: Connecting to actor 4db741e2d4dd9b023cfbf98005000000 at worker 7069fa02538d3d1380146314ad63a3c2621bbca7fbe9cca4f0b2e307
[2022-06-16 21:41:15,747 I 117676 117676] core_worker.cc:2317: Creating actor: 4db741e2d4dd9b023cfbf98005000000
[2022-06-16 21:42:15,524 I 117676 118206] core_worker.cc:494: Event stats:


Global stats: 856 total (10 active)
Queueing time: mean = 33.154 ms, max = 2.900 s, min = -0.020 s, total = 28.380 s
Execution time:  mean = 9.177 ms, total = 7.856 s
Event stats:
	UNKNOWN - 633 total (5 active, 1 running), CPU time: mean = 7.866 ms, total = 4.979 s
	CoreWorker.deadline_timer.flush_profiling_events - 55 total (1 active), CPU time: mean = 5.352 ms, total = 294.340 ms
	GcsClient.deadline_timer.check_gcs_connection - 55 total (1 active), CPU time: mean = 840.875 us, total = 46.248 ms
	NodeManagerService.grpc_client.ReportWorkerBacklog - 55 total (2 active), CPU time: mean = 7.719 us, total = 424.543 us
	CoreWorkerService.grpc_server.GetCoreWorkerStats - 46 total (0 active), CPU time: mean = 54.223 ms, total = 2.494 s
	PeriodicalRunner.RunFnPeriodically - 7 total (0 active), CPU time: mean = 5.836 ms, total = 40.855 ms
	NodeInfoGcsService.grpc_client.GetAllNodeInfo - 1 total (0 active), CPU time: mean = 46.486 us, total = 46.486 us
	WorkerInfoGcsService.grpc_client.AddWorkerInfo - 1 total (0 active), CPU time: mean = 24.046 us, total = 24.046 us
	CoreWorkerService.grpc_server.PushTask - 1 total (0 active), CPU time: mean = 65.363 us, total = 65.363 us
	InternalPubSubGcsService.grpc_client.GcsSubscriberPoll - 1 total (1 active), CPU time: mean = 0.000 s, total = 0.000 s
	InternalPubSubGcsService.grpc_client.GcsSubscriberCommandBatch - 1 total (0 active), CPU time: mean = 193.391 us, total = 193.391 us


[2022-06-16 21:42:22,745 I 117676 117676] direct_actor_transport.cc:144: Actor creation task finished, task_id: ffffffffffffffff4db741e2d4dd9b023cfbf98005000000, actor_id: 4db741e2d4dd9b023cfbf98005000000
[2022-06-16 21:42:33,277 I 117676 118206] core_worker.cc:3086: Force kill actor request has received. exiting immediately...
[2022-06-16 21:42:33,278 I 117676 118206] core_worker.cc:591: Disconnecting to the raylet.
[2022-06-16 21:42:33,278 I 117676 118206] raylet_client.cc:162: RayletClient::Disconnect, exit_type=INTENDED_EXIT, has creation_task_exception_pb_bytes=0
