[2022-06-16 22:33:38,622 I 43301 43301] core_worker_process.cc:120: Constructing CoreWorkerProcess. pid: 43301
[2022-06-16 22:33:39,092 I 43301 43301] grpc_server.cc:105: worker server started, listening on port 10070.
[2022-06-16 22:33:39,094 I 43301 43301] core_worker.cc:175: Initializing worker at address: 10.140.1.24:10070, worker ID 2eeb75de5d32f66f7f2329234083836d4ce034b12992a63e52150f26, raylet 5362b08c08075f2f5bd7b1d3e1df0d75415293f6ede64c2d4cee5e5c
[2022-06-16 22:33:39,095 I 43301 44151] gcs_server_address_updater.cc:32: GCS Server updater thread id: 140478230025984
[2022-06-16 22:33:39,295 I 43301 43301] io_service_pool.cc:35: IOServicePool is running with 1 io_service.
[2022-06-16 22:33:39,306 I 43301 44162] core_worker.cc:494: Event stats:


Global stats: 17 total (11 active)
Queueing time: mean = 21.398 ms, max = 100.209 ms, min = 358.115 us, total = 363.772 ms
Execution time:  mean = 22.855 us, total = 388.532 us
Event stats:
	PeriodicalRunner.RunFnPeriodically - 7 total (2 active, 1 running), CPU time: mean = 17.828 us, total = 124.794 us
	UNKNOWN - 3 total (3 active), CPU time: mean = 0.000 s, total = 0.000 s
	InternalPubSubGcsService.grpc_client.GcsSubscriberCommandBatch - 1 total (0 active), CPU time: mean = 263.738 us, total = 263.738 us
	InternalPubSubGcsService.grpc_client.GcsSubscriberPoll - 1 total (1 active), CPU time: mean = 0.000 s, total = 0.000 s
	GcsClient.deadline_timer.check_gcs_connection - 1 total (1 active), CPU time: mean = 0.000 s, total = 0.000 s
	CoreWorker.deadline_timer.flush_profiling_events - 1 total (1 active), CPU time: mean = 0.000 s, total = 0.000 s
	WorkerInfoGcsService.grpc_client.AddWorkerInfo - 1 total (1 active), CPU time: mean = 0.000 s, total = 0.000 s
	NodeInfoGcsService.grpc_client.GetAllNodeInfo - 1 total (1 active), CPU time: mean = 0.000 s, total = 0.000 s
	NodeManagerService.grpc_client.ReportWorkerBacklog - 1 total (1 active), CPU time: mean = 0.000 s, total = 0.000 s


[2022-06-16 22:33:39,394 I 43301 44162] accessor.cc:599: Received notification for node id = 5362b08c08075f2f5bd7b1d3e1df0d75415293f6ede64c2d4cee5e5c, IsAlive = 1
[2022-06-16 22:33:39,954 I 43301 43301] direct_actor_task_submitter.cc:33: Set max pending calls to -1 for actor a5791f316d926965b4fa67350d000000
[2022-06-16 22:33:39,954 I 43301 43301] direct_actor_task_submitter.cc:217: Connecting to actor a5791f316d926965b4fa67350d000000 at worker 2eeb75de5d32f66f7f2329234083836d4ce034b12992a63e52150f26
[2022-06-16 22:33:39,954 I 43301 43301] core_worker.cc:2317: Creating actor: a5791f316d926965b4fa67350d000000
[2022-06-16 22:34:43,859 I 43301 44162] core_worker.cc:494: Event stats:


Global stats: 922 total (9 active)
Queueing time: mean = 29.639 ms, max = 4.791 s, min = -0.025 s, total = 27.327 s
Execution time:  mean = 7.458 ms, total = 6.877 s
Event stats:
	UNKNOWN - 687 total (5 active, 1 running), CPU time: mean = 6.382 ms, total = 4.385 s
	GcsClient.deadline_timer.check_gcs_connection - 59 total (1 active), CPU time: mean = 682.621 us, total = 40.275 ms
	CoreWorker.deadline_timer.flush_profiling_events - 59 total (1 active), CPU time: mean = 7.070 ms, total = 417.150 ms
	NodeManagerService.grpc_client.ReportWorkerBacklog - 58 total (1 active), CPU time: mean = 6.816 us, total = 395.299 us
	CoreWorkerService.grpc_server.GetCoreWorkerStats - 47 total (0 active), CPU time: mean = 43.048 ms, total = 2.023 s
	PeriodicalRunner.RunFnPeriodically - 7 total (0 active), CPU time: mean = 1.511 ms, total = 10.578 ms
	InternalPubSubGcsService.grpc_client.GcsSubscriberCommandBatch - 1 total (0 active), CPU time: mean = 263.738 us, total = 263.738 us
	InternalPubSubGcsService.grpc_client.GcsSubscriberPoll - 1 total (1 active), CPU time: mean = 0.000 s, total = 0.000 s
	CoreWorkerService.grpc_server.PushTask - 1 total (0 active), CPU time: mean = 80.259 us, total = 80.259 us
	WorkerInfoGcsService.grpc_client.AddWorkerInfo - 1 total (0 active), CPU time: mean = 12.208 us, total = 12.208 us
	NodeInfoGcsService.grpc_client.GetAllNodeInfo - 1 total (0 active), CPU time: mean = 50.278 us, total = 50.278 us


[2022-06-16 22:34:47,246 I 43301 43301] direct_actor_transport.cc:144: Actor creation task finished, task_id: ffffffffffffffffa5791f316d926965b4fa67350d000000, actor_id: a5791f316d926965b4fa67350d000000
[2022-06-16 22:35:44,205 I 43301 44162] core_worker.cc:494: Event stats:


Global stats: 1837 total (8 active)
Queueing time: mean = 23.376 ms, max = 4.791 s, min = -0.056 s, total = 42.942 s
Execution time:  mean = 5.895 ms, total = 10.829 s
Event stats:
	UNKNOWN - 1372 total (5 active, 1 running), CPU time: mean = 4.566 ms, total = 6.264 s
	GcsClient.deadline_timer.check_gcs_connection - 118 total (1 active), CPU time: mean = 5.867 ms, total = 692.307 ms
	CoreWorker.deadline_timer.flush_profiling_events - 118 total (1 active), CPU time: mean = 6.800 ms, total = 802.375 ms
	NodeManagerService.grpc_client.ReportWorkerBacklog - 117 total (0 active), CPU time: mean = 263.885 us, total = 30.875 ms
	CoreWorkerService.grpc_server.GetCoreWorkerStats - 94 total (0 active), CPU time: mean = 31.515 ms, total = 2.962 s
	PeriodicalRunner.RunFnPeriodically - 7 total (0 active), CPU time: mean = 1.511 ms, total = 10.578 ms
	StatsGcsService.grpc_client.AddProfileData - 4 total (0 active), CPU time: mean = 1.241 ms, total = 4.965 ms
	CoreWorkerService.grpc_server.PushTask - 2 total (0 active), CPU time: mean = 15.269 ms, total = 30.537 ms
	InternalPubSubGcsService.grpc_client.GcsSubscriberCommandBatch - 1 total (0 active), CPU time: mean = 263.738 us, total = 263.738 us
	InternalPubSubGcsService.grpc_client.GcsSubscriberPoll - 1 total (1 active), CPU time: mean = 0.000 s, total = 0.000 s
	CoreWorkerService.grpc_server.DirectActorCallArgWaitComplete - 1 total (0 active), CPU time: mean = 30.104 ms, total = 30.104 ms
	WorkerInfoGcsService.grpc_client.AddWorkerInfo - 1 total (0 active), CPU time: mean = 12.208 us, total = 12.208 us
	NodeInfoGcsService.grpc_client.GetAllNodeInfo - 1 total (0 active), CPU time: mean = 50.278 us, total = 50.278 us


[2022-06-16 22:35:49,591 I 43301 44162] core_worker.cc:3086: Force kill actor request has received. exiting immediately...
[2022-06-16 22:35:49,591 I 43301 44162] core_worker.cc:591: Disconnecting to the raylet.
[2022-06-16 22:35:49,631 I 43301 44162] raylet_client.cc:162: RayletClient::Disconnect, exit_type=INTENDED_EXIT, has creation_task_exception_pb_bytes=0
