[2022-06-16 21:36:35,174 I 112761 112761] core_worker_process.cc:120: Constructing CoreWorkerProcess. pid: 112761
[2022-06-16 21:36:37,449 I 112761 112761] grpc_server.cc:105: worker server started, listening on port 10015.
[2022-06-16 21:36:37,451 I 112761 112761] core_worker.cc:175: Initializing worker at address: 10.140.1.24:10015, worker ID 447da07b5990471726d3eb3c53383326bfe4fdb25e39ed3814e7cc7d, raylet 5362b08c08075f2f5bd7b1d3e1df0d75415293f6ede64c2d4cee5e5c
[2022-06-16 21:36:37,451 I 112761 113166] gcs_server_address_updater.cc:32: GCS Server updater thread id: 140672787015424
[2022-06-16 21:36:37,685 I 112761 112761] io_service_pool.cc:35: IOServicePool is running with 1 io_service.
[2022-06-16 21:36:37,724 I 112761 113178] core_worker.cc:494: Event stats:


Global stats: 17 total (10 active)
Queueing time: mean = 37.883 ms, max = 133.049 ms, min = 350.360 us, total = 644.014 ms
Execution time:  mean = 22.797 us, total = 387.555 us
Event stats:
	PeriodicalRunner.RunFnPeriodically - 7 total (2 active, 1 running), CPU time: mean = 24.454 us, total = 171.179 us
	UNKNOWN - 3 total (3 active), CPU time: mean = 0.000 s, total = 0.000 s
	InternalPubSubGcsService.grpc_client.GcsSubscriberCommandBatch - 1 total (0 active), CPU time: mean = 187.084 us, total = 187.084 us
	NodeInfoGcsService.grpc_client.GetAllNodeInfo - 1 total (1 active), CPU time: mean = 0.000 s, total = 0.000 s
	NodeManagerService.grpc_client.ReportWorkerBacklog - 1 total (1 active), CPU time: mean = 0.000 s, total = 0.000 s
	GcsClient.deadline_timer.check_gcs_connection - 1 total (1 active), CPU time: mean = 0.000 s, total = 0.000 s
	InternalPubSubGcsService.grpc_client.GcsSubscriberPoll - 1 total (1 active), CPU time: mean = 0.000 s, total = 0.000 s
	WorkerInfoGcsService.grpc_client.AddWorkerInfo - 1 total (0 active), CPU time: mean = 29.292 us, total = 29.292 us
	CoreWorker.deadline_timer.flush_profiling_events - 1 total (1 active), CPU time: mean = 0.000 s, total = 0.000 s


[2022-06-16 21:36:37,724 I 112761 113178] accessor.cc:599: Received notification for node id = 5362b08c08075f2f5bd7b1d3e1df0d75415293f6ede64c2d4cee5e5c, IsAlive = 1
[2022-06-16 21:36:38,231 I 112761 112761] direct_actor_task_submitter.cc:33: Set max pending calls to -1 for actor 70143de5c62b6655a049f94d04000000
[2022-06-16 21:36:38,231 I 112761 112761] direct_actor_task_submitter.cc:217: Connecting to actor 70143de5c62b6655a049f94d04000000 at worker 447da07b5990471726d3eb3c53383326bfe4fdb25e39ed3814e7cc7d
[2022-06-16 21:36:38,231 I 112761 112761] core_worker.cc:2317: Creating actor: 70143de5c62b6655a049f94d04000000
[2022-06-16 21:37:37,724 I 112761 113178] core_worker.cc:494: Event stats:


Global stats: 903 total (8 active)
Queueing time: mean = 17.070 ms, max = 1.489 s, min = -0.042 s, total = 15.414 s
Execution time:  mean = 4.241 ms, total = 3.830 s
Event stats:
	UNKNOWN - 674 total (5 active, 1 running), CPU time: mean = 3.835 ms, total = 2.585 s
	GcsClient.deadline_timer.check_gcs_connection - 58 total (1 active), CPU time: mean = 451.047 us, total = 26.161 ms
	CoreWorker.deadline_timer.flush_profiling_events - 58 total (1 active), CPU time: mean = 2.432 ms, total = 141.042 ms
	NodeManagerService.grpc_client.ReportWorkerBacklog - 57 total (0 active), CPU time: mean = 7.773 us, total = 443.075 us
	CoreWorkerService.grpc_server.GetCoreWorkerStats - 44 total (0 active), CPU time: mean = 23.590 ms, total = 1.038 s
	PeriodicalRunner.RunFnPeriodically - 7 total (0 active), CPU time: mean = 5.592 ms, total = 39.143 ms
	InternalPubSubGcsService.grpc_client.GcsSubscriberCommandBatch - 1 total (0 active), CPU time: mean = 187.084 us, total = 187.084 us
	NodeInfoGcsService.grpc_client.GetAllNodeInfo - 1 total (0 active), CPU time: mean = 36.067 us, total = 36.067 us
	CoreWorkerService.grpc_server.PushTask - 1 total (0 active), CPU time: mean = 84.315 us, total = 84.315 us
	InternalPubSubGcsService.grpc_client.GcsSubscriberPoll - 1 total (1 active), CPU time: mean = 0.000 s, total = 0.000 s
	WorkerInfoGcsService.grpc_client.AddWorkerInfo - 1 total (0 active), CPU time: mean = 29.292 us, total = 29.292 us


[2022-06-16 21:37:44,412 I 112761 112761] direct_actor_transport.cc:144: Actor creation task finished, task_id: ffffffffffffffff70143de5c62b6655a049f94d04000000, actor_id: 70143de5c62b6655a049f94d04000000
[2022-06-16 21:37:53,282 I 112761 113178] core_worker.cc:3086: Force kill actor request has received. exiting immediately...
[2022-06-16 21:37:53,282 I 112761 113178] core_worker.cc:591: Disconnecting to the raylet.
[2022-06-16 21:37:53,282 I 112761 113178] raylet_client.cc:162: RayletClient::Disconnect, exit_type=INTENDED_EXIT, has creation_task_exception_pb_bytes=0
