[2022-06-16 22:22:17,322 I 29713 29713] core_worker_process.cc:120: Constructing CoreWorkerProcess. pid: 29713
[2022-06-16 22:22:18,194 I 29713 29713] grpc_server.cc:105: worker server started, listening on port 10060.
[2022-06-16 22:22:18,196 I 29713 29713] core_worker.cc:175: Initializing worker at address: 10.140.1.24:10060, worker ID 0cd1786eab7068a85030519ca4a1d3bad53e955c1aba88c4fbc65e51, raylet 5362b08c08075f2f5bd7b1d3e1df0d75415293f6ede64c2d4cee5e5c
[2022-06-16 22:22:18,197 I 29713 30504] gcs_server_address_updater.cc:32: GCS Server updater thread id: 139837684311808
[2022-06-16 22:22:18,652 I 29713 29713] io_service_pool.cc:35: IOServicePool is running with 1 io_service.
[2022-06-16 22:22:18,668 I 29713 30518] core_worker.cc:494: Event stats:


Global stats: 17 total (10 active)
Queueing time: mean = 108.245 ms, max = 355.299 ms, min = 20.330 ms, total = 1.840 s
Execution time:  mean = 25.376 us, total = 431.395 us
Event stats:
	PeriodicalRunner.RunFnPeriodically - 7 total (2 active, 1 running), CPU time: mean = 28.847 us, total = 201.932 us
	UNKNOWN - 3 total (3 active), CPU time: mean = 0.000 s, total = 0.000 s
	WorkerInfoGcsService.grpc_client.AddWorkerInfo - 1 total (0 active), CPU time: mean = 16.371 us, total = 16.371 us
	InternalPubSubGcsService.grpc_client.GcsSubscriberPoll - 1 total (1 active), CPU time: mean = 0.000 s, total = 0.000 s
	GcsClient.deadline_timer.check_gcs_connection - 1 total (1 active), CPU time: mean = 0.000 s, total = 0.000 s
	CoreWorker.deadline_timer.flush_profiling_events - 1 total (1 active), CPU time: mean = 0.000 s, total = 0.000 s
	NodeManagerService.grpc_client.ReportWorkerBacklog - 1 total (1 active), CPU time: mean = 0.000 s, total = 0.000 s
	InternalPubSubGcsService.grpc_client.GcsSubscriberCommandBatch - 1 total (0 active), CPU time: mean = 213.092 us, total = 213.092 us
	NodeInfoGcsService.grpc_client.GetAllNodeInfo - 1 total (1 active), CPU time: mean = 0.000 s, total = 0.000 s


[2022-06-16 22:22:18,668 I 29713 30518] accessor.cc:599: Received notification for node id = 5362b08c08075f2f5bd7b1d3e1df0d75415293f6ede64c2d4cee5e5c, IsAlive = 1
[2022-06-16 22:22:19,359 I 29713 29713] direct_actor_task_submitter.cc:33: Set max pending calls to -1 for actor 94fe4d27cfeb53ada734bf410b000000
[2022-06-16 22:22:19,359 I 29713 29713] direct_actor_task_submitter.cc:217: Connecting to actor 94fe4d27cfeb53ada734bf410b000000 at worker 0cd1786eab7068a85030519ca4a1d3bad53e955c1aba88c4fbc65e51
[2022-06-16 22:22:19,359 I 29713 29713] core_worker.cc:2317: Creating actor: 94fe4d27cfeb53ada734bf410b000000
[2022-06-16 22:23:21,611 I 29713 30518] core_worker.cc:494: Event stats:


Global stats: 891 total (9 active)
Queueing time: mean = 29.958 ms, max = 3.380 s, min = -0.066 s, total = 26.692 s
Execution time:  mean = 8.328 ms, total = 7.420 s
Event stats:
	UNKNOWN - 661 total (5 active, 1 running), CPU time: mean = 8.880 ms, total = 5.870 s
	GcsClient.deadline_timer.check_gcs_connection - 58 total (1 active), CPU time: mean = 524.995 us, total = 30.450 ms
	CoreWorker.deadline_timer.flush_profiling_events - 58 total (1 active), CPU time: mean = 8.139 ms, total = 472.043 ms
	NodeManagerService.grpc_client.ReportWorkerBacklog - 57 total (1 active), CPU time: mean = 5.614 us, total = 320.020 us
	CoreWorkerService.grpc_server.GetCoreWorkerStats - 45 total (0 active), CPU time: mean = 22.598 ms, total = 1.017 s
	PeriodicalRunner.RunFnPeriodically - 7 total (0 active), CPU time: mean = 2.152 ms, total = 15.062 ms
	WorkerInfoGcsService.grpc_client.AddWorkerInfo - 1 total (0 active), CPU time: mean = 16.371 us, total = 16.371 us
	InternalPubSubGcsService.grpc_client.GcsSubscriberPoll - 1 total (1 active), CPU time: mean = 0.000 s, total = 0.000 s
	CoreWorkerService.grpc_server.PushTask - 1 total (0 active), CPU time: mean = 15.032 ms, total = 15.032 ms
	InternalPubSubGcsService.grpc_client.GcsSubscriberCommandBatch - 1 total (0 active), CPU time: mean = 213.092 us, total = 213.092 us
	NodeInfoGcsService.grpc_client.GetAllNodeInfo - 1 total (0 active), CPU time: mean = 40.564 us, total = 40.564 us


[2022-06-16 22:23:31,834 I 29713 29713] direct_actor_transport.cc:144: Actor creation task finished, task_id: ffffffffffffffff94fe4d27cfeb53ada734bf410b000000, actor_id: 94fe4d27cfeb53ada734bf410b000000
[2022-06-16 22:24:21,949 I 29713 30518] core_worker.cc:494: Event stats:


Global stats: 1742 total (8 active)
Queueing time: mean = 33.239 ms, max = 4.327 s, min = -0.066 s, total = 57.902 s
Execution time:  mean = 8.316 ms, total = 14.487 s
Event stats:
	UNKNOWN - 1302 total (5 active, 1 running), CPU time: mean = 8.137 ms, total = 10.595 s
	GcsClient.deadline_timer.check_gcs_connection - 112 total (1 active), CPU time: mean = 586.926 us, total = 65.736 ms
	CoreWorker.deadline_timer.flush_profiling_events - 112 total (1 active), CPU time: mean = 7.300 ms, total = 817.561 ms
	NodeManagerService.grpc_client.ReportWorkerBacklog - 111 total (0 active), CPU time: mean = 744.580 us, total = 82.648 ms
	CoreWorkerService.grpc_server.GetCoreWorkerStats - 88 total (0 active), CPU time: mean = 32.277 ms, total = 2.840 s
	PeriodicalRunner.RunFnPeriodically - 7 total (0 active), CPU time: mean = 2.152 ms, total = 15.062 ms
	StatsGcsService.grpc_client.AddProfileData - 3 total (0 active), CPU time: mean = 3.347 ms, total = 10.042 ms
	CoreWorkerService.grpc_server.PushTask - 2 total (0 active), CPU time: mean = 15.292 ms, total = 30.585 ms
	WorkerInfoGcsService.grpc_client.AddWorkerInfo - 1 total (0 active), CPU time: mean = 16.371 us, total = 16.371 us
	InternalPubSubGcsService.grpc_client.GcsSubscriberPoll - 1 total (1 active), CPU time: mean = 0.000 s, total = 0.000 s
	CoreWorkerService.grpc_server.DirectActorCallArgWaitComplete - 1 total (0 active), CPU time: mean = 30.085 ms, total = 30.085 ms
	InternalPubSubGcsService.grpc_client.GcsSubscriberCommandBatch - 1 total (0 active), CPU time: mean = 213.092 us, total = 213.092 us
	NodeInfoGcsService.grpc_client.GetAllNodeInfo - 1 total (0 active), CPU time: mean = 40.564 us, total = 40.564 us


[2022-06-16 22:24:31,825 I 29713 30518] core_worker.cc:3086: Force kill actor request has received. exiting immediately...
[2022-06-16 22:24:31,825 I 29713 30518] core_worker.cc:591: Disconnecting to the raylet.
[2022-06-16 22:24:31,855 I 29713 30518] raylet_client.cc:162: RayletClient::Disconnect, exit_type=INTENDED_EXIT, has creation_task_exception_pb_bytes=0
