[2022-06-16 23:09:14,838 I 86098 86098] core_worker_process.cc:120: Constructing CoreWorkerProcess. pid: 86098
[2022-06-16 23:09:14,979 I 86098 86098] grpc_server.cc:105: worker server started, listening on port 10086.
[2022-06-16 23:09:14,981 I 86098 86098] core_worker.cc:175: Initializing worker at address: 10.140.1.24:10086, worker ID 9eceb42807ca681f77f4ed199a9282afc2c6df0a64d358694b32faa8, raylet 5362b08c08075f2f5bd7b1d3e1df0d75415293f6ede64c2d4cee5e5c
[2022-06-16 23:09:14,982 I 86098 86393] gcs_server_address_updater.cc:32: GCS Server updater thread id: 139872471848704
[2022-06-16 23:09:15,097 I 86098 86098] io_service_pool.cc:35: IOServicePool is running with 1 io_service.
[2022-06-16 23:09:15,103 I 86098 86408] core_worker.cc:494: Event stats:


Global stats: 16 total (11 active)
Queueing time: mean = 1.368 ms, max = 15.232 ms, min = 157.282 us, total = 21.894 ms
Execution time:  mean = 15.498 us, total = 247.973 us
Event stats:
	PeriodicalRunner.RunFnPeriodically - 7 total (2 active, 1 running), CPU time: mean = 35.425 us, total = 247.973 us
	UNKNOWN - 3 total (3 active), CPU time: mean = 0.000 s, total = 0.000 s
	WorkerInfoGcsService.grpc_client.AddWorkerInfo - 1 total (1 active), CPU time: mean = 0.000 s, total = 0.000 s
	GcsClient.deadline_timer.check_gcs_connection - 1 total (1 active), CPU time: mean = 0.000 s, total = 0.000 s
	CoreWorker.deadline_timer.flush_profiling_events - 1 total (1 active), CPU time: mean = 0.000 s, total = 0.000 s
	InternalPubSubGcsService.grpc_client.GcsSubscriberCommandBatch - 1 total (1 active), CPU time: mean = 0.000 s, total = 0.000 s
	NodeManagerService.grpc_client.ReportWorkerBacklog - 1 total (1 active), CPU time: mean = 0.000 s, total = 0.000 s
	InternalPubSubGcsService.grpc_client.GcsSubscriberPoll - 1 total (1 active), CPU time: mean = 0.000 s, total = 0.000 s


[2022-06-16 23:09:15,140 I 86098 86408] accessor.cc:599: Received notification for node id = 5362b08c08075f2f5bd7b1d3e1df0d75415293f6ede64c2d4cee5e5c, IsAlive = 1
[2022-06-16 23:09:15,493 I 86098 86098] direct_actor_task_submitter.cc:33: Set max pending calls to -1 for actor d95c4d8b161a0cfb546d539e0f000000
[2022-06-16 23:09:15,493 I 86098 86098] direct_actor_task_submitter.cc:217: Connecting to actor d95c4d8b161a0cfb546d539e0f000000 at worker 9eceb42807ca681f77f4ed199a9282afc2c6df0a64d358694b32faa8
[2022-06-16 23:09:15,493 I 86098 86098] core_worker.cc:2317: Creating actor: d95c4d8b161a0cfb546d539e0f000000
[2022-06-16 23:10:17,652 I 86098 86408] core_worker.cc:494: Event stats:


Global stats: 874 total (8 active)
Queueing time: mean = 24.738 ms, max = 3.407 s, min = -0.136 s, total = 21.621 s
Execution time:  mean = 7.682 ms, total = 6.714 s
Event stats:
	UNKNOWN - 647 total (5 active, 1 running), CPU time: mean = 7.644 ms, total = 4.946 s
	GcsClient.deadline_timer.check_gcs_connection - 56 total (1 active), CPU time: mean = 3.693 ms, total = 206.793 ms
	CoreWorker.deadline_timer.flush_profiling_events - 56 total (1 active), CPU time: mean = 7.344 ms, total = 411.266 ms
	NodeManagerService.grpc_client.ReportWorkerBacklog - 55 total (0 active), CPU time: mean = 1.383 ms, total = 76.055 ms
	CoreWorkerService.grpc_server.GetCoreWorkerStats - 48 total (0 active), CPU time: mean = 22.266 ms, total = 1.069 s
	PeriodicalRunner.RunFnPeriodically - 7 total (0 active), CPU time: mean = 790.529 us, total = 5.534 ms
	NodeInfoGcsService.grpc_client.GetAllNodeInfo - 1 total (0 active), CPU time: mean = 49.902 us, total = 49.902 us
	WorkerInfoGcsService.grpc_client.AddWorkerInfo - 1 total (0 active), CPU time: mean = 29.166 us, total = 29.166 us
	InternalPubSubGcsService.grpc_client.GcsSubscriberCommandBatch - 1 total (0 active), CPU time: mean = 134.182 us, total = 134.182 us
	CoreWorkerService.grpc_server.PushTask - 1 total (0 active), CPU time: mean = 51.977 us, total = 51.977 us
	InternalPubSubGcsService.grpc_client.GcsSubscriberPoll - 1 total (1 active), CPU time: mean = 0.000 s, total = 0.000 s


[2022-06-16 23:10:26,993 I 86098 86098] direct_actor_transport.cc:144: Actor creation task finished, task_id: ffffffffffffffffd95c4d8b161a0cfb546d539e0f000000, actor_id: d95c4d8b161a0cfb546d539e0f000000
[2022-06-16 23:11:17,151 I 86098 86408] core_worker.cc:3086: Force kill actor request has received. exiting immediately...
[2022-06-16 23:11:17,191 I 86098 86408] core_worker.cc:591: Disconnecting to the raylet.
[2022-06-16 23:11:17,191 I 86098 86408] raylet_client.cc:162: RayletClient::Disconnect, exit_type=INTENDED_EXIT, has creation_task_exception_pb_bytes=0
