[2022-06-16 21:45:40,040 I 121998 121998] core_worker_process.cc:120: Constructing CoreWorkerProcess. pid: 121998
[2022-06-16 21:45:40,222 I 121998 121998] grpc_server.cc:105: worker server started, listening on port 10026.
[2022-06-16 21:45:40,225 I 121998 121998] core_worker.cc:175: Initializing worker at address: 10.140.1.24:10026, worker ID be676db9c607634b9f1b5b14c0d8dd6d0bc37da90254fd31185252b7, raylet 5362b08c08075f2f5bd7b1d3e1df0d75415293f6ede64c2d4cee5e5c
[2022-06-16 21:45:40,225 I 121998 122307] gcs_server_address_updater.cc:32: GCS Server updater thread id: 140127561033472
[2022-06-16 21:45:40,409 I 121998 121998] io_service_pool.cc:35: IOServicePool is running with 1 io_service.
[2022-06-16 21:45:40,429 I 121998 122320] core_worker.cc:494: Event stats:


Global stats: 17 total (11 active)
Queueing time: mean = 20.450 ms, max = 83.347 ms, min = 10.065 ms, total = 347.644 ms
Execution time:  mean = 590.412 us, total = 10.037 ms
Event stats:
	PeriodicalRunner.RunFnPeriodically - 7 total (2 active, 1 running), CPU time: mean = 18.999 us, total = 132.991 us
	UNKNOWN - 3 total (3 active), CPU time: mean = 0.000 s, total = 0.000 s
	WorkerInfoGcsService.grpc_client.AddWorkerInfo - 1 total (1 active), CPU time: mean = 0.000 s, total = 0.000 s
	InternalPubSubGcsService.grpc_client.GcsSubscriberPoll - 1 total (1 active), CPU time: mean = 0.000 s, total = 0.000 s
	NodeInfoGcsService.grpc_client.GetAllNodeInfo - 1 total (1 active), CPU time: mean = 0.000 s, total = 0.000 s
	GcsClient.deadline_timer.check_gcs_connection - 1 total (1 active), CPU time: mean = 0.000 s, total = 0.000 s
	NodeManagerService.grpc_client.ReportWorkerBacklog - 1 total (1 active), CPU time: mean = 0.000 s, total = 0.000 s
	InternalPubSubGcsService.grpc_client.GcsSubscriberCommandBatch - 1 total (0 active), CPU time: mean = 9.904 ms, total = 9.904 ms
	CoreWorker.deadline_timer.flush_profiling_events - 1 total (1 active), CPU time: mean = 0.000 s, total = 0.000 s


[2022-06-16 21:45:40,454 I 121998 122320] accessor.cc:599: Received notification for node id = 5362b08c08075f2f5bd7b1d3e1df0d75415293f6ede64c2d4cee5e5c, IsAlive = 1
[2022-06-16 21:45:40,963 I 121998 121998] direct_actor_task_submitter.cc:33: Set max pending calls to -1 for actor d9b6dd922bccb12eb92db60706000000
[2022-06-16 21:45:40,963 I 121998 121998] direct_actor_task_submitter.cc:217: Connecting to actor d9b6dd922bccb12eb92db60706000000 at worker be676db9c607634b9f1b5b14c0d8dd6d0bc37da90254fd31185252b7
[2022-06-16 21:45:40,963 I 121998 121998] core_worker.cc:2317: Creating actor: d9b6dd922bccb12eb92db60706000000
[2022-06-16 21:46:39,911 I 121998 121998] direct_actor_transport.cc:144: Actor creation task finished, task_id: ffffffffffffffffd9b6dd922bccb12eb92db60706000000, actor_id: d9b6dd922bccb12eb92db60706000000
[2022-06-16 21:46:40,709 I 121998 122320] core_worker.cc:494: Event stats:


Global stats: 870 total (9 active)
Queueing time: mean = 23.971 ms, max = 3.711 s, min = -0.049 s, total = 20.855 s
Execution time:  mean = 8.149 ms, total = 7.090 s
Event stats:
	UNKNOWN - 645 total (5 active, 1 running), CPU time: mean = 6.880 ms, total = 4.438 s
	GcsClient.deadline_timer.check_gcs_connection - 57 total (1 active), CPU time: mean = 1.450 ms, total = 82.659 ms
	CoreWorker.deadline_timer.flush_profiling_events - 57 total (1 active), CPU time: mean = 15.858 ms, total = 903.885 ms
	NodeManagerService.grpc_client.ReportWorkerBacklog - 56 total (0 active), CPU time: mean = 3.322 ms, total = 186.041 ms
	CoreWorkerService.grpc_server.GetCoreWorkerStats - 42 total (0 active), CPU time: mean = 34.263 ms, total = 1.439 s
	PeriodicalRunner.RunFnPeriodically - 7 total (0 active), CPU time: mean = 1.447 ms, total = 10.126 ms
	WorkerInfoGcsService.grpc_client.AddWorkerInfo - 1 total (0 active), CPU time: mean = 20.058 ms, total = 20.058 ms
	InternalPubSubGcsService.grpc_client.GcsSubscriberPoll - 1 total (1 active), CPU time: mean = 0.000 s, total = 0.000 s
	NodeInfoGcsService.grpc_client.GetAllNodeInfo - 1 total (0 active), CPU time: mean = 38.835 us, total = 38.835 us
	StatsGcsService.grpc_client.AddProfileData - 1 total (1 active), CPU time: mean = 0.000 s, total = 0.000 s
	CoreWorkerService.grpc_server.PushTask - 1 total (0 active), CPU time: mean = 75.477 us, total = 75.477 us
	InternalPubSubGcsService.grpc_client.GcsSubscriberCommandBatch - 1 total (0 active), CPU time: mean = 9.904 ms, total = 9.904 ms


[2022-06-16 21:47:20,274 I 121998 122320] core_worker.cc:3086: Force kill actor request has received. exiting immediately...
[2022-06-16 21:47:20,274 I 121998 122320] core_worker.cc:591: Disconnecting to the raylet.
[2022-06-16 21:47:20,274 I 121998 122320] raylet_client.cc:162: RayletClient::Disconnect, exit_type=INTENDED_EXIT, has creation_task_exception_pb_bytes=0
