[2022-06-16 22:08:16,107 I 15901 15901] core_worker_process.cc:120: Constructing CoreWorkerProcess. pid: 15901
[2022-06-16 22:08:17,278 I 15901 15901] grpc_server.cc:105: worker server started, listening on port 10040.
[2022-06-16 22:08:17,281 I 15901 15901] core_worker.cc:175: Initializing worker at address: 10.140.1.24:10040, worker ID ba1c7066c921f71c42562af68415c1a69382ab090ef5dafb77c8884e, raylet 5362b08c08075f2f5bd7b1d3e1df0d75415293f6ede64c2d4cee5e5c
[2022-06-16 22:08:17,281 I 15901 16956] gcs_server_address_updater.cc:32: GCS Server updater thread id: 139965082081024
[2022-06-16 22:08:17,547 I 15901 15901] io_service_pool.cc:35: IOServicePool is running with 1 io_service.
[2022-06-16 22:08:17,581 I 15901 16975] core_worker.cc:494: Event stats:


Global stats: 17 total (10 active)
Queueing time: mean = 39.928 ms, max = 161.420 ms, min = 20.334 ms, total = 678.771 ms
Execution time:  mean = 20.360 us, total = 346.120 us
Event stats:
	PeriodicalRunner.RunFnPeriodically - 7 total (2 active, 1 running), CPU time: mean = 20.052 us, total = 140.366 us
	UNKNOWN - 3 total (3 active), CPU time: mean = 0.000 s, total = 0.000 s
	NodeManagerService.grpc_client.ReportWorkerBacklog - 1 total (1 active), CPU time: mean = 0.000 s, total = 0.000 s
	WorkerInfoGcsService.grpc_client.AddWorkerInfo - 1 total (0 active), CPU time: mean = 14.718 us, total = 14.718 us
	InternalPubSubGcsService.grpc_client.GcsSubscriberPoll - 1 total (1 active), CPU time: mean = 0.000 s, total = 0.000 s
	CoreWorker.deadline_timer.flush_profiling_events - 1 total (1 active), CPU time: mean = 0.000 s, total = 0.000 s
	NodeInfoGcsService.grpc_client.GetAllNodeInfo - 1 total (1 active), CPU time: mean = 0.000 s, total = 0.000 s
	InternalPubSubGcsService.grpc_client.GcsSubscriberCommandBatch - 1 total (0 active), CPU time: mean = 191.036 us, total = 191.036 us
	GcsClient.deadline_timer.check_gcs_connection - 1 total (1 active), CPU time: mean = 0.000 s, total = 0.000 s


[2022-06-16 22:08:17,581 I 15901 16975] accessor.cc:599: Received notification for node id = 5362b08c08075f2f5bd7b1d3e1df0d75415293f6ede64c2d4cee5e5c, IsAlive = 1
[2022-06-16 22:08:18,314 I 15901 15901] direct_actor_task_submitter.cc:33: Set max pending calls to -1 for actor 114763ef134e5102370b36f308000000
[2022-06-16 22:08:18,314 I 15901 15901] direct_actor_task_submitter.cc:217: Connecting to actor 114763ef134e5102370b36f308000000 at worker ba1c7066c921f71c42562af68415c1a69382ab090ef5dafb77c8884e
[2022-06-16 22:08:18,314 I 15901 15901] core_worker.cc:2317: Creating actor: 114763ef134e5102370b36f308000000
[2022-06-16 22:09:17,829 I 15901 16975] core_worker.cc:494: Event stats:


Global stats: 878 total (9 active)
Queueing time: mean = 24.658 ms, max = 3.535 s, min = -0.005 s, total = 21.650 s
Execution time:  mean = 5.773 ms, total = 5.068 s
Event stats:
	UNKNOWN - 653 total (5 active, 1 running), CPU time: mean = 4.633 ms, total = 3.026 s
	CoreWorker.deadline_timer.flush_profiling_events - 56 total (1 active), CPU time: mean = 6.135 ms, total = 343.556 ms
	GcsClient.deadline_timer.check_gcs_connection - 56 total (1 active), CPU time: mean = 13.706 ms, total = 767.530 ms
	NodeManagerService.grpc_client.ReportWorkerBacklog - 55 total (1 active), CPU time: mean = 7.033 us, total = 386.839 us
	CoreWorkerService.grpc_server.GetCoreWorkerStats - 46 total (0 active), CPU time: mean = 19.070 ms, total = 877.239 ms
	PeriodicalRunner.RunFnPeriodically - 7 total (0 active), CPU time: mean = 4.767 ms, total = 33.366 ms
	WorkerInfoGcsService.grpc_client.AddWorkerInfo - 1 total (0 active), CPU time: mean = 14.718 us, total = 14.718 us
	InternalPubSubGcsService.grpc_client.GcsSubscriberPoll - 1 total (1 active), CPU time: mean = 0.000 s, total = 0.000 s
	CoreWorkerService.grpc_server.PushTask - 1 total (0 active), CPU time: mean = 20.511 ms, total = 20.511 ms
	NodeInfoGcsService.grpc_client.GetAllNodeInfo - 1 total (0 active), CPU time: mean = 45.726 us, total = 45.726 us
	InternalPubSubGcsService.grpc_client.GcsSubscriberCommandBatch - 1 total (0 active), CPU time: mean = 191.036 us, total = 191.036 us


[2022-06-16 22:09:36,428 I 15901 15901] direct_actor_transport.cc:144: Actor creation task finished, task_id: ffffffffffffffff114763ef134e5102370b36f308000000, actor_id: 114763ef134e5102370b36f308000000
[2022-06-16 22:09:46,549 I 15901 16975] core_worker.cc:3086: Force kill actor request has received. exiting immediately...
[2022-06-16 22:09:46,549 I 15901 16975] core_worker.cc:591: Disconnecting to the raylet.
[2022-06-16 22:09:46,549 I 15901 16975] raylet_client.cc:162: RayletClient::Disconnect, exit_type=INTENDED_EXIT, has creation_task_exception_pb_bytes=0
