[2022-06-16 22:22:17,370 I 29711 29711] core_worker_process.cc:120: Constructing CoreWorkerProcess. pid: 29711
[2022-06-16 22:22:18,194 I 29711 29711] grpc_server.cc:105: worker server started, listening on port 10057.
[2022-06-16 22:22:18,196 I 29711 29711] core_worker.cc:175: Initializing worker at address: 10.140.1.24:10057, worker ID f158d8417d6fba1497af82468934654817ccb0cdaa70388eedfd88ce, raylet 5362b08c08075f2f5bd7b1d3e1df0d75415293f6ede64c2d4cee5e5c
[2022-06-16 22:22:18,196 I 29711 30500] gcs_server_address_updater.cc:32: GCS Server updater thread id: 140001228613376
[2022-06-16 22:22:18,653 I 29711 29711] io_service_pool.cc:35: IOServicePool is running with 1 io_service.
[2022-06-16 22:22:18,668 I 29711 30519] core_worker.cc:494: Event stats:


Global stats: 17 total (10 active)
Queueing time: mean = 106.759 ms, max = 355.473 ms, min = 20.312 ms, total = 1.815 s
Execution time:  mean = 23.949 us, total = 407.129 us
Event stats:
	PeriodicalRunner.RunFnPeriodically - 7 total (2 active, 1 running), CPU time: mean = 18.975 us, total = 132.827 us
	UNKNOWN - 3 total (3 active), CPU time: mean = 0.000 s, total = 0.000 s
	NodeManagerService.grpc_client.ReportWorkerBacklog - 1 total (1 active), CPU time: mean = 0.000 s, total = 0.000 s
	WorkerInfoGcsService.grpc_client.AddWorkerInfo - 1 total (0 active), CPU time: mean = 14.354 us, total = 14.354 us
	NodeInfoGcsService.grpc_client.GetAllNodeInfo - 1 total (1 active), CPU time: mean = 0.000 s, total = 0.000 s
	InternalPubSubGcsService.grpc_client.GcsSubscriberPoll - 1 total (1 active), CPU time: mean = 0.000 s, total = 0.000 s
	InternalPubSubGcsService.grpc_client.GcsSubscriberCommandBatch - 1 total (0 active), CPU time: mean = 259.948 us, total = 259.948 us
	CoreWorker.deadline_timer.flush_profiling_events - 1 total (1 active), CPU time: mean = 0.000 s, total = 0.000 s
	GcsClient.deadline_timer.check_gcs_connection - 1 total (1 active), CPU time: mean = 0.000 s, total = 0.000 s


[2022-06-16 22:22:18,668 I 29711 30519] accessor.cc:599: Received notification for node id = 5362b08c08075f2f5bd7b1d3e1df0d75415293f6ede64c2d4cee5e5c, IsAlive = 1
[2022-06-16 22:22:19,359 I 29711 29711] direct_actor_task_submitter.cc:33: Set max pending calls to -1 for actor ad9237b89ab5386e7c4e05840b000000
[2022-06-16 22:22:19,359 I 29711 29711] direct_actor_task_submitter.cc:217: Connecting to actor ad9237b89ab5386e7c4e05840b000000 at worker f158d8417d6fba1497af82468934654817ccb0cdaa70388eedfd88ce
[2022-06-16 22:22:19,359 I 29711 29711] core_worker.cc:2317: Creating actor: ad9237b89ab5386e7c4e05840b000000
[2022-06-16 22:23:21,611 I 29711 30519] core_worker.cc:494: Event stats:


Global stats: 891 total (9 active)
Queueing time: mean = 30.005 ms, max = 3.380 s, min = -0.066 s, total = 26.735 s
Execution time:  mean = 8.347 ms, total = 7.437 s
Event stats:
	UNKNOWN - 661 total (5 active, 1 running), CPU time: mean = 8.840 ms, total = 5.843 s
	CoreWorker.deadline_timer.flush_profiling_events - 58 total (1 active), CPU time: mean = 8.837 ms, total = 512.563 ms
	GcsClient.deadline_timer.check_gcs_connection - 58 total (1 active), CPU time: mean = 524.671 us, total = 30.431 ms
	NodeManagerService.grpc_client.ReportWorkerBacklog - 57 total (1 active), CPU time: mean = 7.070 us, total = 402.963 us
	CoreWorkerService.grpc_server.GetCoreWorkerStats - 45 total (0 active), CPU time: mean = 22.677 ms, total = 1.020 s
	PeriodicalRunner.RunFnPeriodically - 7 total (0 active), CPU time: mean = 2.143 ms, total = 15.001 ms
	WorkerInfoGcsService.grpc_client.AddWorkerInfo - 1 total (0 active), CPU time: mean = 14.354 us, total = 14.354 us
	NodeInfoGcsService.grpc_client.GetAllNodeInfo - 1 total (0 active), CPU time: mean = 38.298 us, total = 38.298 us
	InternalPubSubGcsService.grpc_client.GcsSubscriberPoll - 1 total (1 active), CPU time: mean = 0.000 s, total = 0.000 s
	InternalPubSubGcsService.grpc_client.GcsSubscriberCommandBatch - 1 total (0 active), CPU time: mean = 259.948 us, total = 259.948 us
	CoreWorkerService.grpc_server.PushTask - 1 total (0 active), CPU time: mean = 15.089 ms, total = 15.089 ms


[2022-06-16 22:23:31,834 I 29711 29711] direct_actor_transport.cc:144: Actor creation task finished, task_id: ffffffffffffffffad9237b89ab5386e7c4e05840b000000, actor_id: ad9237b89ab5386e7c4e05840b000000
[2022-06-16 22:24:21,949 I 29711 30519] core_worker.cc:494: Event stats:


Global stats: 1742 total (8 active)
Queueing time: mean = 33.240 ms, max = 4.357 s, min = -0.066 s, total = 57.905 s
Execution time:  mean = 8.307 ms, total = 14.470 s
Event stats:
	UNKNOWN - 1302 total (5 active, 1 running), CPU time: mean = 8.109 ms, total = 10.558 s
	CoreWorker.deadline_timer.flush_profiling_events - 112 total (1 active), CPU time: mean = 7.662 ms, total = 858.181 ms
	GcsClient.deadline_timer.check_gcs_connection - 112 total (1 active), CPU time: mean = 363.345 us, total = 40.695 ms
	NodeManagerService.grpc_client.ReportWorkerBacklog - 111 total (0 active), CPU time: mean = 745.915 us, total = 82.797 ms
	CoreWorkerService.grpc_server.GetCoreWorkerStats - 88 total (0 active), CPU time: mean = 32.320 ms, total = 2.844 s
	PeriodicalRunner.RunFnPeriodically - 7 total (0 active), CPU time: mean = 2.143 ms, total = 15.001 ms
	StatsGcsService.grpc_client.AddProfileData - 3 total (0 active), CPU time: mean = 3.349 ms, total = 10.048 ms
	CoreWorkerService.grpc_server.PushTask - 2 total (0 active), CPU time: mean = 15.319 ms, total = 30.638 ms
	CoreWorkerService.grpc_server.DirectActorCallArgWaitComplete - 1 total (0 active), CPU time: mean = 30.088 ms, total = 30.088 ms
	WorkerInfoGcsService.grpc_client.AddWorkerInfo - 1 total (0 active), CPU time: mean = 14.354 us, total = 14.354 us
	NodeInfoGcsService.grpc_client.GetAllNodeInfo - 1 total (0 active), CPU time: mean = 38.298 us, total = 38.298 us
	InternalPubSubGcsService.grpc_client.GcsSubscriberPoll - 1 total (1 active), CPU time: mean = 0.000 s, total = 0.000 s
	InternalPubSubGcsService.grpc_client.GcsSubscriberCommandBatch - 1 total (0 active), CPU time: mean = 259.948 us, total = 259.948 us


[2022-06-16 22:24:31,824 I 29711 30519] core_worker.cc:3086: Force kill actor request has received. exiting immediately...
[2022-06-16 22:24:31,825 I 29711 30519] core_worker.cc:591: Disconnecting to the raylet.
[2022-06-16 22:24:31,855 I 29711 30519] raylet_client.cc:162: RayletClient::Disconnect, exit_type=INTENDED_EXIT, has creation_task_exception_pb_bytes=0
