[2022-06-16 22:19:39,302 I 27714 27714] core_worker_process.cc:120: Constructing CoreWorkerProcess. pid: 27714
[2022-06-16 22:19:39,466 I 27714 27714] grpc_server.cc:105: worker server started, listening on port 10052.
[2022-06-16 22:19:39,469 I 27714 27714] core_worker.cc:175: Initializing worker at address: 10.140.1.24:10052, worker ID 24ee0d2c750ce36a38c84cb47672b8c8794eddb676cd5a50495f1bea, raylet 5362b08c08075f2f5bd7b1d3e1df0d75415293f6ede64c2d4cee5e5c
[2022-06-16 22:19:39,469 I 27714 28014] gcs_server_address_updater.cc:32: GCS Server updater thread id: 140424408717056
[2022-06-16 22:19:39,643 I 27714 27714] io_service_pool.cc:35: IOServicePool is running with 1 io_service.
[2022-06-16 22:19:39,650 I 27714 28038] core_worker.cc:494: Event stats:


Global stats: 17 total (11 active)
Queueing time: mean = 18.907 ms, max = 73.588 ms, min = 404.009 us, total = 321.414 ms
Execution time:  mean = 22.962 us, total = 390.358 us
Event stats:
	PeriodicalRunner.RunFnPeriodically - 7 total (2 active, 1 running), CPU time: mean = 25.384 us, total = 177.685 us
	UNKNOWN - 3 total (3 active), CPU time: mean = 0.000 s, total = 0.000 s
	NodeManagerService.grpc_client.ReportWorkerBacklog - 1 total (1 active), CPU time: mean = 0.000 s, total = 0.000 s
	CoreWorker.deadline_timer.flush_profiling_events - 1 total (1 active), CPU time: mean = 0.000 s, total = 0.000 s
	InternalPubSubGcsService.grpc_client.GcsSubscriberCommandBatch - 1 total (0 active), CPU time: mean = 212.673 us, total = 212.673 us
	InternalPubSubGcsService.grpc_client.GcsSubscriberPoll - 1 total (1 active), CPU time: mean = 0.000 s, total = 0.000 s
	NodeInfoGcsService.grpc_client.GetAllNodeInfo - 1 total (1 active), CPU time: mean = 0.000 s, total = 0.000 s
	WorkerInfoGcsService.grpc_client.AddWorkerInfo - 1 total (1 active), CPU time: mean = 0.000 s, total = 0.000 s
	GcsClient.deadline_timer.check_gcs_connection - 1 total (1 active), CPU time: mean = 0.000 s, total = 0.000 s


[2022-06-16 22:19:39,681 I 27714 28038] accessor.cc:599: Received notification for node id = 5362b08c08075f2f5bd7b1d3e1df0d75415293f6ede64c2d4cee5e5c, IsAlive = 1
[2022-06-16 22:19:40,358 I 27714 27714] direct_actor_task_submitter.cc:33: Set max pending calls to -1 for actor b61e854c7f30170d89db86120b000000
[2022-06-16 22:19:40,358 I 27714 27714] direct_actor_task_submitter.cc:217: Connecting to actor b61e854c7f30170d89db86120b000000 at worker 24ee0d2c750ce36a38c84cb47672b8c8794eddb676cd5a50495f1bea
[2022-06-16 22:19:40,358 I 27714 27714] core_worker.cc:2317: Creating actor: b61e854c7f30170d89db86120b000000
[2022-06-16 22:20:35,276 I 27714 27714] direct_actor_transport.cc:144: Actor creation task finished, task_id: ffffffffffffffffb61e854c7f30170d89db86120b000000, actor_id: b61e854c7f30170d89db86120b000000
[2022-06-16 22:20:39,659 I 27714 28038] core_worker.cc:494: Event stats:


Global stats: 936 total (8 active)
Queueing time: mean = 6.123 ms, max = 1.115 s, min = -0.127 s, total = 5.731 s
Execution time:  mean = 2.594 ms, total = 2.428 s
Event stats:
	UNKNOWN - 693 total (5 active, 1 running), CPU time: mean = 1.869 ms, total = 1.295 s
	CoreWorker.deadline_timer.flush_profiling_events - 60 total (1 active), CPU time: mean = 3.798 ms, total = 227.853 ms
	GcsClient.deadline_timer.check_gcs_connection - 60 total (1 active), CPU time: mean = 5.714 ms, total = 342.816 ms
	NodeManagerService.grpc_client.ReportWorkerBacklog - 59 total (0 active), CPU time: mean = 5.737 us, total = 338.486 us
	CoreWorkerService.grpc_server.GetCoreWorkerStats - 48 total (0 active), CPU time: mean = 11.535 ms, total = 553.679 ms
	PeriodicalRunner.RunFnPeriodically - 7 total (0 active), CPU time: mean = 1.034 ms, total = 7.241 ms
	CoreWorkerService.grpc_server.PushTask - 2 total (0 active), CPU time: mean = 54.392 us, total = 108.783 us
	StatsGcsService.grpc_client.AddProfileData - 2 total (0 active), CPU time: mean = 14.709 us, total = 29.418 us
	InternalPubSubGcsService.grpc_client.GcsSubscriberCommandBatch - 1 total (0 active), CPU time: mean = 212.673 us, total = 212.673 us
	InternalPubSubGcsService.grpc_client.GcsSubscriberPoll - 1 total (1 active), CPU time: mean = 0.000 s, total = 0.000 s
	NodeInfoGcsService.grpc_client.GetAllNodeInfo - 1 total (0 active), CPU time: mean = 58.265 us, total = 58.265 us
	WorkerInfoGcsService.grpc_client.AddWorkerInfo - 1 total (0 active), CPU time: mean = 14.018 us, total = 14.018 us
	CoreWorkerService.grpc_server.DirectActorCallArgWaitComplete - 1 total (0 active), CPU time: mean = 62.504 us, total = 62.504 us


[2022-06-16 22:21:21,597 I 27714 28038] core_worker.cc:3086: Force kill actor request has received. exiting immediately...
[2022-06-16 22:21:21,597 I 27714 28038] core_worker.cc:591: Disconnecting to the raylet.
[2022-06-16 22:21:21,597 I 27714 28038] raylet_client.cc:162: RayletClient::Disconnect, exit_type=INTENDED_EXIT, has creation_task_exception_pb_bytes=0
