[2022-06-16 22:33:38,622 I 43305 43305] core_worker_process.cc:120: Constructing CoreWorkerProcess. pid: 43305
[2022-06-16 22:33:39,092 I 43305 43305] grpc_server.cc:105: worker server started, listening on port 10072.
[2022-06-16 22:33:39,094 I 43305 43305] core_worker.cc:175: Initializing worker at address: 10.140.1.24:10072, worker ID 9d8655a779cd48519f437c5171683cb4421c5215f663eb6841aefc19, raylet 5362b08c08075f2f5bd7b1d3e1df0d75415293f6ede64c2d4cee5e5c
[2022-06-16 22:33:39,094 I 43305 44147] gcs_server_address_updater.cc:32: GCS Server updater thread id: 139760869807872
[2022-06-16 22:33:39,295 I 43305 43305] io_service_pool.cc:35: IOServicePool is running with 1 io_service.
[2022-06-16 22:33:39,306 I 43305 44167] core_worker.cc:494: Event stats:


Global stats: 17 total (11 active)
Queueing time: mean = 21.417 ms, max = 100.345 ms, min = 340.353 us, total = 364.088 ms
Execution time:  mean = 21.686 us, total = 368.666 us
Event stats:
	PeriodicalRunner.RunFnPeriodically - 7 total (2 active, 1 running), CPU time: mean = 20.464 us, total = 143.249 us
	UNKNOWN - 3 total (3 active), CPU time: mean = 0.000 s, total = 0.000 s
	NodeManagerService.grpc_client.ReportWorkerBacklog - 1 total (1 active), CPU time: mean = 0.000 s, total = 0.000 s
	GcsClient.deadline_timer.check_gcs_connection - 1 total (1 active), CPU time: mean = 0.000 s, total = 0.000 s
	InternalPubSubGcsService.grpc_client.GcsSubscriberCommandBatch - 1 total (0 active), CPU time: mean = 225.417 us, total = 225.417 us
	CoreWorker.deadline_timer.flush_profiling_events - 1 total (1 active), CPU time: mean = 0.000 s, total = 0.000 s
	WorkerInfoGcsService.grpc_client.AddWorkerInfo - 1 total (1 active), CPU time: mean = 0.000 s, total = 0.000 s
	NodeInfoGcsService.grpc_client.GetAllNodeInfo - 1 total (1 active), CPU time: mean = 0.000 s, total = 0.000 s
	InternalPubSubGcsService.grpc_client.GcsSubscriberPoll - 1 total (1 active), CPU time: mean = 0.000 s, total = 0.000 s


[2022-06-16 22:33:39,395 I 43305 44167] accessor.cc:599: Received notification for node id = 5362b08c08075f2f5bd7b1d3e1df0d75415293f6ede64c2d4cee5e5c, IsAlive = 1
[2022-06-16 22:33:39,954 I 43305 43305] direct_actor_task_submitter.cc:33: Set max pending calls to -1 for actor 8217b9d71a3fdb09acb5bf020d000000
[2022-06-16 22:33:39,954 I 43305 43305] direct_actor_task_submitter.cc:217: Connecting to actor 8217b9d71a3fdb09acb5bf020d000000 at worker 9d8655a779cd48519f437c5171683cb4421c5215f663eb6841aefc19
[2022-06-16 22:33:39,954 I 43305 43305] core_worker.cc:2317: Creating actor: 8217b9d71a3fdb09acb5bf020d000000
[2022-06-16 22:34:43,859 I 43305 44167] core_worker.cc:494: Event stats:


Global stats: 922 total (9 active)
Queueing time: mean = 29.548 ms, max = 4.787 s, min = -0.045 s, total = 27.243 s
Execution time:  mean = 7.545 ms, total = 6.957 s
Event stats:
	UNKNOWN - 687 total (5 active, 1 running), CPU time: mean = 6.606 ms, total = 4.539 s
	GcsClient.deadline_timer.check_gcs_connection - 59 total (1 active), CPU time: mean = 173.815 us, total = 10.255 ms
	CoreWorker.deadline_timer.flush_profiling_events - 59 total (1 active), CPU time: mean = 6.322 ms, total = 373.015 ms
	NodeManagerService.grpc_client.ReportWorkerBacklog - 58 total (1 active), CPU time: mean = 7.259 us, total = 421.014 us
	CoreWorkerService.grpc_server.GetCoreWorkerStats - 47 total (0 active), CPU time: mean = 43.056 ms, total = 2.024 s
	PeriodicalRunner.RunFnPeriodically - 7 total (0 active), CPU time: mean = 1.497 ms, total = 10.477 ms
	InternalPubSubGcsService.grpc_client.GcsSubscriberCommandBatch - 1 total (0 active), CPU time: mean = 225.417 us, total = 225.417 us
	CoreWorkerService.grpc_server.PushTask - 1 total (0 active), CPU time: mean = 79.622 us, total = 79.622 us
	WorkerInfoGcsService.grpc_client.AddWorkerInfo - 1 total (0 active), CPU time: mean = 13.266 us, total = 13.266 us
	NodeInfoGcsService.grpc_client.GetAllNodeInfo - 1 total (0 active), CPU time: mean = 45.262 us, total = 45.262 us
	InternalPubSubGcsService.grpc_client.GcsSubscriberPoll - 1 total (1 active), CPU time: mean = 0.000 s, total = 0.000 s


[2022-06-16 22:34:47,246 I 43305 43305] direct_actor_transport.cc:144: Actor creation task finished, task_id: ffffffffffffffff8217b9d71a3fdb09acb5bf020d000000, actor_id: 8217b9d71a3fdb09acb5bf020d000000
[2022-06-16 22:35:44,205 I 43305 44167] core_worker.cc:494: Event stats:


Global stats: 1837 total (8 active)
Queueing time: mean = 23.332 ms, max = 4.787 s, min = -0.056 s, total = 42.861 s
Execution time:  mean = 5.941 ms, total = 10.915 s
Event stats:
	UNKNOWN - 1372 total (5 active, 1 running), CPU time: mean = 4.678 ms, total = 6.419 s
	GcsClient.deadline_timer.check_gcs_connection - 118 total (1 active), CPU time: mean = 5.613 ms, total = 662.279 ms
	CoreWorker.deadline_timer.flush_profiling_events - 118 total (1 active), CPU time: mean = 6.467 ms, total = 763.155 ms
	NodeManagerService.grpc_client.ReportWorkerBacklog - 117 total (0 active), CPU time: mean = 264.592 us, total = 30.957 ms
	CoreWorkerService.grpc_server.GetCoreWorkerStats - 94 total (0 active), CPU time: mean = 31.521 ms, total = 2.963 s
	PeriodicalRunner.RunFnPeriodically - 7 total (0 active), CPU time: mean = 1.497 ms, total = 10.477 ms
	StatsGcsService.grpc_client.AddProfileData - 4 total (0 active), CPU time: mean = 1.242 ms, total = 4.967 ms
	CoreWorkerService.grpc_server.PushTask - 2 total (0 active), CPU time: mean = 15.275 ms, total = 30.550 ms
	CoreWorkerService.grpc_server.DirectActorCallArgWaitComplete - 1 total (0 active), CPU time: mean = 30.100 ms, total = 30.100 ms
	InternalPubSubGcsService.grpc_client.GcsSubscriberCommandBatch - 1 total (0 active), CPU time: mean = 225.417 us, total = 225.417 us
	WorkerInfoGcsService.grpc_client.AddWorkerInfo - 1 total (0 active), CPU time: mean = 13.266 us, total = 13.266 us
	NodeInfoGcsService.grpc_client.GetAllNodeInfo - 1 total (0 active), CPU time: mean = 45.262 us, total = 45.262 us
	InternalPubSubGcsService.grpc_client.GcsSubscriberPoll - 1 total (1 active), CPU time: mean = 0.000 s, total = 0.000 s


[2022-06-16 22:35:49,591 I 43305 44167] core_worker.cc:3086: Force kill actor request has received. exiting immediately...
[2022-06-16 22:35:49,591 I 43305 44167] core_worker.cc:591: Disconnecting to the raylet.
[2022-06-16 22:35:49,631 I 43305 44167] raylet_client.cc:162: RayletClient::Disconnect, exit_type=INTENDED_EXIT, has creation_task_exception_pb_bytes=0
