[2022-06-16 23:12:07,688 I 88138 88138] core_worker_process.cc:120: Constructing CoreWorkerProcess. pid: 88138
[2022-06-16 23:12:07,899 I 88138 88138] grpc_server.cc:105: worker server started, listening on port 10091.
[2022-06-16 23:12:07,902 I 88138 88138] core_worker.cc:175: Initializing worker at address: 10.140.1.24:10091, worker ID 212ed22c14ac58de7190f33b4c1dad1e90341c2e8c53bbb6b717784f, raylet 5362b08c08075f2f5bd7b1d3e1df0d75415293f6ede64c2d4cee5e5c
[2022-06-16 23:12:07,902 I 88138 88864] gcs_server_address_updater.cc:32: GCS Server updater thread id: 140637286426368
[2022-06-16 23:12:08,104 I 88138 88138] io_service_pool.cc:35: IOServicePool is running with 1 io_service.
[2022-06-16 23:12:08,104 I 88138 88878] core_worker.cc:494: Event stats:


Global stats: 17 total (11 active)
Queueing time: mean = 25.067 ms, max = 101.457 ms, min = 320.856 us, total = 426.133 ms
Execution time:  mean = 19.714 us, total = 335.135 us
Event stats:
	PeriodicalRunner.RunFnPeriodically - 7 total (2 active, 1 running), CPU time: mean = 19.552 us, total = 136.863 us
	UNKNOWN - 3 total (3 active), CPU time: mean = 0.000 s, total = 0.000 s
	NodeManagerService.grpc_client.ReportWorkerBacklog - 1 total (1 active), CPU time: mean = 0.000 s, total = 0.000 s
	GcsClient.deadline_timer.check_gcs_connection - 1 total (1 active), CPU time: mean = 0.000 s, total = 0.000 s
	WorkerInfoGcsService.grpc_client.AddWorkerInfo - 1 total (1 active), CPU time: mean = 0.000 s, total = 0.000 s
	CoreWorker.deadline_timer.flush_profiling_events - 1 total (1 active), CPU time: mean = 0.000 s, total = 0.000 s
	InternalPubSubGcsService.grpc_client.GcsSubscriberCommandBatch - 1 total (0 active), CPU time: mean = 198.272 us, total = 198.272 us
	InternalPubSubGcsService.grpc_client.GcsSubscriberPoll - 1 total (1 active), CPU time: mean = 0.000 s, total = 0.000 s
	NodeInfoGcsService.grpc_client.GetAllNodeInfo - 1 total (1 active), CPU time: mean = 0.000 s, total = 0.000 s


[2022-06-16 23:12:08,119 I 88138 88878] accessor.cc:599: Received notification for node id = 5362b08c08075f2f5bd7b1d3e1df0d75415293f6ede64c2d4cee5e5c, IsAlive = 1
[2022-06-16 23:12:08,598 I 88138 88138] direct_actor_task_submitter.cc:33: Set max pending calls to -1 for actor cd375bd1654a09e4de0ceb8e0f000000
[2022-06-16 23:12:08,598 I 88138 88138] direct_actor_task_submitter.cc:217: Connecting to actor cd375bd1654a09e4de0ceb8e0f000000 at worker 212ed22c14ac58de7190f33b4c1dad1e90341c2e8c53bbb6b717784f
[2022-06-16 23:12:08,598 I 88138 88138] core_worker.cc:2317: Creating actor: cd375bd1654a09e4de0ceb8e0f000000
[2022-06-16 23:13:08,221 I 88138 88878] core_worker.cc:494: Event stats:


Global stats: 874 total (8 active)
Queueing time: mean = 27.163 ms, max = 3.240 s, min = -0.000 s, total = 23.741 s
Execution time:  mean = 7.163 ms, total = 6.261 s
Event stats:
	UNKNOWN - 649 total (5 active, 1 running), CPU time: mean = 7.029 ms, total = 4.562 s
	NodeManagerService.grpc_client.ReportWorkerBacklog - 56 total (0 active), CPU time: mean = 7.338 us, total = 410.945 us
	GcsClient.deadline_timer.check_gcs_connection - 56 total (1 active), CPU time: mean = 719.509 us, total = 40.293 ms
	CoreWorker.deadline_timer.flush_profiling_events - 56 total (1 active), CPU time: mean = 3.856 ms, total = 215.952 ms
	CoreWorkerService.grpc_server.GetCoreWorkerStats - 45 total (0 active), CPU time: mean = 32.029 ms, total = 1.441 s
	PeriodicalRunner.RunFnPeriodically - 7 total (0 active), CPU time: mean = 55.753 us, total = 390.270 us
	WorkerInfoGcsService.grpc_client.AddWorkerInfo - 1 total (0 active), CPU time: mean = 15.430 us, total = 15.430 us
	InternalPubSubGcsService.grpc_client.GcsSubscriberCommandBatch - 1 total (0 active), CPU time: mean = 198.272 us, total = 198.272 us
	InternalPubSubGcsService.grpc_client.GcsSubscriberPoll - 1 total (1 active), CPU time: mean = 0.000 s, total = 0.000 s
	NodeInfoGcsService.grpc_client.GetAllNodeInfo - 1 total (0 active), CPU time: mean = 41.139 us, total = 41.139 us
	CoreWorkerService.grpc_server.PushTask - 1 total (0 active), CPU time: mean = 83.344 us, total = 83.344 us


[2022-06-16 23:13:35,297 I 88138 88138] direct_actor_transport.cc:144: Actor creation task finished, task_id: ffffffffffffffffcd375bd1654a09e4de0ceb8e0f000000, actor_id: cd375bd1654a09e4de0ceb8e0f000000
[2022-06-16 23:14:10,337 I 88138 88878] core_worker.cc:494: Event stats:


Global stats: 1661 total (8 active)
Queueing time: mean = 39.938 ms, max = 5.676 s, min = -0.013 s, total = 66.337 s
Execution time:  mean = 10.065 ms, total = 16.719 s
Event stats:
	UNKNOWN - 1239 total (5 active, 1 running), CPU time: mean = 10.623 ms, total = 13.162 s
	GcsClient.deadline_timer.check_gcs_connection - 107 total (1 active), CPU time: mean = 1.127 ms, total = 120.609 ms
	NodeManagerService.grpc_client.ReportWorkerBacklog - 106 total (0 active), CPU time: mean = 7.604 us, total = 805.987 us
	CoreWorker.deadline_timer.flush_profiling_events - 106 total (1 active), CPU time: mean = 7.197 ms, total = 762.829 ms
	CoreWorkerService.grpc_server.GetCoreWorkerStats - 87 total (0 active), CPU time: mean = 30.705 ms, total = 2.671 s
	PeriodicalRunner.RunFnPeriodically - 7 total (0 active), CPU time: mean = 55.753 us, total = 390.270 us
	StatsGcsService.grpc_client.AddProfileData - 2 total (0 active), CPU time: mean = 35.383 us, total = 70.766 us
	CoreWorkerService.grpc_server.PushTask - 2 total (0 active), CPU time: mean = 73.725 us, total = 147.451 us
	WorkerInfoGcsService.grpc_client.AddWorkerInfo - 1 total (0 active), CPU time: mean = 15.430 us, total = 15.430 us
	InternalPubSubGcsService.grpc_client.GcsSubscriberCommandBatch - 1 total (0 active), CPU time: mean = 198.272 us, total = 198.272 us
	InternalPubSubGcsService.grpc_client.GcsSubscriberPoll - 1 total (1 active), CPU time: mean = 0.000 s, total = 0.000 s
	NodeInfoGcsService.grpc_client.GetAllNodeInfo - 1 total (0 active), CPU time: mean = 41.139 us, total = 41.139 us
	CoreWorkerService.grpc_server.DirectActorCallArgWaitComplete - 1 total (0 active), CPU time: mean = 60.925 us, total = 60.925 us


[2022-06-16 23:14:29,955 I 88138 88878] core_worker.cc:3086: Force kill actor request has received. exiting immediately...
[2022-06-16 23:14:29,955 I 88138 88878] core_worker.cc:591: Disconnecting to the raylet.
[2022-06-16 23:14:29,980 I 88138 88878] raylet_client.cc:162: RayletClient::Disconnect, exit_type=INTENDED_EXIT, has creation_task_exception_pb_bytes=0
