[2022-06-16 22:33:38,622 I 43302 43302] core_worker_process.cc:120: Constructing CoreWorkerProcess. pid: 43302
[2022-06-16 22:33:39,092 I 43302 43302] grpc_server.cc:105: worker server started, listening on port 10069.
[2022-06-16 22:33:39,094 I 43302 43302] core_worker.cc:175: Initializing worker at address: 10.140.1.24:10069, worker ID 521ed6c023f4a2a3459dafaff7bfc082da52077c6999f32047d64dad, raylet 5362b08c08075f2f5bd7b1d3e1df0d75415293f6ede64c2d4cee5e5c
[2022-06-16 22:33:39,094 I 43302 44146] gcs_server_address_updater.cc:32: GCS Server updater thread id: 140377415726848
[2022-06-16 22:33:39,295 I 43302 43302] io_service_pool.cc:35: IOServicePool is running with 1 io_service.
[2022-06-16 22:33:39,306 I 43302 44168] core_worker.cc:494: Event stats:


Global stats: 17 total (11 active)
Queueing time: mean = 21.441 ms, max = 100.481 ms, min = 349.232 us, total = 364.499 ms
Execution time:  mean = 20.118 us, total = 342.003 us
Event stats:
	PeriodicalRunner.RunFnPeriodically - 7 total (2 active, 1 running), CPU time: mean = 18.178 us, total = 127.244 us
	UNKNOWN - 3 total (3 active), CPU time: mean = 0.000 s, total = 0.000 s
	CoreWorker.deadline_timer.flush_profiling_events - 1 total (1 active), CPU time: mean = 0.000 s, total = 0.000 s
	GcsClient.deadline_timer.check_gcs_connection - 1 total (1 active), CPU time: mean = 0.000 s, total = 0.000 s
	InternalPubSubGcsService.grpc_client.GcsSubscriberPoll - 1 total (1 active), CPU time: mean = 0.000 s, total = 0.000 s
	NodeInfoGcsService.grpc_client.GetAllNodeInfo - 1 total (1 active), CPU time: mean = 0.000 s, total = 0.000 s
	NodeManagerService.grpc_client.ReportWorkerBacklog - 1 total (1 active), CPU time: mean = 0.000 s, total = 0.000 s
	WorkerInfoGcsService.grpc_client.AddWorkerInfo - 1 total (1 active), CPU time: mean = 0.000 s, total = 0.000 s
	InternalPubSubGcsService.grpc_client.GcsSubscriberCommandBatch - 1 total (0 active), CPU time: mean = 214.759 us, total = 214.759 us


[2022-06-16 22:33:39,395 I 43302 44168] accessor.cc:599: Received notification for node id = 5362b08c08075f2f5bd7b1d3e1df0d75415293f6ede64c2d4cee5e5c, IsAlive = 1
[2022-06-16 22:33:39,954 I 43302 43302] direct_actor_task_submitter.cc:33: Set max pending calls to -1 for actor 63e5494d5723f5d7c8d1564a0d000000
[2022-06-16 22:33:39,954 I 43302 43302] direct_actor_task_submitter.cc:217: Connecting to actor 63e5494d5723f5d7c8d1564a0d000000 at worker 521ed6c023f4a2a3459dafaff7bfc082da52077c6999f32047d64dad
[2022-06-16 22:33:39,954 I 43302 43302] core_worker.cc:2317: Creating actor: 63e5494d5723f5d7c8d1564a0d000000
[2022-06-16 22:34:43,859 I 43302 44168] core_worker.cc:494: Event stats:


Global stats: 922 total (9 active)
Queueing time: mean = 29.485 ms, max = 4.787 s, min = -0.045 s, total = 27.185 s
Execution time:  mean = 7.608 ms, total = 7.014 s
Event stats:
	UNKNOWN - 687 total (5 active, 1 running), CPU time: mean = 6.706 ms, total = 4.607 s
	CoreWorker.deadline_timer.flush_profiling_events - 59 total (1 active), CPU time: mean = 6.151 ms, total = 362.920 ms
	GcsClient.deadline_timer.check_gcs_connection - 59 total (1 active), CPU time: mean = 173.189 us, total = 10.218 ms
	NodeManagerService.grpc_client.ReportWorkerBacklog - 58 total (1 active), CPU time: mean = 6.415 us, total = 372.070 us
	CoreWorkerService.grpc_server.GetCoreWorkerStats - 47 total (0 active), CPU time: mean = 43.043 ms, total = 2.023 s
	PeriodicalRunner.RunFnPeriodically - 7 total (0 active), CPU time: mean = 1.492 ms, total = 10.441 ms
	InternalPubSubGcsService.grpc_client.GcsSubscriberPoll - 1 total (1 active), CPU time: mean = 0.000 s, total = 0.000 s
	NodeInfoGcsService.grpc_client.GetAllNodeInfo - 1 total (0 active), CPU time: mean = 47.475 us, total = 47.475 us
	CoreWorkerService.grpc_server.PushTask - 1 total (0 active), CPU time: mean = 61.758 us, total = 61.758 us
	WorkerInfoGcsService.grpc_client.AddWorkerInfo - 1 total (0 active), CPU time: mean = 17.422 us, total = 17.422 us
	InternalPubSubGcsService.grpc_client.GcsSubscriberCommandBatch - 1 total (0 active), CPU time: mean = 214.759 us, total = 214.759 us


[2022-06-16 22:34:47,246 I 43302 43302] direct_actor_transport.cc:144: Actor creation task finished, task_id: ffffffffffffffff63e5494d5723f5d7c8d1564a0d000000, actor_id: 63e5494d5723f5d7c8d1564a0d000000
[2022-06-16 22:35:44,205 I 43302 44168] core_worker.cc:494: Event stats:


Global stats: 1836 total (8 active)
Queueing time: mean = 23.384 ms, max = 4.787 s, min = -0.056 s, total = 42.933 s
Execution time:  mean = 5.949 ms, total = 10.923 s
Event stats:
	UNKNOWN - 1372 total (5 active, 1 running), CPU time: mean = 4.715 ms, total = 6.469 s
	CoreWorker.deadline_timer.flush_profiling_events - 118 total (1 active), CPU time: mean = 6.120 ms, total = 722.156 ms
	GcsClient.deadline_timer.check_gcs_connection - 118 total (1 active), CPU time: mean = 5.612 ms, total = 662.229 ms
	NodeManagerService.grpc_client.ReportWorkerBacklog - 117 total (0 active), CPU time: mean = 263.124 us, total = 30.786 ms
	CoreWorkerService.grpc_server.GetCoreWorkerStats - 94 total (0 active), CPU time: mean = 31.513 ms, total = 2.962 s
	PeriodicalRunner.RunFnPeriodically - 7 total (0 active), CPU time: mean = 1.492 ms, total = 10.441 ms
	StatsGcsService.grpc_client.AddProfileData - 3 total (0 active), CPU time: mean = 1.643 ms, total = 4.929 ms
	CoreWorkerService.grpc_server.PushTask - 2 total (0 active), CPU time: mean = 15.258 ms, total = 30.515 ms
	InternalPubSubGcsService.grpc_client.GcsSubscriberPoll - 1 total (1 active), CPU time: mean = 0.000 s, total = 0.000 s
	NodeInfoGcsService.grpc_client.GetAllNodeInfo - 1 total (0 active), CPU time: mean = 47.475 us, total = 47.475 us
	WorkerInfoGcsService.grpc_client.AddWorkerInfo - 1 total (0 active), CPU time: mean = 17.422 us, total = 17.422 us
	InternalPubSubGcsService.grpc_client.GcsSubscriberCommandBatch - 1 total (0 active), CPU time: mean = 214.759 us, total = 214.759 us
	CoreWorkerService.grpc_server.DirectActorCallArgWaitComplete - 1 total (0 active), CPU time: mean = 30.093 ms, total = 30.093 ms


[2022-06-16 22:35:49,591 I 43302 44168] core_worker.cc:3086: Force kill actor request has received. exiting immediately...
[2022-06-16 22:35:49,591 I 43302 44168] core_worker.cc:591: Disconnecting to the raylet.
[2022-06-16 22:35:49,631 I 43302 44168] raylet_client.cc:162: RayletClient::Disconnect, exit_type=INTENDED_EXIT, has creation_task_exception_pb_bytes=0
