[2022-06-16 22:06:40,865 I 13215 13215] core_worker_process.cc:120: Constructing CoreWorkerProcess. pid: 13215
[2022-06-16 22:06:42,071 I 13215 13215] grpc_server.cc:105: driver server started, listening on port 10038.
[2022-06-16 22:06:42,074 I 13215 13215] core_worker.cc:175: Initializing worker at address: 10.140.1.24:10038, worker ID 08000000ffffffffffffffffffffffffffffffffffffffffffffffff, raylet 5362b08c08075f2f5bd7b1d3e1df0d75415293f6ede64c2d4cee5e5c
[2022-06-16 22:06:42,074 I 13215 14538] gcs_server_address_updater.cc:32: GCS Server updater thread id: 140080618399488
[2022-06-16 22:06:42,347 I 13215 13215] io_service_pool.cc:35: IOServicePool is running with 1 io_service.
[2022-06-16 22:06:42,388 I 13215 14541] core_worker.cc:494: Event stats:


Global stats: 15 total (10 active)
Queueing time: mean = 38.956 ms, max = 172.478 ms, min = 348.301 us, total = 584.343 ms
Execution time:  mean = 21.710 us, total = 325.652 us
Event stats:
	PeriodicalRunner.RunFnPeriodically - 6 total (2 active, 1 running), CPU time: mean = 19.902 us, total = 119.410 us
	UNKNOWN - 2 total (2 active), CPU time: mean = 0.000 s, total = 0.000 s
	NodeInfoGcsService.grpc_client.GetAllNodeInfo - 1 total (1 active), CPU time: mean = 0.000 s, total = 0.000 s
	WorkerInfoGcsService.grpc_client.AddWorkerInfo - 1 total (1 active), CPU time: mean = 0.000 s, total = 0.000 s
	InternalPubSubGcsService.grpc_client.GcsSubscriberCommandBatch - 1 total (0 active), CPU time: mean = 206.242 us, total = 206.242 us
	GcsClient.deadline_timer.check_gcs_connection - 1 total (1 active), CPU time: mean = 0.000 s, total = 0.000 s
	InternalPubSubGcsService.grpc_client.GcsSubscriberPoll - 1 total (1 active), CPU time: mean = 0.000 s, total = 0.000 s
	CoreWorker.deadline_timer.flush_profiling_events - 1 total (1 active), CPU time: mean = 0.000 s, total = 0.000 s
	NodeManagerService.grpc_client.ReportWorkerBacklog - 1 total (1 active), CPU time: mean = 0.000 s, total = 0.000 s


[2022-06-16 22:06:42,413 I 13215 14541] accessor.cc:599: Received notification for node id = 5362b08c08075f2f5bd7b1d3e1df0d75415293f6ede64c2d4cee5e5c, IsAlive = 1
[2022-06-16 22:07:42,714 I 13215 14541] core_worker.cc:494: Event stats:


Global stats: 795 total (8 active)
Queueing time: mean = 27.290 ms, max = 4.818 s, min = -0.088 s, total = 21.696 s
Execution time:  mean = 8.864 ms, total = 7.047 s
Event stats:
	UNKNOWN - 577 total (4 active, 1 running), CPU time: mean = 10.208 ms, total = 5.890 s
	GcsClient.deadline_timer.check_gcs_connection - 55 total (1 active), CPU time: mean = 435.266 us, total = 23.940 ms
	CoreWorker.deadline_timer.flush_profiling_events - 54 total (1 active), CPU time: mean = 8.499 ms, total = 458.946 ms
	NodeManagerService.grpc_client.ReportWorkerBacklog - 54 total (1 active), CPU time: mean = 5.933 us, total = 320.387 us
	CoreWorkerService.grpc_server.GetCoreWorkerStats - 45 total (0 active), CPU time: mean = 14.063 ms, total = 632.841 ms
	PeriodicalRunner.RunFnPeriodically - 6 total (0 active), CPU time: mean = 6.734 ms, total = 40.403 ms
	NodeInfoGcsService.grpc_client.GetAllNodeInfo - 1 total (0 active), CPU time: mean = 50.195 us, total = 50.195 us
	WorkerInfoGcsService.grpc_client.AddWorkerInfo - 1 total (0 active), CPU time: mean = 19.937 us, total = 19.937 us
	InternalPubSubGcsService.grpc_client.GcsSubscriberCommandBatch - 1 total (0 active), CPU time: mean = 206.242 us, total = 206.242 us
	InternalPubSubGcsService.grpc_client.GcsSubscriberPoll - 1 total (1 active), CPU time: mean = 0.000 s, total = 0.000 s


[2022-06-16 22:07:44,365 I 13215 13215] direct_actor_task_submitter.cc:33: Set max pending calls to -1 for actor 114763ef134e5102370b36f308000000
[2022-06-16 22:07:44,708 I 13215 13215] direct_actor_task_submitter.cc:33: Set max pending calls to -1 for actor 9c9d93edd5e1c06a27fe7b3408000000
[2022-06-16 22:07:44,785 I 13215 13215] direct_actor_task_submitter.cc:33: Set max pending calls to -1 for actor 7719b7727e221c3cdf40756908000000
[2022-06-16 22:07:44,785 I 13215 13215] direct_actor_task_submitter.cc:33: Set max pending calls to -1 for actor d0f98a21c01c9055e6f2350c08000000
[2022-06-16 22:07:44,785 I 13215 13215] direct_actor_task_submitter.cc:33: Set max pending calls to -1 for actor 75627e54740d05ec302947a308000000
[2022-06-16 22:07:46,185 I 13215 14541] actor_manager.cc:246: received notification on actor, state: DEPENDENCIES_UNREADY, actor_id: 7719b7727e221c3cdf40756908000000, ip address: , port: 0, worker_id: NIL_ID, raylet_id: NIL_ID, num_restarts: 0, death context type=CONTEXT_NOT_SET
[2022-06-16 22:07:46,205 I 13215 14541] actor_manager.cc:246: received notification on actor, state: DEPENDENCIES_UNREADY, actor_id: d0f98a21c01c9055e6f2350c08000000, ip address: , port: 0, worker_id: NIL_ID, raylet_id: NIL_ID, num_restarts: 0, death context type=CONTEXT_NOT_SET
[2022-06-16 22:07:46,205 I 13215 14541] actor_manager.cc:246: received notification on actor, state: DEPENDENCIES_UNREADY, actor_id: 75627e54740d05ec302947a308000000, ip address: , port: 0, worker_id: NIL_ID, raylet_id: NIL_ID, num_restarts: 0, death context type=CONTEXT_NOT_SET
[2022-06-16 22:07:46,215 I 13215 14541] actor_manager.cc:246: received notification on actor, state: DEPENDENCIES_UNREADY, actor_id: 114763ef134e5102370b36f308000000, ip address: , port: 0, worker_id: NIL_ID, raylet_id: NIL_ID, num_restarts: 0, death context type=CONTEXT_NOT_SET
[2022-06-16 22:07:46,215 I 13215 14541] actor_manager.cc:246: received notification on actor, state: DEPENDENCIES_UNREADY, actor_id: 9c9d93edd5e1c06a27fe7b3408000000, ip address: , port: 0, worker_id: NIL_ID, raylet_id: NIL_ID, num_restarts: 0, death context type=CONTEXT_NOT_SET
[2022-06-16 22:07:46,216 I 13215 14541] actor_manager.cc:246: received notification on actor, state: DEPENDENCIES_UNREADY, actor_id: 7719b7727e221c3cdf40756908000000, ip address: , port: 0, worker_id: NIL_ID, raylet_id: NIL_ID, num_restarts: 0, death context type=CONTEXT_NOT_SET
[2022-06-16 22:07:46,216 I 13215 14541] actor_manager.cc:246: received notification on actor, state: DEPENDENCIES_UNREADY, actor_id: d0f98a21c01c9055e6f2350c08000000, ip address: , port: 0, worker_id: NIL_ID, raylet_id: NIL_ID, num_restarts: 0, death context type=CONTEXT_NOT_SET
[2022-06-16 22:07:46,216 I 13215 14541] actor_manager.cc:246: received notification on actor, state: DEPENDENCIES_UNREADY, actor_id: 75627e54740d05ec302947a308000000, ip address: , port: 0, worker_id: NIL_ID, raylet_id: NIL_ID, num_restarts: 0, death context type=CONTEXT_NOT_SET
[2022-06-16 22:07:46,216 I 13215 14541] actor_manager.cc:246: received notification on actor, state: PENDING_CREATION, actor_id: 114763ef134e5102370b36f308000000, ip address: , port: 0, worker_id: NIL_ID, raylet_id: NIL_ID, num_restarts: 0, death context type=CONTEXT_NOT_SET
[2022-06-16 22:07:46,275 I 13215 14541] actor_manager.cc:246: received notification on actor, state: PENDING_CREATION, actor_id: 9c9d93edd5e1c06a27fe7b3408000000, ip address: , port: 0, worker_id: NIL_ID, raylet_id: NIL_ID, num_restarts: 0, death context type=CONTEXT_NOT_SET
[2022-06-16 22:07:46,275 I 13215 14541] actor_manager.cc:246: received notification on actor, state: PENDING_CREATION, actor_id: 7719b7727e221c3cdf40756908000000, ip address: , port: 0, worker_id: NIL_ID, raylet_id: NIL_ID, num_restarts: 0, death context type=CONTEXT_NOT_SET
[2022-06-16 22:07:46,275 I 13215 14541] actor_manager.cc:246: received notification on actor, state: PENDING_CREATION, actor_id: d0f98a21c01c9055e6f2350c08000000, ip address: , port: 0, worker_id: NIL_ID, raylet_id: NIL_ID, num_restarts: 0, death context type=CONTEXT_NOT_SET
[2022-06-16 22:07:46,275 I 13215 14541] actor_manager.cc:246: received notification on actor, state: PENDING_CREATION, actor_id: 75627e54740d05ec302947a308000000, ip address: , port: 0, worker_id: NIL_ID, raylet_id: NIL_ID, num_restarts: 0, death context type=CONTEXT_NOT_SET
[2022-06-16 22:08:42,931 I 13215 14541] core_worker.cc:494: Event stats:


Global stats: 1650 total (12 active)
Queueing time: mean = 27.859 ms, max = 4.818 s, min = -0.100 s, total = 45.967 s
Execution time:  mean = 8.747 ms, total = 14.432 s
Event stats:
	UNKNOWN - 1159 total (4 active, 1 running), CPU time: mean = 9.799 ms, total = 11.357 s
	CoreWorker.deadline_timer.flush_profiling_events - 110 total (1 active), CPU time: mean = 4.312 ms, total = 474.274 ms
	GcsClient.deadline_timer.check_gcs_connection - 110 total (1 active), CPU time: mean = 309.201 us, total = 34.012 ms
	NodeManagerService.grpc_client.ReportWorkerBacklog - 109 total (0 active), CPU time: mean = 932.136 us, total = 101.603 ms
	CoreWorkerService.grpc_server.GetCoreWorkerStats - 91 total (0 active), CPU time: mean = 15.350 ms, total = 1.397 s
	Subscriber.HandlePublishedMessage_GCS_ACTOR_CHANNEL - 10 total (0 active), CPU time: mean = 8.921 us, total = 89.209 us
	InternalPubSubGcsService.grpc_client.GcsSubscriberPoll - 7 total (1 active), CPU time: mean = 71.344 us, total = 499.411 us
	PeriodicalRunner.RunFnPeriodically - 6 total (0 active), CPU time: mean = 6.734 ms, total = 40.403 ms
	ActorInfoGcsService.grpc_client.GetActorInfo - 5 total (0 active), CPU time: mean = 8.515 ms, total = 42.577 ms
	CoreWorkerDirectActorTaskSubmitter::SubmitTask - 5 total (0 active), CPU time: mean = 10.520 ms, total = 52.598 ms
	NodeManagerService.grpc_client.PinObjectIDs - 5 total (0 active), CPU time: mean = 4.000 ms, total = 19.998 ms
	ActorInfoGcsService.grpc_client.CreateActor - 5 total (5 active), CPU time: mean = 0.000 s, total = 0.000 s
	ActorInfoGcsService.grpc_client.RegisterActor - 5 total (0 active), CPU time: mean = 2.027 ms, total = 10.133 ms
	CoreWorkerService.grpc_server.WaitForActorOutOfScope - 5 total (0 active), CPU time: mean = 3.042 ms, total = 15.211 ms
	ActorCreator.AsyncRegisterActor - 5 total (0 active), CPU time: mean = 32.119 ms, total = 160.594 ms
	InternalPubSubGcsService.grpc_client.GcsSubscriberCommandBatch - 4 total (0 active), CPU time: mean = 159.157 ms, total = 636.629 ms
	CoreWorkerService.grpc_server.UpdateObjectLocationBatch - 2 total (0 active), CPU time: mean = 39.969 ms, total = 79.939 ms
	CoreWorkerService.grpc_server.PubsubCommandBatch - 2 total (0 active), CPU time: mean = 5.006 ms, total = 10.011 ms
	StatsGcsService.grpc_client.AddProfileData - 2 total (0 active), CPU time: mean = 11.760 us, total = 23.520 us
	NodeInfoGcsService.grpc_client.GetAllNodeInfo - 1 total (0 active), CPU time: mean = 50.195 us, total = 50.195 us
	CoreWorkerService.grpc_server.PubsubLongPolling - 1 total (0 active), CPU time: mean = 5.127 us, total = 5.127 us
	WorkerInfoGcsService.grpc_client.AddWorkerInfo - 1 total (0 active), CPU time: mean = 19.937 us, total = 19.937 us


[2022-06-16 22:09:37,665 I 13215 14541] actor_manager.cc:246: received notification on actor, state: ALIVE, actor_id: 9c9d93edd5e1c06a27fe7b3408000000, ip address: 10.140.1.24, port: 10039, worker_id: a9f09e6541e331c8d3fc7ae31fbee3f93600b315c91a4c4c05b996d3, raylet_id: 5362b08c08075f2f5bd7b1d3e1df0d75415293f6ede64c2d4cee5e5c, num_restarts: 0, death context type=CONTEXT_NOT_SET
[2022-06-16 22:09:37,736 I 13215 14541] direct_actor_task_submitter.cc:217: Connecting to actor 9c9d93edd5e1c06a27fe7b3408000000 at worker a9f09e6541e331c8d3fc7ae31fbee3f93600b315c91a4c4c05b996d3
[2022-06-16 22:09:37,860 I 13215 14541] actor_manager.cc:246: received notification on actor, state: ALIVE, actor_id: 75627e54740d05ec302947a308000000, ip address: 10.140.1.24, port: 10042, worker_id: 2fe6833761a6ddfa111440f6e6397a68f7ecfaf024bff339bad7f092, raylet_id: 5362b08c08075f2f5bd7b1d3e1df0d75415293f6ede64c2d4cee5e5c, num_restarts: 0, death context type=CONTEXT_NOT_SET
[2022-06-16 22:09:37,860 I 13215 14541] direct_actor_task_submitter.cc:217: Connecting to actor 75627e54740d05ec302947a308000000 at worker 2fe6833761a6ddfa111440f6e6397a68f7ecfaf024bff339bad7f092
[2022-06-16 22:09:37,860 I 13215 14541] actor_manager.cc:246: received notification on actor, state: ALIVE, actor_id: d0f98a21c01c9055e6f2350c08000000, ip address: 10.140.1.24, port: 10043, worker_id: a92c55d8d5e2c482d5112e6f85716152aef541c45841bb8b46889a52, raylet_id: 5362b08c08075f2f5bd7b1d3e1df0d75415293f6ede64c2d4cee5e5c, num_restarts: 0, death context type=CONTEXT_NOT_SET
[2022-06-16 22:09:37,860 I 13215 14541] direct_actor_task_submitter.cc:217: Connecting to actor d0f98a21c01c9055e6f2350c08000000 at worker a92c55d8d5e2c482d5112e6f85716152aef541c45841bb8b46889a52
[2022-06-16 22:09:37,860 I 13215 14541] actor_manager.cc:246: received notification on actor, state: ALIVE, actor_id: 7719b7727e221c3cdf40756908000000, ip address: 10.140.1.24, port: 10041, worker_id: 9cb4031287bbf4a7a46016f574018a01a39ad956adbed554c669e635, raylet_id: 5362b08c08075f2f5bd7b1d3e1df0d75415293f6ede64c2d4cee5e5c, num_restarts: 0, death context type=CONTEXT_NOT_SET
[2022-06-16 22:09:37,860 I 13215 14541] direct_actor_task_submitter.cc:217: Connecting to actor 7719b7727e221c3cdf40756908000000 at worker 9cb4031287bbf4a7a46016f574018a01a39ad956adbed554c669e635
[2022-06-16 22:09:37,860 I 13215 14541] actor_manager.cc:246: received notification on actor, state: ALIVE, actor_id: 114763ef134e5102370b36f308000000, ip address: 10.140.1.24, port: 10040, worker_id: ba1c7066c921f71c42562af68415c1a69382ab090ef5dafb77c8884e, raylet_id: 5362b08c08075f2f5bd7b1d3e1df0d75415293f6ede64c2d4cee5e5c, num_restarts: 0, death context type=CONTEXT_NOT_SET
[2022-06-16 22:09:37,860 I 13215 14541] direct_actor_task_submitter.cc:217: Connecting to actor 114763ef134e5102370b36f308000000 at worker ba1c7066c921f71c42562af68415c1a69382ab090ef5dafb77c8884e
[2022-06-16 22:09:43,068 I 13215 14541] core_worker.cc:494: Event stats:


Global stats: 2482 total (12 active)
Queueing time: mean = 27.393 ms, max = 4.818 s, min = -0.100 s, total = 67.989 s
Execution time:  mean = 7.966 ms, total = 19.772 s
Event stats:
	UNKNOWN - 1757 total (4 active, 1 running), CPU time: mean = 8.247 ms, total = 14.491 s
	CoreWorker.deadline_timer.flush_profiling_events - 166 total (1 active), CPU time: mean = 4.060 ms, total = 674.006 ms
	GcsClient.deadline_timer.check_gcs_connection - 166 total (1 active), CPU time: mean = 356.118 us, total = 59.116 ms
	NodeManagerService.grpc_client.ReportWorkerBacklog - 165 total (0 active), CPU time: mean = 1.048 ms, total = 172.917 ms
	CoreWorkerService.grpc_server.GetCoreWorkerStats - 138 total (0 active), CPU time: mean = 17.057 ms, total = 2.354 s
	Subscriber.HandlePublishedMessage_GCS_ACTOR_CHANNEL - 15 total (0 active), CPU time: mean = 13.691 ms, total = 205.358 ms
	InternalPubSubGcsService.grpc_client.GcsSubscriberPoll - 9 total (1 active), CPU time: mean = 27.922 ms, total = 251.301 ms
	PeriodicalRunner.RunFnPeriodically - 6 total (0 active), CPU time: mean = 6.734 ms, total = 40.403 ms
	CoreWorkerService.grpc_server.PubsubCommandBatch - 6 total (0 active), CPU time: mean = 18.537 ms, total = 111.225 ms
	ActorInfoGcsService.grpc_client.GetActorInfo - 5 total (0 active), CPU time: mean = 8.515 ms, total = 42.577 ms
	CoreWorkerDirectActorTaskSubmitter::SubmitTask - 5 total (0 active), CPU time: mean = 10.520 ms, total = 52.598 ms
	CoreWorkerService.grpc_client.PushTask - 5 total (5 active), CPU time: mean = 0.000 s, total = 0.000 s
	NodeManagerService.grpc_client.PinObjectIDs - 5 total (0 active), CPU time: mean = 4.000 ms, total = 19.998 ms
	ActorInfoGcsService.grpc_client.CreateActor - 5 total (0 active), CPU time: mean = 75.975 ms, total = 379.874 ms
	ActorInfoGcsService.grpc_client.RegisterActor - 5 total (0 active), CPU time: mean = 2.027 ms, total = 10.133 ms
	CoreWorkerService.grpc_server.WaitForActorOutOfScope - 5 total (0 active), CPU time: mean = 3.042 ms, total = 15.211 ms
	ActorCreator.AsyncRegisterActor - 5 total (0 active), CPU time: mean = 32.119 ms, total = 160.594 ms
	InternalPubSubGcsService.grpc_client.GcsSubscriberCommandBatch - 4 total (0 active), CPU time: mean = 159.157 ms, total = 636.629 ms
	CoreWorkerService.grpc_server.PubsubLongPolling - 4 total (0 active), CPU time: mean = 3.847 ms, total = 15.386 ms
	CoreWorkerService.grpc_server.UpdateObjectLocationBatch - 2 total (0 active), CPU time: mean = 39.969 ms, total = 79.939 ms
	StatsGcsService.grpc_client.AddProfileData - 2 total (0 active), CPU time: mean = 11.760 us, total = 23.520 us
	NodeInfoGcsService.grpc_client.GetAllNodeInfo - 1 total (0 active), CPU time: mean = 50.195 us, total = 50.195 us
	WorkerInfoGcsService.grpc_client.AddWorkerInfo - 1 total (0 active), CPU time: mean = 19.937 us, total = 19.937 us


[2022-06-16 22:09:45,872 I 13215 13215] core_worker.cc:591: Disconnecting to the raylet.
[2022-06-16 22:09:45,872 I 13215 13215] raylet_client.cc:162: RayletClient::Disconnect, exit_type=INTENDED_EXIT, has creation_task_exception_pb_bytes=0
[2022-06-16 22:09:45,872 I 13215 13215] core_worker.cc:539: Shutting down a core worker.
[2022-06-16 22:09:45,872 I 13215 13215] core_worker.cc:563: Disconnecting a GCS client.
[2022-06-16 22:09:45,872 I 13215 13215] core_worker.cc:567: Waiting for joining a core worker io thread. If it hangs here, there might be deadlock or a high load in the core worker io service.
[2022-06-16 22:09:45,872 I 13215 14541] core_worker.cc:679: Core worker main io service stopped.
[2022-06-16 22:09:45,872 I 13215 13215] core_worker.cc:576: Core worker ready to be deallocated.
[2022-06-16 22:09:45,879 I 13215 13215] core_worker_process.cc:298: Removed worker 08000000ffffffffffffffffffffffffffffffffffffffffffffffff
[2022-06-16 22:09:45,899 I 13215 13215] core_worker.cc:530: Core worker is destructed
[2022-06-16 22:09:46,115 I 13215 13215] core_worker_process.cc:154: Destructing CoreWorkerProcessImpl. pid: 13215
[2022-06-16 22:09:46,115 I 13215 13215] io_service_pool.cc:47: IOServicePool is stopped.
