[2022-06-16 23:33:10,874 I 111280 111280] core_worker_process.cc:120: Constructing CoreWorkerProcess. pid: 111280
[2022-06-16 23:33:11,962 I 111280 111280] grpc_server.cc:105: worker server started, listening on port 10104.
[2022-06-16 23:33:11,965 I 111280 111280] core_worker.cc:175: Initializing worker at address: 10.140.1.24:10104, worker ID 58a268000ebca54cb66f2c3b7887066a61d9a4986ea5f6093e5e528f, raylet 5362b08c08075f2f5bd7b1d3e1df0d75415293f6ede64c2d4cee5e5c
[2022-06-16 23:33:11,965 I 111280 111914] gcs_server_address_updater.cc:32: GCS Server updater thread id: 140301658212096
[2022-06-16 23:33:12,193 I 111280 111280] io_service_pool.cc:35: IOServicePool is running with 1 io_service.
[2022-06-16 23:33:12,222 I 111280 111933] core_worker.cc:494: Event stats:


Global stats: 17 total (11 active)
Queueing time: mean = 27.709 ms, max = 127.004 ms, min = 20.493 ms, total = 471.045 ms
Execution time:  mean = 18.233 us, total = 309.960 us
Event stats:
	PeriodicalRunner.RunFnPeriodically - 7 total (2 active, 1 running), CPU time: mean = 18.503 us, total = 129.523 us
	UNKNOWN - 3 total (3 active), CPU time: mean = 0.000 s, total = 0.000 s
	InternalPubSubGcsService.grpc_client.GcsSubscriberCommandBatch - 1 total (0 active), CPU time: mean = 180.437 us, total = 180.437 us
	WorkerInfoGcsService.grpc_client.AddWorkerInfo - 1 total (1 active), CPU time: mean = 0.000 s, total = 0.000 s
	GcsClient.deadline_timer.check_gcs_connection - 1 total (1 active), CPU time: mean = 0.000 s, total = 0.000 s
	NodeInfoGcsService.grpc_client.GetAllNodeInfo - 1 total (1 active), CPU time: mean = 0.000 s, total = 0.000 s
	CoreWorker.deadline_timer.flush_profiling_events - 1 total (1 active), CPU time: mean = 0.000 s, total = 0.000 s
	InternalPubSubGcsService.grpc_client.GcsSubscriberPoll - 1 total (1 active), CPU time: mean = 0.000 s, total = 0.000 s
	NodeManagerService.grpc_client.ReportWorkerBacklog - 1 total (1 active), CPU time: mean = 0.000 s, total = 0.000 s


[2022-06-16 23:33:12,238 I 111280 111933] accessor.cc:599: Received notification for node id = 5362b08c08075f2f5bd7b1d3e1df0d75415293f6ede64c2d4cee5e5c, IsAlive = 1
[2022-06-16 23:33:13,137 I 111280 111280] direct_actor_task_submitter.cc:33: Set max pending calls to -1 for actor 7cbe8c1381ac557dd5e9367511000000
[2022-06-16 23:33:13,137 I 111280 111280] direct_actor_task_submitter.cc:217: Connecting to actor 7cbe8c1381ac557dd5e9367511000000 at worker 58a268000ebca54cb66f2c3b7887066a61d9a4986ea5f6093e5e528f
[2022-06-16 23:33:13,137 I 111280 111280] core_worker.cc:2317: Creating actor: 7cbe8c1381ac557dd5e9367511000000
[2022-06-16 23:34:12,237 I 111280 111933] core_worker.cc:494: Event stats:


Global stats: 914 total (8 active)
Queueing time: mean = 11.910 ms, max = 1.063 s, min = -0.036 s, total = 10.886 s
Execution time:  mean = 3.876 ms, total = 3.542 s
Event stats:
	UNKNOWN - 682 total (5 active, 1 running), CPU time: mean = 3.369 ms, total = 2.298 s
	GcsClient.deadline_timer.check_gcs_connection - 59 total (1 active), CPU time: mean = 1.558 ms, total = 91.924 ms
	CoreWorker.deadline_timer.flush_profiling_events - 59 total (1 active), CPU time: mean = 1.735 ms, total = 102.347 ms
	NodeManagerService.grpc_client.ReportWorkerBacklog - 58 total (0 active), CPU time: mean = 91.463 us, total = 5.305 ms
	CoreWorkerService.grpc_server.GetCoreWorkerStats - 44 total (0 active), CPU time: mean = 22.577 ms, total = 993.405 ms
	PeriodicalRunner.RunFnPeriodically - 7 total (0 active), CPU time: mean = 4.196 ms, total = 29.374 ms
	InternalPubSubGcsService.grpc_client.GcsSubscriberCommandBatch - 1 total (0 active), CPU time: mean = 180.437 us, total = 180.437 us
	WorkerInfoGcsService.grpc_client.AddWorkerInfo - 1 total (0 active), CPU time: mean = 15.986 us, total = 15.986 us
	CoreWorkerService.grpc_server.PushTask - 1 total (0 active), CPU time: mean = 22.070 ms, total = 22.070 ms
	NodeInfoGcsService.grpc_client.GetAllNodeInfo - 1 total (0 active), CPU time: mean = 40.496 us, total = 40.496 us
	InternalPubSubGcsService.grpc_client.GcsSubscriberPoll - 1 total (1 active), CPU time: mean = 0.000 s, total = 0.000 s


[2022-06-16 23:34:13,253 I 111280 111280] direct_actor_transport.cc:144: Actor creation task finished, task_id: ffffffffffffffff7cbe8c1381ac557dd5e9367511000000, actor_id: 7cbe8c1381ac557dd5e9367511000000
[2022-06-16 23:34:22,626 I 111280 111933] core_worker.cc:3086: Force kill actor request has received. exiting immediately...
[2022-06-16 23:34:22,627 I 111280 111933] core_worker.cc:591: Disconnecting to the raylet.
[2022-06-16 23:34:22,627 I 111280 111933] raylet_client.cc:162: RayletClient::Disconnect, exit_type=INTENDED_EXIT, has creation_task_exception_pb_bytes=0
