[2022-06-16 23:28:13,463 I 106102 106102] core_worker_process.cc:120: Constructing CoreWorkerProcess. pid: 106102
[2022-06-16 23:28:13,779 I 106102 106102] grpc_server.cc:105: worker server started, listening on port 10097.
[2022-06-16 23:28:13,782 I 106102 106102] core_worker.cc:175: Initializing worker at address: 10.140.1.24:10097, worker ID 5caccce763e0b6fa1817d0723d3781956b5c2d82e9eb05bc68daa4b1, raylet 5362b08c08075f2f5bd7b1d3e1df0d75415293f6ede64c2d4cee5e5c
[2022-06-16 23:28:13,782 I 106102 107195] gcs_server_address_updater.cc:32: GCS Server updater thread id: 140544349042432
[2022-06-16 23:28:13,978 I 106102 106102] io_service_pool.cc:35: IOServicePool is running with 1 io_service.
[2022-06-16 23:28:14,018 I 106102 107208] core_worker.cc:494: Event stats:


Global stats: 17 total (11 active)
Queueing time: mean = 22.550 ms, max = 95.711 ms, min = 378.068 us, total = 383.349 ms
Execution time:  mean = 20.067 us, total = 341.140 us
Event stats:
	PeriodicalRunner.RunFnPeriodically - 7 total (2 active, 1 running), CPU time: mean = 16.257 us, total = 113.796 us
	UNKNOWN - 3 total (3 active), CPU time: mean = 0.000 s, total = 0.000 s
	GcsClient.deadline_timer.check_gcs_connection - 1 total (1 active), CPU time: mean = 0.000 s, total = 0.000 s
	InternalPubSubGcsService.grpc_client.GcsSubscriberPoll - 1 total (1 active), CPU time: mean = 0.000 s, total = 0.000 s
	CoreWorker.deadline_timer.flush_profiling_events - 1 total (1 active), CPU time: mean = 0.000 s, total = 0.000 s
	WorkerInfoGcsService.grpc_client.AddWorkerInfo - 1 total (1 active), CPU time: mean = 0.000 s, total = 0.000 s
	InternalPubSubGcsService.grpc_client.GcsSubscriberCommandBatch - 1 total (0 active), CPU time: mean = 227.344 us, total = 227.344 us
	NodeInfoGcsService.grpc_client.GetAllNodeInfo - 1 total (1 active), CPU time: mean = 0.000 s, total = 0.000 s
	NodeManagerService.grpc_client.ReportWorkerBacklog - 1 total (1 active), CPU time: mean = 0.000 s, total = 0.000 s


[2022-06-16 23:28:14,034 I 106102 107208] accessor.cc:599: Received notification for node id = 5362b08c08075f2f5bd7b1d3e1df0d75415293f6ede64c2d4cee5e5c, IsAlive = 1
[2022-06-16 23:28:14,419 I 106102 106102] direct_actor_task_submitter.cc:33: Set max pending calls to -1 for actor 621076c10f965d46ea250c5110000000
[2022-06-16 23:28:14,424 I 106102 106102] direct_actor_task_submitter.cc:217: Connecting to actor 621076c10f965d46ea250c5110000000 at worker 5caccce763e0b6fa1817d0723d3781956b5c2d82e9eb05bc68daa4b1
[2022-06-16 23:28:14,424 I 106102 106102] core_worker.cc:2317: Creating actor: 621076c10f965d46ea250c5110000000
[2022-06-16 23:29:14,102 I 106102 107208] core_worker.cc:494: Event stats:


Global stats: 920 total (8 active)
Queueing time: mean = 10.474 ms, max = 1.065 s, min = -0.018 s, total = 9.636 s
Execution time:  mean = 3.638 ms, total = 3.347 s
Event stats:
	UNKNOWN - 684 total (5 active, 1 running), CPU time: mean = 2.974 ms, total = 2.034 s
	GcsClient.deadline_timer.check_gcs_connection - 59 total (1 active), CPU time: mean = 868.258 us, total = 51.227 ms
	CoreWorker.deadline_timer.flush_profiling_events - 59 total (1 active), CPU time: mean = 2.721 ms, total = 160.517 ms
	NodeManagerService.grpc_client.ReportWorkerBacklog - 58 total (0 active), CPU time: mean = 6.759 us, total = 391.996 us
	CoreWorkerService.grpc_server.GetCoreWorkerStats - 48 total (0 active), CPU time: mean = 22.087 ms, total = 1.060 s
	PeriodicalRunner.RunFnPeriodically - 7 total (0 active), CPU time: mean = 5.692 ms, total = 39.841 ms
	InternalPubSubGcsService.grpc_client.GcsSubscriberPoll - 1 total (1 active), CPU time: mean = 0.000 s, total = 0.000 s
	CoreWorkerService.grpc_server.PushTask - 1 total (0 active), CPU time: mean = 48.368 us, total = 48.368 us
	WorkerInfoGcsService.grpc_client.AddWorkerInfo - 1 total (0 active), CPU time: mean = 15.146 us, total = 15.146 us
	InternalPubSubGcsService.grpc_client.GcsSubscriberCommandBatch - 1 total (0 active), CPU time: mean = 227.344 us, total = 227.344 us
	NodeInfoGcsService.grpc_client.GetAllNodeInfo - 1 total (0 active), CPU time: mean = 38.911 us, total = 38.911 us


[2022-06-16 23:29:17,115 I 106102 106102] direct_actor_transport.cc:144: Actor creation task finished, task_id: ffffffffffffffff621076c10f965d46ea250c5110000000, actor_id: 621076c10f965d46ea250c5110000000
[2022-06-16 23:29:27,391 I 106102 107208] core_worker.cc:3086: Force kill actor request has received. exiting immediately...
[2022-06-16 23:29:27,391 I 106102 107208] core_worker.cc:591: Disconnecting to the raylet.
[2022-06-16 23:29:27,391 I 106102 107208] raylet_client.cc:162: RayletClient::Disconnect, exit_type=INTENDED_EXIT, has creation_task_exception_pb_bytes=0
