[2022-06-16 22:22:17,322 I 29712 29712] core_worker_process.cc:120: Constructing CoreWorkerProcess. pid: 29712
[2022-06-16 22:22:18,194 I 29712 29712] grpc_server.cc:105: worker server started, listening on port 10059.
[2022-06-16 22:22:18,196 I 29712 29712] core_worker.cc:175: Initializing worker at address: 10.140.1.24:10059, worker ID 97cbd75b56e49645032af16bf349f4c1b10cc738b3c40f478c466742, raylet 5362b08c08075f2f5bd7b1d3e1df0d75415293f6ede64c2d4cee5e5c
[2022-06-16 22:22:18,197 I 29712 30502] gcs_server_address_updater.cc:32: GCS Server updater thread id: 139975257483008
[2022-06-16 22:22:18,653 I 29712 29712] io_service_pool.cc:35: IOServicePool is running with 1 io_service.
[2022-06-16 22:22:18,668 I 29712 30521] core_worker.cc:494: Event stats:


Global stats: 17 total (10 active)
Queueing time: mean = 106.748 ms, max = 355.379 ms, min = 20.361 ms, total = 1.815 s
Execution time:  mean = 24.364 us, total = 414.196 us
Event stats:
	PeriodicalRunner.RunFnPeriodically - 7 total (2 active, 1 running), CPU time: mean = 23.424 us, total = 163.970 us
	UNKNOWN - 3 total (3 active), CPU time: mean = 0.000 s, total = 0.000 s
	InternalPubSubGcsService.grpc_client.GcsSubscriberPoll - 1 total (1 active), CPU time: mean = 0.000 s, total = 0.000 s
	GcsClient.deadline_timer.check_gcs_connection - 1 total (1 active), CPU time: mean = 0.000 s, total = 0.000 s
	InternalPubSubGcsService.grpc_client.GcsSubscriberCommandBatch - 1 total (0 active), CPU time: mean = 235.400 us, total = 235.400 us
	NodeInfoGcsService.grpc_client.GetAllNodeInfo - 1 total (1 active), CPU time: mean = 0.000 s, total = 0.000 s
	WorkerInfoGcsService.grpc_client.AddWorkerInfo - 1 total (0 active), CPU time: mean = 14.826 us, total = 14.826 us
	CoreWorker.deadline_timer.flush_profiling_events - 1 total (1 active), CPU time: mean = 0.000 s, total = 0.000 s
	NodeManagerService.grpc_client.ReportWorkerBacklog - 1 total (1 active), CPU time: mean = 0.000 s, total = 0.000 s


[2022-06-16 22:22:18,668 I 29712 30521] accessor.cc:599: Received notification for node id = 5362b08c08075f2f5bd7b1d3e1df0d75415293f6ede64c2d4cee5e5c, IsAlive = 1
[2022-06-16 22:22:19,359 I 29712 29712] direct_actor_task_submitter.cc:33: Set max pending calls to -1 for actor afdafd72d141f640e5ad1bf70b000000
[2022-06-16 22:22:19,359 I 29712 29712] direct_actor_task_submitter.cc:217: Connecting to actor afdafd72d141f640e5ad1bf70b000000 at worker 97cbd75b56e49645032af16bf349f4c1b10cc738b3c40f478c466742
[2022-06-16 22:22:19,359 I 29712 29712] core_worker.cc:2317: Creating actor: afdafd72d141f640e5ad1bf70b000000
[2022-06-16 22:23:21,641 I 29712 30521] core_worker.cc:494: Event stats:


Global stats: 891 total (9 active)
Queueing time: mean = 29.956 ms, max = 3.355 s, min = -0.066 s, total = 26.691 s
Execution time:  mean = 8.376 ms, total = 7.463 s
Event stats:
	UNKNOWN - 661 total (5 active, 1 running), CPU time: mean = 8.837 ms, total = 5.841 s
	GcsClient.deadline_timer.check_gcs_connection - 58 total (1 active), CPU time: mean = 958.675 us, total = 55.603 ms
	CoreWorker.deadline_timer.flush_profiling_events - 58 total (1 active), CPU time: mean = 8.925 ms, total = 517.647 ms
	NodeManagerService.grpc_client.ReportWorkerBacklog - 57 total (1 active), CPU time: mean = 6.961 us, total = 396.754 us
	CoreWorkerService.grpc_server.GetCoreWorkerStats - 45 total (0 active), CPU time: mean = 22.611 ms, total = 1.017 s
	PeriodicalRunner.RunFnPeriodically - 7 total (0 active), CPU time: mean = 2.148 ms, total = 15.039 ms
	InternalPubSubGcsService.grpc_client.GcsSubscriberPoll - 1 total (1 active), CPU time: mean = 0.000 s, total = 0.000 s
	InternalPubSubGcsService.grpc_client.GcsSubscriberCommandBatch - 1 total (0 active), CPU time: mean = 235.400 us, total = 235.400 us
	NodeInfoGcsService.grpc_client.GetAllNodeInfo - 1 total (0 active), CPU time: mean = 43.132 us, total = 43.132 us
	WorkerInfoGcsService.grpc_client.AddWorkerInfo - 1 total (0 active), CPU time: mean = 14.826 us, total = 14.826 us
	CoreWorkerService.grpc_server.PushTask - 1 total (0 active), CPU time: mean = 15.072 ms, total = 15.072 ms


[2022-06-16 22:23:31,834 I 29712 29712] direct_actor_transport.cc:144: Actor creation task finished, task_id: ffffffffffffffffafdafd72d141f640e5ad1bf70b000000, actor_id: afdafd72d141f640e5ad1bf70b000000
[2022-06-16 22:24:21,949 I 29712 30521] core_worker.cc:494: Event stats:


Global stats: 1742 total (8 active)
Queueing time: mean = 33.226 ms, max = 4.327 s, min = -0.066 s, total = 57.880 s
Execution time:  mean = 8.315 ms, total = 14.484 s
Event stats:
	UNKNOWN - 1302 total (5 active, 1 running), CPU time: mean = 8.080 ms, total = 10.521 s
	GcsClient.deadline_timer.check_gcs_connection - 112 total (1 active), CPU time: mean = 811.633 us, total = 90.903 ms
	CoreWorker.deadline_timer.flush_profiling_events - 112 total (1 active), CPU time: mean = 7.707 ms, total = 863.170 ms
	NodeManagerService.grpc_client.ReportWorkerBacklog - 111 total (0 active), CPU time: mean = 745.420 us, total = 82.742 ms
	CoreWorkerService.grpc_server.GetCoreWorkerStats - 88 total (0 active), CPU time: mean = 32.283 ms, total = 2.841 s
	PeriodicalRunner.RunFnPeriodically - 7 total (0 active), CPU time: mean = 2.148 ms, total = 15.039 ms
	StatsGcsService.grpc_client.AddProfileData - 3 total (0 active), CPU time: mean = 3.349 ms, total = 10.048 ms
	CoreWorkerService.grpc_server.PushTask - 2 total (0 active), CPU time: mean = 15.310 ms, total = 30.620 ms
	InternalPubSubGcsService.grpc_client.GcsSubscriberPoll - 1 total (1 active), CPU time: mean = 0.000 s, total = 0.000 s
	InternalPubSubGcsService.grpc_client.GcsSubscriberCommandBatch - 1 total (0 active), CPU time: mean = 235.400 us, total = 235.400 us
	NodeInfoGcsService.grpc_client.GetAllNodeInfo - 1 total (0 active), CPU time: mean = 43.132 us, total = 43.132 us
	WorkerInfoGcsService.grpc_client.AddWorkerInfo - 1 total (0 active), CPU time: mean = 14.826 us, total = 14.826 us
	CoreWorkerService.grpc_server.DirectActorCallArgWaitComplete - 1 total (0 active), CPU time: mean = 30.082 ms, total = 30.082 ms


[2022-06-16 22:24:31,825 I 29712 30521] core_worker.cc:3086: Force kill actor request has received. exiting immediately...
[2022-06-16 22:24:31,825 I 29712 30521] core_worker.cc:591: Disconnecting to the raylet.
[2022-06-16 22:24:31,855 I 29712 30521] raylet_client.cc:162: RayletClient::Disconnect, exit_type=INTENDED_EXIT, has creation_task_exception_pb_bytes=0
