[2022-06-16 22:15:09,272 I 22813 22813] core_worker_process.cc:120: Constructing CoreWorkerProcess. pid: 22813
[2022-06-16 22:15:10,499 I 22813 22813] grpc_server.cc:105: worker server started, listening on port 10049.
[2022-06-16 22:15:10,565 I 22813 22813] core_worker.cc:175: Initializing worker at address: 10.140.1.24:10049, worker ID 7a161aae0ba7562e69df71836c7f51a5b5a132eec25854eae5ac6e2b, raylet 5362b08c08075f2f5bd7b1d3e1df0d75415293f6ede64c2d4cee5e5c
[2022-06-16 22:15:10,565 I 22813 23372] gcs_server_address_updater.cc:32: GCS Server updater thread id: 139777554769664
[2022-06-16 22:15:10,744 I 22813 22813] io_service_pool.cc:35: IOServicePool is running with 1 io_service.
[2022-06-16 22:15:10,749 I 22813 23386] core_worker.cc:494: Event stats:


Global stats: 17 total (11 active)
Queueing time: mean = 21.911 ms, max = 78.203 ms, min = 439.486 us, total = 372.480 ms
Execution time:  mean = 27.938 us, total = 474.940 us
Event stats:
	PeriodicalRunner.RunFnPeriodically - 7 total (2 active, 1 running), CPU time: mean = 31.221 us, total = 218.547 us
	UNKNOWN - 3 total (3 active), CPU time: mean = 0.000 s, total = 0.000 s
	InternalPubSubGcsService.grpc_client.GcsSubscriberPoll - 1 total (1 active), CPU time: mean = 0.000 s, total = 0.000 s
	InternalPubSubGcsService.grpc_client.GcsSubscriberCommandBatch - 1 total (0 active), CPU time: mean = 256.393 us, total = 256.393 us
	NodeInfoGcsService.grpc_client.GetAllNodeInfo - 1 total (1 active), CPU time: mean = 0.000 s, total = 0.000 s
	NodeManagerService.grpc_client.ReportWorkerBacklog - 1 total (1 active), CPU time: mean = 0.000 s, total = 0.000 s
	CoreWorker.deadline_timer.flush_profiling_events - 1 total (1 active), CPU time: mean = 0.000 s, total = 0.000 s
	GcsClient.deadline_timer.check_gcs_connection - 1 total (1 active), CPU time: mean = 0.000 s, total = 0.000 s
	WorkerInfoGcsService.grpc_client.AddWorkerInfo - 1 total (1 active), CPU time: mean = 0.000 s, total = 0.000 s


[2022-06-16 22:15:10,759 I 22813 23386] accessor.cc:599: Received notification for node id = 5362b08c08075f2f5bd7b1d3e1df0d75415293f6ede64c2d4cee5e5c, IsAlive = 1
[2022-06-16 22:15:11,230 I 22813 22813] direct_actor_task_submitter.cc:33: Set max pending calls to -1 for actor 2ac50aa88c92a9926210439e0a000000
[2022-06-16 22:15:11,230 I 22813 22813] direct_actor_task_submitter.cc:217: Connecting to actor 2ac50aa88c92a9926210439e0a000000 at worker 7a161aae0ba7562e69df71836c7f51a5b5a132eec25854eae5ac6e2b
[2022-06-16 22:15:11,230 I 22813 22813] core_worker.cc:2317: Creating actor: 2ac50aa88c92a9926210439e0a000000
[2022-06-16 22:16:10,750 I 22813 23386] core_worker.cc:494: Event stats:


Global stats: 863 total (8 active)
Queueing time: mean = 31.167 ms, max = 2.576 s, min = -0.025 s, total = 26.897 s
Execution time:  mean = 7.393 ms, total = 6.380 s
Event stats:
	UNKNOWN - 642 total (5 active, 1 running), CPU time: mean = 4.543 ms, total = 2.917 s
	NodeManagerService.grpc_client.ReportWorkerBacklog - 55 total (0 active), CPU time: mean = 6.913 us, total = 380.208 us
	CoreWorker.deadline_timer.flush_profiling_events - 55 total (1 active), CPU time: mean = 5.084 ms, total = 279.616 ms
	GcsClient.deadline_timer.check_gcs_connection - 55 total (1 active), CPU time: mean = 19.358 ms, total = 1.065 s
	CoreWorkerService.grpc_server.GetCoreWorkerStats - 44 total (0 active), CPU time: mean = 48.013 ms, total = 2.113 s
	PeriodicalRunner.RunFnPeriodically - 7 total (0 active), CPU time: mean = 800.001 us, total = 5.600 ms
	InternalPubSubGcsService.grpc_client.GcsSubscriberPoll - 1 total (1 active), CPU time: mean = 0.000 s, total = 0.000 s
	CoreWorkerService.grpc_server.PushTask - 1 total (0 active), CPU time: mean = 73.429 us, total = 73.429 us
	InternalPubSubGcsService.grpc_client.GcsSubscriberCommandBatch - 1 total (0 active), CPU time: mean = 256.393 us, total = 256.393 us
	NodeInfoGcsService.grpc_client.GetAllNodeInfo - 1 total (0 active), CPU time: mean = 49.230 us, total = 49.230 us
	WorkerInfoGcsService.grpc_client.AddWorkerInfo - 1 total (0 active), CPU time: mean = 17.907 us, total = 17.907 us


[2022-06-16 22:16:17,326 I 22813 22813] direct_actor_transport.cc:144: Actor creation task finished, task_id: ffffffffffffffff2ac50aa88c92a9926210439e0a000000, actor_id: 2ac50aa88c92a9926210439e0a000000
[2022-06-16 22:16:26,586 I 22813 23386] core_worker.cc:3086: Force kill actor request has received. exiting immediately...
[2022-06-16 22:16:26,586 I 22813 23386] core_worker.cc:591: Disconnecting to the raylet.
[2022-06-16 22:16:26,586 I 22813 23386] raylet_client.cc:162: RayletClient::Disconnect, exit_type=INTENDED_EXIT, has creation_task_exception_pb_bytes=0
