[2022-06-16 21:36:35,174 I 112757 112757] core_worker_process.cc:120: Constructing CoreWorkerProcess. pid: 112757
[2022-06-16 21:36:37,449 I 112757 112757] grpc_server.cc:105: worker server started, listening on port 10014.
[2022-06-16 21:36:37,451 I 112757 112757] core_worker.cc:175: Initializing worker at address: 10.140.1.24:10014, worker ID 3f9adb677700d29d0ff27cf72ac820b26ee5ebe7ae61747a37ef7ec8, raylet 5362b08c08075f2f5bd7b1d3e1df0d75415293f6ede64c2d4cee5e5c
[2022-06-16 21:36:37,451 I 112757 113165] gcs_server_address_updater.cc:32: GCS Server updater thread id: 139684483168000
[2022-06-16 21:36:37,685 I 112757 112757] io_service_pool.cc:35: IOServicePool is running with 1 io_service.
[2022-06-16 21:36:37,724 I 112757 113180] core_worker.cc:494: Event stats:


Global stats: 17 total (10 active)
Queueing time: mean = 37.608 ms, max = 133.119 ms, min = 388.239 us, total = 639.336 ms
Execution time:  mean = 22.149 us, total = 376.538 us
Event stats:
	PeriodicalRunner.RunFnPeriodically - 7 total (2 active, 1 running), CPU time: mean = 23.543 us, total = 164.798 us
	UNKNOWN - 3 total (3 active), CPU time: mean = 0.000 s, total = 0.000 s
	InternalPubSubGcsService.grpc_client.GcsSubscriberCommandBatch - 1 total (0 active), CPU time: mean = 197.903 us, total = 197.903 us
	WorkerInfoGcsService.grpc_client.AddWorkerInfo - 1 total (0 active), CPU time: mean = 13.837 us, total = 13.837 us
	NodeManagerService.grpc_client.ReportWorkerBacklog - 1 total (1 active), CPU time: mean = 0.000 s, total = 0.000 s
	InternalPubSubGcsService.grpc_client.GcsSubscriberPoll - 1 total (1 active), CPU time: mean = 0.000 s, total = 0.000 s
	NodeInfoGcsService.grpc_client.GetAllNodeInfo - 1 total (1 active), CPU time: mean = 0.000 s, total = 0.000 s
	GcsClient.deadline_timer.check_gcs_connection - 1 total (1 active), CPU time: mean = 0.000 s, total = 0.000 s
	CoreWorker.deadline_timer.flush_profiling_events - 1 total (1 active), CPU time: mean = 0.000 s, total = 0.000 s


[2022-06-16 21:36:37,724 I 112757 113180] accessor.cc:599: Received notification for node id = 5362b08c08075f2f5bd7b1d3e1df0d75415293f6ede64c2d4cee5e5c, IsAlive = 1
[2022-06-16 21:36:38,231 I 112757 112757] direct_actor_task_submitter.cc:33: Set max pending calls to -1 for actor 741129e53603caef926aca0b04000000
[2022-06-16 21:36:38,231 I 112757 112757] direct_actor_task_submitter.cc:217: Connecting to actor 741129e53603caef926aca0b04000000 at worker 3f9adb677700d29d0ff27cf72ac820b26ee5ebe7ae61747a37ef7ec8
[2022-06-16 21:36:38,231 I 112757 112757] core_worker.cc:2317: Creating actor: 741129e53603caef926aca0b04000000
[2022-06-16 21:37:37,724 I 112757 113180] core_worker.cc:494: Event stats:


Global stats: 903 total (8 active)
Queueing time: mean = 17.057 ms, max = 1.489 s, min = -0.042 s, total = 15.402 s
Execution time:  mean = 4.244 ms, total = 3.832 s
Event stats:
	UNKNOWN - 674 total (5 active, 1 running), CPU time: mean = 3.845 ms, total = 2.592 s
	GcsClient.deadline_timer.check_gcs_connection - 58 total (1 active), CPU time: mean = 450.873 us, total = 26.151 ms
	CoreWorker.deadline_timer.flush_profiling_events - 58 total (1 active), CPU time: mean = 2.431 ms, total = 141.004 ms
	NodeManagerService.grpc_client.ReportWorkerBacklog - 57 total (0 active), CPU time: mean = 6.841 us, total = 389.910 us
	CoreWorkerService.grpc_server.GetCoreWorkerStats - 44 total (0 active), CPU time: mean = 23.498 ms, total = 1.034 s
	PeriodicalRunner.RunFnPeriodically - 7 total (0 active), CPU time: mean = 5.577 ms, total = 39.036 ms
	InternalPubSubGcsService.grpc_client.GcsSubscriberCommandBatch - 1 total (0 active), CPU time: mean = 197.903 us, total = 197.903 us
	CoreWorkerService.grpc_server.PushTask - 1 total (0 active), CPU time: mean = 95.165 us, total = 95.165 us
	WorkerInfoGcsService.grpc_client.AddWorkerInfo - 1 total (0 active), CPU time: mean = 13.837 us, total = 13.837 us
	InternalPubSubGcsService.grpc_client.GcsSubscriberPoll - 1 total (1 active), CPU time: mean = 0.000 s, total = 0.000 s
	NodeInfoGcsService.grpc_client.GetAllNodeInfo - 1 total (0 active), CPU time: mean = 35.119 us, total = 35.119 us


[2022-06-16 21:37:44,412 I 112757 112757] direct_actor_transport.cc:144: Actor creation task finished, task_id: ffffffffffffffff741129e53603caef926aca0b04000000, actor_id: 741129e53603caef926aca0b04000000
[2022-06-16 21:37:53,283 I 112757 113180] core_worker.cc:3086: Force kill actor request has received. exiting immediately...
[2022-06-16 21:37:53,283 I 112757 113180] core_worker.cc:591: Disconnecting to the raylet.
[2022-06-16 21:37:53,283 I 112757 113180] raylet_client.cc:162: RayletClient::Disconnect, exit_type=INTENDED_EXIT, has creation_task_exception_pb_bytes=0
