[2022-06-16 22:03:43,195 I 11766 11766] core_worker_process.cc:120: Constructing CoreWorkerProcess. pid: 11766
[2022-06-16 22:03:44,895 I 11766 11766] grpc_server.cc:105: worker server started, listening on port 10036.
[2022-06-16 22:03:44,898 I 11766 11766] core_worker.cc:175: Initializing worker at address: 10.140.1.24:10036, worker ID 170253cbeff53d7148a1d5b6e0466545e1ba6f6a7e0484b7ea80cdea, raylet 5362b08c08075f2f5bd7b1d3e1df0d75415293f6ede64c2d4cee5e5c
[2022-06-16 22:03:44,898 I 11766 12154] gcs_server_address_updater.cc:32: GCS Server updater thread id: 140342418470656
[2022-06-16 22:03:45,174 I 11766 11766] io_service_pool.cc:35: IOServicePool is running with 1 io_service.
[2022-06-16 22:03:45,198 I 11766 12168] core_worker.cc:494: Event stats:


Global stats: 17 total (10 active)
Queueing time: mean = 51.385 ms, max = 175.603 ms, min = 10.490 ms, total = 873.538 ms
Execution time:  mean = 28.417 us, total = 483.089 us
Event stats:
	PeriodicalRunner.RunFnPeriodically - 7 total (2 active, 1 running), CPU time: mean = 29.418 us, total = 205.927 us
	UNKNOWN - 3 total (3 active), CPU time: mean = 0.000 s, total = 0.000 s
	GcsClient.deadline_timer.check_gcs_connection - 1 total (1 active), CPU time: mean = 0.000 s, total = 0.000 s
	NodeManagerService.grpc_client.ReportWorkerBacklog - 1 total (1 active), CPU time: mean = 0.000 s, total = 0.000 s
	CoreWorker.deadline_timer.flush_profiling_events - 1 total (1 active), CPU time: mean = 0.000 s, total = 0.000 s
	InternalPubSubGcsService.grpc_client.GcsSubscriberPoll - 1 total (1 active), CPU time: mean = 0.000 s, total = 0.000 s
	NodeInfoGcsService.grpc_client.GetAllNodeInfo - 1 total (1 active), CPU time: mean = 0.000 s, total = 0.000 s
	WorkerInfoGcsService.grpc_client.AddWorkerInfo - 1 total (0 active), CPU time: mean = 51.509 us, total = 51.509 us
	InternalPubSubGcsService.grpc_client.GcsSubscriberCommandBatch - 1 total (0 active), CPU time: mean = 225.653 us, total = 225.653 us


[2022-06-16 22:03:45,198 I 11766 12168] accessor.cc:599: Received notification for node id = 5362b08c08075f2f5bd7b1d3e1df0d75415293f6ede64c2d4cee5e5c, IsAlive = 1
[2022-06-16 22:03:46,017 I 11766 11766] direct_actor_task_submitter.cc:33: Set max pending calls to -1 for actor 0d523c9d8683f75bbf209ecc07000000
[2022-06-16 22:03:46,022 I 11766 11766] direct_actor_task_submitter.cc:217: Connecting to actor 0d523c9d8683f75bbf209ecc07000000 at worker 170253cbeff53d7148a1d5b6e0466545e1ba6f6a7e0484b7ea80cdea
[2022-06-16 22:03:46,027 I 11766 11766] core_worker.cc:2317: Creating actor: 0d523c9d8683f75bbf209ecc07000000
[2022-06-16 22:04:40,423 I 11766 11766] direct_actor_transport.cc:144: Actor creation task finished, task_id: ffffffffffffffff0d523c9d8683f75bbf209ecc07000000, actor_id: 0d523c9d8683f75bbf209ecc07000000
[2022-06-16 22:04:45,230 I 11766 12168] core_worker.cc:494: Event stats:


Global stats: 898 total (8 active)
Queueing time: mean = 18.829 ms, max = 1.726 s, min = -0.000 s, total = 16.908 s
Execution time:  mean = 5.391 ms, total = 4.841 s
Event stats:
	UNKNOWN - 662 total (5 active, 1 running), CPU time: mean = 4.035 ms, total = 2.671 s
	GcsClient.deadline_timer.check_gcs_connection - 58 total (1 active), CPU time: mean = 1.962 ms, total = 113.779 ms
	NodeManagerService.grpc_client.ReportWorkerBacklog - 57 total (0 active), CPU time: mean = 7.310 us, total = 416.659 us
	CoreWorker.deadline_timer.flush_profiling_events - 57 total (1 active), CPU time: mean = 14.628 ms, total = 833.817 ms
	CoreWorkerService.grpc_server.GetCoreWorkerStats - 48 total (0 active), CPU time: mean = 24.956 ms, total = 1.198 s
	PeriodicalRunner.RunFnPeriodically - 7 total (0 active), CPU time: mean = 3.357 ms, total = 23.499 ms
	StatsGcsService.grpc_client.AddProfileData - 2 total (0 active), CPU time: mean = 14.619 us, total = 29.238 us
	CoreWorkerService.grpc_server.PushTask - 2 total (0 active), CPU time: mean = 52.900 us, total = 105.800 us
	InternalPubSubGcsService.grpc_client.GcsSubscriberPoll - 1 total (1 active), CPU time: mean = 0.000 s, total = 0.000 s
	NodeInfoGcsService.grpc_client.GetAllNodeInfo - 1 total (0 active), CPU time: mean = 40.761 us, total = 40.761 us
	CoreWorkerService.grpc_server.DirectActorCallArgWaitComplete - 1 total (0 active), CPU time: mean = 58.288 us, total = 58.288 us
	WorkerInfoGcsService.grpc_client.AddWorkerInfo - 1 total (0 active), CPU time: mean = 51.509 us, total = 51.509 us
	InternalPubSubGcsService.grpc_client.GcsSubscriberCommandBatch - 1 total (0 active), CPU time: mean = 225.653 us, total = 225.653 us


[2022-06-16 22:04:49,124 I 11766 12168] core_worker.cc:3086: Force kill actor request has received. exiting immediately...
[2022-06-16 22:04:49,124 I 11766 12168] core_worker.cc:591: Disconnecting to the raylet.
[2022-06-16 22:04:49,124 I 11766 12168] raylet_client.cc:162: RayletClient::Disconnect, exit_type=INTENDED_EXIT, has creation_task_exception_pb_bytes=0
