[2022-06-16 22:03:43,195 I 11764 11764] core_worker_process.cc:120: Constructing CoreWorkerProcess. pid: 11764
[2022-06-16 22:03:44,895 I 11764 11764] grpc_server.cc:105: worker server started, listening on port 10033.
[2022-06-16 22:03:44,897 I 11764 11764] core_worker.cc:175: Initializing worker at address: 10.140.1.24:10033, worker ID e844ccf139b8e989691d0d2a72eda494347b309acb985de720c0e691, raylet 5362b08c08075f2f5bd7b1d3e1df0d75415293f6ede64c2d4cee5e5c
[2022-06-16 22:03:44,898 I 11764 12153] gcs_server_address_updater.cc:32: GCS Server updater thread id: 139794264876800
[2022-06-16 22:03:45,174 I 11764 11764] io_service_pool.cc:35: IOServicePool is running with 1 io_service.
[2022-06-16 22:03:45,198 I 11764 12167] core_worker.cc:494: Event stats:


Global stats: 17 total (10 active)
Queueing time: mean = 51.430 ms, max = 175.741 ms, min = 10.499 ms, total = 874.308 ms
Execution time:  mean = 30.369 us, total = 516.269 us
Event stats:
	PeriodicalRunner.RunFnPeriodically - 7 total (2 active, 1 running), CPU time: mean = 29.155 us, total = 204.082 us
	UNKNOWN - 3 total (3 active), CPU time: mean = 0.000 s, total = 0.000 s
	NodeInfoGcsService.grpc_client.GetAllNodeInfo - 1 total (1 active), CPU time: mean = 0.000 s, total = 0.000 s
	CoreWorker.deadline_timer.flush_profiling_events - 1 total (1 active), CPU time: mean = 0.000 s, total = 0.000 s
	InternalPubSubGcsService.grpc_client.GcsSubscriberPoll - 1 total (1 active), CPU time: mean = 0.000 s, total = 0.000 s
	WorkerInfoGcsService.grpc_client.AddWorkerInfo - 1 total (0 active), CPU time: mean = 56.638 us, total = 56.638 us
	GcsClient.deadline_timer.check_gcs_connection - 1 total (1 active), CPU time: mean = 0.000 s, total = 0.000 s
	InternalPubSubGcsService.grpc_client.GcsSubscriberCommandBatch - 1 total (0 active), CPU time: mean = 255.549 us, total = 255.549 us
	NodeManagerService.grpc_client.ReportWorkerBacklog - 1 total (1 active), CPU time: mean = 0.000 s, total = 0.000 s


[2022-06-16 22:03:45,198 I 11764 12167] accessor.cc:599: Received notification for node id = 5362b08c08075f2f5bd7b1d3e1df0d75415293f6ede64c2d4cee5e5c, IsAlive = 1
[2022-06-16 22:03:46,017 I 11764 11764] direct_actor_task_submitter.cc:33: Set max pending calls to -1 for actor d6b7da32d8ab22818e24edf207000000
[2022-06-16 22:03:46,022 I 11764 11764] direct_actor_task_submitter.cc:217: Connecting to actor d6b7da32d8ab22818e24edf207000000 at worker e844ccf139b8e989691d0d2a72eda494347b309acb985de720c0e691
[2022-06-16 22:03:46,027 I 11764 11764] core_worker.cc:2317: Creating actor: d6b7da32d8ab22818e24edf207000000
[2022-06-16 22:04:40,423 I 11764 11764] direct_actor_transport.cc:144: Actor creation task finished, task_id: ffffffffffffffffd6b7da32d8ab22818e24edf207000000, actor_id: d6b7da32d8ab22818e24edf207000000
[2022-06-16 22:04:45,230 I 11764 12167] core_worker.cc:494: Event stats:


Global stats: 898 total (8 active)
Queueing time: mean = 18.815 ms, max = 1.726 s, min = -0.000 s, total = 16.896 s
Execution time:  mean = 5.383 ms, total = 4.834 s
Event stats:
	UNKNOWN - 662 total (5 active, 1 running), CPU time: mean = 4.032 ms, total = 2.669 s
	GcsClient.deadline_timer.check_gcs_connection - 58 total (1 active), CPU time: mean = 1.962 ms, total = 113.810 ms
	CoreWorker.deadline_timer.flush_profiling_events - 57 total (1 active), CPU time: mean = 14.539 ms, total = 828.700 ms
	NodeManagerService.grpc_client.ReportWorkerBacklog - 57 total (0 active), CPU time: mean = 7.503 us, total = 427.669 us
	CoreWorkerService.grpc_server.GetCoreWorkerStats - 48 total (0 active), CPU time: mean = 24.953 ms, total = 1.198 s
	PeriodicalRunner.RunFnPeriodically - 7 total (0 active), CPU time: mean = 3.357 ms, total = 23.496 ms
	StatsGcsService.grpc_client.AddProfileData - 2 total (0 active), CPU time: mean = 21.437 us, total = 42.874 us
	CoreWorkerService.grpc_server.PushTask - 2 total (0 active), CPU time: mean = 66.716 us, total = 133.433 us
	NodeInfoGcsService.grpc_client.GetAllNodeInfo - 1 total (0 active), CPU time: mean = 42.611 us, total = 42.611 us
	CoreWorkerService.grpc_server.DirectActorCallArgWaitComplete - 1 total (0 active), CPU time: mean = 59.129 us, total = 59.129 us
	InternalPubSubGcsService.grpc_client.GcsSubscriberPoll - 1 total (1 active), CPU time: mean = 0.000 s, total = 0.000 s
	WorkerInfoGcsService.grpc_client.AddWorkerInfo - 1 total (0 active), CPU time: mean = 56.638 us, total = 56.638 us
	InternalPubSubGcsService.grpc_client.GcsSubscriberCommandBatch - 1 total (0 active), CPU time: mean = 255.549 us, total = 255.549 us


[2022-06-16 22:04:49,124 I 11764 12167] core_worker.cc:3086: Force kill actor request has received. exiting immediately...
[2022-06-16 22:04:49,124 I 11764 12167] core_worker.cc:591: Disconnecting to the raylet.
[2022-06-16 22:04:49,124 I 11764 12167] raylet_client.cc:162: RayletClient::Disconnect, exit_type=INTENDED_EXIT, has creation_task_exception_pb_bytes=0
