[2022-06-16 23:33:10,879 I 111276 111276] core_worker_process.cc:120: Constructing CoreWorkerProcess. pid: 111276
[2022-06-16 23:33:11,962 I 111276 111276] grpc_server.cc:105: worker server started, listening on port 10103.
[2022-06-16 23:33:11,965 I 111276 111276] core_worker.cc:175: Initializing worker at address: 10.140.1.24:10103, worker ID 09f217361f14f3de5c40e63d6afab541e28f1e669db6573b76e71255, raylet 5362b08c08075f2f5bd7b1d3e1df0d75415293f6ede64c2d4cee5e5c
[2022-06-16 23:33:11,965 I 111276 111919] gcs_server_address_updater.cc:32: GCS Server updater thread id: 140034313283328
[2022-06-16 23:33:12,193 I 111276 111276] io_service_pool.cc:35: IOServicePool is running with 1 io_service.
[2022-06-16 23:33:12,222 I 111276 111935] core_worker.cc:494: Event stats:


Global stats: 17 total (11 active)
Queueing time: mean = 27.638 ms, max = 126.775 ms, min = 20.403 ms, total = 469.838 ms
Execution time:  mean = 22.377 us, total = 380.414 us
Event stats:
	PeriodicalRunner.RunFnPeriodically - 7 total (2 active, 1 running), CPU time: mean = 24.751 us, total = 173.260 us
	UNKNOWN - 3 total (3 active), CPU time: mean = 0.000 s, total = 0.000 s
	InternalPubSubGcsService.grpc_client.GcsSubscriberCommandBatch - 1 total (0 active), CPU time: mean = 207.154 us, total = 207.154 us
	CoreWorker.deadline_timer.flush_profiling_events - 1 total (1 active), CPU time: mean = 0.000 s, total = 0.000 s
	GcsClient.deadline_timer.check_gcs_connection - 1 total (1 active), CPU time: mean = 0.000 s, total = 0.000 s
	NodeManagerService.grpc_client.ReportWorkerBacklog - 1 total (1 active), CPU time: mean = 0.000 s, total = 0.000 s
	NodeInfoGcsService.grpc_client.GetAllNodeInfo - 1 total (1 active), CPU time: mean = 0.000 s, total = 0.000 s
	WorkerInfoGcsService.grpc_client.AddWorkerInfo - 1 total (1 active), CPU time: mean = 0.000 s, total = 0.000 s
	InternalPubSubGcsService.grpc_client.GcsSubscriberPoll - 1 total (1 active), CPU time: mean = 0.000 s, total = 0.000 s


[2022-06-16 23:33:12,238 I 111276 111935] accessor.cc:599: Received notification for node id = 5362b08c08075f2f5bd7b1d3e1df0d75415293f6ede64c2d4cee5e5c, IsAlive = 1
[2022-06-16 23:33:13,137 I 111276 111276] direct_actor_task_submitter.cc:33: Set max pending calls to -1 for actor 6ea2aaf4797ab459b3d497d311000000
[2022-06-16 23:33:13,137 I 111276 111276] direct_actor_task_submitter.cc:217: Connecting to actor 6ea2aaf4797ab459b3d497d311000000 at worker 09f217361f14f3de5c40e63d6afab541e28f1e669db6573b76e71255
[2022-06-16 23:33:13,137 I 111276 111276] core_worker.cc:2317: Creating actor: 6ea2aaf4797ab459b3d497d311000000
[2022-06-16 23:34:12,237 I 111276 111935] core_worker.cc:494: Event stats:


Global stats: 914 total (8 active)
Queueing time: mean = 11.921 ms, max = 1.063 s, min = -0.036 s, total = 10.896 s
Execution time:  mean = 3.868 ms, total = 3.535 s
Event stats:
	UNKNOWN - 682 total (5 active, 1 running), CPU time: mean = 3.357 ms, total = 2.289 s
	CoreWorker.deadline_timer.flush_profiling_events - 59 total (1 active), CPU time: mean = 1.736 ms, total = 102.398 ms
	GcsClient.deadline_timer.check_gcs_connection - 59 total (1 active), CPU time: mean = 1.559 ms, total = 91.996 ms
	NodeManagerService.grpc_client.ReportWorkerBacklog - 58 total (0 active), CPU time: mean = 94.322 us, total = 5.471 ms
	CoreWorkerService.grpc_server.GetCoreWorkerStats - 44 total (0 active), CPU time: mean = 22.597 ms, total = 994.268 ms
	PeriodicalRunner.RunFnPeriodically - 7 total (0 active), CPU time: mean = 4.227 ms, total = 29.586 ms
	InternalPubSubGcsService.grpc_client.GcsSubscriberCommandBatch - 1 total (0 active), CPU time: mean = 207.154 us, total = 207.154 us
	NodeInfoGcsService.grpc_client.GetAllNodeInfo - 1 total (0 active), CPU time: mean = 54.650 us, total = 54.650 us
	WorkerInfoGcsService.grpc_client.AddWorkerInfo - 1 total (0 active), CPU time: mean = 12.047 us, total = 12.047 us
	CoreWorkerService.grpc_server.PushTask - 1 total (0 active), CPU time: mean = 22.069 ms, total = 22.069 ms
	InternalPubSubGcsService.grpc_client.GcsSubscriberPoll - 1 total (1 active), CPU time: mean = 0.000 s, total = 0.000 s


[2022-06-16 23:34:13,253 I 111276 111276] direct_actor_transport.cc:144: Actor creation task finished, task_id: ffffffffffffffff6ea2aaf4797ab459b3d497d311000000, actor_id: 6ea2aaf4797ab459b3d497d311000000
[2022-06-16 23:34:22,626 I 111276 111935] core_worker.cc:3086: Force kill actor request has received. exiting immediately...
[2022-06-16 23:34:22,626 I 111276 111935] core_worker.cc:591: Disconnecting to the raylet.
[2022-06-16 23:34:22,627 I 111276 111935] raylet_client.cc:162: RayletClient::Disconnect, exit_type=INTENDED_EXIT, has creation_task_exception_pb_bytes=0
