[2022-06-16 23:33:10,929 I 111281 111281] core_worker_process.cc:120: Constructing CoreWorkerProcess. pid: 111281
[2022-06-16 23:33:11,962 I 111281 111281] grpc_server.cc:105: worker server started, listening on port 10102.
[2022-06-16 23:33:11,965 I 111281 111281] core_worker.cc:175: Initializing worker at address: 10.140.1.24:10102, worker ID a73fb2dbb422661802333bc66f5748c21a29a3e58091138f00f4d40a, raylet 5362b08c08075f2f5bd7b1d3e1df0d75415293f6ede64c2d4cee5e5c
[2022-06-16 23:33:11,965 I 111281 111918] gcs_server_address_updater.cc:32: GCS Server updater thread id: 139809297262336
[2022-06-16 23:33:12,193 I 111281 111281] io_service_pool.cc:35: IOServicePool is running with 1 io_service.
[2022-06-16 23:33:12,222 I 111281 111931] core_worker.cc:494: Event stats:


Global stats: 17 total (11 active)
Queueing time: mean = 27.617 ms, max = 126.727 ms, min = 20.302 ms, total = 469.490 ms
Execution time:  mean = 23.027 us, total = 391.463 us
Event stats:
	PeriodicalRunner.RunFnPeriodically - 7 total (2 active, 1 running), CPU time: mean = 24.062 us, total = 168.434 us
	UNKNOWN - 3 total (3 active), CPU time: mean = 0.000 s, total = 0.000 s
	WorkerInfoGcsService.grpc_client.AddWorkerInfo - 1 total (1 active), CPU time: mean = 0.000 s, total = 0.000 s
	InternalPubSubGcsService.grpc_client.GcsSubscriberPoll - 1 total (1 active), CPU time: mean = 0.000 s, total = 0.000 s
	GcsClient.deadline_timer.check_gcs_connection - 1 total (1 active), CPU time: mean = 0.000 s, total = 0.000 s
	CoreWorker.deadline_timer.flush_profiling_events - 1 total (1 active), CPU time: mean = 0.000 s, total = 0.000 s
	NodeInfoGcsService.grpc_client.GetAllNodeInfo - 1 total (1 active), CPU time: mean = 0.000 s, total = 0.000 s
	NodeManagerService.grpc_client.ReportWorkerBacklog - 1 total (1 active), CPU time: mean = 0.000 s, total = 0.000 s
	InternalPubSubGcsService.grpc_client.GcsSubscriberCommandBatch - 1 total (0 active), CPU time: mean = 223.029 us, total = 223.029 us


[2022-06-16 23:33:12,238 I 111281 111931] accessor.cc:599: Received notification for node id = 5362b08c08075f2f5bd7b1d3e1df0d75415293f6ede64c2d4cee5e5c, IsAlive = 1
[2022-06-16 23:33:13,137 I 111281 111281] direct_actor_task_submitter.cc:33: Set max pending calls to -1 for actor bf2af9b118af148c0ad26a0a11000000
[2022-06-16 23:33:13,137 I 111281 111281] direct_actor_task_submitter.cc:217: Connecting to actor bf2af9b118af148c0ad26a0a11000000 at worker a73fb2dbb422661802333bc66f5748c21a29a3e58091138f00f4d40a
[2022-06-16 23:33:13,137 I 111281 111281] core_worker.cc:2317: Creating actor: bf2af9b118af148c0ad26a0a11000000
[2022-06-16 23:34:12,237 I 111281 111931] core_worker.cc:494: Event stats:


Global stats: 914 total (8 active)
Queueing time: mean = 11.966 ms, max = 1.105 s, min = -0.036 s, total = 10.937 s
Execution time:  mean = 3.868 ms, total = 3.535 s
Event stats:
	UNKNOWN - 682 total (5 active, 1 running), CPU time: mean = 3.373 ms, total = 2.300 s
	GcsClient.deadline_timer.check_gcs_connection - 59 total (1 active), CPU time: mean = 1.389 ms, total = 81.938 ms
	CoreWorker.deadline_timer.flush_profiling_events - 59 total (1 active), CPU time: mean = 1.734 ms, total = 102.327 ms
	NodeManagerService.grpc_client.ReportWorkerBacklog - 58 total (0 active), CPU time: mean = 92.911 us, total = 5.389 ms
	CoreWorkerService.grpc_server.GetCoreWorkerStats - 44 total (0 active), CPU time: mean = 22.579 ms, total = 993.492 ms
	PeriodicalRunner.RunFnPeriodically - 7 total (0 active), CPU time: mean = 4.230 ms, total = 29.610 ms
	WorkerInfoGcsService.grpc_client.AddWorkerInfo - 1 total (0 active), CPU time: mean = 15.993 us, total = 15.993 us
	InternalPubSubGcsService.grpc_client.GcsSubscriberPoll - 1 total (1 active), CPU time: mean = 0.000 s, total = 0.000 s
	NodeInfoGcsService.grpc_client.GetAllNodeInfo - 1 total (0 active), CPU time: mean = 53.778 us, total = 53.778 us
	InternalPubSubGcsService.grpc_client.GcsSubscriberCommandBatch - 1 total (0 active), CPU time: mean = 223.029 us, total = 223.029 us
	CoreWorkerService.grpc_server.PushTask - 1 total (0 active), CPU time: mean = 22.067 ms, total = 22.067 ms


[2022-06-16 23:34:13,253 I 111281 111281] direct_actor_transport.cc:144: Actor creation task finished, task_id: ffffffffffffffffbf2af9b118af148c0ad26a0a11000000, actor_id: bf2af9b118af148c0ad26a0a11000000
[2022-06-16 23:34:22,626 I 111281 111931] core_worker.cc:3086: Force kill actor request has received. exiting immediately...
[2022-06-16 23:34:22,626 I 111281 111931] core_worker.cc:591: Disconnecting to the raylet.
[2022-06-16 23:34:22,626 I 111281 111931] raylet_client.cc:162: RayletClient::Disconnect, exit_type=INTENDED_EXIT, has creation_task_exception_pb_bytes=0
